2025/05/04 22:53:02 Connected as peer-487827
2025/05/04 22:53:02 🕒 Client will exit after 100 seconds
2025/05/04 22:53:03 📡 Received renegotiation offer
2025/05/04 22:53:03 Sent renegotiation answer
2025/05/04 22:53:03 Received track from SFU | Kind: video
2025/05/04 22:53:03 RTP packet received: 13 bytes
2025/05/04 22:53:03 RTP packet received: 13 bytes
2025/05/04 22:53:03 📦 Time to First RTP: 37.79ms
2025/05/04 22:53:03 RTP packet received: 13 bytes
2025/05/04 22:53:03 RTP packet received: 13 bytes
2025/05/04 22:53:03 RTP packet received: 13 bytes
2025/05/04 22:53:03 RTP packet received: 13 bytes
2025/05/04 22:53:03 RTP packet received: 13 bytes
2025/05/04 22:53:03 RTP packet received: 13 bytes
2025/05/04 22:53:03 RTP packet received: 13 bytes
2025/05/04 22:53:03 RTP packet received: 13 bytes
2025/05/04 22:53:03 RTP packet received: 13 bytes
2025/05/04 22:53:03 RTP packet received: 13 bytes
2025/05/04 22:53:04 RTP packet received: 13 bytes
2025/05/04 22:53:04 RTP packet received: 13 bytes
2025/05/04 22:53:04 RTP packet received: 13 bytes
2025/05/04 22:53:04 RTP packet received: 13 bytes
2025/05/04 22:53:04 RTP packet received: 13 bytes
2025/05/04 22:53:04 RTP packet received: 13 bytes
2025/05/04 22:53:04 📈 Packets: 16/s | Bitrate: 1.66 kbps
2025/05/04 22:53:04 RTP packet received: 13 bytes
2025/05/04 22:53:04 RTP packet received: 13 bytes
2025/05/04 22:53:04 RTP packet received: 13 bytes
2025/05/04 22:53:04 RTP packet received: 13 bytes
2025/05/04 22:53:04 RTP packet received: 13 bytes
2025/05/04 22:53:04 RTP packet received: 13 bytes
2025/05/04 22:53:04 RTP packet received: 13 bytes
2025/05/04 22:53:04 RTP packet received: 13 bytes
2025/05/04 22:53:04 RTP packet received: 13 bytes
2025/05/04 22:53:05 RTP packet received: 13 bytes
2025/05/04 22:53:05 RTP packet received: 13 bytes
2025/05/04 22:53:05 RTP packet received: 13 bytes
2025/05/04 22:53:05 RTP packet received: 13 bytes
2025/05/04 22:53:05 RTP packet received: 13 bytes
2025/05/04 22:53:05 RTP packet received: 13 bytes
2025/05/04 22:53:05 📈 Packets: 15/s | Bitrate: 1.56 kbps
2025/05/04 22:53:05 RTP packet received: 13 bytes
2025/05/04 22:53:05 RTP packet received: 13 bytes
2025/05/04 22:53:05 RTP packet received: 13 bytes
2025/05/04 22:53:05 RTP packet received: 13 bytes
2025/05/04 22:53:05 RTP packet received: 13 bytes
2025/05/04 22:53:05 RTP packet received: 13 bytes
2025/05/04 22:53:05 RTP packet received: 13 bytes
2025/05/04 22:53:05 RTP packet received: 13 bytes
2025/05/04 22:53:05 RTP packet received: 13 bytes
2025/05/04 22:53:06 RTP packet received: 13 bytes
2025/05/04 22:53:06 RTP packet received: 13 bytes
2025/05/04 22:53:06 RTP packet received: 13 bytes
2025/05/04 22:53:06 RTP packet received: 13 bytes
2025/05/04 22:53:06 RTP packet received: 13 bytes
2025/05/04 22:53:06 RTP packet received: 13 bytes
2025/05/04 22:53:06 📈 Packets: 15/s | Bitrate: 1.56 kbps
2025/05/04 22:53:06 RTP packet received: 13 bytes
2025/05/04 22:53:06 RTP packet received: 13 bytes
2025/05/04 22:53:06 RTP packet received: 13 bytes
2025/05/04 22:53:06 RTP packet received: 13 bytes
2025/05/04 22:53:06 RTP packet received: 13 bytes
2025/05/04 22:53:06 RTP packet received: 13 bytes
2025/05/04 22:53:06 RTP packet received: 13 bytes
2025/05/04 22:53:06 RTP packet received: 13 bytes
2025/05/04 22:53:06 RTP packet received: 13 bytes
2025/05/04 22:53:07 RTP packet received: 13 bytes
2025/05/04 22:53:07 RTP packet received: 13 bytes
2025/05/04 22:53:07 RTP packet received: 13 bytes
2025/05/04 22:53:07 RTP packet received: 13 bytes
2025/05/04 22:53:07 RTP packet received: 13 bytes
2025/05/04 22:53:07 RTP packet received: 13 bytes
2025/05/04 22:53:07 📈 Packets: 16/s | Bitrate: 1.66 kbps
2025/05/04 22:53:07 RTP packet received: 13 bytes
2025/05/04 22:53:07 RTP packet received: 13 bytes
2025/05/04 22:53:07 RTP packet received: 13 bytes
2025/05/04 22:53:07 RTP packet received: 13 bytes
2025/05/04 22:53:07 RTP packet received: 13 bytes
2025/05/04 22:53:07 RTP packet received: 13 bytes
2025/05/04 22:53:07 RTP packet received: 13 bytes
2025/05/04 22:53:07 RTP packet received: 13 bytes
2025/05/04 22:53:07 RTP packet received: 13 bytes
2025/05/04 22:53:08 RTP packet received: 13 bytes
2025/05/04 22:53:08 RTP packet received: 13 bytes
2025/05/04 22:53:08 RTP packet received: 13 bytes
2025/05/04 22:53:08 RTP packet received: 13 bytes
2025/05/04 22:53:08 RTP packet received: 13 bytes
2025/05/04 22:53:08 RTP packet received: 13 bytes
2025/05/04 22:53:08 📈 Packets: 15/s | Bitrate: 1.56 kbps
2025/05/04 22:53:08 RTP packet received: 13 bytes
2025/05/04 22:53:08 RTP packet received: 13 bytes
2025/05/04 22:53:08 RTP packet received: 13 bytes
2025/05/04 22:53:08 RTP packet received: 13 bytes
2025/05/04 22:53:08 RTP packet received: 13 bytes
2025/05/04 22:53:08 RTP packet received: 13 bytes
2025/05/04 22:53:08 RTP packet received: 13 bytes
2025/05/04 22:53:08 RTP packet received: 13 bytes
2025/05/04 22:53:08 RTP packet received: 13 bytes
2025/05/04 22:53:09 RTP packet received: 13 bytes
2025/05/04 22:53:09 RTP packet received: 13 bytes
2025/05/04 22:53:09 RTP packet received: 13 bytes
2025/05/04 22:53:09 RTP packet received: 13 bytes
2025/05/04 22:53:09 RTP packet received: 13 bytes
2025/05/04 22:53:09 RTP packet received: 13 bytes
2025/05/04 22:53:09 📈 Packets: 15/s | Bitrate: 1.56 kbps
2025/05/04 22:53:09 RTP packet received: 13 bytes
2025/05/04 22:53:09 RTP packet received: 13 bytes
2025/05/04 22:53:09 RTP packet received: 13 bytes
2025/05/04 22:53:09 RTP packet received: 13 bytes
2025/05/04 22:53:09 RTP packet received: 13 bytes
2025/05/04 22:53:09 RTP packet received: 13 bytes
2025/05/04 22:53:09 RTP packet received: 13 bytes
2025/05/04 22:53:09 RTP packet received: 13 bytes
2025/05/04 22:53:09 RTP packet received: 13 bytes
2025/05/04 22:53:10 RTP packet received: 13 bytes
2025/05/04 22:53:10 RTP packet received: 13 bytes
2025/05/04 22:53:10 RTP packet received: 13 bytes
2025/05/04 22:53:10 RTP packet received: 13 bytes
2025/05/04 22:53:10 RTP packet received: 13 bytes
2025/05/04 22:53:10 RTP packet received: 13 bytes
2025/05/04 22:53:10 RTP packet received: 13 bytes
2025/05/04 22:53:10 📈 Packets: 15/s | Bitrate: 1.56 kbps
2025/05/04 22:53:10 RTP packet received: 13 bytes
2025/05/04 22:53:10 RTP packet received: 13 bytes
2025/05/04 22:53:10 RTP packet received: 13 bytes
2025/05/04 22:53:10 RTP packet received: 13 bytes
2025/05/04 22:53:10 RTP packet received: 13 bytes
2025/05/04 22:53:10 RTP packet received: 13 bytes
2025/05/04 22:53:10 RTP packet received: 13 bytes
2025/05/04 22:53:10 RTP packet received: 13 bytes
2025/05/04 22:53:11 RTP packet received: 13 bytes
2025/05/04 22:53:11 RTP packet received: 13 bytes
2025/05/04 22:53:11 RTP packet received: 13 bytes
2025/05/04 22:53:11 RTP packet received: 13 bytes
2025/05/04 22:53:11 RTP packet received: 13 bytes
2025/05/04 22:53:11 RTP packet received: 13 bytes
2025/05/04 22:53:11 RTP packet received: 13 bytes
2025/05/04 22:53:11 📈 Packets: 15/s | Bitrate: 1.56 kbps
2025/05/04 22:53:11 RTP packet received: 13 bytes
2025/05/04 22:53:11 RTP packet received: 13 bytes
2025/05/04 22:53:11 RTP packet received: 13 bytes
2025/05/04 22:53:11 RTP packet received: 13 bytes
2025/05/04 22:53:11 RTP packet received: 13 bytes
2025/05/04 22:53:11 RTP packet received: 13 bytes
2025/05/04 22:53:11 RTP packet received: 13 bytes
2025/05/04 22:53:11 RTP packet received: 13 bytes
2025/05/04 22:53:11 RTP packet received: 13 bytes
2025/05/04 22:53:12 RTP packet received: 13 bytes
2025/05/04 22:53:12 RTP packet received: 13 bytes
2025/05/04 22:53:12 RTP packet received: 13 bytes
2025/05/04 22:53:12 RTP packet received: 13 bytes
2025/05/04 22:53:12 RTP packet received: 13 bytes
2025/05/04 22:53:12 RTP packet received: 13 bytes
2025/05/04 22:53:12 📈 Packets: 15/s | Bitrate: 1.56 kbps
2025/05/04 22:53:12 RTP packet received: 13 bytes
2025/05/04 22:53:12 RTP packet received: 13 bytes
2025/05/04 22:53:12 RTP packet received: 13 bytes
2025/05/04 22:53:12 RTP packet received: 13 bytes
2025/05/04 22:53:12 RTP packet received: 13 bytes
2025/05/04 22:53:12 RTP packet received: 13 bytes
2025/05/04 22:53:12 RTP packet received: 13 bytes
2025/05/04 22:53:12 RTP packet received: 13 bytes
2025/05/04 22:53:12 RTP packet received: 13 bytes
2025/05/04 22:53:13 RTP packet received: 13 bytes
2025/05/04 22:53:13 RTP packet received: 13 bytes
2025/05/04 22:53:13 RTP packet received: 13 bytes
2025/05/04 22:53:13 RTP packet received: 13 bytes
2025/05/04 22:53:13 RTP packet received: 13 bytes
2025/05/04 22:53:13 RTP packet received: 13 bytes
2025/05/04 22:53:13 📈 Packets: 16/s | Bitrate: 1.66 kbps
2025/05/04 22:53:13 RTP packet received: 13 bytes
2025/05/04 22:53:13 RTP packet received: 13 bytes
2025/05/04 22:53:13 RTP packet received: 13 bytes
2025/05/04 22:53:13 RTP packet received: 13 bytes
2025/05/04 22:53:13 RTP packet received: 13 bytes
2025/05/04 22:53:13 RTP packet received: 13 bytes
2025/05/04 22:53:13 RTP packet received: 13 bytes
2025/05/04 22:53:13 RTP packet received: 13 bytes
2025/05/04 22:53:13 RTP packet received: 13 bytes
2025/05/04 22:53:14 RTP packet received: 13 bytes
2025/05/04 22:53:14 RTP packet received: 13 bytes
2025/05/04 22:53:14 RTP packet received: 13 bytes
2025/05/04 22:53:14 RTP packet received: 13 bytes
2025/05/04 22:53:14 RTP packet received: 13 bytes
2025/05/04 22:53:14 RTP packet received: 13 bytes
2025/05/04 22:53:14 📈 Packets: 15/s | Bitrate: 1.56 kbps
2025/05/04 22:53:14 RTP packet received: 13 bytes
2025/05/04 22:53:14 RTP packet received: 13 bytes
2025/05/04 22:53:14 RTP packet received: 13 bytes
2025/05/04 22:53:14 RTP packet received: 13 bytes
2025/05/04 22:53:14 RTP packet received: 13 bytes
2025/05/04 22:53:14 RTP packet received: 13 bytes
2025/05/04 22:53:14 RTP packet received: 13 bytes
2025/05/04 22:53:14 RTP packet received: 13 bytes
2025/05/04 22:53:14 RTP packet received: 13 bytes
2025/05/04 22:53:15 RTP packet received: 13 bytes
2025/05/04 22:53:15 RTP packet received: 13 bytes
2025/05/04 22:53:15 RTP packet received: 13 bytes
2025/05/04 22:53:15 RTP packet received: 13 bytes
2025/05/04 22:53:15 RTP packet received: 13 bytes
2025/05/04 22:53:15 RTP packet received: 13 bytes
2025/05/04 22:53:15 📈 Packets: 15/s | Bitrate: 1.56 kbps
2025/05/04 22:53:15 RTP packet received: 13 bytes
2025/05/04 22:53:15 RTP packet received: 13 bytes
2025/05/04 22:53:15 RTP packet received: 13 bytes
2025/05/04 22:53:15 RTP packet received: 13 bytes
2025/05/04 22:53:15 RTP packet received: 13 bytes
2025/05/04 22:53:15 RTP packet received: 13 bytes
2025/05/04 22:53:15 RTP packet received: 13 bytes
2025/05/04 22:53:15 RTP packet received: 13 bytes
2025/05/04 22:53:15 RTP packet received: 13 bytes
2025/05/04 22:53:16 RTP packet received: 13 bytes
2025/05/04 22:53:16 RTP packet received: 13 bytes
2025/05/04 22:53:16 RTP packet received: 13 bytes
2025/05/04 22:53:16 RTP packet received: 13 bytes
2025/05/04 22:53:16 RTP packet received: 13 bytes
2025/05/04 22:53:16 RTP packet received: 13 bytes
2025/05/04 22:53:16 📈 Packets: 15/s | Bitrate: 1.56 kbps
2025/05/04 22:53:16 RTP packet received: 13 bytes
2025/05/04 22:53:16 RTP packet received: 13 bytes
2025/05/04 22:53:16 RTP packet received: 13 bytes
2025/05/04 22:53:16 RTP packet received: 13 bytes
2025/05/04 22:53:16 RTP packet received: 13 bytes
2025/05/04 22:53:16 RTP packet received: 13 bytes
2025/05/04 22:53:16 RTP packet received: 13 bytes
2025/05/04 22:53:16 RTP packet received: 13 bytes
2025/05/04 22:53:16 RTP packet received: 13 bytes
2025/05/04 22:53:16 RTP packet received: 13 bytes
2025/05/04 22:53:17 RTP packet received: 13 bytes
2025/05/04 22:53:17 RTP packet received: 13 bytes
2025/05/04 22:53:17 RTP packet received: 13 bytes
2025/05/04 22:53:17 RTP packet received: 13 bytes
2025/05/04 22:53:17 RTP packet received: 13 bytes
2025/05/04 22:53:17 RTP packet received: 13 bytes
2025/05/04 22:53:17 📈 Packets: 15/s | Bitrate: 1.56 kbps
2025/05/04 22:53:17 RTP packet received: 13 bytes
2025/05/04 22:53:17 RTP packet received: 13 bytes
2025/05/04 22:53:17 RTP packet received: 13 bytes
2025/05/04 22:53:17 RTP packet received: 13 bytes
2025/05/04 22:53:17 RTP packet received: 13 bytes
2025/05/04 22:53:17 RTP packet received: 13 bytes
2025/05/04 22:53:17 RTP packet received: 13 bytes
2025/05/04 22:53:17 RTP packet received: 13 bytes
2025/05/04 22:53:17 RTP packet received: 13 bytes
2025/05/04 22:53:18 RTP packet received: 13 bytes
2025/05/04 22:53:18 RTP packet received: 13 bytes
2025/05/04 22:53:18 RTP packet received: 13 bytes
2025/05/04 22:53:18 RTP packet received: 13 bytes
2025/05/04 22:53:18 RTP packet received: 13 bytes
2025/05/04 22:53:18 📈 Packets: 15/s | Bitrate: 1.56 kbps
2025/05/04 22:53:18 RTP packet received: 13 bytes
2025/05/04 22:53:18 RTP packet received: 13 bytes
2025/05/04 22:53:18 RTP packet received: 13 bytes
2025/05/04 22:53:18 RTP packet received: 13 bytes
2025/05/04 22:53:18 RTP packet received: 13 bytes
2025/05/04 22:53:18 RTP packet received: 13 bytes
2025/05/04 22:53:18 RTP packet received: 13 bytes
2025/05/04 22:53:18 RTP packet received: 13 bytes
2025/05/04 22:53:18 RTP packet received: 13 bytes
2025/05/04 22:53:19 RTP packet received: 13 bytes
2025/05/04 22:53:19 RTP packet received: 13 bytes
2025/05/04 22:53:19 RTP packet received: 13 bytes
2025/05/04 22:53:19 RTP packet received: 13 bytes
2025/05/04 22:53:19 RTP packet received: 13 bytes
2025/05/04 22:53:19 RTP packet received: 13 bytes
2025/05/04 22:53:19 📈 Packets: 15/s | Bitrate: 1.56 kbps
2025/05/04 22:53:19 RTP packet received: 13 bytes
2025/05/04 22:53:19 RTP packet received: 13 bytes
2025/05/04 22:53:19 RTP packet received: 13 bytes
2025/05/04 22:53:19 RTP packet received: 13 bytes
2025/05/04 22:53:19 RTP packet received: 13 bytes
2025/05/04 22:53:19 RTP packet received: 13 bytes
2025/05/04 22:53:19 RTP packet received: 13 bytes
2025/05/04 22:53:19 RTP packet received: 13 bytes
2025/05/04 22:53:19 RTP packet received: 13 bytes
2025/05/04 22:53:19 RTP packet received: 13 bytes
2025/05/04 22:53:20 RTP packet received: 13 bytes
2025/05/04 22:53:20 RTP packet received: 13 bytes
2025/05/04 22:53:20 RTP packet received: 13 bytes
2025/05/04 22:53:20 RTP packet received: 13 bytes
2025/05/04 22:53:20 RTP packet received: 13 bytes
2025/05/04 22:53:20 RTP packet received: 13 bytes
2025/05/04 22:53:20 📈 Packets: 15/s | Bitrate: 1.56 kbps
2025/05/04 22:53:20 RTP packet received: 13 bytes
2025/05/04 22:53:20 RTP packet received: 13 bytes
2025/05/04 22:53:20 RTP packet received: 13 bytes
2025/05/04 22:53:20 RTP packet received: 13 bytes
2025/05/04 22:53:20 RTP packet received: 13 bytes
2025/05/04 22:53:20 RTP packet received: 13 bytes
2025/05/04 22:53:20 RTP packet received: 13 bytes
2025/05/04 22:53:20 RTP packet received: 13 bytes
2025/05/04 22:53:20 RTP packet received: 13 bytes
2025/05/04 22:53:21 RTP packet received: 13 bytes
2025/05/04 22:53:21 RTP packet received: 13 bytes
2025/05/04 22:53:21 RTP packet received: 13 bytes
2025/05/04 22:53:21 RTP packet received: 13 bytes
2025/05/04 22:53:21 RTP packet received: 13 bytes
2025/05/04 22:53:21 RTP packet received: 13 bytes
2025/05/04 22:53:21 📈 Packets: 15/s | Bitrate: 1.56 kbps
2025/05/04 22:53:21 RTP packet received: 13 bytes
2025/05/04 22:53:21 RTP packet received: 13 bytes
2025/05/04 22:53:21 RTP packet received: 13 bytes
2025/05/04 22:53:21 RTP packet received: 13 bytes
2025/05/04 22:53:21 RTP packet received: 13 bytes
2025/05/04 22:53:21 RTP packet received: 13 bytes
2025/05/04 22:53:21 RTP packet received: 13 bytes
2025/05/04 22:53:21 RTP packet received: 13 bytes
2025/05/04 22:53:21 RTP packet received: 13 bytes
2025/05/04 22:53:22 RTP packet received: 13 bytes
2025/05/04 22:53:22 RTP packet received: 13 bytes
2025/05/04 22:53:22 RTP packet received: 13 bytes
2025/05/04 22:53:22 RTP packet received: 13 bytes
2025/05/04 22:53:22 RTP packet received: 13 bytes
2025/05/04 22:53:22 RTP packet received: 13 bytes
2025/05/04 22:53:22 📈 Packets: 15/s | Bitrate: 1.56 kbps
2025/05/04 22:53:22 RTP packet received: 13 bytes
2025/05/04 22:53:22 RTP packet received: 13 bytes
2025/05/04 22:53:22 RTP packet received: 13 bytes
2025/05/04 22:53:22 RTP packet received: 13 bytes
2025/05/04 22:53:22 RTP packet received: 13 bytes
2025/05/04 22:53:22 RTP packet received: 13 bytes
2025/05/04 22:53:22 RTP packet received: 13 bytes
2025/05/04 22:53:22 RTP packet received: 13 bytes
2025/05/04 22:53:22 RTP packet received: 13 bytes
2025/05/04 22:53:23 RTP packet received: 13 bytes
2025/05/04 22:53:23 RTP packet received: 13 bytes
2025/05/04 22:53:23 RTP packet received: 13 bytes
2025/05/04 22:53:23 RTP packet received: 13 bytes
2025/05/04 22:53:23 RTP packet received: 13 bytes
2025/05/04 22:53:23 RTP packet received: 13 bytes
2025/05/04 22:53:23 📈 Packets: 15/s | Bitrate: 1.56 kbps
2025/05/04 22:53:23 RTP packet received: 13 bytes
2025/05/04 22:53:23 RTP packet received: 13 bytes
2025/05/04 22:53:23 RTP packet received: 13 bytes
2025/05/04 22:53:23 RTP packet received: 13 bytes
2025/05/04 22:53:23 RTP packet received: 13 bytes
2025/05/04 22:53:23 RTP packet received: 13 bytes
2025/05/04 22:53:23 RTP packet received: 13 bytes
2025/05/04 22:53:23 RTP packet received: 13 bytes
2025/05/04 22:53:23 RTP packet received: 13 bytes
2025/05/04 22:53:24 RTP packet received: 13 bytes
2025/05/04 22:53:24 RTP packet received: 13 bytes
2025/05/04 22:53:24 RTP packet received: 13 bytes
2025/05/04 22:53:24 RTP packet received: 13 bytes
2025/05/04 22:53:24 RTP packet received: 13 bytes
2025/05/04 22:53:24 RTP packet received: 13 bytes
2025/05/04 22:53:24 📈 Packets: 16/s | Bitrate: 1.66 kbps
2025/05/04 22:53:24 RTP packet received: 13 bytes
2025/05/04 22:53:24 RTP packet received: 13 bytes
2025/05/04 22:53:24 RTP packet received: 13 bytes
2025/05/04 22:53:24 RTP packet received: 13 bytes
2025/05/04 22:53:24 RTP packet received: 13 bytes
2025/05/04 22:53:24 RTP packet received: 13 bytes
2025/05/04 22:53:24 RTP packet received: 13 bytes
2025/05/04 22:53:24 RTP packet received: 13 bytes
2025/05/04 22:53:24 RTP packet received: 13 bytes
2025/05/04 22:53:25 RTP packet received: 13 bytes
2025/05/04 22:53:25 RTP packet received: 13 bytes
2025/05/04 22:53:25 RTP packet received: 13 bytes
2025/05/04 22:53:25 RTP packet received: 13 bytes
2025/05/04 22:53:25 RTP packet received: 13 bytes
2025/05/04 22:53:25 RTP packet received: 13 bytes
2025/05/04 22:53:25 📈 Packets: 15/s | Bitrate: 1.56 kbps
2025/05/04 22:53:25 RTP packet received: 13 bytes
2025/05/04 22:53:25 RTP packet received: 13 bytes
2025/05/04 22:53:25 RTP packet received: 13 bytes
2025/05/04 22:53:25 RTP packet received: 13 bytes
2025/05/04 22:53:25 RTP packet received: 13 bytes
2025/05/04 22:53:25 RTP packet received: 13 bytes
2025/05/04 22:53:25 RTP packet received: 13 bytes
2025/05/04 22:53:25 RTP packet received: 13 bytes
2025/05/04 22:53:25 RTP packet received: 13 bytes
2025/05/04 22:53:26 RTP packet received: 13 bytes
2025/05/04 22:53:26 RTP packet received: 13 bytes
2025/05/04 22:53:26 RTP packet received: 13 bytes
2025/05/04 22:53:26 RTP packet received: 13 bytes
2025/05/04 22:53:26 RTP packet received: 13 bytes
2025/05/04 22:53:26 RTP packet received: 13 bytes
2025/05/04 22:53:26 📈 Packets: 15/s | Bitrate: 1.56 kbps
2025/05/04 22:53:26 RTP packet received: 13 bytes
2025/05/04 22:53:26 RTP packet received: 13 bytes
2025/05/04 22:53:26 RTP packet received: 13 bytes
2025/05/04 22:53:26 RTP packet received: 13 bytes
2025/05/04 22:53:26 RTP packet received: 13 bytes
2025/05/04 22:53:26 RTP packet received: 13 bytes
2025/05/04 22:53:26 RTP packet received: 13 bytes
2025/05/04 22:53:26 RTP packet received: 13 bytes
2025/05/04 22:53:26 RTP packet received: 13 bytes
2025/05/04 22:53:26 RTP packet received: 13 bytes
2025/05/04 22:53:27 RTP packet received: 13 bytes
2025/05/04 22:53:27 RTP packet received: 13 bytes
2025/05/04 22:53:27 RTP packet received: 13 bytes
2025/05/04 22:53:27 RTP packet received: 13 bytes
2025/05/04 22:53:27 RTP packet received: 13 bytes
2025/05/04 22:53:27 RTP packet received: 13 bytes
2025/05/04 22:53:27 📈 Packets: 15/s | Bitrate: 1.56 kbps
2025/05/04 22:53:27 RTP packet received: 13 bytes
2025/05/04 22:53:27 RTP packet received: 13 bytes
2025/05/04 22:53:27 RTP packet received: 13 bytes
2025/05/04 22:53:27 RTP packet received: 13 bytes
2025/05/04 22:53:27 RTP packet received: 13 bytes
2025/05/04 22:53:27 RTP packet received: 13 bytes
2025/05/04 22:53:27 RTP packet received: 13 bytes
2025/05/04 22:53:27 RTP packet received: 13 bytes
2025/05/04 22:53:27 RTP packet received: 13 bytes
2025/05/04 22:53:28 RTP packet received: 13 bytes
2025/05/04 22:53:28 RTP packet received: 13 bytes
2025/05/04 22:53:28 RTP packet received: 13 bytes
2025/05/04 22:53:28 RTP packet received: 13 bytes
2025/05/04 22:53:28 RTP packet received: 13 bytes
2025/05/04 22:53:28 RTP packet received: 13 bytes
2025/05/04 22:53:28 📈 Packets: 15/s | Bitrate: 1.56 kbps
2025/05/04 22:53:28 RTP packet received: 13 bytes
2025/05/04 22:53:28 RTP packet received: 13 bytes
2025/05/04 22:53:28 RTP packet received: 13 bytes
2025/05/04 22:53:28 RTP packet received: 13 bytes
2025/05/04 22:53:28 RTP packet received: 13 bytes
2025/05/04 22:53:28 RTP packet received: 13 bytes
2025/05/04 22:53:28 RTP packet received: 13 bytes
2025/05/04 22:53:28 RTP packet received: 13 bytes
2025/05/04 22:53:28 RTP packet received: 13 bytes
2025/05/04 22:53:29 RTP packet received: 13 bytes
2025/05/04 22:53:29 RTP packet received: 13 bytes
2025/05/04 22:53:29 RTP packet received: 13 bytes
2025/05/04 22:53:29 RTP packet received: 13 bytes
2025/05/04 22:53:29 RTP packet received: 13 bytes
2025/05/04 22:53:29 RTP packet received: 13 bytes
2025/05/04 22:53:29 📈 Packets: 15/s | Bitrate: 1.56 kbps
2025/05/04 22:53:29 RTP packet received: 13 bytes
2025/05/04 22:53:29 RTP packet received: 13 bytes
2025/05/04 22:53:29 RTP packet received: 13 bytes
2025/05/04 22:53:29 RTP packet received: 13 bytes
2025/05/04 22:53:29 RTP packet received: 13 bytes
2025/05/04 22:53:29 RTP packet received: 13 bytes
2025/05/04 22:53:29 RTP packet received: 13 bytes
2025/05/04 22:53:29 RTP packet received: 13 bytes
2025/05/04 22:53:29 RTP packet received: 13 bytes
2025/05/04 22:53:30 RTP packet received: 13 bytes
2025/05/04 22:53:30 RTP packet received: 13 bytes
2025/05/04 22:53:30 RTP packet received: 13 bytes
2025/05/04 22:53:30 RTP packet received: 13 bytes
2025/05/04 22:53:30 RTP packet received: 13 bytes
2025/05/04 22:53:30 RTP packet received: 13 bytes
2025/05/04 22:53:30 📈 Packets: 15/s | Bitrate: 1.56 kbps
2025/05/04 22:53:30 RTP packet received: 13 bytes
2025/05/04 22:53:30 RTP packet received: 13 bytes
2025/05/04 22:53:30 RTP packet received: 13 bytes
2025/05/04 22:53:30 RTP packet received: 13 bytes
2025/05/04 22:53:30 RTP packet received: 13 bytes
2025/05/04 22:53:30 RTP packet received: 13 bytes
2025/05/04 22:53:30 RTP packet received: 13 bytes
2025/05/04 22:53:30 RTP packet received: 13 bytes
2025/05/04 22:53:30 RTP packet received: 13 bytes
2025/05/04 22:53:31 RTP packet received: 13 bytes
2025/05/04 22:53:31 RTP packet received: 13 bytes
2025/05/04 22:53:31 RTP packet received: 13 bytes
2025/05/04 22:53:31 RTP packet received: 13 bytes
2025/05/04 22:53:31 RTP packet received: 13 bytes
2025/05/04 22:53:31 RTP packet received: 13 bytes
2025/05/04 22:53:31 📈 Packets: 16/s | Bitrate: 1.66 kbps
2025/05/04 22:53:31 RTP packet received: 13 bytes
2025/05/04 22:53:31 RTP packet received: 13 bytes
2025/05/04 22:53:31 RTP packet received: 13 bytes
2025/05/04 22:53:31 RTP packet received: 13 bytes
2025/05/04 22:53:31 RTP packet received: 13 bytes
2025/05/04 22:53:31 RTP packet received: 13 bytes
2025/05/04 22:53:31 RTP packet received: 13 bytes
2025/05/04 22:53:31 RTP packet received: 13 bytes
2025/05/04 22:53:31 RTP packet received: 13 bytes
2025/05/04 22:53:32 RTP packet received: 13 bytes
2025/05/04 22:53:32 RTP packet received: 13 bytes
2025/05/04 22:53:32 RTP packet received: 13 bytes
2025/05/04 22:53:32 RTP packet received: 13 bytes
2025/05/04 22:53:32 RTP packet received: 13 bytes
2025/05/04 22:53:32 RTP packet received: 13 bytes
2025/05/04 22:53:32 📈 Packets: 15/s | Bitrate: 1.56 kbps
2025/05/04 22:53:32 RTP packet received: 13 bytes
2025/05/04 22:53:32 RTP packet received: 13 bytes
2025/05/04 22:53:32 RTP packet received: 13 bytes
2025/05/04 22:53:32 RTP packet received: 13 bytes
2025/05/04 22:53:32 RTP packet received: 13 bytes
2025/05/04 22:53:32 RTP packet received: 13 bytes
2025/05/04 22:53:32 RTP packet received: 13 bytes
2025/05/04 22:53:32 RTP packet received: 13 bytes
2025/05/04 22:53:32 RTP packet received: 13 bytes
2025/05/04 22:53:33 RTP packet received: 13 bytes
2025/05/04 22:53:33 RTP packet received: 13 bytes
2025/05/04 22:53:33 RTP packet received: 13 bytes
2025/05/04 22:53:33 RTP packet received: 13 bytes
2025/05/04 22:53:33 RTP packet received: 13 bytes
2025/05/04 22:53:33 RTP packet received: 13 bytes
2025/05/04 22:53:33 RTP packet received: 13 bytes
2025/05/04 22:53:33 📈 Packets: 15/s | Bitrate: 1.56 kbps
2025/05/04 22:53:33 RTP packet received: 13 bytes
2025/05/04 22:53:33 RTP packet received: 13 bytes
2025/05/04 22:53:33 RTP packet received: 13 bytes
2025/05/04 22:53:33 RTP packet received: 13 bytes
2025/05/04 22:53:33 RTP packet received: 13 bytes
2025/05/04 22:53:33 RTP packet received: 13 bytes
2025/05/04 22:53:33 RTP packet received: 13 bytes
2025/05/04 22:53:33 RTP packet received: 13 bytes
2025/05/04 22:53:33 RTP packet received: 13 bytes
2025/05/04 22:53:34 RTP packet received: 13 bytes
2025/05/04 22:53:34 RTP packet received: 13 bytes
2025/05/04 22:53:34 RTP packet received: 13 bytes
2025/05/04 22:53:34 RTP packet received: 13 bytes
2025/05/04 22:53:34 RTP packet received: 13 bytes
2025/05/04 22:53:34 RTP packet received: 13 bytes
2025/05/04 22:53:34 📈 Packets: 15/s | Bitrate: 1.56 kbps
2025/05/04 22:53:34 RTP packet received: 13 bytes
2025/05/04 22:53:34 RTP packet received: 13 bytes
2025/05/04 22:53:34 RTP packet received: 13 bytes
2025/05/04 22:53:34 RTP packet received: 13 bytes
2025/05/04 22:53:34 RTP packet received: 13 bytes
2025/05/04 22:53:34 RTP packet received: 13 bytes
2025/05/04 22:53:34 RTP packet received: 13 bytes
2025/05/04 22:53:34 RTP packet received: 13 bytes
2025/05/04 22:53:34 RTP packet received: 13 bytes
2025/05/04 22:53:35 RTP packet received: 13 bytes
2025/05/04 22:53:35 RTP packet received: 13 bytes
2025/05/04 22:53:35 RTP packet received: 13 bytes
2025/05/04 22:53:35 RTP packet received: 13 bytes
2025/05/04 22:53:35 RTP packet received: 13 bytes
2025/05/04 22:53:35 RTP packet received: 13 bytes
2025/05/04 22:53:35 📈 Packets: 15/s | Bitrate: 1.56 kbps
2025/05/04 22:53:35 RTP packet received: 13 bytes
2025/05/04 22:53:35 RTP packet received: 13 bytes
2025/05/04 22:53:35 RTP packet received: 13 bytes
2025/05/04 22:53:35 RTP packet received: 13 bytes
2025/05/04 22:53:35 RTP packet received: 13 bytes
2025/05/04 22:53:35 RTP packet received: 13 bytes
2025/05/04 22:53:35 RTP packet received: 13 bytes
2025/05/04 22:53:35 RTP packet received: 13 bytes
2025/05/04 22:53:35 RTP packet received: 13 bytes
2025/05/04 22:53:36 RTP packet received: 13 bytes
2025/05/04 22:53:36 RTP packet received: 13 bytes
2025/05/04 22:53:36 RTP packet received: 13 bytes
2025/05/04 22:53:36 RTP packet received: 13 bytes
2025/05/04 22:53:36 RTP packet received: 13 bytes
2025/05/04 22:53:36 RTP packet received: 13 bytes
2025/05/04 22:53:36 📈 Packets: 16/s | Bitrate: 1.66 kbps
2025/05/04 22:53:36 RTP packet received: 13 bytes
2025/05/04 22:53:36 RTP packet received: 13 bytes
2025/05/04 22:53:36 RTP packet received: 13 bytes
2025/05/04 22:53:36 RTP packet received: 13 bytes
2025/05/04 22:53:36 RTP packet received: 13 bytes
2025/05/04 22:53:36 RTP packet received: 13 bytes
2025/05/04 22:53:36 RTP packet received: 13 bytes
2025/05/04 22:53:36 RTP packet received: 13 bytes
2025/05/04 22:53:36 RTP packet received: 13 bytes
2025/05/04 22:53:37 RTP packet received: 13 bytes
2025/05/04 22:53:37 RTP packet received: 13 bytes
2025/05/04 22:53:37 RTP packet received: 13 bytes
2025/05/04 22:53:37 RTP packet received: 13 bytes
2025/05/04 22:53:37 RTP packet received: 13 bytes
2025/05/04 22:53:37 RTP packet received: 13 bytes
2025/05/04 22:53:37 📈 Packets: 15/s | Bitrate: 1.56 kbps
2025/05/04 22:53:37 RTP packet received: 13 bytes
2025/05/04 22:53:37 RTP packet received: 13 bytes
2025/05/04 22:53:37 RTP packet received: 13 bytes
2025/05/04 22:53:37 RTP packet received: 13 bytes
2025/05/04 22:53:37 RTP packet received: 13 bytes
2025/05/04 22:53:37 RTP packet received: 13 bytes
2025/05/04 22:53:37 RTP packet received: 13 bytes
2025/05/04 22:53:37 RTP packet received: 13 bytes
2025/05/04 22:53:37 RTP packet received: 13 bytes
2025/05/04 22:53:38 RTP packet received: 13 bytes
2025/05/04 22:53:38 RTP packet received: 13 bytes
2025/05/04 22:53:38 RTP packet received: 13 bytes
2025/05/04 22:53:38 RTP packet received: 13 bytes
2025/05/04 22:53:38 RTP packet received: 13 bytes
2025/05/04 22:53:38 RTP packet received: 13 bytes
2025/05/04 22:53:38 📈 Packets: 15/s | Bitrate: 1.56 kbps
2025/05/04 22:53:38 RTP packet received: 13 bytes
2025/05/04 22:53:38 RTP packet received: 13 bytes
2025/05/04 22:53:38 RTP packet received: 13 bytes
2025/05/04 22:53:38 RTP packet received: 13 bytes
2025/05/04 22:53:38 RTP packet received: 13 bytes
2025/05/04 22:53:38 RTP packet received: 13 bytes
2025/05/04 22:53:38 RTP packet received: 13 bytes
2025/05/04 22:53:38 RTP packet received: 13 bytes
2025/05/04 22:53:38 RTP packet received: 13 bytes
2025/05/04 22:53:39 RTP packet received: 13 bytes
2025/05/04 22:53:39 RTP packet received: 13 bytes
2025/05/04 22:53:39 RTP packet received: 13 bytes
2025/05/04 22:53:39 RTP packet received: 13 bytes
2025/05/04 22:53:39 RTP packet received: 13 bytes
2025/05/04 22:53:39 RTP packet received: 13 bytes
2025/05/04 22:53:39 📈 Packets: 15/s | Bitrate: 1.56 kbps
2025/05/04 22:53:39 RTP packet received: 13 bytes
2025/05/04 22:53:39 RTP packet received: 13 bytes
2025/05/04 22:53:39 RTP packet received: 13 bytes
2025/05/04 22:53:39 RTP packet received: 13 bytes
2025/05/04 22:53:39 RTP packet received: 13 bytes
2025/05/04 22:53:39 RTP packet received: 13 bytes
2025/05/04 22:53:39 RTP packet received: 13 bytes
2025/05/04 22:53:39 RTP packet received: 13 bytes
2025/05/04 22:53:39 RTP packet received: 13 bytes
2025/05/04 22:53:39 RTP packet received: 13 bytes
2025/05/04 22:53:40 RTP packet received: 13 bytes
2025/05/04 22:53:40 RTP packet received: 13 bytes
2025/05/04 22:53:40 RTP packet received: 13 bytes
2025/05/04 22:53:40 RTP packet received: 13 bytes
2025/05/04 22:53:40 RTP packet received: 13 bytes
2025/05/04 22:53:40 RTP packet received: 13 bytes
2025/05/04 22:53:40 📈 Packets: 15/s | Bitrate: 1.56 kbps
2025/05/04 22:53:40 RTP packet received: 13 bytes
2025/05/04 22:53:40 RTP packet received: 13 bytes
2025/05/04 22:53:40 RTP packet received: 13 bytes
2025/05/04 22:53:40 RTP packet received: 13 bytes
2025/05/04 22:53:40 RTP packet received: 13 bytes
2025/05/04 22:53:40 RTP packet received: 13 bytes
2025/05/04 22:53:40 RTP packet received: 13 bytes
2025/05/04 22:53:40 RTP packet received: 13 bytes
2025/05/04 22:53:40 RTP packet received: 13 bytes
2025/05/04 22:53:41 RTP packet received: 13 bytes
2025/05/04 22:53:41 RTP packet received: 13 bytes
2025/05/04 22:53:41 RTP packet received: 13 bytes
2025/05/04 22:53:41 RTP packet received: 13 bytes
2025/05/04 22:53:41 RTP packet received: 13 bytes
2025/05/04 22:53:41 RTP packet received: 13 bytes
2025/05/04 22:53:41 📈 Packets: 15/s | Bitrate: 1.56 kbps
2025/05/04 22:53:41 RTP packet received: 13 bytes
2025/05/04 22:53:41 RTP packet received: 13 bytes
2025/05/04 22:53:41 RTP packet received: 13 bytes
2025/05/04 22:53:41 RTP packet received: 13 bytes
2025/05/04 22:53:41 RTP packet received: 13 bytes
2025/05/04 22:53:41 RTP packet received: 13 bytes
2025/05/04 22:53:41 RTP packet received: 13 bytes
2025/05/04 22:53:41 RTP packet received: 13 bytes
2025/05/04 22:53:41 RTP packet received: 13 bytes
2025/05/04 22:53:42 RTP packet received: 13 bytes
2025/05/04 22:53:42 RTP packet received: 13 bytes
2025/05/04 22:53:42 RTP packet received: 13 bytes
2025/05/04 22:53:42 RTP packet received: 13 bytes
2025/05/04 22:53:42 RTP packet received: 13 bytes
2025/05/04 22:53:42 RTP packet received: 13 bytes
2025/05/04 22:53:42 📈 Packets: 15/s | Bitrate: 1.56 kbps
2025/05/04 22:53:42 RTP packet received: 13 bytes
2025/05/04 22:53:42 RTP packet received: 13 bytes
2025/05/04 22:53:42 RTP packet received: 13 bytes
2025/05/04 22:53:42 RTP packet received: 13 bytes
2025/05/04 22:53:42 RTP packet received: 13 bytes
2025/05/04 22:53:42 RTP packet received: 13 bytes
2025/05/04 22:53:42 RTP packet received: 13 bytes
2025/05/04 22:53:42 RTP packet received: 13 bytes
2025/05/04 22:53:42 RTP packet received: 13 bytes
2025/05/04 22:53:43 RTP packet received: 13 bytes
2025/05/04 22:53:43 RTP packet received: 13 bytes
2025/05/04 22:53:43 RTP packet received: 13 bytes
2025/05/04 22:53:43 RTP packet received: 13 bytes
2025/05/04 22:53:43 RTP packet received: 13 bytes
2025/05/04 22:53:43 RTP packet received: 13 bytes
2025/05/04 22:53:43 📈 Packets: 16/s | Bitrate: 1.66 kbps
2025/05/04 22:53:43 RTP packet received: 13 bytes
2025/05/04 22:53:43 RTP packet received: 13 bytes
2025/05/04 22:53:43 RTP packet received: 13 bytes
2025/05/04 22:53:43 RTP packet received: 13 bytes
2025/05/04 22:53:43 RTP packet received: 13 bytes
2025/05/04 22:53:43 RTP packet received: 13 bytes
2025/05/04 22:53:43 RTP packet received: 13 bytes
2025/05/04 22:53:43 RTP packet received: 13 bytes
2025/05/04 22:53:44 RTP packet received: 13 bytes
2025/05/04 22:53:44 RTP packet received: 13 bytes
2025/05/04 22:53:44 RTP packet received: 13 bytes
2025/05/04 22:53:44 RTP packet received: 13 bytes
2025/05/04 22:53:44 RTP packet received: 13 bytes
2025/05/04 22:53:44 RTP packet received: 13 bytes
2025/05/04 22:53:44 📈 Packets: 16/s | Bitrate: 1.66 kbps
2025/05/04 22:53:44 RTP packet received: 13 bytes
2025/05/04 22:53:44 RTP packet received: 13 bytes
2025/05/04 22:53:44 RTP packet received: 13 bytes
2025/05/04 22:53:44 RTP packet received: 13 bytes
2025/05/04 22:53:44 RTP packet received: 13 bytes
2025/05/04 22:53:44 RTP packet received: 13 bytes
2025/05/04 22:53:44 RTP packet received: 13 bytes
2025/05/04 22:53:44 RTP packet received: 13 bytes
2025/05/04 22:53:44 RTP packet received: 13 bytes
2025/05/04 22:53:45 RTP packet received: 13 bytes
2025/05/04 22:53:45 RTP packet received: 13 bytes
2025/05/04 22:53:45 RTP packet received: 13 bytes
2025/05/04 22:53:45 RTP packet received: 13 bytes
2025/05/04 22:53:45 RTP packet received: 13 bytes
2025/05/04 22:53:45 RTP packet received: 13 bytes
2025/05/04 22:53:45 📈 Packets: 15/s | Bitrate: 1.56 kbps
2025/05/04 22:53:45 RTP packet received: 13 bytes
2025/05/04 22:53:45 RTP packet received: 13 bytes
2025/05/04 22:53:45 RTP packet received: 13 bytes
2025/05/04 22:53:45 RTP packet received: 13 bytes
2025/05/04 22:53:45 RTP packet received: 13 bytes
2025/05/04 22:53:45 RTP packet received: 13 bytes
2025/05/04 22:53:45 RTP packet received: 13 bytes
2025/05/04 22:53:45 RTP packet received: 13 bytes
2025/05/04 22:53:45 RTP packet received: 13 bytes
2025/05/04 22:53:46 RTP packet received: 13 bytes
2025/05/04 22:53:46 RTP packet received: 13 bytes
2025/05/04 22:53:46 RTP packet received: 13 bytes
2025/05/04 22:53:46 RTP packet received: 13 bytes
2025/05/04 22:53:46 RTP packet received: 13 bytes
2025/05/04 22:53:46 RTP packet received: 13 bytes
2025/05/04 22:53:46 📈 Packets: 16/s | Bitrate: 1.66 kbps
2025/05/04 22:53:46 RTP packet received: 13 bytes
2025/05/04 22:53:46 RTP packet received: 13 bytes
2025/05/04 22:53:46 RTP packet received: 13 bytes
2025/05/04 22:53:46 RTP packet received: 13 bytes
2025/05/04 22:53:46 RTP packet received: 13 bytes
2025/05/04 22:53:46 RTP packet received: 13 bytes
2025/05/04 22:53:46 RTP packet received: 13 bytes
2025/05/04 22:53:46 RTP packet received: 13 bytes
2025/05/04 22:53:46 RTP packet received: 13 bytes
2025/05/04 22:53:47 RTP packet received: 13 bytes
2025/05/04 22:53:47 RTP packet received: 13 bytes
2025/05/04 22:53:47 RTP packet received: 13 bytes
2025/05/04 22:53:47 RTP packet received: 13 bytes
2025/05/04 22:53:47 RTP packet received: 13 bytes
2025/05/04 22:53:47 RTP packet received: 13 bytes
2025/05/04 22:53:47 📈 Packets: 15/s | Bitrate: 1.56 kbps
2025/05/04 22:53:47 RTP packet received: 13 bytes
2025/05/04 22:53:47 RTP packet received: 13 bytes
2025/05/04 22:53:47 RTP packet received: 13 bytes
2025/05/04 22:53:47 RTP packet received: 13 bytes
2025/05/04 22:53:47 RTP packet received: 13 bytes
2025/05/04 22:53:47 RTP packet received: 13 bytes
2025/05/04 22:53:47 RTP packet received: 13 bytes
2025/05/04 22:53:47 RTP packet received: 13 bytes
2025/05/04 22:53:47 RTP packet received: 13 bytes
2025/05/04 22:53:48 RTP packet received: 13 bytes
2025/05/04 22:53:48 RTP packet received: 13 bytes
2025/05/04 22:53:48 RTP packet received: 13 bytes
2025/05/04 22:53:48 RTP packet received: 13 bytes
2025/05/04 22:53:48 RTP packet received: 13 bytes
2025/05/04 22:53:48 RTP packet received: 13 bytes
2025/05/04 22:53:48 📈 Packets: 15/s | Bitrate: 1.56 kbps
2025/05/04 22:53:48 RTP packet received: 13 bytes
2025/05/04 22:53:48 RTP packet received: 13 bytes
2025/05/04 22:53:48 RTP packet received: 13 bytes
2025/05/04 22:53:48 RTP packet received: 13 bytes
2025/05/04 22:53:48 RTP packet received: 13 bytes
2025/05/04 22:53:48 RTP packet received: 13 bytes
2025/05/04 22:53:48 RTP packet received: 13 bytes
2025/05/04 22:53:48 RTP packet received: 13 bytes
2025/05/04 22:53:48 RTP packet received: 13 bytes
2025/05/04 22:53:49 RTP packet received: 13 bytes
2025/05/04 22:53:49 RTP packet received: 13 bytes
2025/05/04 22:53:49 RTP packet received: 13 bytes
2025/05/04 22:53:49 RTP packet received: 13 bytes
2025/05/04 22:53:49 RTP packet received: 13 bytes
2025/05/04 22:53:49 RTP packet received: 13 bytes
2025/05/04 22:53:49 📈 Packets: 15/s | Bitrate: 1.56 kbps
2025/05/04 22:53:49 RTP packet received: 13 bytes
2025/05/04 22:53:49 RTP packet received: 13 bytes
2025/05/04 22:53:49 RTP packet received: 13 bytes
2025/05/04 22:53:49 RTP packet received: 13 bytes
2025/05/04 22:53:49 RTP packet received: 13 bytes
2025/05/04 22:53:49 RTP packet received: 13 bytes
2025/05/04 22:53:49 RTP packet received: 13 bytes
2025/05/04 22:53:49 RTP packet received: 13 bytes
2025/05/04 22:53:49 RTP packet received: 13 bytes
2025/05/04 22:53:50 RTP packet received: 13 bytes
2025/05/04 22:53:50 RTP packet received: 13 bytes
2025/05/04 22:53:50 RTP packet received: 13 bytes
2025/05/04 22:53:50 RTP packet received: 13 bytes
2025/05/04 22:53:50 RTP packet received: 13 bytes
2025/05/04 22:53:50 RTP packet received: 13 bytes
2025/05/04 22:53:50 📈 Packets: 16/s | Bitrate: 1.66 kbps
2025/05/04 22:53:50 RTP packet received: 13 bytes
2025/05/04 22:53:50 RTP packet received: 13 bytes
2025/05/04 22:53:50 RTP packet received: 13 bytes
2025/05/04 22:53:50 RTP packet received: 13 bytes
2025/05/04 22:53:50 RTP packet received: 13 bytes
2025/05/04 22:53:50 RTP packet received: 13 bytes
2025/05/04 22:53:50 RTP packet received: 13 bytes
2025/05/04 22:53:50 RTP packet received: 13 bytes
2025/05/04 22:53:50 RTP packet received: 13 bytes
2025/05/04 22:53:51 RTP packet received: 13 bytes
2025/05/04 22:53:51 RTP packet received: 13 bytes
2025/05/04 22:53:51 RTP packet received: 13 bytes
2025/05/04 22:53:51 RTP packet received: 13 bytes
2025/05/04 22:53:51 RTP packet received: 13 bytes
2025/05/04 22:53:51 RTP packet received: 13 bytes
2025/05/04 22:53:51 📈 Packets: 15/s | Bitrate: 1.56 kbps
2025/05/04 22:53:51 RTP packet received: 13 bytes
2025/05/04 22:53:51 RTP packet received: 13 bytes
2025/05/04 22:53:51 RTP packet received: 13 bytes
2025/05/04 22:53:51 RTP packet received: 13 bytes
2025/05/04 22:53:51 RTP packet received: 13 bytes
2025/05/04 22:53:51 RTP packet received: 13 bytes
2025/05/04 22:53:51 RTP packet received: 13 bytes
2025/05/04 22:53:51 RTP packet received: 13 bytes
2025/05/04 22:53:51 RTP packet received: 13 bytes
2025/05/04 22:53:52 RTP packet received: 13 bytes
2025/05/04 22:53:52 RTP packet received: 13 bytes
2025/05/04 22:53:52 RTP packet received: 13 bytes
2025/05/04 22:53:52 RTP packet received: 13 bytes
2025/05/04 22:53:52 RTP packet received: 13 bytes
2025/05/04 22:53:52 RTP packet received: 13 bytes
2025/05/04 22:53:52 📈 Packets: 15/s | Bitrate: 1.56 kbps
2025/05/04 22:53:52 RTP packet received: 13 bytes
2025/05/04 22:53:52 RTP packet received: 13 bytes
2025/05/04 22:53:52 RTP packet received: 13 bytes
2025/05/04 22:53:52 RTP packet received: 13 bytes
2025/05/04 22:53:52 RTP packet received: 13 bytes
2025/05/04 22:53:52 RTP packet received: 13 bytes
2025/05/04 22:53:52 RTP packet received: 13 bytes
2025/05/04 22:53:52 RTP packet received: 13 bytes
2025/05/04 22:53:52 RTP packet received: 13 bytes
2025/05/04 22:53:52 RTP packet received: 13 bytes
2025/05/04 22:53:53 RTP packet received: 13 bytes
2025/05/04 22:53:53 RTP packet received: 13 bytes
2025/05/04 22:53:53 RTP packet received: 13 bytes
2025/05/04 22:53:53 RTP packet received: 13 bytes
2025/05/04 22:53:53 RTP packet received: 13 bytes
2025/05/04 22:53:53 RTP packet received: 13 bytes
2025/05/04 22:53:53 📈 Packets: 15/s | Bitrate: 1.56 kbps
2025/05/04 22:53:53 RTP packet received: 13 bytes
2025/05/04 22:53:53 RTP packet received: 13 bytes
2025/05/04 22:53:53 RTP packet received: 13 bytes
2025/05/04 22:53:53 RTP packet received: 13 bytes
2025/05/04 22:53:53 RTP packet received: 13 bytes
2025/05/04 22:53:53 RTP packet received: 13 bytes
2025/05/04 22:53:53 RTP packet received: 13 bytes
2025/05/04 22:53:53 RTP packet received: 13 bytes
2025/05/04 22:53:54 RTP packet received: 13 bytes
2025/05/04 22:53:54 RTP packet received: 13 bytes
2025/05/04 22:53:54 RTP packet received: 13 bytes
2025/05/04 22:53:54 RTP packet received: 13 bytes
2025/05/04 22:53:54 RTP packet received: 13 bytes
2025/05/04 22:53:54 RTP packet received: 13 bytes
2025/05/04 22:53:54 RTP packet received: 13 bytes
2025/05/04 22:53:54 📈 Packets: 15/s | Bitrate: 1.56 kbps
2025/05/04 22:53:54 RTP packet received: 13 bytes
2025/05/04 22:53:54 RTP packet received: 13 bytes
2025/05/04 22:53:54 RTP packet received: 13 bytes
2025/05/04 22:53:54 RTP packet received: 13 bytes
2025/05/04 22:53:54 RTP packet received: 13 bytes
2025/05/04 22:53:54 RTP packet received: 13 bytes
2025/05/04 22:53:54 RTP packet received: 13 bytes
2025/05/04 22:53:54 RTP packet received: 13 bytes
2025/05/04 22:53:54 RTP packet received: 13 bytes
2025/05/04 22:53:55 RTP packet received: 13 bytes
2025/05/04 22:53:55 RTP packet received: 13 bytes
2025/05/04 22:53:55 RTP packet received: 13 bytes
2025/05/04 22:53:55 RTP packet received: 13 bytes
2025/05/04 22:53:55 RTP packet received: 13 bytes
2025/05/04 22:53:55 RTP packet received: 13 bytes
2025/05/04 22:53:55 📈 Packets: 15/s | Bitrate: 1.56 kbps
2025/05/04 22:53:55 RTP packet received: 13 bytes
2025/05/04 22:53:55 RTP packet received: 13 bytes
2025/05/04 22:53:55 RTP packet received: 13 bytes
2025/05/04 22:53:55 RTP packet received: 13 bytes
2025/05/04 22:53:55 RTP packet received: 13 bytes
2025/05/04 22:53:55 RTP packet received: 13 bytes
2025/05/04 22:53:55 RTP packet received: 13 bytes
2025/05/04 22:53:55 RTP packet received: 13 bytes
2025/05/04 22:53:55 RTP packet received: 13 bytes
2025/05/04 22:53:56 RTP packet received: 13 bytes
2025/05/04 22:53:56 RTP packet received: 13 bytes
2025/05/04 22:53:56 RTP packet received: 13 bytes
2025/05/04 22:53:56 RTP packet received: 13 bytes
2025/05/04 22:53:56 RTP packet received: 13 bytes
2025/05/04 22:53:56 RTP packet received: 13 bytes
2025/05/04 22:53:56 📈 Packets: 15/s | Bitrate: 1.56 kbps
2025/05/04 22:53:56 RTP packet received: 13 bytes
2025/05/04 22:53:56 RTP packet received: 13 bytes
2025/05/04 22:53:56 RTP packet received: 13 bytes
2025/05/04 22:53:56 RTP packet received: 13 bytes
2025/05/04 22:53:56 RTP packet received: 13 bytes
2025/05/04 22:53:56 RTP packet received: 13 bytes
2025/05/04 22:53:56 RTP packet received: 13 bytes
2025/05/04 22:53:56 RTP packet received: 13 bytes
2025/05/04 22:53:56 RTP packet received: 13 bytes
2025/05/04 22:53:57 RTP packet received: 13 bytes
2025/05/04 22:53:57 RTP packet received: 13 bytes
2025/05/04 22:53:57 RTP packet received: 13 bytes
2025/05/04 22:53:57 RTP packet received: 13 bytes
2025/05/04 22:53:57 RTP packet received: 13 bytes
2025/05/04 22:53:57 RTP packet received: 13 bytes
2025/05/04 22:53:57 📈 Packets: 16/s | Bitrate: 1.66 kbps
2025/05/04 22:53:57 RTP packet received: 13 bytes
2025/05/04 22:53:57 RTP packet received: 13 bytes
2025/05/04 22:53:57 RTP packet received: 13 bytes
2025/05/04 22:53:57 RTP packet received: 13 bytes
2025/05/04 22:53:57 RTP packet received: 13 bytes
2025/05/04 22:53:57 RTP packet received: 13 bytes
2025/05/04 22:53:57 RTP packet received: 13 bytes
2025/05/04 22:53:57 RTP packet received: 13 bytes
2025/05/04 22:53:57 RTP packet received: 13 bytes
2025/05/04 22:53:58 RTP packet received: 13 bytes
2025/05/04 22:53:58 RTP packet received: 13 bytes
2025/05/04 22:53:58 RTP packet received: 13 bytes
2025/05/04 22:53:58 RTP packet received: 13 bytes
2025/05/04 22:53:58 RTP packet received: 13 bytes
2025/05/04 22:53:58 RTP packet received: 13 bytes
2025/05/04 22:53:58 📈 Packets: 15/s | Bitrate: 1.56 kbps
2025/05/04 22:53:58 RTP packet received: 13 bytes
2025/05/04 22:53:58 RTP packet received: 13 bytes
2025/05/04 22:53:58 RTP packet received: 13 bytes
2025/05/04 22:53:58 RTP packet received: 13 bytes
2025/05/04 22:53:58 RTP packet received: 13 bytes
2025/05/04 22:53:58 RTP packet received: 13 bytes
2025/05/04 22:53:58 RTP packet received: 13 bytes
2025/05/04 22:53:58 RTP packet received: 13 bytes
2025/05/04 22:53:58 RTP packet received: 13 bytes
2025/05/04 22:53:59 RTP packet received: 13 bytes
2025/05/04 22:53:59 RTP packet received: 13 bytes
2025/05/04 22:53:59 RTP packet received: 13 bytes
2025/05/04 22:53:59 RTP packet received: 13 bytes
2025/05/04 22:53:59 RTP packet received: 13 bytes
2025/05/04 22:53:59 RTP packet received: 13 bytes
2025/05/04 22:53:59 RTP packet received: 13 bytes
2025/05/04 22:53:59 📈 Packets: 15/s | Bitrate: 1.56 kbps
2025/05/04 22:53:59 RTP packet received: 13 bytes
2025/05/04 22:53:59 RTP packet received: 13 bytes
2025/05/04 22:53:59 RTP packet received: 13 bytes
2025/05/04 22:53:59 RTP packet received: 13 bytes
2025/05/04 22:53:59 RTP packet received: 13 bytes
2025/05/04 22:53:59 RTP packet received: 13 bytes
2025/05/04 22:53:59 RTP packet received: 13 bytes
2025/05/04 22:53:59 RTP packet received: 13 bytes
2025/05/04 22:53:59 RTP packet received: 13 bytes
2025/05/04 22:54:00 RTP packet received: 13 bytes
2025/05/04 22:54:00 RTP packet received: 13 bytes
2025/05/04 22:54:00 RTP packet received: 13 bytes
2025/05/04 22:54:00 RTP packet received: 13 bytes
2025/05/04 22:54:00 RTP packet received: 13 bytes
2025/05/04 22:54:00 RTP packet received: 13 bytes
2025/05/04 22:54:00 📈 Packets: 15/s | Bitrate: 1.56 kbps
2025/05/04 22:54:00 RTP packet received: 13 bytes
2025/05/04 22:54:00 RTP packet received: 13 bytes
2025/05/04 22:54:00 RTP packet received: 13 bytes
2025/05/04 22:54:00 RTP packet received: 13 bytes
2025/05/04 22:54:00 RTP packet received: 13 bytes
2025/05/04 22:54:00 RTP packet received: 13 bytes
2025/05/04 22:54:00 RTP packet received: 13 bytes
2025/05/04 22:54:00 RTP packet received: 13 bytes
2025/05/04 22:54:00 RTP packet received: 13 bytes
2025/05/04 22:54:01 RTP packet received: 13 bytes
2025/05/04 22:54:01 RTP packet received: 13 bytes
2025/05/04 22:54:01 RTP packet received: 13 bytes
2025/05/04 22:54:01 RTP packet received: 13 bytes
2025/05/04 22:54:01 RTP packet received: 13 bytes
2025/05/04 22:54:01 RTP packet received: 13 bytes
2025/05/04 22:54:01 📈 Packets: 15/s | Bitrate: 1.56 kbps
2025/05/04 22:54:01 RTP packet received: 13 bytes
2025/05/04 22:54:01 RTP packet received: 13 bytes
2025/05/04 22:54:01 RTP packet received: 13 bytes
2025/05/04 22:54:01 RTP packet received: 13 bytes
2025/05/04 22:54:01 RTP packet received: 13 bytes
2025/05/04 22:54:01 RTP packet received: 13 bytes
2025/05/04 22:54:01 RTP packet received: 13 bytes
2025/05/04 22:54:01 RTP packet received: 13 bytes
2025/05/04 22:54:01 RTP packet received: 13 bytes
2025/05/04 22:54:02 RTP packet received: 13 bytes
2025/05/04 22:54:02 RTP packet received: 13 bytes
2025/05/04 22:54:02 RTP packet received: 13 bytes
2025/05/04 22:54:02 RTP packet received: 13 bytes
2025/05/04 22:54:02 RTP packet received: 13 bytes
2025/05/04 22:54:02 RTP packet received: 13 bytes
2025/05/04 22:54:02 📈 Packets: 15/s | Bitrate: 1.56 kbps
2025/05/04 22:54:02 RTP packet received: 13 bytes
2025/05/04 22:54:02 RTP packet received: 13 bytes
2025/05/04 22:54:02 RTP packet received: 13 bytes
2025/05/04 22:54:02 RTP packet received: 13 bytes
2025/05/04 22:54:02 RTP packet received: 13 bytes
2025/05/04 22:54:02 RTP packet received: 13 bytes
2025/05/04 22:54:02 RTP packet received: 13 bytes
2025/05/04 22:54:02 RTP packet received: 13 bytes
2025/05/04 22:54:02 RTP packet received: 13 bytes
2025/05/04 22:54:03 RTP packet received: 13 bytes
2025/05/04 22:54:03 RTP packet received: 13 bytes
2025/05/04 22:54:03 RTP packet received: 13 bytes
2025/05/04 22:54:03 RTP packet received: 13 bytes
2025/05/04 22:54:03 RTP packet received: 13 bytes
2025/05/04 22:54:03 RTP packet received: 13 bytes
2025/05/04 22:54:03 📈 Packets: 16/s | Bitrate: 1.66 kbps
2025/05/04 22:54:03 RTP packet received: 13 bytes
2025/05/04 22:54:03 RTP packet received: 13 bytes
2025/05/04 22:54:03 RTP packet received: 13 bytes
2025/05/04 22:54:03 RTP packet received: 13 bytes
2025/05/04 22:54:03 RTP packet received: 13 bytes
2025/05/04 22:54:03 RTP packet received: 13 bytes
2025/05/04 22:54:03 RTP packet received: 13 bytes
2025/05/04 22:54:03 RTP packet received: 13 bytes
2025/05/04 22:54:03 RTP packet received: 13 bytes
2025/05/04 22:54:04 RTP packet received: 13 bytes
2025/05/04 22:54:04 RTP packet received: 13 bytes
2025/05/04 22:54:04 RTP packet received: 13 bytes
2025/05/04 22:54:04 RTP packet received: 13 bytes
2025/05/04 22:54:04 RTP packet received: 13 bytes
2025/05/04 22:54:04 RTP packet received: 13 bytes
2025/05/04 22:54:04 📈 Packets: 15/s | Bitrate: 1.56 kbps
2025/05/04 22:54:04 RTP packet received: 13 bytes
2025/05/04 22:54:04 RTP packet received: 13 bytes
2025/05/04 22:54:04 RTP packet received: 13 bytes
2025/05/04 22:54:04 RTP packet received: 13 bytes
2025/05/04 22:54:04 RTP packet received: 13 bytes
2025/05/04 22:54:04 RTP packet received: 13 bytes
2025/05/04 22:54:04 RTP packet received: 13 bytes
2025/05/04 22:54:04 RTP packet received: 13 bytes
2025/05/04 22:54:04 RTP packet received: 13 bytes
2025/05/04 22:54:05 RTP packet received: 13 bytes
2025/05/04 22:54:05 RTP packet received: 13 bytes
2025/05/04 22:54:05 RTP packet received: 13 bytes
2025/05/04 22:54:05 RTP packet received: 13 bytes
2025/05/04 22:54:05 RTP packet received: 13 bytes
2025/05/04 22:54:05 RTP packet received: 13 bytes
2025/05/04 22:54:05 📈 Packets: 15/s | Bitrate: 1.56 kbps
2025/05/04 22:54:05 RTP packet received: 13 bytes
2025/05/04 22:54:05 RTP packet received: 13 bytes
2025/05/04 22:54:05 RTP packet received: 13 bytes
2025/05/04 22:54:05 RTP packet received: 13 bytes
2025/05/04 22:54:05 RTP packet received: 13 bytes
2025/05/04 22:54:05 RTP packet received: 13 bytes
2025/05/04 22:54:05 RTP packet received: 13 bytes
2025/05/04 22:54:05 RTP packet received: 13 bytes
2025/05/04 22:54:05 RTP packet received: 13 bytes
2025/05/04 22:54:06 RTP packet received: 13 bytes
2025/05/04 22:54:06 RTP packet received: 13 bytes
2025/05/04 22:54:06 RTP packet received: 13 bytes
2025/05/04 22:54:06 RTP packet received: 13 bytes
2025/05/04 22:54:06 RTP packet received: 13 bytes
2025/05/04 22:54:06 RTP packet received: 13 bytes
2025/05/04 22:54:06 📈 Packets: 15/s | Bitrate: 1.56 kbps
2025/05/04 22:54:06 RTP packet received: 13 bytes
2025/05/04 22:54:06 RTP packet received: 13 bytes
2025/05/04 22:54:06 RTP packet received: 13 bytes
2025/05/04 22:54:06 RTP packet received: 13 bytes
2025/05/04 22:54:06 RTP packet received: 13 bytes
2025/05/04 22:54:06 RTP packet received: 13 bytes
2025/05/04 22:54:06 RTP packet received: 13 bytes
2025/05/04 22:54:06 RTP packet received: 13 bytes
2025/05/04 22:54:06 RTP packet received: 13 bytes
2025/05/04 22:54:06 RTP packet received: 13 bytes
2025/05/04 22:54:07 RTP packet received: 13 bytes
2025/05/04 22:54:07 RTP packet received: 13 bytes
2025/05/04 22:54:07 RTP packet received: 13 bytes
2025/05/04 22:54:07 RTP packet received: 13 bytes
2025/05/04 22:54:07 RTP packet received: 13 bytes
2025/05/04 22:54:07 RTP packet received: 13 bytes
2025/05/04 22:54:07 📈 Packets: 15/s | Bitrate: 1.56 kbps
2025/05/04 22:54:07 RTP packet received: 13 bytes
2025/05/04 22:54:07 RTP packet received: 13 bytes
2025/05/04 22:54:07 RTP packet received: 13 bytes
2025/05/04 22:54:07 RTP packet received: 13 bytes
2025/05/04 22:54:07 RTP packet received: 13 bytes
2025/05/04 22:54:07 RTP packet received: 13 bytes
2025/05/04 22:54:07 RTP packet received: 13 bytes
2025/05/04 22:54:07 RTP packet received: 13 bytes
2025/05/04 22:54:08 RTP packet received: 13 bytes
2025/05/04 22:54:08 RTP packet received: 13 bytes
2025/05/04 22:54:08 RTP packet received: 13 bytes
2025/05/04 22:54:08 RTP packet received: 13 bytes
2025/05/04 22:54:08 RTP packet received: 13 bytes
2025/05/04 22:54:08 RTP packet received: 13 bytes
2025/05/04 22:54:08 RTP packet received: 13 bytes
2025/05/04 22:54:08 📈 Packets: 15/s | Bitrate: 1.56 kbps
2025/05/04 22:54:08 RTP packet received: 13 bytes
2025/05/04 22:54:08 RTP packet received: 13 bytes
2025/05/04 22:54:08 RTP packet received: 13 bytes
2025/05/04 22:54:08 RTP packet received: 13 bytes
2025/05/04 22:54:08 RTP packet received: 13 bytes
2025/05/04 22:54:08 RTP packet received: 13 bytes
2025/05/04 22:54:08 RTP packet received: 13 bytes
2025/05/04 22:54:08 RTP packet received: 13 bytes
2025/05/04 22:54:08 RTP packet received: 13 bytes
2025/05/04 22:54:09 RTP packet received: 13 bytes
2025/05/04 22:54:09 RTP packet received: 13 bytes
2025/05/04 22:54:09 RTP packet received: 13 bytes
2025/05/04 22:54:09 RTP packet received: 13 bytes
2025/05/04 22:54:09 RTP packet received: 13 bytes
2025/05/04 22:54:09 RTP packet received: 13 bytes
2025/05/04 22:54:09 📈 Packets: 15/s | Bitrate: 1.56 kbps
2025/05/04 22:54:09 RTP packet received: 13 bytes
2025/05/04 22:54:09 RTP packet received: 13 bytes
2025/05/04 22:54:09 RTP packet received: 13 bytes
2025/05/04 22:54:09 RTP packet received: 13 bytes
2025/05/04 22:54:09 RTP packet received: 13 bytes
2025/05/04 22:54:09 RTP packet received: 13 bytes
2025/05/04 22:54:09 RTP packet received: 13 bytes
2025/05/04 22:54:09 RTP packet received: 13 bytes
2025/05/04 22:54:09 RTP packet received: 13 bytes
2025/05/04 22:54:10 RTP packet received: 13 bytes
2025/05/04 22:54:10 RTP packet received: 13 bytes
2025/05/04 22:54:10 RTP packet received: 13 bytes
2025/05/04 22:54:10 RTP packet received: 13 bytes
2025/05/04 22:54:10 RTP packet received: 13 bytes
2025/05/04 22:54:10 RTP packet received: 13 bytes
2025/05/04 22:54:10 📈 Packets: 16/s | Bitrate: 1.66 kbps
2025/05/04 22:54:10 RTP packet received: 13 bytes
2025/05/04 22:54:10 RTP packet received: 13 bytes
2025/05/04 22:54:10 RTP packet received: 13 bytes
2025/05/04 22:54:10 RTP packet received: 13 bytes
2025/05/04 22:54:10 RTP packet received: 13 bytes
2025/05/04 22:54:10 RTP packet received: 13 bytes
2025/05/04 22:54:10 RTP packet received: 13 bytes
2025/05/04 22:54:10 RTP packet received: 13 bytes
2025/05/04 22:54:10 RTP packet received: 13 bytes
2025/05/04 22:54:11 RTP packet received: 13 bytes
2025/05/04 22:54:11 RTP packet received: 13 bytes
2025/05/04 22:54:11 RTP packet received: 13 bytes
2025/05/04 22:54:11 RTP packet received: 13 bytes
2025/05/04 22:54:11 RTP packet received: 13 bytes
2025/05/04 22:54:11 RTP packet received: 13 bytes
2025/05/04 22:54:11 📈 Packets: 15/s | Bitrate: 1.56 kbps
2025/05/04 22:54:11 RTP packet received: 13 bytes
2025/05/04 22:54:11 RTP packet received: 13 bytes
2025/05/04 22:54:11 RTP packet received: 13 bytes
2025/05/04 22:54:11 RTP packet received: 13 bytes
2025/05/04 22:54:11 RTP packet received: 13 bytes
2025/05/04 22:54:11 RTP packet received: 13 bytes
2025/05/04 22:54:11 RTP packet received: 13 bytes
2025/05/04 22:54:11 RTP packet received: 13 bytes
2025/05/04 22:54:11 RTP packet received: 13 bytes
2025/05/04 22:54:12 RTP packet received: 13 bytes
2025/05/04 22:54:12 RTP packet received: 13 bytes
2025/05/04 22:54:12 RTP packet received: 13 bytes
2025/05/04 22:54:12 RTP packet received: 13 bytes
2025/05/04 22:54:12 RTP packet received: 13 bytes
2025/05/04 22:54:12 RTP packet received: 13 bytes
2025/05/04 22:54:12 📈 Packets: 15/s | Bitrate: 1.56 kbps
2025/05/04 22:54:12 RTP packet received: 13 bytes
2025/05/04 22:54:12 RTP packet received: 13 bytes
2025/05/04 22:54:12 RTP packet received: 13 bytes
2025/05/04 22:54:12 RTP packet received: 13 bytes
2025/05/04 22:54:12 RTP packet received: 13 bytes
2025/05/04 22:54:12 RTP packet received: 13 bytes
2025/05/04 22:54:12 RTP packet received: 13 bytes
2025/05/04 22:54:12 RTP packet received: 13 bytes
2025/05/04 22:54:12 RTP packet received: 13 bytes
2025/05/04 22:54:13 RTP packet received: 13 bytes
2025/05/04 22:54:13 RTP packet received: 13 bytes
2025/05/04 22:54:13 RTP packet received: 13 bytes
2025/05/04 22:54:13 RTP packet received: 13 bytes
2025/05/04 22:54:13 RTP packet received: 13 bytes
2025/05/04 22:54:13 RTP packet received: 13 bytes
2025/05/04 22:54:13 RTP packet received: 13 bytes
2025/05/04 22:54:13 📈 Packets: 15/s | Bitrate: 1.56 kbps
2025/05/04 22:54:13 RTP packet received: 13 bytes
2025/05/04 22:54:13 RTP packet received: 13 bytes
2025/05/04 22:54:13 RTP packet received: 13 bytes
2025/05/04 22:54:13 RTP packet received: 13 bytes
2025/05/04 22:54:13 RTP packet received: 13 bytes
2025/05/04 22:54:13 RTP packet received: 13 bytes
2025/05/04 22:54:13 RTP packet received: 13 bytes
2025/05/04 22:54:13 RTP packet received: 13 bytes
2025/05/04 22:54:13 RTP packet received: 13 bytes
2025/05/04 22:54:14 RTP packet received: 13 bytes
2025/05/04 22:54:14 RTP packet received: 13 bytes
2025/05/04 22:54:14 RTP packet received: 13 bytes
2025/05/04 22:54:14 RTP packet received: 13 bytes
2025/05/04 22:54:14 RTP packet received: 13 bytes
2025/05/04 22:54:14 RTP packet received: 13 bytes
2025/05/04 22:54:14 📈 Packets: 15/s | Bitrate: 1.56 kbps
2025/05/04 22:54:14 RTP packet received: 13 bytes
2025/05/04 22:54:14 RTP packet received: 13 bytes
2025/05/04 22:54:14 RTP packet received: 13 bytes
2025/05/04 22:54:14 RTP packet received: 13 bytes
2025/05/04 22:54:14 RTP packet received: 13 bytes
2025/05/04 22:54:14 RTP packet received: 13 bytes
2025/05/04 22:54:14 RTP packet received: 13 bytes
2025/05/04 22:54:14 RTP packet received: 13 bytes
2025/05/04 22:54:14 RTP packet received: 13 bytes
2025/05/04 22:54:15 RTP packet received: 13 bytes
2025/05/04 22:54:15 RTP packet received: 13 bytes
2025/05/04 22:54:15 RTP packet received: 13 bytes
2025/05/04 22:54:15 RTP packet received: 13 bytes
2025/05/04 22:54:15 RTP packet received: 13 bytes
2025/05/04 22:54:15 RTP packet received: 13 bytes
2025/05/04 22:54:15 📈 Packets: 15/s | Bitrate: 1.56 kbps
2025/05/04 22:54:15 RTP packet received: 13 bytes
2025/05/04 22:54:15 RTP packet received: 13 bytes
2025/05/04 22:54:15 RTP packet received: 13 bytes
2025/05/04 22:54:15 RTP packet received: 13 bytes
2025/05/04 22:54:15 RTP packet received: 13 bytes
2025/05/04 22:54:15 RTP packet received: 13 bytes
2025/05/04 22:54:15 RTP packet received: 13 bytes
2025/05/04 22:54:15 RTP packet received: 13 bytes
2025/05/04 22:54:15 RTP packet received: 13 bytes
2025/05/04 22:54:16 RTP packet received: 13 bytes
2025/05/04 22:54:16 RTP packet received: 13 bytes
2025/05/04 22:54:16 RTP packet received: 13 bytes
2025/05/04 22:54:16 RTP packet received: 13 bytes
2025/05/04 22:54:16 RTP packet received: 13 bytes
2025/05/04 22:54:16 RTP packet received: 13 bytes
2025/05/04 22:54:16 📈 Packets: 16/s | Bitrate: 1.66 kbps
2025/05/04 22:54:16 RTP packet received: 13 bytes
2025/05/04 22:54:16 RTP packet received: 13 bytes
2025/05/04 22:54:16 RTP packet received: 13 bytes
2025/05/04 22:54:16 RTP packet received: 13 bytes
2025/05/04 22:54:16 RTP packet received: 13 bytes
2025/05/04 22:54:16 RTP packet received: 13 bytes
2025/05/04 22:54:16 RTP packet received: 13 bytes
2025/05/04 22:54:16 RTP packet received: 13 bytes
2025/05/04 22:54:16 RTP packet received: 13 bytes
2025/05/04 22:54:17 RTP packet received: 13 bytes
2025/05/04 22:54:17 RTP packet received: 13 bytes
2025/05/04 22:54:17 RTP packet received: 13 bytes
2025/05/04 22:54:17 RTP packet received: 13 bytes
2025/05/04 22:54:17 📈 Packets: 16/s | Bitrate: 1.66 kbps
2025/05/04 22:54:17 RTP packet received: 13 bytes
2025/05/04 22:54:17 RTP packet received: 13 bytes
2025/05/04 22:54:17 RTP packet received: 13 bytes
2025/05/04 22:54:17 RTP packet received: 13 bytes
2025/05/04 22:54:17 RTP packet received: 13 bytes
2025/05/04 22:54:17 RTP packet received: 13 bytes
2025/05/04 22:54:17 RTP packet received: 13 bytes
2025/05/04 22:54:17 RTP packet received: 13 bytes
2025/05/04 22:54:17 RTP packet received: 13 bytes
2025/05/04 22:54:18 RTP packet received: 13 bytes
2025/05/04 22:54:18 RTP packet received: 13 bytes
2025/05/04 22:54:18 RTP packet received: 13 bytes
2025/05/04 22:54:18 RTP packet received: 13 bytes
2025/05/04 22:54:18 RTP packet received: 13 bytes
2025/05/04 22:54:18 RTP packet received: 13 bytes
2025/05/04 22:54:18 📈 Packets: 15/s | Bitrate: 1.56 kbps
2025/05/04 22:54:18 RTP packet received: 13 bytes
2025/05/04 22:54:18 RTP packet received: 13 bytes
2025/05/04 22:54:18 RTP packet received: 13 bytes
2025/05/04 22:54:18 RTP packet received: 13 bytes
2025/05/04 22:54:18 RTP packet received: 13 bytes
2025/05/04 22:54:18 RTP packet received: 13 bytes
2025/05/04 22:54:18 RTP packet received: 13 bytes
2025/05/04 22:54:18 RTP packet received: 13 bytes
2025/05/04 22:54:18 RTP packet received: 13 bytes
2025/05/04 22:54:18 RTP packet received: 13 bytes
2025/05/04 22:54:19 RTP packet received: 13 bytes
2025/05/04 22:54:19 RTP packet received: 13 bytes
2025/05/04 22:54:19 RTP packet received: 13 bytes
2025/05/04 22:54:19 RTP packet received: 13 bytes
2025/05/04 22:54:19 RTP packet received: 13 bytes
2025/05/04 22:54:19 RTP packet received: 13 bytes
2025/05/04 22:54:19 📈 Packets: 16/s | Bitrate: 1.66 kbps
2025/05/04 22:54:19 RTP packet received: 13 bytes
2025/05/04 22:54:19 RTP packet received: 13 bytes
2025/05/04 22:54:19 RTP packet received: 13 bytes
2025/05/04 22:54:19 RTP packet received: 13 bytes
2025/05/04 22:54:19 RTP packet received: 13 bytes
2025/05/04 22:54:19 RTP packet received: 13 bytes
2025/05/04 22:54:19 RTP packet received: 13 bytes
2025/05/04 22:54:19 RTP packet received: 13 bytes
2025/05/04 22:54:19 RTP packet received: 13 bytes
2025/05/04 22:54:20 RTP packet received: 13 bytes
2025/05/04 22:54:20 RTP packet received: 13 bytes
2025/05/04 22:54:20 RTP packet received: 13 bytes
2025/05/04 22:54:20 RTP packet received: 13 bytes
2025/05/04 22:54:20 RTP packet received: 13 bytes
2025/05/04 22:54:20 RTP packet received: 13 bytes
2025/05/04 22:54:20 📈 Packets: 15/s | Bitrate: 1.56 kbps
2025/05/04 22:54:20 RTP packet received: 13 bytes
2025/05/04 22:54:20 RTP packet received: 13 bytes
2025/05/04 22:54:20 RTP packet received: 13 bytes
2025/05/04 22:54:20 RTP packet received: 13 bytes
2025/05/04 22:54:20 RTP packet received: 13 bytes
2025/05/04 22:54:20 RTP packet received: 13 bytes
2025/05/04 22:54:20 RTP packet received: 13 bytes
2025/05/04 22:54:20 RTP packet received: 13 bytes
2025/05/04 22:54:20 RTP packet received: 13 bytes
2025/05/04 22:54:21 RTP packet received: 13 bytes
2025/05/04 22:54:21 RTP packet received: 13 bytes
2025/05/04 22:54:21 RTP packet received: 13 bytes
2025/05/04 22:54:21 RTP packet received: 13 bytes
2025/05/04 22:54:21 RTP packet received: 13 bytes
2025/05/04 22:54:21 RTP packet received: 13 bytes
2025/05/04 22:54:21 📈 Packets: 15/s | Bitrate: 1.56 kbps
2025/05/04 22:54:21 RTP packet received: 13 bytes
2025/05/04 22:54:21 RTP packet received: 13 bytes
2025/05/04 22:54:21 RTP packet received: 13 bytes
2025/05/04 22:54:21 RTP packet received: 13 bytes
2025/05/04 22:54:21 RTP packet received: 13 bytes
2025/05/04 22:54:21 RTP packet received: 13 bytes
2025/05/04 22:54:21 RTP packet received: 13 bytes
2025/05/04 22:54:21 RTP packet received: 13 bytes
2025/05/04 22:54:21 RTP packet received: 13 bytes
2025/05/04 22:54:22 RTP packet received: 13 bytes
2025/05/04 22:54:22 RTP packet received: 13 bytes
2025/05/04 22:54:22 RTP packet received: 13 bytes
2025/05/04 22:54:22 RTP packet received: 13 bytes
2025/05/04 22:54:22 RTP packet received: 13 bytes
2025/05/04 22:54:22 RTP packet received: 13 bytes
2025/05/04 22:54:22 📈 Packets: 15/s | Bitrate: 1.56 kbps
2025/05/04 22:54:22 RTP packet received: 13 bytes
2025/05/04 22:54:22 RTP packet received: 13 bytes
2025/05/04 22:54:22 RTP packet received: 13 bytes
2025/05/04 22:54:22 RTP packet received: 13 bytes
2025/05/04 22:54:22 RTP packet received: 13 bytes
2025/05/04 22:54:22 RTP packet received: 13 bytes
2025/05/04 22:54:22 RTP packet received: 13 bytes
2025/05/04 22:54:22 RTP packet received: 13 bytes
2025/05/04 22:54:22 RTP packet received: 13 bytes
2025/05/04 22:54:22 RTP packet received: 13 bytes
2025/05/04 22:54:23 RTP packet received: 13 bytes
2025/05/04 22:54:23 RTP packet received: 13 bytes
2025/05/04 22:54:23 RTP packet received: 13 bytes
2025/05/04 22:54:23 RTP packet received: 13 bytes
2025/05/04 22:54:23 RTP packet received: 13 bytes
2025/05/04 22:54:23 RTP packet received: 13 bytes
2025/05/04 22:54:23 📈 Packets: 15/s | Bitrate: 1.56 kbps
2025/05/04 22:54:23 RTP packet received: 13 bytes
2025/05/04 22:54:23 RTP packet received: 13 bytes
2025/05/04 22:54:23 RTP packet received: 13 bytes
2025/05/04 22:54:23 RTP packet received: 13 bytes
2025/05/04 22:54:23 RTP packet received: 13 bytes
2025/05/04 22:54:23 RTP packet received: 13 bytes
2025/05/04 22:54:23 RTP packet received: 13 bytes
2025/05/04 22:54:23 RTP packet received: 13 bytes
2025/05/04 22:54:23 RTP packet received: 13 bytes
2025/05/04 22:54:24 RTP packet received: 13 bytes
2025/05/04 22:54:24 RTP packet received: 13 bytes
2025/05/04 22:54:24 RTP packet received: 13 bytes
2025/05/04 22:54:24 RTP packet received: 13 bytes
2025/05/04 22:54:24 RTP packet received: 13 bytes
2025/05/04 22:54:24 RTP packet received: 13 bytes
2025/05/04 22:54:24 📈 Packets: 15/s | Bitrate: 1.56 kbps
2025/05/04 22:54:24 RTP packet received: 13 bytes
2025/05/04 22:54:24 RTP packet received: 13 bytes
2025/05/04 22:54:24 RTP packet received: 13 bytes
2025/05/04 22:54:24 RTP packet received: 13 bytes
2025/05/04 22:54:24 RTP packet received: 13 bytes
2025/05/04 22:54:24 RTP packet received: 13 bytes
2025/05/04 22:54:24 RTP packet received: 13 bytes
2025/05/04 22:54:24 RTP packet received: 13 bytes
2025/05/04 22:54:24 RTP packet received: 13 bytes
2025/05/04 22:54:25 RTP packet received: 13 bytes
2025/05/04 22:54:25 RTP packet received: 13 bytes
2025/05/04 22:54:25 RTP packet received: 13 bytes
2025/05/04 22:54:25 RTP packet received: 13 bytes
2025/05/04 22:54:25 RTP packet received: 13 bytes
2025/05/04 22:54:25 RTP packet received: 13 bytes
2025/05/04 22:54:25 📈 Packets: 15/s | Bitrate: 1.56 kbps
2025/05/04 22:54:25 RTP packet received: 13 bytes
2025/05/04 22:54:25 RTP packet received: 13 bytes
2025/05/04 22:54:25 RTP packet received: 13 bytes
2025/05/04 22:54:25 RTP packet received: 13 bytes
2025/05/04 22:54:25 RTP packet received: 13 bytes
2025/05/04 22:54:25 RTP packet received: 13 bytes
2025/05/04 22:54:25 RTP packet received: 13 bytes
2025/05/04 22:54:25 RTP packet received: 13 bytes
2025/05/04 22:54:25 RTP packet received: 13 bytes
2025/05/04 22:54:26 RTP packet received: 13 bytes
2025/05/04 22:54:26 RTP packet received: 13 bytes
2025/05/04 22:54:26 RTP packet received: 13 bytes
2025/05/04 22:54:26 RTP packet received: 13 bytes
2025/05/04 22:54:26 RTP packet received: 13 bytes
2025/05/04 22:54:26 RTP packet received: 13 bytes
2025/05/04 22:54:26 📈 Packets: 16/s | Bitrate: 1.66 kbps
2025/05/04 22:54:26 RTP packet received: 13 bytes
2025/05/04 22:54:26 RTP packet received: 13 bytes
2025/05/04 22:54:26 RTP packet received: 13 bytes
2025/05/04 22:54:26 RTP packet received: 13 bytes
2025/05/04 22:54:26 RTP packet received: 13 bytes
2025/05/04 22:54:26 RTP packet received: 13 bytes
2025/05/04 22:54:26 RTP packet received: 13 bytes
2025/05/04 22:54:26 RTP packet received: 13 bytes
2025/05/04 22:54:26 RTP packet received: 13 bytes
2025/05/04 22:54:27 RTP packet received: 13 bytes
2025/05/04 22:54:27 RTP packet received: 13 bytes
2025/05/04 22:54:27 RTP packet received: 13 bytes
2025/05/04 22:54:27 RTP packet received: 13 bytes
2025/05/04 22:54:27 RTP packet received: 13 bytes
2025/05/04 22:54:27 RTP packet received: 13 bytes
2025/05/04 22:54:27 📈 Packets: 15/s | Bitrate: 1.56 kbps
2025/05/04 22:54:27 RTP packet received: 13 bytes
2025/05/04 22:54:27 RTP packet received: 13 bytes
2025/05/04 22:54:27 RTP packet received: 13 bytes
2025/05/04 22:54:27 RTP packet received: 13 bytes
2025/05/04 22:54:27 RTP packet received: 13 bytes
2025/05/04 22:54:27 RTP packet received: 13 bytes
2025/05/04 22:54:27 RTP packet received: 13 bytes
2025/05/04 22:54:27 RTP packet received: 13 bytes
2025/05/04 22:54:27 RTP packet received: 13 bytes
2025/05/04 22:54:28 RTP packet received: 13 bytes
2025/05/04 22:54:28 RTP packet received: 13 bytes
2025/05/04 22:54:28 RTP packet received: 13 bytes
2025/05/04 22:54:28 RTP packet received: 13 bytes
2025/05/04 22:54:28 RTP packet received: 13 bytes
2025/05/04 22:54:28 RTP packet received: 13 bytes
2025/05/04 22:54:28 📈 Packets: 15/s | Bitrate: 1.56 kbps
2025/05/04 22:54:28 RTP packet received: 13 bytes
2025/05/04 22:54:28 RTP packet received: 13 bytes
2025/05/04 22:54:28 RTP packet received: 13 bytes
2025/05/04 22:54:28 RTP packet received: 13 bytes
2025/05/04 22:54:28 RTP packet received: 13 bytes
2025/05/04 22:54:28 RTP packet received: 13 bytes
2025/05/04 22:54:28 RTP packet received: 13 bytes
2025/05/04 22:54:28 RTP packet received: 13 bytes
2025/05/04 22:54:28 RTP packet received: 13 bytes
2025/05/04 22:54:29 RTP packet received: 13 bytes
2025/05/04 22:54:29 RTP packet received: 13 bytes
2025/05/04 22:54:29 RTP packet received: 13 bytes
2025/05/04 22:54:29 RTP packet received: 13 bytes
2025/05/04 22:54:29 RTP packet received: 13 bytes
2025/05/04 22:54:29 RTP packet received: 13 bytes
2025/05/04 22:54:29 📈 Packets: 15/s | Bitrate: 1.56 kbps
2025/05/04 22:54:29 RTP packet received: 13 bytes
2025/05/04 22:54:29 RTP packet received: 13 bytes
2025/05/04 22:54:29 RTP packet received: 13 bytes
2025/05/04 22:54:29 RTP packet received: 13 bytes
2025/05/04 22:54:29 RTP packet received: 13 bytes
2025/05/04 22:54:29 RTP packet received: 13 bytes
2025/05/04 22:54:29 RTP packet received: 13 bytes
2025/05/04 22:54:29 RTP packet received: 13 bytes
2025/05/04 22:54:29 RTP packet received: 13 bytes
2025/05/04 22:54:29 RTP packet received: 13 bytes
2025/05/04 22:54:30 RTP packet received: 13 bytes
2025/05/04 22:54:30 RTP packet received: 13 bytes
2025/05/04 22:54:30 RTP packet received: 13 bytes
2025/05/04 22:54:30 RTP packet received: 13 bytes
2025/05/04 22:54:30 RTP packet received: 13 bytes
2025/05/04 22:54:30 RTP packet received: 13 bytes
2025/05/04 22:54:30 📈 Packets: 15/s | Bitrate: 1.56 kbps
2025/05/04 22:54:30 RTP packet received: 13 bytes
2025/05/04 22:54:30 RTP packet received: 13 bytes
2025/05/04 22:54:30 RTP packet received: 13 bytes
2025/05/04 22:54:30 RTP packet received: 13 bytes
2025/05/04 22:54:30 RTP packet received: 13 bytes
2025/05/04 22:54:30 RTP packet received: 13 bytes
2025/05/04 22:54:30 RTP packet received: 13 bytes
2025/05/04 22:54:30 RTP packet received: 13 bytes
2025/05/04 22:54:30 RTP packet received: 13 bytes
2025/05/04 22:54:31 RTP packet received: 13 bytes
2025/05/04 22:54:31 RTP packet received: 13 bytes
2025/05/04 22:54:31 RTP packet received: 13 bytes
2025/05/04 22:54:31 RTP packet received: 13 bytes
2025/05/04 22:54:31 RTP packet received: 13 bytes
2025/05/04 22:54:31 RTP packet received: 13 bytes
2025/05/04 22:54:31 📈 Packets: 15/s | Bitrate: 1.56 kbps
2025/05/04 22:54:31 RTP packet received: 13 bytes
2025/05/04 22:54:31 RTP packet received: 13 bytes
2025/05/04 22:54:31 RTP packet received: 13 bytes
2025/05/04 22:54:31 RTP packet received: 13 bytes
2025/05/04 22:54:31 RTP packet received: 13 bytes
2025/05/04 22:54:31 RTP packet received: 13 bytes
2025/05/04 22:54:31 RTP packet received: 13 bytes
2025/05/04 22:54:31 RTP packet received: 13 bytes
2025/05/04 22:54:31 RTP packet received: 13 bytes
2025/05/04 22:54:32 RTP packet received: 13 bytes
2025/05/04 22:54:32 RTP packet received: 13 bytes
2025/05/04 22:54:32 RTP packet received: 13 bytes
2025/05/04 22:54:32 RTP packet received: 13 bytes
2025/05/04 22:54:32 RTP packet received: 13 bytes
2025/05/04 22:54:32 RTP packet received: 13 bytes
2025/05/04 22:54:32 📈 Packets: 15/s | Bitrate: 1.56 kbps
2025/05/04 22:54:32 RTP packet received: 13 bytes
2025/05/04 22:54:32 RTP packet received: 13 bytes
2025/05/04 22:54:32 RTP packet received: 13 bytes
2025/05/04 22:54:32 RTP packet received: 13 bytes
2025/05/04 22:54:32 RTP packet received: 13 bytes
2025/05/04 22:54:32 RTP packet received: 13 bytes
2025/05/04 22:54:32 RTP packet received: 13 bytes
2025/05/04 22:54:32 RTP packet received: 13 bytes
2025/05/04 22:54:32 RTP packet received: 13 bytes
2025/05/04 22:54:33 RTP packet received: 13 bytes
2025/05/04 22:54:33 RTP packet received: 13 bytes
2025/05/04 22:54:33 RTP packet received: 13 bytes
2025/05/04 22:54:33 RTP packet received: 13 bytes
2025/05/04 22:54:33 RTP packet received: 13 bytes
2025/05/04 22:54:33 RTP packet received: 13 bytes
2025/05/04 22:54:33 📈 Packets: 16/s | Bitrate: 1.66 kbps
2025/05/04 22:54:33 RTP packet received: 13 bytes
2025/05/04 22:54:33 RTP packet received: 13 bytes
2025/05/04 22:54:33 RTP packet received: 13 bytes
2025/05/04 22:54:33 RTP packet received: 13 bytes
2025/05/04 22:54:33 RTP packet received: 13 bytes
2025/05/04 22:54:33 RTP packet received: 13 bytes
2025/05/04 22:54:33 RTP packet received: 13 bytes
2025/05/04 22:54:33 RTP packet received: 13 bytes
2025/05/04 22:54:33 RTP packet received: 13 bytes
2025/05/04 22:54:34 RTP packet received: 13 bytes
2025/05/04 22:54:34 RTP packet received: 13 bytes
2025/05/04 22:54:34 RTP packet received: 13 bytes
2025/05/04 22:54:34 RTP packet received: 13 bytes
2025/05/04 22:54:34 RTP packet received: 13 bytes
2025/05/04 22:54:34 RTP packet received: 13 bytes
2025/05/04 22:54:34 📈 Packets: 15/s | Bitrate: 1.56 kbps
2025/05/04 22:54:34 RTP packet received: 13 bytes
2025/05/04 22:54:34 RTP packet received: 13 bytes
2025/05/04 22:54:34 RTP packet received: 13 bytes
2025/05/04 22:54:34 RTP packet received: 13 bytes
2025/05/04 22:54:34 RTP packet received: 13 bytes
2025/05/04 22:54:34 RTP packet received: 13 bytes
2025/05/04 22:54:34 RTP packet received: 13 bytes
2025/05/04 22:54:34 RTP packet received: 13 bytes
2025/05/04 22:54:34 RTP packet received: 13 bytes
2025/05/04 22:54:35 RTP packet received: 13 bytes
2025/05/04 22:54:35 RTP packet received: 13 bytes
2025/05/04 22:54:35 RTP packet received: 13 bytes
2025/05/04 22:54:35 RTP packet received: 13 bytes
2025/05/04 22:54:35 RTP packet received: 13 bytes
2025/05/04 22:54:35 RTP packet received: 13 bytes
2025/05/04 22:54:35 📈 Packets: 15/s | Bitrate: 1.56 kbps
2025/05/04 22:54:35 RTP packet received: 13 bytes
2025/05/04 22:54:35 RTP packet received: 13 bytes
2025/05/04 22:54:35 RTP packet received: 13 bytes
2025/05/04 22:54:35 RTP packet received: 13 bytes
2025/05/04 22:54:35 RTP packet received: 13 bytes
2025/05/04 22:54:35 RTP packet received: 13 bytes
2025/05/04 22:54:35 RTP packet received: 13 bytes
2025/05/04 22:54:35 RTP packet received: 13 bytes
2025/05/04 22:54:35 RTP packet received: 13 bytes
2025/05/04 22:54:35 RTP packet received: 13 bytes
2025/05/04 22:54:36 RTP packet received: 13 bytes
2025/05/04 22:54:36 RTP packet received: 13 bytes
2025/05/04 22:54:36 RTP packet received: 13 bytes
2025/05/04 22:54:36 RTP packet received: 13 bytes
2025/05/04 22:54:36 RTP packet received: 13 bytes
2025/05/04 22:54:36 RTP packet received: 13 bytes
2025/05/04 22:54:36 📈 Packets: 15/s | Bitrate: 1.56 kbps
2025/05/04 22:54:36 RTP packet received: 13 bytes
2025/05/04 22:54:36 RTP packet received: 13 bytes
2025/05/04 22:54:36 RTP packet received: 13 bytes
2025/05/04 22:54:36 RTP packet received: 13 bytes
2025/05/04 22:54:36 RTP packet received: 13 bytes
2025/05/04 22:54:36 RTP packet received: 13 bytes
2025/05/04 22:54:36 RTP packet received: 13 bytes
2025/05/04 22:54:36 RTP packet received: 13 bytes
2025/05/04 22:54:36 RTP packet received: 13 bytes
2025/05/04 22:54:37 RTP packet received: 13 bytes
2025/05/04 22:54:37 RTP packet received: 13 bytes
2025/05/04 22:54:37 RTP packet received: 13 bytes
2025/05/04 22:54:37 RTP packet received: 13 bytes
2025/05/04 22:54:37 RTP packet received: 13 bytes
2025/05/04 22:54:37 RTP packet received: 13 bytes
2025/05/04 22:54:37 📈 Packets: 15/s | Bitrate: 1.56 kbps
2025/05/04 22:54:37 RTP packet received: 13 bytes
2025/05/04 22:54:37 RTP packet received: 13 bytes
2025/05/04 22:54:37 RTP packet received: 13 bytes
2025/05/04 22:54:37 RTP packet received: 13 bytes
2025/05/04 22:54:37 RTP packet received: 13 bytes
2025/05/04 22:54:37 RTP packet received: 13 bytes
2025/05/04 22:54:37 RTP packet received: 13 bytes
2025/05/04 22:54:37 RTP packet received: 13 bytes
2025/05/04 22:54:37 RTP packet received: 13 bytes
2025/05/04 22:54:38 RTP packet received: 13 bytes
2025/05/04 22:54:38 RTP packet received: 13 bytes
2025/05/04 22:54:38 RTP packet received: 13 bytes
2025/05/04 22:54:38 RTP packet received: 13 bytes
2025/05/04 22:54:38 RTP packet received: 13 bytes
2025/05/04 22:54:38 RTP packet received: 13 bytes
2025/05/04 22:54:38 📈 Packets: 15/s | Bitrate: 1.56 kbps
2025/05/04 22:54:38 RTP packet received: 13 bytes
2025/05/04 22:54:38 RTP packet received: 13 bytes
2025/05/04 22:54:38 RTP packet received: 13 bytes
2025/05/04 22:54:38 RTP packet received: 13 bytes
2025/05/04 22:54:38 RTP packet received: 13 bytes
2025/05/04 22:54:38 RTP packet received: 13 bytes
2025/05/04 22:54:38 RTP packet received: 13 bytes
2025/05/04 22:54:38 RTP packet received: 13 bytes
2025/05/04 22:54:38 RTP packet received: 13 bytes
2025/05/04 22:54:39 RTP packet received: 13 bytes
2025/05/04 22:54:39 RTP packet received: 13 bytes
2025/05/04 22:54:39 RTP packet received: 13 bytes
2025/05/04 22:54:39 RTP packet received: 13 bytes
2025/05/04 22:54:39 RTP packet received: 13 bytes
2025/05/04 22:54:39 RTP packet received: 13 bytes
2025/05/04 22:54:39 📈 Packets: 16/s | Bitrate: 1.66 kbps
2025/05/04 22:54:39 RTP packet received: 13 bytes
2025/05/04 22:54:39 RTP packet received: 13 bytes
2025/05/04 22:54:39 RTP packet received: 13 bytes
2025/05/04 22:54:39 RTP packet received: 13 bytes
2025/05/04 22:54:39 RTP packet received: 13 bytes
2025/05/04 22:54:39 RTP packet received: 13 bytes
2025/05/04 22:54:39 RTP packet received: 13 bytes
2025/05/04 22:54:39 RTP packet received: 13 bytes
2025/05/04 22:54:39 RTP packet received: 13 bytes
2025/05/04 22:54:40 RTP packet received: 13 bytes
2025/05/04 22:54:40 RTP packet received: 13 bytes
2025/05/04 22:54:40 RTP packet received: 13 bytes
2025/05/04 22:54:40 RTP packet received: 13 bytes
2025/05/04 22:54:40 RTP packet received: 13 bytes
2025/05/04 22:54:40 RTP packet received: 13 bytes
2025/05/04 22:54:40 📈 Packets: 15/s | Bitrate: 1.56 kbps
2025/05/04 22:54:40 RTP packet received: 13 bytes
2025/05/04 22:54:40 RTP packet received: 13 bytes
2025/05/04 22:54:40 RTP packet received: 13 bytes
2025/05/04 22:54:40 RTP packet received: 13 bytes
2025/05/04 22:54:40 RTP packet received: 13 bytes
2025/05/04 22:54:40 RTP packet received: 13 bytes
2025/05/04 22:54:40 RTP packet received: 13 bytes
2025/05/04 22:54:40 RTP packet received: 13 bytes
2025/05/04 22:54:40 RTP packet received: 13 bytes
2025/05/04 22:54:41 RTP packet received: 13 bytes
2025/05/04 22:54:41 RTP packet received: 13 bytes
2025/05/04 22:54:41 RTP packet received: 13 bytes
2025/05/04 22:54:41 RTP packet received: 13 bytes
2025/05/04 22:54:41 RTP packet received: 13 bytes
2025/05/04 22:54:41 RTP packet received: 13 bytes
2025/05/04 22:54:41 📈 Packets: 15/s | Bitrate: 1.56 kbps
2025/05/04 22:54:41 RTP packet received: 13 bytes
2025/05/04 22:54:41 RTP packet received: 13 bytes
2025/05/04 22:54:41 RTP packet received: 13 bytes
2025/05/04 22:54:41 RTP packet received: 13 bytes
2025/05/04 22:54:41 RTP packet received: 13 bytes
2025/05/04 22:54:41 RTP packet received: 13 bytes
2025/05/04 22:54:41 RTP packet received: 13 bytes
2025/05/04 22:54:41 RTP packet received: 13 bytes
2025/05/04 22:54:41 RTP packet received: 13 bytes
2025/05/04 22:54:42 RTP packet received: 13 bytes
2025/05/04 22:54:42 RTP packet received: 13 bytes
2025/05/04 22:54:42 RTP packet received: 13 bytes
2025/05/04 22:54:42 👋 Client exiting after duration.
