2025/05/04 22:11:56 Connected as peer-458087
2025/05/04 22:11:56 🕒 Client will exit after 100 seconds
2025/05/04 22:11:57 📡 Received renegotiation offer
2025/05/04 22:11:57 Sent renegotiation answer
2025/05/04 22:11:57 Received track from SFU | Kind: video
2025/05/04 22:11:57 RTP packet received: 13 bytes
2025/05/04 22:11:57 RTP packet received: 13 bytes
2025/05/04 22:11:57 📦 Time to First RTP: 33.44ms
2025/05/04 22:11:57 RTP packet received: 13 bytes
2025/05/04 22:11:57 RTP packet received: 13 bytes
2025/05/04 22:11:57 RTP packet received: 13 bytes
2025/05/04 22:11:57 RTP packet received: 13 bytes
2025/05/04 22:11:57 RTP packet received: 13 bytes
2025/05/04 22:11:57 RTP packet received: 13 bytes
2025/05/04 22:11:57 RTP packet received: 13 bytes
2025/05/04 22:11:57 RTP packet received: 13 bytes
2025/05/04 22:11:58 RTP packet received: 13 bytes
2025/05/04 22:11:58 RTP packet received: 13 bytes
2025/05/04 22:11:58 RTP packet received: 13 bytes
2025/05/04 22:11:58 RTP packet received: 13 bytes
2025/05/04 22:11:58 RTP packet received: 13 bytes
2025/05/04 22:11:58 RTP packet received: 13 bytes
2025/05/04 22:11:58 RTP packet received: 13 bytes
2025/05/04 22:11:58 RTP packet received: 13 bytes
2025/05/04 22:11:58 📈 Packets: 16/s | Bitrate: 1.66 kbps
2025/05/04 22:11:58 RTP packet received: 13 bytes
2025/05/04 22:11:58 RTP packet received: 13 bytes
2025/05/04 22:11:58 RTP packet received: 13 bytes
2025/05/04 22:11:58 RTP packet received: 13 bytes
2025/05/04 22:11:58 RTP packet received: 13 bytes
2025/05/04 22:11:58 RTP packet received: 13 bytes
2025/05/04 22:11:58 RTP packet received: 13 bytes
2025/05/04 22:11:59 RTP packet received: 13 bytes
2025/05/04 22:11:59 RTP packet received: 13 bytes
2025/05/04 22:11:59 RTP packet received: 13 bytes
2025/05/04 22:11:59 RTP packet received: 13 bytes
2025/05/04 22:11:59 RTP packet received: 13 bytes
2025/05/04 22:11:59 RTP packet received: 13 bytes
2025/05/04 22:11:59 RTP packet received: 13 bytes
2025/05/04 22:11:59 RTP packet received: 13 bytes
2025/05/04 22:11:59 📈 Packets: 16/s | Bitrate: 1.66 kbps
2025/05/04 22:11:59 RTP packet received: 13 bytes
2025/05/04 22:11:59 RTP packet received: 13 bytes
2025/05/04 22:11:59 RTP packet received: 13 bytes
2025/05/04 22:11:59 RTP packet received: 13 bytes
2025/05/04 22:11:59 RTP packet received: 13 bytes
2025/05/04 22:11:59 RTP packet received: 13 bytes
2025/05/04 22:11:59 RTP packet received: 13 bytes
2025/05/04 22:12:00 RTP packet received: 13 bytes
2025/05/04 22:12:00 RTP packet received: 13 bytes
2025/05/04 22:12:00 RTP packet received: 13 bytes
2025/05/04 22:12:00 RTP packet received: 13 bytes
2025/05/04 22:12:00 RTP packet received: 13 bytes
2025/05/04 22:12:00 RTP packet received: 13 bytes
2025/05/04 22:12:00 RTP packet received: 13 bytes
2025/05/04 22:12:00 RTP packet received: 13 bytes
2025/05/04 22:12:00 📈 Packets: 15/s | Bitrate: 1.56 kbps
2025/05/04 22:12:00 RTP packet received: 13 bytes
2025/05/04 22:12:00 RTP packet received: 13 bytes
2025/05/04 22:12:00 RTP packet received: 13 bytes
2025/05/04 22:12:00 RTP packet received: 13 bytes
2025/05/04 22:12:00 RTP packet received: 13 bytes
2025/05/04 22:12:00 RTP packet received: 13 bytes
2025/05/04 22:12:00 RTP packet received: 13 bytes
2025/05/04 22:12:01 RTP packet received: 13 bytes
2025/05/04 22:12:01 RTP packet received: 13 bytes
2025/05/04 22:12:01 RTP packet received: 13 bytes
2025/05/04 22:12:01 RTP packet received: 13 bytes
2025/05/04 22:12:01 RTP packet received: 13 bytes
2025/05/04 22:12:01 📈 Packets: 12/s | Bitrate: 1.25 kbps
2025/05/04 22:12:01 RTP packet received: 13 bytes
2025/05/04 22:12:01 RTP packet received: 13 bytes
2025/05/04 22:12:01 RTP packet received: 13 bytes
2025/05/04 22:12:01 RTP packet received: 13 bytes
2025/05/04 22:12:01 RTP packet received: 13 bytes
2025/05/04 22:12:01 RTP packet received: 13 bytes
2025/05/04 22:12:01 RTP packet received: 13 bytes
2025/05/04 22:12:02 RTP packet received: 13 bytes
2025/05/04 22:12:02 RTP packet received: 13 bytes
2025/05/04 22:12:02 RTP packet received: 13 bytes
2025/05/04 22:12:02 RTP packet received: 13 bytes
2025/05/04 22:12:02 RTP packet received: 13 bytes
2025/05/04 22:12:02 RTP packet received: 13 bytes
2025/05/04 22:12:02 RTP packet received: 13 bytes
2025/05/04 22:12:02 RTP packet received: 13 bytes
2025/05/04 22:12:02 RTP packet received: 13 bytes
2025/05/04 22:12:02 📈 Packets: 15/s | Bitrate: 1.56 kbps
2025/05/04 22:12:02 RTP packet received: 13 bytes
2025/05/04 22:12:02 RTP packet received: 13 bytes
2025/05/04 22:12:02 RTP packet received: 13 bytes
2025/05/04 22:12:02 RTP packet received: 13 bytes
2025/05/04 22:12:02 RTP packet received: 13 bytes
2025/05/04 22:12:02 RTP packet received: 13 bytes
2025/05/04 22:12:03 RTP packet received: 13 bytes
2025/05/04 22:12:03 RTP packet received: 13 bytes
2025/05/04 22:12:03 RTP packet received: 13 bytes
2025/05/04 22:12:03 RTP packet received: 13 bytes
2025/05/04 22:12:03 RTP packet received: 13 bytes
2025/05/04 22:12:03 RTP packet received: 13 bytes
2025/05/04 22:12:03 RTP packet received: 13 bytes
2025/05/04 22:12:03 RTP packet received: 13 bytes
2025/05/04 22:12:03 RTP packet received: 13 bytes
2025/05/04 22:12:03 📈 Packets: 15/s | Bitrate: 1.56 kbps
2025/05/04 22:12:03 RTP packet received: 13 bytes
2025/05/04 22:12:03 RTP packet received: 13 bytes
2025/05/04 22:12:03 RTP packet received: 13 bytes
2025/05/04 22:12:03 RTP packet received: 13 bytes
2025/05/04 22:12:03 RTP packet received: 13 bytes
2025/05/04 22:12:03 RTP packet received: 13 bytes
2025/05/04 22:12:03 RTP packet received: 13 bytes
2025/05/04 22:12:04 RTP packet received: 13 bytes
2025/05/04 22:12:04 RTP packet received: 13 bytes
2025/05/04 22:12:04 RTP packet received: 13 bytes
2025/05/04 22:12:04 RTP packet received: 13 bytes
2025/05/04 22:12:04 📈 Packets: 15/s | Bitrate: 1.56 kbps
2025/05/04 22:12:04 RTP packet received: 13 bytes
2025/05/04 22:12:04 RTP packet received: 13 bytes
2025/05/04 22:12:04 RTP packet received: 13 bytes
2025/05/04 22:12:04 RTP packet received: 13 bytes
2025/05/04 22:12:04 RTP packet received: 13 bytes
2025/05/04 22:12:04 RTP packet received: 13 bytes
2025/05/04 22:12:04 RTP packet received: 13 bytes
2025/05/04 22:12:05 RTP packet received: 13 bytes
2025/05/04 22:12:05 RTP packet received: 13 bytes
2025/05/04 22:12:05 RTP packet received: 13 bytes
2025/05/04 22:12:05 RTP packet received: 13 bytes
2025/05/04 22:12:05 RTP packet received: 13 bytes
2025/05/04 22:12:05 RTP packet received: 13 bytes
2025/05/04 22:12:05 RTP packet received: 13 bytes
2025/05/04 22:12:05 RTP packet received: 13 bytes
2025/05/04 22:12:05 📈 Packets: 15/s | Bitrate: 1.56 kbps
2025/05/04 22:12:05 RTP packet received: 13 bytes
2025/05/04 22:12:05 RTP packet received: 13 bytes
2025/05/04 22:12:05 RTP packet received: 13 bytes
2025/05/04 22:12:05 RTP packet received: 13 bytes
2025/05/04 22:12:05 RTP packet received: 13 bytes
2025/05/04 22:12:05 RTP packet received: 13 bytes
2025/05/04 22:12:05 RTP packet received: 13 bytes
2025/05/04 22:12:06 RTP packet received: 13 bytes
2025/05/04 22:12:06 RTP packet received: 13 bytes
2025/05/04 22:12:06 RTP packet received: 13 bytes
2025/05/04 22:12:06 RTP packet received: 13 bytes
2025/05/04 22:12:06 RTP packet received: 13 bytes
2025/05/04 22:12:06 RTP packet received: 13 bytes
2025/05/04 22:12:06 RTP packet received: 13 bytes
2025/05/04 22:12:06 RTP packet received: 13 bytes
2025/05/04 22:12:06 📈 Packets: 15/s | Bitrate: 1.56 kbps
2025/05/04 22:12:06 RTP packet received: 13 bytes
2025/05/04 22:12:06 RTP packet received: 13 bytes
2025/05/04 22:12:06 RTP packet received: 13 bytes
2025/05/04 22:12:06 RTP packet received: 13 bytes
2025/05/04 22:12:06 RTP packet received: 13 bytes
2025/05/04 22:12:06 RTP packet received: 13 bytes
2025/05/04 22:12:06 RTP packet received: 13 bytes
2025/05/04 22:12:07 RTP packet received: 13 bytes
2025/05/04 22:12:07 RTP packet received: 13 bytes
2025/05/04 22:12:07 RTP packet received: 13 bytes
2025/05/04 22:12:07 RTP packet received: 13 bytes
2025/05/04 22:12:07 RTP packet received: 13 bytes
2025/05/04 22:12:07 RTP packet received: 13 bytes
2025/05/04 22:12:07 RTP packet received: 13 bytes
2025/05/04 22:12:07 RTP packet received: 13 bytes
2025/05/04 22:12:07 RTP packet received: 13 bytes
2025/05/04 22:12:07 📈 Packets: 15/s | Bitrate: 1.56 kbps
2025/05/04 22:12:07 RTP packet received: 13 bytes
2025/05/04 22:12:07 RTP packet received: 13 bytes
2025/05/04 22:12:07 RTP packet received: 13 bytes
2025/05/04 22:12:07 RTP packet received: 13 bytes
2025/05/04 22:12:07 RTP packet received: 13 bytes
2025/05/04 22:12:07 RTP packet received: 13 bytes
2025/05/04 22:12:08 RTP packet received: 13 bytes
2025/05/04 22:12:08 RTP packet received: 13 bytes
2025/05/04 22:12:08 RTP packet received: 13 bytes
2025/05/04 22:12:08 RTP packet received: 13 bytes
2025/05/04 22:12:08 RTP packet received: 13 bytes
2025/05/04 22:12:08 RTP packet received: 13 bytes
2025/05/04 22:12:08 RTP packet received: 13 bytes
2025/05/04 22:12:08 RTP packet received: 13 bytes
2025/05/04 22:12:08 📈 Packets: 15/s | Bitrate: 1.56 kbps
2025/05/04 22:12:08 RTP packet received: 13 bytes
2025/05/04 22:12:08 RTP packet received: 13 bytes
2025/05/04 22:12:08 RTP packet received: 13 bytes
2025/05/04 22:12:08 RTP packet received: 13 bytes
2025/05/04 22:12:08 RTP packet received: 13 bytes
2025/05/04 22:12:08 RTP packet received: 13 bytes
2025/05/04 22:12:08 RTP packet received: 13 bytes
2025/05/04 22:12:09 RTP packet received: 13 bytes
2025/05/04 22:12:09 RTP packet received: 13 bytes
2025/05/04 22:12:09 RTP packet received: 13 bytes
2025/05/04 22:12:09 RTP packet received: 13 bytes
2025/05/04 22:12:09 RTP packet received: 13 bytes
2025/05/04 22:12:09 RTP packet received: 13 bytes
2025/05/04 22:12:09 RTP packet received: 13 bytes
2025/05/04 22:12:09 RTP packet received: 13 bytes
2025/05/04 22:12:09 📈 Packets: 15/s | Bitrate: 1.56 kbps
2025/05/04 22:12:09 RTP packet received: 13 bytes
2025/05/04 22:12:09 RTP packet received: 13 bytes
2025/05/04 22:12:09 RTP packet received: 13 bytes
2025/05/04 22:12:09 RTP packet received: 13 bytes
2025/05/04 22:12:09 RTP packet received: 13 bytes
2025/05/04 22:12:09 RTP packet received: 13 bytes
2025/05/04 22:12:09 RTP packet received: 13 bytes
2025/05/04 22:12:10 RTP packet received: 13 bytes
2025/05/04 22:12:10 RTP packet received: 13 bytes
2025/05/04 22:12:10 RTP packet received: 13 bytes
2025/05/04 22:12:10 RTP packet received: 13 bytes
2025/05/04 22:12:10 RTP packet received: 13 bytes
2025/05/04 22:12:10 RTP packet received: 13 bytes
2025/05/04 22:12:10 RTP packet received: 13 bytes
2025/05/04 22:12:10 RTP packet received: 13 bytes
2025/05/04 22:12:10 📈 Packets: 15/s | Bitrate: 1.56 kbps
2025/05/04 22:12:10 RTP packet received: 13 bytes
2025/05/04 22:12:10 RTP packet received: 13 bytes
2025/05/04 22:12:10 RTP packet received: 13 bytes
2025/05/04 22:12:10 RTP packet received: 13 bytes
2025/05/04 22:12:10 RTP packet received: 13 bytes
2025/05/04 22:12:10 RTP packet received: 13 bytes
2025/05/04 22:12:10 RTP packet received: 13 bytes
2025/05/04 22:12:11 RTP packet received: 13 bytes
2025/05/04 22:12:11 RTP packet received: 13 bytes
2025/05/04 22:12:11 RTP packet received: 13 bytes
2025/05/04 22:12:11 RTP packet received: 13 bytes
2025/05/04 22:12:11 RTP packet received: 13 bytes
2025/05/04 22:12:11 RTP packet received: 13 bytes
2025/05/04 22:12:11 RTP packet received: 13 bytes
2025/05/04 22:12:11 RTP packet received: 13 bytes
2025/05/04 22:12:11 📈 Packets: 14/s | Bitrate: 1.46 kbps
2025/05/04 22:12:11 RTP packet received: 13 bytes
2025/05/04 22:12:11 RTP packet received: 13 bytes
2025/05/04 22:12:11 RTP packet received: 13 bytes
2025/05/04 22:12:11 RTP packet received: 13 bytes
2025/05/04 22:12:11 RTP packet received: 13 bytes
2025/05/04 22:12:11 RTP packet received: 13 bytes
2025/05/04 22:12:11 RTP packet received: 13 bytes
2025/05/04 22:12:12 RTP packet received: 13 bytes
2025/05/04 22:12:12 RTP packet received: 13 bytes
2025/05/04 22:12:12 RTP packet received: 13 bytes
2025/05/04 22:12:12 RTP packet received: 13 bytes
2025/05/04 22:12:12 RTP packet received: 13 bytes
2025/05/04 22:12:12 RTP packet received: 13 bytes
2025/05/04 22:12:12 RTP packet received: 13 bytes
2025/05/04 22:12:12 RTP packet received: 13 bytes
2025/05/04 22:12:12 📈 Packets: 16/s | Bitrate: 1.66 kbps
2025/05/04 22:12:12 RTP packet received: 13 bytes
2025/05/04 22:12:12 RTP packet received: 13 bytes
2025/05/04 22:12:12 RTP packet received: 13 bytes
2025/05/04 22:12:12 RTP packet received: 13 bytes
2025/05/04 22:12:12 RTP packet received: 13 bytes
2025/05/04 22:12:12 RTP packet received: 13 bytes
2025/05/04 22:12:12 RTP packet received: 13 bytes
2025/05/04 22:12:13 RTP packet received: 13 bytes
2025/05/04 22:12:13 RTP packet received: 13 bytes
2025/05/04 22:12:13 RTP packet received: 13 bytes
2025/05/04 22:12:13 RTP packet received: 13 bytes
2025/05/04 22:12:13 RTP packet received: 13 bytes
2025/05/04 22:12:13 RTP packet received: 13 bytes
2025/05/04 22:12:13 RTP packet received: 13 bytes
2025/05/04 22:12:13 RTP packet received: 13 bytes
2025/05/04 22:12:13 📈 Packets: 15/s | Bitrate: 1.56 kbps
2025/05/04 22:12:13 RTP packet received: 13 bytes
2025/05/04 22:12:13 RTP packet received: 13 bytes
2025/05/04 22:12:13 RTP packet received: 13 bytes
2025/05/04 22:12:13 RTP packet received: 13 bytes
2025/05/04 22:12:13 RTP packet received: 13 bytes
2025/05/04 22:12:13 RTP packet received: 13 bytes
2025/05/04 22:12:13 RTP packet received: 13 bytes
2025/05/04 22:12:14 RTP packet received: 13 bytes
2025/05/04 22:12:14 RTP packet received: 13 bytes
2025/05/04 22:12:14 RTP packet received: 13 bytes
2025/05/04 22:12:14 RTP packet received: 13 bytes
2025/05/04 22:12:14 RTP packet received: 13 bytes
2025/05/04 22:12:14 RTP packet received: 13 bytes
2025/05/04 22:12:14 RTP packet received: 13 bytes
2025/05/04 22:12:14 RTP packet received: 13 bytes
2025/05/04 22:12:14 📈 Packets: 15/s | Bitrate: 1.56 kbps
2025/05/04 22:12:14 RTP packet received: 13 bytes
2025/05/04 22:12:14 RTP packet received: 13 bytes
2025/05/04 22:12:14 RTP packet received: 13 bytes
2025/05/04 22:12:14 RTP packet received: 13 bytes
2025/05/04 22:12:14 RTP packet received: 13 bytes
2025/05/04 22:12:14 RTP packet received: 13 bytes
2025/05/04 22:12:14 RTP packet received: 13 bytes
2025/05/04 22:12:15 RTP packet received: 13 bytes
2025/05/04 22:12:15 RTP packet received: 13 bytes
2025/05/04 22:12:15 RTP packet received: 13 bytes
2025/05/04 22:12:15 RTP packet received: 13 bytes
2025/05/04 22:12:15 RTP packet received: 13 bytes
2025/05/04 22:12:15 RTP packet received: 13 bytes
2025/05/04 22:12:15 RTP packet received: 13 bytes
2025/05/04 22:12:15 RTP packet received: 13 bytes
2025/05/04 22:12:15 RTP packet received: 13 bytes
2025/05/04 22:12:15 📈 Packets: 15/s | Bitrate: 1.56 kbps
2025/05/04 22:12:15 RTP packet received: 13 bytes
2025/05/04 22:12:15 RTP packet received: 13 bytes
2025/05/04 22:12:15 RTP packet received: 13 bytes
2025/05/04 22:12:15 RTP packet received: 13 bytes
2025/05/04 22:12:15 RTP packet received: 13 bytes
2025/05/04 22:12:15 RTP packet received: 13 bytes
2025/05/04 22:12:16 RTP packet received: 13 bytes
2025/05/04 22:12:16 RTP packet received: 13 bytes
2025/05/04 22:12:16 RTP packet received: 13 bytes
2025/05/04 22:12:16 RTP packet received: 13 bytes
2025/05/04 22:12:16 RTP packet received: 13 bytes
2025/05/04 22:12:16 RTP packet received: 13 bytes
2025/05/04 22:12:16 RTP packet received: 13 bytes
2025/05/04 22:12:16 RTP packet received: 13 bytes
2025/05/04 22:12:16 RTP packet received: 13 bytes
2025/05/04 22:12:16 📈 Packets: 15/s | Bitrate: 1.56 kbps
2025/05/04 22:12:16 RTP packet received: 13 bytes
2025/05/04 22:12:16 RTP packet received: 13 bytes
2025/05/04 22:12:16 RTP packet received: 13 bytes
2025/05/04 22:12:16 RTP packet received: 13 bytes
2025/05/04 22:12:16 RTP packet received: 13 bytes
2025/05/04 22:12:16 RTP packet received: 13 bytes
2025/05/04 22:12:16 RTP packet received: 13 bytes
2025/05/04 22:12:17 RTP packet received: 13 bytes
2025/05/04 22:12:17 RTP packet received: 13 bytes
2025/05/04 22:12:17 RTP packet received: 13 bytes
2025/05/04 22:12:17 RTP packet received: 13 bytes
2025/05/04 22:12:17 RTP packet received: 13 bytes
2025/05/04 22:12:17 RTP packet received: 13 bytes
2025/05/04 22:12:17 RTP packet received: 13 bytes
2025/05/04 22:12:17 RTP packet received: 13 bytes
2025/05/04 22:12:17 📈 Packets: 16/s | Bitrate: 1.66 kbps
2025/05/04 22:12:17 RTP packet received: 13 bytes
2025/05/04 22:12:17 RTP packet received: 13 bytes
2025/05/04 22:12:17 RTP packet received: 13 bytes
2025/05/04 22:12:17 RTP packet received: 13 bytes
2025/05/04 22:12:17 RTP packet received: 13 bytes
2025/05/04 22:12:17 RTP packet received: 13 bytes
2025/05/04 22:12:17 RTP packet received: 13 bytes
2025/05/04 22:12:18 RTP packet received: 13 bytes
2025/05/04 22:12:18 RTP packet received: 13 bytes
2025/05/04 22:12:18 RTP packet received: 13 bytes
2025/05/04 22:12:18 RTP packet received: 13 bytes
2025/05/04 22:12:18 RTP packet received: 13 bytes
2025/05/04 22:12:18 RTP packet received: 13 bytes
2025/05/04 22:12:18 RTP packet received: 13 bytes
2025/05/04 22:12:18 RTP packet received: 13 bytes
2025/05/04 22:12:18 📈 Packets: 15/s | Bitrate: 1.56 kbps
2025/05/04 22:12:18 RTP packet received: 13 bytes
2025/05/04 22:12:18 RTP packet received: 13 bytes
2025/05/04 22:12:18 RTP packet received: 13 bytes
2025/05/04 22:12:18 RTP packet received: 13 bytes
2025/05/04 22:12:18 RTP packet received: 13 bytes
2025/05/04 22:12:18 RTP packet received: 13 bytes
2025/05/04 22:12:18 RTP packet received: 13 bytes
2025/05/04 22:12:19 RTP packet received: 13 bytes
2025/05/04 22:12:19 RTP packet received: 13 bytes
2025/05/04 22:12:19 RTP packet received: 13 bytes
2025/05/04 22:12:19 RTP packet received: 13 bytes
2025/05/04 22:12:19 RTP packet received: 13 bytes
2025/05/04 22:12:19 RTP packet received: 13 bytes
2025/05/04 22:12:19 RTP packet received: 13 bytes
2025/05/04 22:12:19 RTP packet received: 13 bytes
2025/05/04 22:12:19 📈 Packets: 15/s | Bitrate: 1.56 kbps
2025/05/04 22:12:19 RTP packet received: 13 bytes
2025/05/04 22:12:19 RTP packet received: 13 bytes
2025/05/04 22:12:19 RTP packet received: 13 bytes
2025/05/04 22:12:19 RTP packet received: 13 bytes
2025/05/04 22:12:19 RTP packet received: 13 bytes
2025/05/04 22:12:19 RTP packet received: 13 bytes
2025/05/04 22:12:19 RTP packet received: 13 bytes
2025/05/04 22:12:20 RTP packet received: 13 bytes
2025/05/04 22:12:20 RTP packet received: 13 bytes
2025/05/04 22:12:20 RTP packet received: 13 bytes
2025/05/04 22:12:20 RTP packet received: 13 bytes
2025/05/04 22:12:20 RTP packet received: 13 bytes
2025/05/04 22:12:20 RTP packet received: 13 bytes
2025/05/04 22:12:20 RTP packet received: 13 bytes
2025/05/04 22:12:20 RTP packet received: 13 bytes
2025/05/04 22:12:20 📈 Packets: 15/s | Bitrate: 1.56 kbps
2025/05/04 22:12:20 RTP packet received: 13 bytes
2025/05/04 22:12:20 RTP packet received: 13 bytes
2025/05/04 22:12:20 RTP packet received: 13 bytes
2025/05/04 22:12:20 RTP packet received: 13 bytes
2025/05/04 22:12:20 RTP packet received: 13 bytes
2025/05/04 22:12:20 RTP packet received: 13 bytes
2025/05/04 22:12:20 RTP packet received: 13 bytes
2025/05/04 22:12:21 RTP packet received: 13 bytes
2025/05/04 22:12:21 RTP packet received: 13 bytes
2025/05/04 22:12:21 RTP packet received: 13 bytes
2025/05/04 22:12:21 RTP packet received: 13 bytes
2025/05/04 22:12:21 RTP packet received: 13 bytes
2025/05/04 22:12:21 RTP packet received: 13 bytes
2025/05/04 22:12:21 RTP packet received: 13 bytes
2025/05/04 22:12:21 RTP packet received: 13 bytes
2025/05/04 22:12:21 RTP packet received: 13 bytes
2025/05/04 22:12:21 📈 Packets: 15/s | Bitrate: 1.56 kbps
2025/05/04 22:12:21 RTP packet received: 13 bytes
2025/05/04 22:12:21 RTP packet received: 13 bytes
2025/05/04 22:12:21 RTP packet received: 13 bytes
2025/05/04 22:12:21 RTP packet received: 13 bytes
2025/05/04 22:12:21 RTP packet received: 13 bytes
2025/05/04 22:12:21 RTP packet received: 13 bytes
2025/05/04 22:12:22 RTP packet received: 13 bytes
2025/05/04 22:12:22 RTP packet received: 13 bytes
2025/05/04 22:12:22 RTP packet received: 13 bytes
2025/05/04 22:12:22 RTP packet received: 13 bytes
2025/05/04 22:12:22 RTP packet received: 13 bytes
2025/05/04 22:12:22 RTP packet received: 13 bytes
2025/05/04 22:12:22 RTP packet received: 13 bytes
2025/05/04 22:12:22 RTP packet received: 13 bytes
2025/05/04 22:12:22 RTP packet received: 13 bytes
2025/05/04 22:12:22 📈 Packets: 15/s | Bitrate: 1.56 kbps
2025/05/04 22:12:22 RTP packet received: 13 bytes
2025/05/04 22:12:22 RTP packet received: 13 bytes
2025/05/04 22:12:22 RTP packet received: 13 bytes
2025/05/04 22:12:22 RTP packet received: 13 bytes
2025/05/04 22:12:22 RTP packet received: 13 bytes
2025/05/04 22:12:22 RTP packet received: 13 bytes
2025/05/04 22:12:22 RTP packet received: 13 bytes
2025/05/04 22:12:23 RTP packet received: 13 bytes
2025/05/04 22:12:23 RTP packet received: 13 bytes
2025/05/04 22:12:23 RTP packet received: 13 bytes
2025/05/04 22:12:23 RTP packet received: 13 bytes
2025/05/04 22:12:23 RTP packet received: 13 bytes
2025/05/04 22:12:23 RTP packet received: 13 bytes
2025/05/04 22:12:23 RTP packet received: 13 bytes
2025/05/04 22:12:23 RTP packet received: 13 bytes
2025/05/04 22:12:23 📈 Packets: 15/s | Bitrate: 1.56 kbps
2025/05/04 22:12:23 RTP packet received: 13 bytes
2025/05/04 22:12:23 RTP packet received: 13 bytes
2025/05/04 22:12:23 RTP packet received: 13 bytes
2025/05/04 22:12:23 RTP packet received: 13 bytes
2025/05/04 22:12:23 RTP packet received: 13 bytes
2025/05/04 22:12:23 RTP packet received: 13 bytes
2025/05/04 22:12:23 RTP packet received: 13 bytes
2025/05/04 22:12:24 RTP packet received: 13 bytes
2025/05/04 22:12:24 RTP packet received: 13 bytes
2025/05/04 22:12:24 RTP packet received: 13 bytes
2025/05/04 22:12:24 RTP packet received: 13 bytes
2025/05/04 22:12:24 RTP packet received: 13 bytes
2025/05/04 22:12:24 RTP packet received: 13 bytes
2025/05/04 22:12:24 RTP packet received: 13 bytes
2025/05/04 22:12:24 RTP packet received: 13 bytes
2025/05/04 22:12:24 📈 Packets: 16/s | Bitrate: 1.66 kbps
2025/05/04 22:12:24 RTP packet received: 13 bytes
2025/05/04 22:12:24 RTP packet received: 13 bytes
2025/05/04 22:12:24 RTP packet received: 13 bytes
2025/05/04 22:12:24 RTP packet received: 13 bytes
2025/05/04 22:12:24 RTP packet received: 13 bytes
2025/05/04 22:12:24 RTP packet received: 13 bytes
2025/05/04 22:12:24 RTP packet received: 13 bytes
2025/05/04 22:12:25 RTP packet received: 13 bytes
2025/05/04 22:12:25 RTP packet received: 13 bytes
2025/05/04 22:12:25 RTP packet received: 13 bytes
2025/05/04 22:12:25 RTP packet received: 13 bytes
2025/05/04 22:12:25 RTP packet received: 13 bytes
2025/05/04 22:12:25 RTP packet received: 13 bytes
2025/05/04 22:12:25 RTP packet received: 13 bytes
2025/05/04 22:12:25 RTP packet received: 13 bytes
2025/05/04 22:12:25 📈 Packets: 15/s | Bitrate: 1.56 kbps
2025/05/04 22:12:25 RTP packet received: 13 bytes
2025/05/04 22:12:25 RTP packet received: 13 bytes
2025/05/04 22:12:25 RTP packet received: 13 bytes
2025/05/04 22:12:25 RTP packet received: 13 bytes
2025/05/04 22:12:25 RTP packet received: 13 bytes
2025/05/04 22:12:25 RTP packet received: 13 bytes
2025/05/04 22:12:25 RTP packet received: 13 bytes
2025/05/04 22:12:26 RTP packet received: 13 bytes
2025/05/04 22:12:26 RTP packet received: 13 bytes
2025/05/04 22:12:26 RTP packet received: 13 bytes
2025/05/04 22:12:26 RTP packet received: 13 bytes
2025/05/04 22:12:26 RTP packet received: 13 bytes
2025/05/04 22:12:26 RTP packet received: 13 bytes
2025/05/04 22:12:26 RTP packet received: 13 bytes
2025/05/04 22:12:26 RTP packet received: 13 bytes
2025/05/04 22:12:26 📈 Packets: 15/s | Bitrate: 1.56 kbps
2025/05/04 22:12:26 RTP packet received: 13 bytes
2025/05/04 22:12:26 RTP packet received: 13 bytes
2025/05/04 22:12:26 RTP packet received: 13 bytes
2025/05/04 22:12:26 RTP packet received: 13 bytes
2025/05/04 22:12:26 RTP packet received: 13 bytes
2025/05/04 22:12:26 RTP packet received: 13 bytes
2025/05/04 22:12:26 RTP packet received: 13 bytes
2025/05/04 22:12:26 RTP packet received: 13 bytes
2025/05/04 22:12:26 RTP packet received: 13 bytes
2025/05/04 22:12:27 RTP packet received: 13 bytes
2025/05/04 22:12:27 RTP packet received: 13 bytes
2025/05/04 22:12:27 RTP packet received: 13 bytes
2025/05/04 22:12:27 RTP packet received: 13 bytes
2025/05/04 22:12:27 RTP packet received: 13 bytes
2025/05/04 22:12:27 RTP packet received: 13 bytes
2025/05/04 22:12:27 RTP packet received: 13 bytes
2025/05/04 22:12:27 RTP packet received: 13 bytes
2025/05/04 22:12:27 📈 Packets: 14/s | Bitrate: 1.46 kbps
2025/05/04 22:12:27 RTP packet received: 13 bytes
2025/05/04 22:12:27 RTP packet received: 13 bytes
2025/05/04 22:12:27 RTP packet received: 13 bytes
2025/05/04 22:12:27 RTP packet received: 13 bytes
2025/05/04 22:12:27 RTP packet received: 13 bytes
2025/05/04 22:12:27 RTP packet received: 13 bytes
2025/05/04 22:12:27 RTP packet received: 13 bytes
2025/05/04 22:12:28 RTP packet received: 13 bytes
2025/05/04 22:12:28 RTP packet received: 13 bytes
2025/05/04 22:12:28 RTP packet received: 13 bytes
2025/05/04 22:12:28 RTP packet received: 13 bytes
2025/05/04 22:12:28 RTP packet received: 13 bytes
2025/05/04 22:12:28 RTP packet received: 13 bytes
2025/05/04 22:12:28 RTP packet received: 13 bytes
2025/05/04 22:12:28 📈 Packets: 16/s | Bitrate: 1.66 kbps
2025/05/04 22:12:28 RTP packet received: 13 bytes
2025/05/04 22:12:28 RTP packet received: 13 bytes
2025/05/04 22:12:28 RTP packet received: 13 bytes
2025/05/04 22:12:28 RTP packet received: 13 bytes
2025/05/04 22:12:28 RTP packet received: 13 bytes
2025/05/04 22:12:28 RTP packet received: 13 bytes
2025/05/04 22:12:29 RTP packet received: 13 bytes
2025/05/04 22:12:29 RTP packet received: 13 bytes
2025/05/04 22:12:29 RTP packet received: 13 bytes
2025/05/04 22:12:29 RTP packet received: 13 bytes
2025/05/04 22:12:29 RTP packet received: 13 bytes
2025/05/04 22:12:29 RTP packet received: 13 bytes
2025/05/04 22:12:29 RTP packet received: 13 bytes
2025/05/04 22:12:29 RTP packet received: 13 bytes
2025/05/04 22:12:29 📈 Packets: 15/s | Bitrate: 1.56 kbps
2025/05/04 22:12:29 RTP packet received: 13 bytes
2025/05/04 22:12:29 RTP packet received: 13 bytes
2025/05/04 22:12:29 RTP packet received: 13 bytes
2025/05/04 22:12:29 RTP packet received: 13 bytes
2025/05/04 22:12:29 RTP packet received: 13 bytes
2025/05/04 22:12:29 RTP packet received: 13 bytes
2025/05/04 22:12:30 RTP packet received: 13 bytes
2025/05/04 22:12:30 RTP packet received: 13 bytes
2025/05/04 22:12:30 RTP packet received: 13 bytes
2025/05/04 22:12:30 RTP packet received: 13 bytes
2025/05/04 22:12:30 RTP packet received: 13 bytes
2025/05/04 22:12:30 RTP packet received: 13 bytes
2025/05/04 22:12:30 RTP packet received: 13 bytes
2025/05/04 22:12:30 RTP packet received: 13 bytes
2025/05/04 22:12:30 📈 Packets: 17/s | Bitrate: 1.77 kbps
2025/05/04 22:12:30 RTP packet received: 13 bytes
2025/05/04 22:12:30 RTP packet received: 13 bytes
2025/05/04 22:12:30 RTP packet received: 13 bytes
2025/05/04 22:12:30 RTP packet received: 13 bytes
2025/05/04 22:12:30 RTP packet received: 13 bytes
2025/05/04 22:12:30 RTP packet received: 13 bytes
2025/05/04 22:12:30 RTP packet received: 13 bytes
2025/05/04 22:12:31 RTP packet received: 13 bytes
2025/05/04 22:12:31 RTP packet received: 13 bytes
2025/05/04 22:12:31 RTP packet received: 13 bytes
2025/05/04 22:12:31 RTP packet received: 13 bytes
2025/05/04 22:12:31 RTP packet received: 13 bytes
2025/05/04 22:12:31 RTP packet received: 13 bytes
2025/05/04 22:12:31 RTP packet received: 13 bytes
2025/05/04 22:12:31 RTP packet received: 13 bytes
2025/05/04 22:12:31 RTP packet received: 13 bytes
2025/05/04 22:12:31 📈 Packets: 15/s | Bitrate: 1.56 kbps
2025/05/04 22:12:31 RTP packet received: 13 bytes
2025/05/04 22:12:31 RTP packet received: 13 bytes
2025/05/04 22:12:31 RTP packet received: 13 bytes
2025/05/04 22:12:31 RTP packet received: 13 bytes
2025/05/04 22:12:31 RTP packet received: 13 bytes
2025/05/04 22:12:31 RTP packet received: 13 bytes
2025/05/04 22:12:32 RTP packet received: 13 bytes
2025/05/04 22:12:32 RTP packet received: 13 bytes
2025/05/04 22:12:32 RTP packet received: 13 bytes
2025/05/04 22:12:32 RTP packet received: 13 bytes
2025/05/04 22:12:32 RTP packet received: 13 bytes
2025/05/04 22:12:32 RTP packet received: 13 bytes
2025/05/04 22:12:32 RTP packet received: 13 bytes
2025/05/04 22:12:32 RTP packet received: 13 bytes
2025/05/04 22:12:32 RTP packet received: 13 bytes
2025/05/04 22:12:32 📈 Packets: 15/s | Bitrate: 1.56 kbps
2025/05/04 22:12:32 RTP packet received: 13 bytes
2025/05/04 22:12:32 RTP packet received: 13 bytes
2025/05/04 22:12:32 RTP packet received: 13 bytes
2025/05/04 22:12:32 RTP packet received: 13 bytes
2025/05/04 22:12:32 RTP packet received: 13 bytes
2025/05/04 22:12:32 RTP packet received: 13 bytes
2025/05/04 22:12:32 RTP packet received: 13 bytes
2025/05/04 22:12:33 RTP packet received: 13 bytes
2025/05/04 22:12:33 RTP packet received: 13 bytes
2025/05/04 22:12:33 RTP packet received: 13 bytes
2025/05/04 22:12:33 RTP packet received: 13 bytes
2025/05/04 22:12:33 RTP packet received: 13 bytes
2025/05/04 22:12:33 RTP packet received: 13 bytes
2025/05/04 22:12:33 RTP packet received: 13 bytes
2025/05/04 22:12:33 RTP packet received: 13 bytes
2025/05/04 22:12:33 📈 Packets: 15/s | Bitrate: 1.56 kbps
2025/05/04 22:12:33 RTP packet received: 13 bytes
2025/05/04 22:12:33 RTP packet received: 13 bytes
2025/05/04 22:12:33 RTP packet received: 13 bytes
2025/05/04 22:12:33 RTP packet received: 13 bytes
2025/05/04 22:12:33 RTP packet received: 13 bytes
2025/05/04 22:12:33 RTP packet received: 13 bytes
2025/05/04 22:12:33 RTP packet received: 13 bytes
2025/05/04 22:12:34 RTP packet received: 13 bytes
2025/05/04 22:12:34 RTP packet received: 13 bytes
2025/05/04 22:12:34 RTP packet received: 13 bytes
2025/05/04 22:12:34 RTP packet received: 13 bytes
2025/05/04 22:12:34 RTP packet received: 13 bytes
2025/05/04 22:12:34 RTP packet received: 13 bytes
2025/05/04 22:12:34 RTP packet received: 13 bytes
2025/05/04 22:12:34 RTP packet received: 13 bytes
2025/05/04 22:12:34 📈 Packets: 16/s | Bitrate: 1.66 kbps
2025/05/04 22:12:34 RTP packet received: 13 bytes
2025/05/04 22:12:34 RTP packet received: 13 bytes
2025/05/04 22:12:34 RTP packet received: 13 bytes
2025/05/04 22:12:34 RTP packet received: 13 bytes
2025/05/04 22:12:34 RTP packet received: 13 bytes
2025/05/04 22:12:34 RTP packet received: 13 bytes
2025/05/04 22:12:34 RTP packet received: 13 bytes
2025/05/04 22:12:35 RTP packet received: 13 bytes
2025/05/04 22:12:35 RTP packet received: 13 bytes
2025/05/04 22:12:35 RTP packet received: 13 bytes
2025/05/04 22:12:35 RTP packet received: 13 bytes
2025/05/04 22:12:35 RTP packet received: 13 bytes
2025/05/04 22:12:35 RTP packet received: 13 bytes
2025/05/04 22:12:35 RTP packet received: 13 bytes
2025/05/04 22:12:35 📈 Packets: 16/s | Bitrate: 1.66 kbps
2025/05/04 22:12:35 RTP packet received: 13 bytes
2025/05/04 22:12:35 RTP packet received: 13 bytes
2025/05/04 22:12:35 RTP packet received: 13 bytes
2025/05/04 22:12:35 RTP packet received: 13 bytes
2025/05/04 22:12:35 RTP packet received: 13 bytes
2025/05/04 22:12:35 RTP packet received: 13 bytes
2025/05/04 22:12:36 RTP packet received: 13 bytes
2025/05/04 22:12:36 RTP packet received: 13 bytes
2025/05/04 22:12:36 RTP packet received: 13 bytes
2025/05/04 22:12:36 RTP packet received: 13 bytes
2025/05/04 22:12:36 RTP packet received: 13 bytes
2025/05/04 22:12:36 RTP packet received: 13 bytes
2025/05/04 22:12:36 RTP packet received: 13 bytes
2025/05/04 22:12:36 RTP packet received: 13 bytes
2025/05/04 22:12:36 RTP packet received: 13 bytes
2025/05/04 22:12:36 📈 Packets: 15/s | Bitrate: 1.56 kbps
2025/05/04 22:12:36 RTP packet received: 13 bytes
2025/05/04 22:12:36 RTP packet received: 13 bytes
2025/05/04 22:12:36 RTP packet received: 13 bytes
2025/05/04 22:12:36 RTP packet received: 13 bytes
2025/05/04 22:12:36 RTP packet received: 13 bytes
2025/05/04 22:12:36 RTP packet received: 13 bytes
2025/05/04 22:12:36 RTP packet received: 13 bytes
2025/05/04 22:12:37 RTP packet received: 13 bytes
2025/05/04 22:12:37 RTP packet received: 13 bytes
2025/05/04 22:12:37 RTP packet received: 13 bytes
2025/05/04 22:12:37 RTP packet received: 13 bytes
2025/05/04 22:12:37 RTP packet received: 13 bytes
2025/05/04 22:12:37 RTP packet received: 13 bytes
2025/05/04 22:12:37 RTP packet received: 13 bytes
2025/05/04 22:12:37 RTP packet received: 13 bytes
2025/05/04 22:12:37 📈 Packets: 15/s | Bitrate: 1.56 kbps
2025/05/04 22:12:37 RTP packet received: 13 bytes
2025/05/04 22:12:37 RTP packet received: 13 bytes
2025/05/04 22:12:37 RTP packet received: 13 bytes
2025/05/04 22:12:37 RTP packet received: 13 bytes
2025/05/04 22:12:37 RTP packet received: 13 bytes
2025/05/04 22:12:37 RTP packet received: 13 bytes
2025/05/04 22:12:37 RTP packet received: 13 bytes
2025/05/04 22:12:38 RTP packet received: 13 bytes
2025/05/04 22:12:38 RTP packet received: 13 bytes
2025/05/04 22:12:38 RTP packet received: 13 bytes
2025/05/04 22:12:38 RTP packet received: 13 bytes
2025/05/04 22:12:38 RTP packet received: 13 bytes
2025/05/04 22:12:38 RTP packet received: 13 bytes
2025/05/04 22:12:38 RTP packet received: 13 bytes
2025/05/04 22:12:38 RTP packet received: 13 bytes
2025/05/04 22:12:38 📈 Packets: 16/s | Bitrate: 1.66 kbps
2025/05/04 22:12:38 RTP packet received: 13 bytes
2025/05/04 22:12:38 RTP packet received: 13 bytes
2025/05/04 22:12:38 RTP packet received: 13 bytes
2025/05/04 22:12:38 RTP packet received: 13 bytes
2025/05/04 22:12:38 RTP packet received: 13 bytes
2025/05/04 22:12:38 RTP packet received: 13 bytes
2025/05/04 22:12:38 RTP packet received: 13 bytes
2025/05/04 22:12:39 RTP packet received: 13 bytes
2025/05/04 22:12:39 RTP packet received: 13 bytes
2025/05/04 22:12:39 RTP packet received: 13 bytes
2025/05/04 22:12:39 RTP packet received: 13 bytes
2025/05/04 22:12:39 RTP packet received: 13 bytes
2025/05/04 22:12:39 RTP packet received: 13 bytes
2025/05/04 22:12:39 RTP packet received: 13 bytes
2025/05/04 22:12:39 📈 Packets: 16/s | Bitrate: 1.66 kbps
2025/05/04 22:12:39 RTP packet received: 13 bytes
2025/05/04 22:12:39 RTP packet received: 13 bytes
2025/05/04 22:12:39 RTP packet received: 13 bytes
2025/05/04 22:12:39 RTP packet received: 13 bytes
2025/05/04 22:12:39 RTP packet received: 13 bytes
2025/05/04 22:12:39 RTP packet received: 13 bytes
2025/05/04 22:12:39 RTP packet received: 13 bytes
2025/05/04 22:12:40 RTP packet received: 13 bytes
2025/05/04 22:12:40 RTP packet received: 13 bytes
2025/05/04 22:12:40 RTP packet received: 13 bytes
2025/05/04 22:12:40 RTP packet received: 13 bytes
2025/05/04 22:12:40 RTP packet received: 13 bytes
2025/05/04 22:12:40 RTP packet received: 13 bytes
2025/05/04 22:12:40 RTP packet received: 13 bytes
2025/05/04 22:12:40 RTP packet received: 13 bytes
2025/05/04 22:12:40 RTP packet received: 13 bytes
2025/05/04 22:12:40 📈 Packets: 14/s | Bitrate: 1.46 kbps
2025/05/04 22:12:40 RTP packet received: 13 bytes
2025/05/04 22:12:40 RTP packet received: 13 bytes
2025/05/04 22:12:40 RTP packet received: 13 bytes
2025/05/04 22:12:40 RTP packet received: 13 bytes
2025/05/04 22:12:40 RTP packet received: 13 bytes
2025/05/04 22:12:40 RTP packet received: 13 bytes
2025/05/04 22:12:40 RTP packet received: 13 bytes
2025/05/04 22:12:41 RTP packet received: 13 bytes
2025/05/04 22:12:41 RTP packet received: 13 bytes
2025/05/04 22:12:41 RTP packet received: 13 bytes
2025/05/04 22:12:41 RTP packet received: 13 bytes
2025/05/04 22:12:41 RTP packet received: 13 bytes
2025/05/04 22:12:41 RTP packet received: 13 bytes
2025/05/04 22:12:41 RTP packet received: 13 bytes
2025/05/04 22:12:41 RTP packet received: 13 bytes
2025/05/04 22:12:41 RTP packet received: 13 bytes
2025/05/04 22:12:41 📈 Packets: 15/s | Bitrate: 1.56 kbps
2025/05/04 22:12:41 RTP packet received: 13 bytes
2025/05/04 22:12:41 RTP packet received: 13 bytes
2025/05/04 22:12:41 RTP packet received: 13 bytes
2025/05/04 22:12:41 RTP packet received: 13 bytes
2025/05/04 22:12:41 RTP packet received: 13 bytes
2025/05/04 22:12:41 RTP packet received: 13 bytes
2025/05/04 22:12:42 RTP packet received: 13 bytes
2025/05/04 22:12:42 RTP packet received: 13 bytes
2025/05/04 22:12:42 RTP packet received: 13 bytes
2025/05/04 22:12:42 RTP packet received: 13 bytes
2025/05/04 22:12:42 RTP packet received: 13 bytes
2025/05/04 22:12:42 RTP packet received: 13 bytes
2025/05/04 22:12:42 RTP packet received: 13 bytes
2025/05/04 22:12:42 RTP packet received: 13 bytes
2025/05/04 22:12:42 RTP packet received: 13 bytes
2025/05/04 22:12:42 📈 Packets: 15/s | Bitrate: 1.56 kbps
2025/05/04 22:12:42 RTP packet received: 13 bytes
2025/05/04 22:12:42 RTP packet received: 13 bytes
2025/05/04 22:12:42 RTP packet received: 13 bytes
2025/05/04 22:12:42 RTP packet received: 13 bytes
2025/05/04 22:12:42 RTP packet received: 13 bytes
2025/05/04 22:12:42 RTP packet received: 13 bytes
2025/05/04 22:12:42 RTP packet received: 13 bytes
2025/05/04 22:12:43 RTP packet received: 13 bytes
2025/05/04 22:12:43 RTP packet received: 13 bytes
2025/05/04 22:12:43 RTP packet received: 13 bytes
2025/05/04 22:12:43 RTP packet received: 13 bytes
2025/05/04 22:12:43 RTP packet received: 13 bytes
2025/05/04 22:12:43 RTP packet received: 13 bytes
2025/05/04 22:12:43 RTP packet received: 13 bytes
2025/05/04 22:12:43 RTP packet received: 13 bytes
2025/05/04 22:12:43 📈 Packets: 15/s | Bitrate: 1.56 kbps
2025/05/04 22:12:43 RTP packet received: 13 bytes
2025/05/04 22:12:43 RTP packet received: 13 bytes
2025/05/04 22:12:43 RTP packet received: 13 bytes
2025/05/04 22:12:43 RTP packet received: 13 bytes
2025/05/04 22:12:43 RTP packet received: 13 bytes
2025/05/04 22:12:43 RTP packet received: 13 bytes
2025/05/04 22:12:43 RTP packet received: 13 bytes
2025/05/04 22:12:44 RTP packet received: 13 bytes
2025/05/04 22:12:44 RTP packet received: 13 bytes
2025/05/04 22:12:44 RTP packet received: 13 bytes
2025/05/04 22:12:44 RTP packet received: 13 bytes
2025/05/04 22:12:44 RTP packet received: 13 bytes
2025/05/04 22:12:44 RTP packet received: 13 bytes
2025/05/04 22:12:44 RTP packet received: 13 bytes
2025/05/04 22:12:44 RTP packet received: 13 bytes
2025/05/04 22:12:44 📈 Packets: 16/s | Bitrate: 1.66 kbps
2025/05/04 22:12:44 RTP packet received: 13 bytes
2025/05/04 22:12:44 RTP packet received: 13 bytes
2025/05/04 22:12:44 RTP packet received: 13 bytes
2025/05/04 22:12:44 RTP packet received: 13 bytes
2025/05/04 22:12:44 RTP packet received: 13 bytes
2025/05/04 22:12:44 RTP packet received: 13 bytes
2025/05/04 22:12:44 RTP packet received: 13 bytes
2025/05/04 22:12:45 RTP packet received: 13 bytes
2025/05/04 22:12:45 RTP packet received: 13 bytes
2025/05/04 22:12:45 RTP packet received: 13 bytes
2025/05/04 22:12:45 RTP packet received: 13 bytes
2025/05/04 22:12:45 RTP packet received: 13 bytes
2025/05/04 22:12:45 RTP packet received: 13 bytes
2025/05/04 22:12:45 RTP packet received: 13 bytes
2025/05/04 22:12:45 RTP packet received: 13 bytes
2025/05/04 22:12:45 📈 Packets: 15/s | Bitrate: 1.56 kbps
2025/05/04 22:12:45 RTP packet received: 13 bytes
2025/05/04 22:12:45 RTP packet received: 13 bytes
2025/05/04 22:12:45 RTP packet received: 13 bytes
2025/05/04 22:12:45 RTP packet received: 13 bytes
2025/05/04 22:12:45 RTP packet received: 13 bytes
2025/05/04 22:12:46 RTP packet received: 13 bytes
2025/05/04 22:12:46 RTP packet received: 13 bytes
2025/05/04 22:12:46 RTP packet received: 13 bytes
2025/05/04 22:12:46 RTP packet received: 13 bytes
2025/05/04 22:12:46 RTP packet received: 13 bytes
2025/05/04 22:12:46 RTP packet received: 13 bytes
2025/05/04 22:12:46 RTP packet received: 13 bytes
2025/05/04 22:12:46 RTP packet received: 13 bytes
2025/05/04 22:12:46 📈 Packets: 15/s | Bitrate: 1.56 kbps
2025/05/04 22:12:46 RTP packet received: 13 bytes
2025/05/04 22:12:46 RTP packet received: 13 bytes
2025/05/04 22:12:46 RTP packet received: 13 bytes
2025/05/04 22:12:46 RTP packet received: 13 bytes
2025/05/04 22:12:46 RTP packet received: 13 bytes
2025/05/04 22:12:46 RTP packet received: 13 bytes
2025/05/04 22:12:46 RTP packet received: 13 bytes
2025/05/04 22:12:47 RTP packet received: 13 bytes
2025/05/04 22:12:47 RTP packet received: 13 bytes
2025/05/04 22:12:47 RTP packet received: 13 bytes
2025/05/04 22:12:47 RTP packet received: 13 bytes
2025/05/04 22:12:47 RTP packet received: 13 bytes
2025/05/04 22:12:47 RTP packet received: 13 bytes
2025/05/04 22:12:47 RTP packet received: 13 bytes
2025/05/04 22:12:47 RTP packet received: 13 bytes
2025/05/04 22:12:47 📈 Packets: 16/s | Bitrate: 1.66 kbps
2025/05/04 22:12:47 RTP packet received: 13 bytes
2025/05/04 22:12:47 RTP packet received: 13 bytes
2025/05/04 22:12:47 RTP packet received: 13 bytes
2025/05/04 22:12:47 RTP packet received: 13 bytes
2025/05/04 22:12:47 RTP packet received: 13 bytes
2025/05/04 22:12:47 RTP packet received: 13 bytes
2025/05/04 22:12:47 RTP packet received: 13 bytes
2025/05/04 22:12:48 RTP packet received: 13 bytes
2025/05/04 22:12:48 RTP packet received: 13 bytes
2025/05/04 22:12:48 RTP packet received: 13 bytes
2025/05/04 22:12:48 RTP packet received: 13 bytes
2025/05/04 22:12:48 RTP packet received: 13 bytes
2025/05/04 22:12:48 RTP packet received: 13 bytes
2025/05/04 22:12:48 RTP packet received: 13 bytes
2025/05/04 22:12:48 RTP packet received: 13 bytes
2025/05/04 22:12:48 📈 Packets: 15/s | Bitrate: 1.56 kbps
2025/05/04 22:12:48 RTP packet received: 13 bytes
2025/05/04 22:12:48 RTP packet received: 13 bytes
2025/05/04 22:12:48 RTP packet received: 13 bytes
2025/05/04 22:12:48 RTP packet received: 13 bytes
2025/05/04 22:12:48 RTP packet received: 13 bytes
2025/05/04 22:12:48 RTP packet received: 13 bytes
2025/05/04 22:12:48 RTP packet received: 13 bytes
2025/05/04 22:12:49 RTP packet received: 13 bytes
2025/05/04 22:12:49 RTP packet received: 13 bytes
2025/05/04 22:12:49 RTP packet received: 13 bytes
2025/05/04 22:12:49 RTP packet received: 13 bytes
2025/05/04 22:12:49 RTP packet received: 13 bytes
2025/05/04 22:12:49 RTP packet received: 13 bytes
2025/05/04 22:12:49 RTP packet received: 13 bytes
2025/05/04 22:12:49 RTP packet received: 13 bytes
2025/05/04 22:12:49 📈 Packets: 15/s | Bitrate: 1.56 kbps
2025/05/04 22:12:49 RTP packet received: 13 bytes
2025/05/04 22:12:49 RTP packet received: 13 bytes
2025/05/04 22:12:49 RTP packet received: 13 bytes
2025/05/04 22:12:49 RTP packet received: 13 bytes
2025/05/04 22:12:49 RTP packet received: 13 bytes
2025/05/04 22:12:49 RTP packet received: 13 bytes
2025/05/04 22:12:49 RTP packet received: 13 bytes
2025/05/04 22:12:50 RTP packet received: 13 bytes
2025/05/04 22:12:50 RTP packet received: 13 bytes
2025/05/04 22:12:50 RTP packet received: 13 bytes
2025/05/04 22:12:50 RTP packet received: 13 bytes
2025/05/04 22:12:50 RTP packet received: 13 bytes
2025/05/04 22:12:50 RTP packet received: 13 bytes
2025/05/04 22:12:50 RTP packet received: 13 bytes
2025/05/04 22:12:50 RTP packet received: 13 bytes
2025/05/04 22:12:50 RTP packet received: 13 bytes
2025/05/04 22:12:50 📈 Packets: 15/s | Bitrate: 1.56 kbps
2025/05/04 22:12:50 RTP packet received: 13 bytes
2025/05/04 22:12:50 RTP packet received: 13 bytes
2025/05/04 22:12:50 RTP packet received: 13 bytes
2025/05/04 22:12:50 RTP packet received: 13 bytes
2025/05/04 22:12:50 RTP packet received: 13 bytes
2025/05/04 22:12:50 RTP packet received: 13 bytes
2025/05/04 22:12:51 RTP packet received: 13 bytes
2025/05/04 22:12:51 RTP packet received: 13 bytes
2025/05/04 22:12:51 RTP packet received: 13 bytes
2025/05/04 22:12:51 RTP packet received: 13 bytes
2025/05/04 22:12:51 RTP packet received: 13 bytes
2025/05/04 22:12:51 RTP packet received: 13 bytes
2025/05/04 22:12:51 RTP packet received: 13 bytes
2025/05/04 22:12:51 RTP packet received: 13 bytes
2025/05/04 22:12:51 RTP packet received: 13 bytes
2025/05/04 22:12:51 📈 Packets: 15/s | Bitrate: 1.56 kbps
2025/05/04 22:12:51 RTP packet received: 13 bytes
2025/05/04 22:12:51 RTP packet received: 13 bytes
2025/05/04 22:12:51 RTP packet received: 13 bytes
2025/05/04 22:12:51 RTP packet received: 13 bytes
2025/05/04 22:12:51 RTP packet received: 13 bytes
2025/05/04 22:12:51 RTP packet received: 13 bytes
2025/05/04 22:12:52 RTP packet received: 13 bytes
2025/05/04 22:12:52 RTP packet received: 13 bytes
2025/05/04 22:12:52 RTP packet received: 13 bytes
2025/05/04 22:12:52 RTP packet received: 13 bytes
2025/05/04 22:12:52 RTP packet received: 13 bytes
2025/05/04 22:12:52 RTP packet received: 13 bytes
2025/05/04 22:12:52 RTP packet received: 13 bytes
2025/05/04 22:12:52 RTP packet received: 13 bytes
2025/05/04 22:12:52 RTP packet received: 13 bytes
2025/05/04 22:12:52 📈 Packets: 15/s | Bitrate: 1.56 kbps
2025/05/04 22:12:52 RTP packet received: 13 bytes
2025/05/04 22:12:52 RTP packet received: 13 bytes
2025/05/04 22:12:52 RTP packet received: 13 bytes
2025/05/04 22:12:52 RTP packet received: 13 bytes
2025/05/04 22:12:52 RTP packet received: 13 bytes
2025/05/04 22:12:52 RTP packet received: 13 bytes
2025/05/04 22:12:53 RTP packet received: 13 bytes
2025/05/04 22:12:53 RTP packet received: 13 bytes
2025/05/04 22:12:53 RTP packet received: 13 bytes
2025/05/04 22:12:53 RTP packet received: 13 bytes
2025/05/04 22:12:53 RTP packet received: 13 bytes
2025/05/04 22:12:53 RTP packet received: 13 bytes
2025/05/04 22:12:53 RTP packet received: 13 bytes
2025/05/04 22:12:53 RTP packet received: 13 bytes
2025/05/04 22:12:53 RTP packet received: 13 bytes
2025/05/04 22:12:53 📈 Packets: 15/s | Bitrate: 1.56 kbps
2025/05/04 22:12:53 RTP packet received: 13 bytes
2025/05/04 22:12:53 RTP packet received: 13 bytes
2025/05/04 22:12:53 RTP packet received: 13 bytes
2025/05/04 22:12:53 RTP packet received: 13 bytes
2025/05/04 22:12:53 RTP packet received: 13 bytes
2025/05/04 22:12:53 RTP packet received: 13 bytes
2025/05/04 22:12:53 RTP packet received: 13 bytes
2025/05/04 22:12:54 RTP packet received: 13 bytes
2025/05/04 22:12:54 RTP packet received: 13 bytes
2025/05/04 22:12:54 RTP packet received: 13 bytes
2025/05/04 22:12:54 RTP packet received: 13 bytes
2025/05/04 22:12:54 RTP packet received: 13 bytes
2025/05/04 22:12:54 RTP packet received: 13 bytes
2025/05/04 22:12:54 RTP packet received: 13 bytes
2025/05/04 22:12:54 RTP packet received: 13 bytes
2025/05/04 22:12:54 📈 Packets: 16/s | Bitrate: 1.66 kbps
2025/05/04 22:12:54 RTP packet received: 13 bytes
2025/05/04 22:12:54 RTP packet received: 13 bytes
2025/05/04 22:12:54 RTP packet received: 13 bytes
2025/05/04 22:12:54 RTP packet received: 13 bytes
2025/05/04 22:12:54 RTP packet received: 13 bytes
2025/05/04 22:12:54 RTP packet received: 13 bytes
2025/05/04 22:12:54 RTP packet received: 13 bytes
2025/05/04 22:12:55 RTP packet received: 13 bytes
2025/05/04 22:12:55 RTP packet received: 13 bytes
2025/05/04 22:12:55 RTP packet received: 13 bytes
2025/05/04 22:12:55 RTP packet received: 13 bytes
2025/05/04 22:12:55 RTP packet received: 13 bytes
2025/05/04 22:12:55 RTP packet received: 13 bytes
2025/05/04 22:12:55 RTP packet received: 13 bytes
2025/05/04 22:12:55 RTP packet received: 13 bytes
2025/05/04 22:12:55 📈 Packets: 15/s | Bitrate: 1.56 kbps
2025/05/04 22:12:55 RTP packet received: 13 bytes
2025/05/04 22:12:55 RTP packet received: 13 bytes
2025/05/04 22:12:55 RTP packet received: 13 bytes
2025/05/04 22:12:55 RTP packet received: 13 bytes
2025/05/04 22:12:55 RTP packet received: 13 bytes
2025/05/04 22:12:55 RTP packet received: 13 bytes
2025/05/04 22:12:55 RTP packet received: 13 bytes
2025/05/04 22:12:56 RTP packet received: 13 bytes
2025/05/04 22:12:56 RTP packet received: 13 bytes
2025/05/04 22:12:56 RTP packet received: 13 bytes
2025/05/04 22:12:56 RTP packet received: 13 bytes
2025/05/04 22:12:56 RTP packet received: 13 bytes
2025/05/04 22:12:56 RTP packet received: 13 bytes
2025/05/04 22:12:56 RTP packet received: 13 bytes
2025/05/04 22:12:56 RTP packet received: 13 bytes
2025/05/04 22:12:56 📈 Packets: 15/s | Bitrate: 1.56 kbps
2025/05/04 22:12:56 RTP packet received: 13 bytes
2025/05/04 22:12:56 RTP packet received: 13 bytes
2025/05/04 22:12:56 RTP packet received: 13 bytes
2025/05/04 22:12:56 RTP packet received: 13 bytes
2025/05/04 22:12:56 RTP packet received: 13 bytes
2025/05/04 22:12:56 RTP packet received: 13 bytes
2025/05/04 22:12:56 RTP packet received: 13 bytes
2025/05/04 22:12:57 RTP packet received: 13 bytes
2025/05/04 22:12:57 RTP packet received: 13 bytes
2025/05/04 22:12:57 RTP packet received: 13 bytes
2025/05/04 22:12:57 RTP packet received: 13 bytes
2025/05/04 22:12:57 RTP packet received: 13 bytes
2025/05/04 22:12:57 RTP packet received: 13 bytes
2025/05/04 22:12:57 RTP packet received: 13 bytes
2025/05/04 22:12:57 RTP packet received: 13 bytes
2025/05/04 22:12:57 RTP packet received: 13 bytes
2025/05/04 22:12:57 📈 Packets: 15/s | Bitrate: 1.56 kbps
2025/05/04 22:12:57 RTP packet received: 13 bytes
2025/05/04 22:12:57 RTP packet received: 13 bytes
2025/05/04 22:12:57 RTP packet received: 13 bytes
2025/05/04 22:12:57 RTP packet received: 13 bytes
2025/05/04 22:12:57 RTP packet received: 13 bytes
2025/05/04 22:12:57 RTP packet received: 13 bytes
2025/05/04 22:12:58 RTP packet received: 13 bytes
2025/05/04 22:12:58 RTP packet received: 13 bytes
2025/05/04 22:12:58 RTP packet received: 13 bytes
2025/05/04 22:12:58 RTP packet received: 13 bytes
2025/05/04 22:12:58 RTP packet received: 13 bytes
2025/05/04 22:12:58 RTP packet received: 13 bytes
2025/05/04 22:12:58 RTP packet received: 13 bytes
2025/05/04 22:12:58 RTP packet received: 13 bytes
2025/05/04 22:12:58 RTP packet received: 13 bytes
2025/05/04 22:12:58 📈 Packets: 15/s | Bitrate: 1.56 kbps
2025/05/04 22:12:58 RTP packet received: 13 bytes
2025/05/04 22:12:58 RTP packet received: 13 bytes
2025/05/04 22:12:58 RTP packet received: 13 bytes
2025/05/04 22:12:58 RTP packet received: 13 bytes
2025/05/04 22:12:58 RTP packet received: 13 bytes
2025/05/04 22:12:58 RTP packet received: 13 bytes
2025/05/04 22:12:59 RTP packet received: 13 bytes
2025/05/04 22:12:59 RTP packet received: 13 bytes
2025/05/04 22:12:59 RTP packet received: 13 bytes
2025/05/04 22:12:59 RTP packet received: 13 bytes
2025/05/04 22:12:59 RTP packet received: 13 bytes
2025/05/04 22:12:59 RTP packet received: 13 bytes
2025/05/04 22:12:59 RTP packet received: 13 bytes
2025/05/04 22:12:59 RTP packet received: 13 bytes
2025/05/04 22:12:59 RTP packet received: 13 bytes
2025/05/04 22:12:59 📈 Packets: 15/s | Bitrate: 1.56 kbps
2025/05/04 22:12:59 RTP packet received: 13 bytes
2025/05/04 22:12:59 RTP packet received: 13 bytes
2025/05/04 22:12:59 RTP packet received: 13 bytes
2025/05/04 22:12:59 RTP packet received: 13 bytes
2025/05/04 22:12:59 RTP packet received: 13 bytes
2025/05/04 22:12:59 RTP packet received: 13 bytes
2025/05/04 22:12:59 RTP packet received: 13 bytes
2025/05/04 22:13:00 RTP packet received: 13 bytes
2025/05/04 22:13:00 RTP packet received: 13 bytes
2025/05/04 22:13:00 RTP packet received: 13 bytes
2025/05/04 22:13:00 RTP packet received: 13 bytes
2025/05/04 22:13:00 RTP packet received: 13 bytes
2025/05/04 22:13:00 RTP packet received: 13 bytes
2025/05/04 22:13:00 RTP packet received: 13 bytes
2025/05/04 22:13:00 RTP packet received: 13 bytes
2025/05/04 22:13:00 RTP packet received: 13 bytes
2025/05/04 22:13:00 RTP packet received: 13 bytes
2025/05/04 22:13:00 📈 Packets: 14/s | Bitrate: 1.46 kbps
2025/05/04 22:13:00 RTP packet received: 13 bytes
2025/05/04 22:13:00 RTP packet received: 13 bytes
2025/05/04 22:13:00 RTP packet received: 13 bytes
2025/05/04 22:13:00 RTP packet received: 13 bytes
2025/05/04 22:13:00 RTP packet received: 13 bytes
2025/05/04 22:13:00 RTP packet received: 13 bytes
2025/05/04 22:13:01 RTP packet received: 13 bytes
2025/05/04 22:13:01 RTP packet received: 13 bytes
2025/05/04 22:13:01 RTP packet received: 13 bytes
2025/05/04 22:13:01 RTP packet received: 13 bytes
2025/05/04 22:13:01 RTP packet received: 13 bytes
2025/05/04 22:13:01 RTP packet received: 13 bytes
2025/05/04 22:13:01 RTP packet received: 13 bytes
2025/05/04 22:13:01 RTP packet received: 13 bytes
2025/05/04 22:13:01 RTP packet received: 13 bytes
2025/05/04 22:13:01 📈 Packets: 15/s | Bitrate: 1.56 kbps
2025/05/04 22:13:01 RTP packet received: 13 bytes
2025/05/04 22:13:01 RTP packet received: 13 bytes
2025/05/04 22:13:01 RTP packet received: 13 bytes
2025/05/04 22:13:01 RTP packet received: 13 bytes
2025/05/04 22:13:01 RTP packet received: 13 bytes
2025/05/04 22:13:01 RTP packet received: 13 bytes
2025/05/04 22:13:02 RTP packet received: 13 bytes
2025/05/04 22:13:02 RTP packet received: 13 bytes
2025/05/04 22:13:02 RTP packet received: 13 bytes
2025/05/04 22:13:02 RTP packet received: 13 bytes
2025/05/04 22:13:02 RTP packet received: 13 bytes
2025/05/04 22:13:02 RTP packet received: 13 bytes
2025/05/04 22:13:02 RTP packet received: 13 bytes
2025/05/04 22:13:02 RTP packet received: 13 bytes
2025/05/04 22:13:02 RTP packet received: 13 bytes
2025/05/04 22:13:02 📈 Packets: 15/s | Bitrate: 1.56 kbps
2025/05/04 22:13:02 RTP packet received: 13 bytes
2025/05/04 22:13:02 RTP packet received: 13 bytes
2025/05/04 22:13:02 RTP packet received: 13 bytes
2025/05/04 22:13:02 RTP packet received: 13 bytes
2025/05/04 22:13:02 RTP packet received: 13 bytes
2025/05/04 22:13:02 RTP packet received: 13 bytes
2025/05/04 22:13:02 RTP packet received: 13 bytes
2025/05/04 22:13:03 RTP packet received: 13 bytes
2025/05/04 22:13:03 RTP packet received: 13 bytes
2025/05/04 22:13:03 RTP packet received: 13 bytes
2025/05/04 22:13:03 RTP packet received: 13 bytes
2025/05/04 22:13:03 RTP packet received: 13 bytes
2025/05/04 22:13:03 RTP packet received: 13 bytes
2025/05/04 22:13:03 RTP packet received: 13 bytes
2025/05/04 22:13:03 RTP packet received: 13 bytes
2025/05/04 22:13:03 📈 Packets: 15/s | Bitrate: 1.56 kbps
2025/05/04 22:13:03 RTP packet received: 13 bytes
2025/05/04 22:13:03 RTP packet received: 13 bytes
2025/05/04 22:13:03 RTP packet received: 13 bytes
2025/05/04 22:13:03 RTP packet received: 13 bytes
2025/05/04 22:13:03 RTP packet received: 13 bytes
2025/05/04 22:13:03 RTP packet received: 13 bytes
2025/05/04 22:13:03 RTP packet received: 13 bytes
2025/05/04 22:13:04 RTP packet received: 13 bytes
2025/05/04 22:13:04 RTP packet received: 13 bytes
2025/05/04 22:13:04 RTP packet received: 13 bytes
2025/05/04 22:13:04 RTP packet received: 13 bytes
2025/05/04 22:13:04 RTP packet received: 13 bytes
2025/05/04 22:13:04 RTP packet received: 13 bytes
2025/05/04 22:13:04 RTP packet received: 13 bytes
2025/05/04 22:13:04 RTP packet received: 13 bytes
2025/05/04 22:13:04 📈 Packets: 16/s | Bitrate: 1.66 kbps
2025/05/04 22:13:04 RTP packet received: 13 bytes
2025/05/04 22:13:04 RTP packet received: 13 bytes
2025/05/04 22:13:04 RTP packet received: 13 bytes
2025/05/04 22:13:04 RTP packet received: 13 bytes
2025/05/04 22:13:04 RTP packet received: 13 bytes
2025/05/04 22:13:04 RTP packet received: 13 bytes
2025/05/04 22:13:04 RTP packet received: 13 bytes
2025/05/04 22:13:05 RTP packet received: 13 bytes
2025/05/04 22:13:05 RTP packet received: 13 bytes
2025/05/04 22:13:05 RTP packet received: 13 bytes
2025/05/04 22:13:05 RTP packet received: 13 bytes
2025/05/04 22:13:05 RTP packet received: 13 bytes
2025/05/04 22:13:05 RTP packet received: 13 bytes
2025/05/04 22:13:05 RTP packet received: 13 bytes
2025/05/04 22:13:05 RTP packet received: 13 bytes
2025/05/04 22:13:05 📈 Packets: 15/s | Bitrate: 1.56 kbps
2025/05/04 22:13:05 RTP packet received: 13 bytes
2025/05/04 22:13:05 RTP packet received: 13 bytes
2025/05/04 22:13:05 RTP packet received: 13 bytes
2025/05/04 22:13:05 RTP packet received: 13 bytes
2025/05/04 22:13:05 RTP packet received: 13 bytes
2025/05/04 22:13:05 RTP packet received: 13 bytes
2025/05/04 22:13:05 RTP packet received: 13 bytes
2025/05/04 22:13:06 RTP packet received: 13 bytes
2025/05/04 22:13:06 RTP packet received: 13 bytes
2025/05/04 22:13:06 RTP packet received: 13 bytes
2025/05/04 22:13:06 RTP packet received: 13 bytes
2025/05/04 22:13:06 RTP packet received: 13 bytes
2025/05/04 22:13:06 RTP packet received: 13 bytes
2025/05/04 22:13:06 RTP packet received: 13 bytes
2025/05/04 22:13:06 RTP packet received: 13 bytes
2025/05/04 22:13:06 📈 Packets: 15/s | Bitrate: 1.56 kbps
2025/05/04 22:13:06 RTP packet received: 13 bytes
2025/05/04 22:13:06 RTP packet received: 13 bytes
2025/05/04 22:13:06 RTP packet received: 13 bytes
2025/05/04 22:13:06 RTP packet received: 13 bytes
2025/05/04 22:13:06 RTP packet received: 13 bytes
2025/05/04 22:13:06 RTP packet received: 13 bytes
2025/05/04 22:13:06 RTP packet received: 13 bytes
2025/05/04 22:13:07 RTP packet received: 13 bytes
2025/05/04 22:13:07 RTP packet received: 13 bytes
2025/05/04 22:13:07 RTP packet received: 13 bytes
2025/05/04 22:13:07 RTP packet received: 13 bytes
2025/05/04 22:13:07 RTP packet received: 13 bytes
2025/05/04 22:13:07 RTP packet received: 13 bytes
2025/05/04 22:13:07 RTP packet received: 13 bytes
2025/05/04 22:13:07 RTP packet received: 13 bytes
2025/05/04 22:13:07 RTP packet received: 13 bytes
2025/05/04 22:13:07 📈 Packets: 15/s | Bitrate: 1.56 kbps
2025/05/04 22:13:07 RTP packet received: 13 bytes
2025/05/04 22:13:07 RTP packet received: 13 bytes
2025/05/04 22:13:07 RTP packet received: 13 bytes
2025/05/04 22:13:07 RTP packet received: 13 bytes
2025/05/04 22:13:07 RTP packet received: 13 bytes
2025/05/04 22:13:07 RTP packet received: 13 bytes
2025/05/04 22:13:08 RTP packet received: 13 bytes
2025/05/04 22:13:08 RTP packet received: 13 bytes
2025/05/04 22:13:08 RTP packet received: 13 bytes
2025/05/04 22:13:08 RTP packet received: 13 bytes
2025/05/04 22:13:08 RTP packet received: 13 bytes
2025/05/04 22:13:08 RTP packet received: 13 bytes
2025/05/04 22:13:08 RTP packet received: 13 bytes
2025/05/04 22:13:08 RTP packet received: 13 bytes
2025/05/04 22:13:08 RTP packet received: 13 bytes
2025/05/04 22:13:08 📈 Packets: 15/s | Bitrate: 1.56 kbps
2025/05/04 22:13:08 RTP packet received: 13 bytes
2025/05/04 22:13:08 RTP packet received: 13 bytes
2025/05/04 22:13:08 RTP packet received: 13 bytes
2025/05/04 22:13:08 RTP packet received: 13 bytes
2025/05/04 22:13:08 RTP packet received: 13 bytes
2025/05/04 22:13:08 RTP packet received: 13 bytes
2025/05/04 22:13:09 RTP packet received: 13 bytes
2025/05/04 22:13:09 RTP packet received: 13 bytes
2025/05/04 22:13:09 RTP packet received: 13 bytes
2025/05/04 22:13:09 RTP packet received: 13 bytes
2025/05/04 22:13:09 RTP packet received: 13 bytes
2025/05/04 22:13:09 RTP packet received: 13 bytes
2025/05/04 22:13:09 RTP packet received: 13 bytes
2025/05/04 22:13:09 RTP packet received: 13 bytes
2025/05/04 22:13:09 RTP packet received: 13 bytes
2025/05/04 22:13:09 📈 Packets: 15/s | Bitrate: 1.56 kbps
2025/05/04 22:13:09 RTP packet received: 13 bytes
2025/05/04 22:13:09 RTP packet received: 13 bytes
2025/05/04 22:13:09 RTP packet received: 13 bytes
2025/05/04 22:13:09 RTP packet received: 13 bytes
2025/05/04 22:13:09 RTP packet received: 13 bytes
2025/05/04 22:13:09 RTP packet received: 13 bytes
2025/05/04 22:13:09 RTP packet received: 13 bytes
2025/05/04 22:13:10 RTP packet received: 13 bytes
2025/05/04 22:13:10 RTP packet received: 13 bytes
2025/05/04 22:13:10 RTP packet received: 13 bytes
2025/05/04 22:13:10 RTP packet received: 13 bytes
2025/05/04 22:13:10 RTP packet received: 13 bytes
2025/05/04 22:13:10 RTP packet received: 13 bytes
2025/05/04 22:13:10 RTP packet received: 13 bytes
2025/05/04 22:13:10 RTP packet received: 13 bytes
2025/05/04 22:13:10 📈 Packets: 16/s | Bitrate: 1.66 kbps
2025/05/04 22:13:10 RTP packet received: 13 bytes
2025/05/04 22:13:10 RTP packet received: 13 bytes
2025/05/04 22:13:10 RTP packet received: 13 bytes
2025/05/04 22:13:10 RTP packet received: 13 bytes
2025/05/04 22:13:10 RTP packet received: 13 bytes
2025/05/04 22:13:10 RTP packet received: 13 bytes
2025/05/04 22:13:10 RTP packet received: 13 bytes
2025/05/04 22:13:11 RTP packet received: 13 bytes
2025/05/04 22:13:11 RTP packet received: 13 bytes
2025/05/04 22:13:11 RTP packet received: 13 bytes
2025/05/04 22:13:11 RTP packet received: 13 bytes
2025/05/04 22:13:11 RTP packet received: 13 bytes
2025/05/04 22:13:11 RTP packet received: 13 bytes
2025/05/04 22:13:11 RTP packet received: 13 bytes
2025/05/04 22:13:11 RTP packet received: 13 bytes
2025/05/04 22:13:11 📈 Packets: 15/s | Bitrate: 1.56 kbps
2025/05/04 22:13:11 RTP packet received: 13 bytes
2025/05/04 22:13:11 RTP packet received: 13 bytes
2025/05/04 22:13:11 RTP packet received: 13 bytes
2025/05/04 22:13:11 RTP packet received: 13 bytes
2025/05/04 22:13:11 RTP packet received: 13 bytes
2025/05/04 22:13:11 RTP packet received: 13 bytes
2025/05/04 22:13:11 RTP packet received: 13 bytes
2025/05/04 22:13:12 RTP packet received: 13 bytes
2025/05/04 22:13:12 RTP packet received: 13 bytes
2025/05/04 22:13:12 RTP packet received: 13 bytes
2025/05/04 22:13:12 RTP packet received: 13 bytes
2025/05/04 22:13:12 RTP packet received: 13 bytes
2025/05/04 22:13:12 RTP packet received: 13 bytes
2025/05/04 22:13:12 RTP packet received: 13 bytes
2025/05/04 22:13:12 RTP packet received: 13 bytes
2025/05/04 22:13:12 📈 Packets: 15/s | Bitrate: 1.56 kbps
2025/05/04 22:13:12 RTP packet received: 13 bytes
2025/05/04 22:13:12 RTP packet received: 13 bytes
2025/05/04 22:13:12 RTP packet received: 13 bytes
2025/05/04 22:13:12 RTP packet received: 13 bytes
2025/05/04 22:13:12 RTP packet received: 13 bytes
2025/05/04 22:13:12 RTP packet received: 13 bytes
2025/05/04 22:13:12 RTP packet received: 13 bytes
2025/05/04 22:13:13 RTP packet received: 13 bytes
2025/05/04 22:13:13 RTP packet received: 13 bytes
2025/05/04 22:13:13 RTP packet received: 13 bytes
2025/05/04 22:13:13 RTP packet received: 13 bytes
2025/05/04 22:13:13 RTP packet received: 13 bytes
2025/05/04 22:13:13 RTP packet received: 13 bytes
2025/05/04 22:13:13 RTP packet received: 13 bytes
2025/05/04 22:13:13 RTP packet received: 13 bytes
2025/05/04 22:13:13 📈 Packets: 15/s | Bitrate: 1.56 kbps
2025/05/04 22:13:13 RTP packet received: 13 bytes
2025/05/04 22:13:13 RTP packet received: 13 bytes
2025/05/04 22:13:13 RTP packet received: 13 bytes
2025/05/04 22:13:13 RTP packet received: 13 bytes
2025/05/04 22:13:13 RTP packet received: 13 bytes
2025/05/04 22:13:13 RTP packet received: 13 bytes
2025/05/04 22:13:13 RTP packet received: 13 bytes
2025/05/04 22:13:14 RTP packet received: 13 bytes
2025/05/04 22:13:14 RTP packet received: 13 bytes
2025/05/04 22:13:14 RTP packet received: 13 bytes
2025/05/04 22:13:14 RTP packet received: 13 bytes
2025/05/04 22:13:14 RTP packet received: 13 bytes
2025/05/04 22:13:14 RTP packet received: 13 bytes
2025/05/04 22:13:14 RTP packet received: 13 bytes
2025/05/04 22:13:14 RTP packet received: 13 bytes
2025/05/04 22:13:14 RTP packet received: 13 bytes
2025/05/04 22:13:14 📈 Packets: 15/s | Bitrate: 1.56 kbps
2025/05/04 22:13:14 RTP packet received: 13 bytes
2025/05/04 22:13:14 RTP packet received: 13 bytes
2025/05/04 22:13:14 RTP packet received: 13 bytes
2025/05/04 22:13:14 RTP packet received: 13 bytes
2025/05/04 22:13:14 RTP packet received: 13 bytes
2025/05/04 22:13:14 RTP packet received: 13 bytes
2025/05/04 22:13:15 RTP packet received: 13 bytes
2025/05/04 22:13:15 RTP packet received: 13 bytes
2025/05/04 22:13:15 RTP packet received: 13 bytes
2025/05/04 22:13:15 RTP packet received: 13 bytes
2025/05/04 22:13:15 RTP packet received: 13 bytes
2025/05/04 22:13:15 RTP packet received: 13 bytes
2025/05/04 22:13:15 RTP packet received: 13 bytes
2025/05/04 22:13:15 RTP packet received: 13 bytes
2025/05/04 22:13:15 RTP packet received: 13 bytes
2025/05/04 22:13:15 📈 Packets: 15/s | Bitrate: 1.56 kbps
2025/05/04 22:13:15 RTP packet received: 13 bytes
2025/05/04 22:13:15 RTP packet received: 13 bytes
2025/05/04 22:13:15 RTP packet received: 13 bytes
2025/05/04 22:13:15 RTP packet received: 13 bytes
2025/05/04 22:13:15 RTP packet received: 13 bytes
2025/05/04 22:13:15 RTP packet received: 13 bytes
2025/05/04 22:13:15 RTP packet received: 13 bytes
2025/05/04 22:13:16 RTP packet received: 13 bytes
2025/05/04 22:13:16 RTP packet received: 13 bytes
2025/05/04 22:13:16 RTP packet received: 13 bytes
2025/05/04 22:13:16 RTP packet received: 13 bytes
2025/05/04 22:13:16 RTP packet received: 13 bytes
2025/05/04 22:13:16 RTP packet received: 13 bytes
2025/05/04 22:13:16 RTP packet received: 13 bytes
2025/05/04 22:13:16 RTP packet received: 13 bytes
2025/05/04 22:13:16 📈 Packets: 16/s | Bitrate: 1.66 kbps
2025/05/04 22:13:16 RTP packet received: 13 bytes
2025/05/04 22:13:16 RTP packet received: 13 bytes
2025/05/04 22:13:16 RTP packet received: 13 bytes
2025/05/04 22:13:16 RTP packet received: 13 bytes
2025/05/04 22:13:16 RTP packet received: 13 bytes
2025/05/04 22:13:16 RTP packet received: 13 bytes
2025/05/04 22:13:16 RTP packet received: 13 bytes
2025/05/04 22:13:17 RTP packet received: 13 bytes
2025/05/04 22:13:17 RTP packet received: 13 bytes
2025/05/04 22:13:17 RTP packet received: 13 bytes
2025/05/04 22:13:17 RTP packet received: 13 bytes
2025/05/04 22:13:17 RTP packet received: 13 bytes
2025/05/04 22:13:17 RTP packet received: 13 bytes
2025/05/04 22:13:17 RTP packet received: 13 bytes
2025/05/04 22:13:17 RTP packet received: 13 bytes
2025/05/04 22:13:17 📈 Packets: 15/s | Bitrate: 1.56 kbps
2025/05/04 22:13:17 RTP packet received: 13 bytes
2025/05/04 22:13:17 RTP packet received: 13 bytes
2025/05/04 22:13:17 RTP packet received: 13 bytes
2025/05/04 22:13:17 RTP packet received: 13 bytes
2025/05/04 22:13:17 RTP packet received: 13 bytes
2025/05/04 22:13:17 RTP packet received: 13 bytes
2025/05/04 22:13:17 RTP packet received: 13 bytes
2025/05/04 22:13:18 RTP packet received: 13 bytes
2025/05/04 22:13:18 RTP packet received: 13 bytes
2025/05/04 22:13:18 RTP packet received: 13 bytes
2025/05/04 22:13:18 RTP packet received: 13 bytes
2025/05/04 22:13:18 RTP packet received: 13 bytes
2025/05/04 22:13:18 RTP packet received: 13 bytes
2025/05/04 22:13:18 RTP packet received: 13 bytes
2025/05/04 22:13:18 RTP packet received: 13 bytes
2025/05/04 22:13:18 📈 Packets: 15/s | Bitrate: 1.56 kbps
2025/05/04 22:13:18 RTP packet received: 13 bytes
2025/05/04 22:13:18 RTP packet received: 13 bytes
2025/05/04 22:13:18 RTP packet received: 13 bytes
2025/05/04 22:13:18 RTP packet received: 13 bytes
2025/05/04 22:13:18 RTP packet received: 13 bytes
2025/05/04 22:13:18 RTP packet received: 13 bytes
2025/05/04 22:13:18 RTP packet received: 13 bytes
2025/05/04 22:13:19 RTP packet received: 13 bytes
2025/05/04 22:13:19 RTP packet received: 13 bytes
2025/05/04 22:13:19 RTP packet received: 13 bytes
2025/05/04 22:13:19 RTP packet received: 13 bytes
2025/05/04 22:13:19 RTP packet received: 13 bytes
2025/05/04 22:13:19 RTP packet received: 13 bytes
2025/05/04 22:13:19 RTP packet received: 13 bytes
2025/05/04 22:13:19 RTP packet received: 13 bytes
2025/05/04 22:13:19 📈 Packets: 15/s | Bitrate: 1.56 kbps
2025/05/04 22:13:19 RTP packet received: 13 bytes
2025/05/04 22:13:19 RTP packet received: 13 bytes
2025/05/04 22:13:19 RTP packet received: 13 bytes
2025/05/04 22:13:19 RTP packet received: 13 bytes
2025/05/04 22:13:19 RTP packet received: 13 bytes
2025/05/04 22:13:19 RTP packet received: 13 bytes
2025/05/04 22:13:19 RTP packet received: 13 bytes
2025/05/04 22:13:20 RTP packet received: 13 bytes
2025/05/04 22:13:20 RTP packet received: 13 bytes
2025/05/04 22:13:20 RTP packet received: 13 bytes
2025/05/04 22:13:20 RTP packet received: 13 bytes
2025/05/04 22:13:20 RTP packet received: 13 bytes
2025/05/04 22:13:20 RTP packet received: 13 bytes
2025/05/04 22:13:20 RTP packet received: 13 bytes
2025/05/04 22:13:20 RTP packet received: 13 bytes
2025/05/04 22:13:20 RTP packet received: 13 bytes
2025/05/04 22:13:20 📈 Packets: 15/s | Bitrate: 1.56 kbps
2025/05/04 22:13:20 RTP packet received: 13 bytes
2025/05/04 22:13:20 RTP packet received: 13 bytes
2025/05/04 22:13:20 RTP packet received: 13 bytes
2025/05/04 22:13:20 RTP packet received: 13 bytes
2025/05/04 22:13:20 RTP packet received: 13 bytes
2025/05/04 22:13:20 RTP packet received: 13 bytes
2025/05/04 22:13:21 RTP packet received: 13 bytes
2025/05/04 22:13:21 RTP packet received: 13 bytes
2025/05/04 22:13:21 RTP packet received: 13 bytes
2025/05/04 22:13:21 RTP packet received: 13 bytes
2025/05/04 22:13:21 RTP packet received: 13 bytes
2025/05/04 22:13:21 RTP packet received: 13 bytes
2025/05/04 22:13:21 RTP packet received: 13 bytes
2025/05/04 22:13:21 RTP packet received: 13 bytes
2025/05/04 22:13:21 RTP packet received: 13 bytes
2025/05/04 22:13:21 📈 Packets: 15/s | Bitrate: 1.56 kbps
2025/05/04 22:13:21 RTP packet received: 13 bytes
2025/05/04 22:13:21 RTP packet received: 13 bytes
2025/05/04 22:13:21 RTP packet received: 13 bytes
2025/05/04 22:13:21 RTP packet received: 13 bytes
2025/05/04 22:13:21 RTP packet received: 13 bytes
2025/05/04 22:13:21 RTP packet received: 13 bytes
2025/05/04 22:13:22 RTP packet received: 13 bytes
2025/05/04 22:13:22 RTP packet received: 13 bytes
2025/05/04 22:13:22 RTP packet received: 13 bytes
2025/05/04 22:13:22 RTP packet received: 13 bytes
2025/05/04 22:13:22 RTP packet received: 13 bytes
2025/05/04 22:13:22 RTP packet received: 13 bytes
2025/05/04 22:13:22 RTP packet received: 13 bytes
2025/05/04 22:13:22 RTP packet received: 13 bytes
2025/05/04 22:13:22 RTP packet received: 13 bytes
2025/05/04 22:13:22 📈 Packets: 15/s | Bitrate: 1.56 kbps
2025/05/04 22:13:22 RTP packet received: 13 bytes
2025/05/04 22:13:22 RTP packet received: 13 bytes
2025/05/04 22:13:22 RTP packet received: 13 bytes
2025/05/04 22:13:22 RTP packet received: 13 bytes
2025/05/04 22:13:22 RTP packet received: 13 bytes
2025/05/04 22:13:22 RTP packet received: 13 bytes
2025/05/04 22:13:22 RTP packet received: 13 bytes
2025/05/04 22:13:23 RTP packet received: 13 bytes
2025/05/04 22:13:23 RTP packet received: 13 bytes
2025/05/04 22:13:23 RTP packet received: 13 bytes
2025/05/04 22:13:23 RTP packet received: 13 bytes
2025/05/04 22:13:23 RTP packet received: 13 bytes
2025/05/04 22:13:23 RTP packet received: 13 bytes
2025/05/04 22:13:23 RTP packet received: 13 bytes
2025/05/04 22:13:23 RTP packet received: 13 bytes
2025/05/04 22:13:23 📈 Packets: 16/s | Bitrate: 1.66 kbps
2025/05/04 22:13:23 RTP packet received: 13 bytes
2025/05/04 22:13:23 RTP packet received: 13 bytes
2025/05/04 22:13:23 RTP packet received: 13 bytes
2025/05/04 22:13:23 RTP packet received: 13 bytes
2025/05/04 22:13:23 RTP packet received: 13 bytes
2025/05/04 22:13:23 RTP packet received: 13 bytes
2025/05/04 22:13:23 RTP packet received: 13 bytes
2025/05/04 22:13:24 RTP packet received: 13 bytes
2025/05/04 22:13:24 RTP packet received: 13 bytes
2025/05/04 22:13:24 RTP packet received: 13 bytes
2025/05/04 22:13:24 RTP packet received: 13 bytes
2025/05/04 22:13:24 RTP packet received: 13 bytes
2025/05/04 22:13:24 RTP packet received: 13 bytes
2025/05/04 22:13:24 RTP packet received: 13 bytes
2025/05/04 22:13:24 RTP packet received: 13 bytes
2025/05/04 22:13:24 📈 Packets: 15/s | Bitrate: 1.56 kbps
2025/05/04 22:13:24 RTP packet received: 13 bytes
2025/05/04 22:13:24 RTP packet received: 13 bytes
2025/05/04 22:13:24 RTP packet received: 13 bytes
2025/05/04 22:13:24 RTP packet received: 13 bytes
2025/05/04 22:13:24 RTP packet received: 13 bytes
2025/05/04 22:13:24 RTP packet received: 13 bytes
2025/05/04 22:13:24 RTP packet received: 13 bytes
2025/05/04 22:13:25 RTP packet received: 13 bytes
2025/05/04 22:13:25 RTP packet received: 13 bytes
2025/05/04 22:13:25 RTP packet received: 13 bytes
2025/05/04 22:13:25 RTP packet received: 13 bytes
2025/05/04 22:13:25 RTP packet received: 13 bytes
2025/05/04 22:13:25 RTP packet received: 13 bytes
2025/05/04 22:13:25 RTP packet received: 13 bytes
2025/05/04 22:13:25 RTP packet received: 13 bytes
2025/05/04 22:13:25 📈 Packets: 15/s | Bitrate: 1.56 kbps
2025/05/04 22:13:25 RTP packet received: 13 bytes
2025/05/04 22:13:25 RTP packet received: 13 bytes
2025/05/04 22:13:25 RTP packet received: 13 bytes
2025/05/04 22:13:25 RTP packet received: 13 bytes
2025/05/04 22:13:25 RTP packet received: 13 bytes
2025/05/04 22:13:25 RTP packet received: 13 bytes
2025/05/04 22:13:25 RTP packet received: 13 bytes
2025/05/04 22:13:26 RTP packet received: 13 bytes
2025/05/04 22:13:26 RTP packet received: 13 bytes
2025/05/04 22:13:26 RTP packet received: 13 bytes
2025/05/04 22:13:26 RTP packet received: 13 bytes
2025/05/04 22:13:26 RTP packet received: 13 bytes
2025/05/04 22:13:26 RTP packet received: 13 bytes
2025/05/04 22:13:26 RTP packet received: 13 bytes
2025/05/04 22:13:26 RTP packet received: 13 bytes
2025/05/04 22:13:26 📈 Packets: 15/s | Bitrate: 1.56 kbps
2025/05/04 22:13:26 RTP packet received: 13 bytes
2025/05/04 22:13:26 RTP packet received: 13 bytes
2025/05/04 22:13:26 RTP packet received: 13 bytes
2025/05/04 22:13:26 RTP packet received: 13 bytes
2025/05/04 22:13:26 RTP packet received: 13 bytes
2025/05/04 22:13:26 RTP packet received: 13 bytes
2025/05/04 22:13:26 RTP packet received: 13 bytes
2025/05/04 22:13:27 RTP packet received: 13 bytes
2025/05/04 22:13:27 RTP packet received: 13 bytes
2025/05/04 22:13:27 RTP packet received: 13 bytes
2025/05/04 22:13:27 RTP packet received: 13 bytes
2025/05/04 22:13:27 RTP packet received: 13 bytes
2025/05/04 22:13:27 RTP packet received: 13 bytes
2025/05/04 22:13:27 RTP packet received: 13 bytes
2025/05/04 22:13:27 RTP packet received: 13 bytes
2025/05/04 22:13:27 RTP packet received: 13 bytes
2025/05/04 22:13:27 📈 Packets: 15/s | Bitrate: 1.56 kbps
2025/05/04 22:13:27 RTP packet received: 13 bytes
2025/05/04 22:13:27 RTP packet received: 13 bytes
2025/05/04 22:13:27 RTP packet received: 13 bytes
2025/05/04 22:13:27 RTP packet received: 13 bytes
2025/05/04 22:13:27 RTP packet received: 13 bytes
2025/05/04 22:13:27 RTP packet received: 13 bytes
2025/05/04 22:13:28 RTP packet received: 13 bytes
2025/05/04 22:13:28 RTP packet received: 13 bytes
2025/05/04 22:13:28 RTP packet received: 13 bytes
2025/05/04 22:13:28 RTP packet received: 13 bytes
2025/05/04 22:13:28 RTP packet received: 13 bytes
2025/05/04 22:13:28 RTP packet received: 13 bytes
2025/05/04 22:13:28 RTP packet received: 13 bytes
2025/05/04 22:13:28 RTP packet received: 13 bytes
2025/05/04 22:13:28 RTP packet received: 13 bytes
2025/05/04 22:13:28 📈 Packets: 15/s | Bitrate: 1.56 kbps
2025/05/04 22:13:28 RTP packet received: 13 bytes
2025/05/04 22:13:28 RTP packet received: 13 bytes
2025/05/04 22:13:28 RTP packet received: 13 bytes
2025/05/04 22:13:28 RTP packet received: 13 bytes
2025/05/04 22:13:28 RTP packet received: 13 bytes
2025/05/04 22:13:28 RTP packet received: 13 bytes
2025/05/04 22:13:29 RTP packet received: 13 bytes
2025/05/04 22:13:29 RTP packet received: 13 bytes
2025/05/04 22:13:29 RTP packet received: 13 bytes
2025/05/04 22:13:29 RTP packet received: 13 bytes
2025/05/04 22:13:29 RTP packet received: 13 bytes
2025/05/04 22:13:29 RTP packet received: 13 bytes
2025/05/04 22:13:29 RTP packet received: 13 bytes
2025/05/04 22:13:29 RTP packet received: 13 bytes
2025/05/04 22:13:29 RTP packet received: 13 bytes
2025/05/04 22:13:29 📈 Packets: 15/s | Bitrate: 1.56 kbps
2025/05/04 22:13:29 RTP packet received: 13 bytes
2025/05/04 22:13:29 RTP packet received: 13 bytes
2025/05/04 22:13:29 RTP packet received: 13 bytes
2025/05/04 22:13:29 RTP packet received: 13 bytes
2025/05/04 22:13:29 RTP packet received: 13 bytes
2025/05/04 22:13:29 RTP packet received: 13 bytes
2025/05/04 22:13:29 RTP packet received: 13 bytes
2025/05/04 22:13:30 RTP packet received: 13 bytes
2025/05/04 22:13:30 RTP packet received: 13 bytes
2025/05/04 22:13:30 RTP packet received: 13 bytes
2025/05/04 22:13:30 RTP packet received: 13 bytes
2025/05/04 22:13:30 RTP packet received: 13 bytes
2025/05/04 22:13:30 RTP packet received: 13 bytes
2025/05/04 22:13:30 RTP packet received: 13 bytes
2025/05/04 22:13:30 RTP packet received: 13 bytes
2025/05/04 22:13:30 📈 Packets: 16/s | Bitrate: 1.66 kbps
2025/05/04 22:13:30 RTP packet received: 13 bytes
2025/05/04 22:13:30 RTP packet received: 13 bytes
2025/05/04 22:13:30 RTP packet received: 13 bytes
2025/05/04 22:13:30 RTP packet received: 13 bytes
2025/05/04 22:13:30 RTP packet received: 13 bytes
2025/05/04 22:13:30 RTP packet received: 13 bytes
2025/05/04 22:13:30 RTP packet received: 13 bytes
2025/05/04 22:13:31 RTP packet received: 13 bytes
2025/05/04 22:13:31 RTP packet received: 13 bytes
2025/05/04 22:13:31 RTP packet received: 13 bytes
2025/05/04 22:13:31 RTP packet received: 13 bytes
2025/05/04 22:13:31 RTP packet received: 13 bytes
2025/05/04 22:13:31 RTP packet received: 13 bytes
2025/05/04 22:13:31 RTP packet received: 13 bytes
2025/05/04 22:13:31 RTP packet received: 13 bytes
2025/05/04 22:13:31 📈 Packets: 15/s | Bitrate: 1.56 kbps
2025/05/04 22:13:31 RTP packet received: 13 bytes
2025/05/04 22:13:31 RTP packet received: 13 bytes
2025/05/04 22:13:31 RTP packet received: 13 bytes
2025/05/04 22:13:31 RTP packet received: 13 bytes
2025/05/04 22:13:31 RTP packet received: 13 bytes
2025/05/04 22:13:31 RTP packet received: 13 bytes
2025/05/04 22:13:31 RTP packet received: 13 bytes
2025/05/04 22:13:32 RTP packet received: 13 bytes
2025/05/04 22:13:32 RTP packet received: 13 bytes
2025/05/04 22:13:32 RTP packet received: 13 bytes
2025/05/04 22:13:32 RTP packet received: 13 bytes
2025/05/04 22:13:32 RTP packet received: 13 bytes
2025/05/04 22:13:32 RTP packet received: 13 bytes
2025/05/04 22:13:32 RTP packet received: 13 bytes
2025/05/04 22:13:32 RTP packet received: 13 bytes
2025/05/04 22:13:32 📈 Packets: 15/s | Bitrate: 1.56 kbps
2025/05/04 22:13:32 RTP packet received: 13 bytes
2025/05/04 22:13:32 RTP packet received: 13 bytes
2025/05/04 22:13:32 RTP packet received: 13 bytes
2025/05/04 22:13:32 RTP packet received: 13 bytes
2025/05/04 22:13:32 RTP packet received: 13 bytes
2025/05/04 22:13:32 RTP packet received: 13 bytes
2025/05/04 22:13:32 RTP packet received: 13 bytes
2025/05/04 22:13:33 RTP packet received: 13 bytes
2025/05/04 22:13:33 RTP packet received: 13 bytes
2025/05/04 22:13:33 RTP packet received: 13 bytes
2025/05/04 22:13:33 RTP packet received: 13 bytes
2025/05/04 22:13:33 RTP packet received: 13 bytes
2025/05/04 22:13:33 RTP packet received: 13 bytes
2025/05/04 22:13:33 RTP packet received: 13 bytes
2025/05/04 22:13:33 RTP packet received: 13 bytes
2025/05/04 22:13:33 📈 Packets: 15/s | Bitrate: 1.56 kbps
2025/05/04 22:13:33 RTP packet received: 13 bytes
2025/05/04 22:13:33 RTP packet received: 13 bytes
2025/05/04 22:13:33 RTP packet received: 13 bytes
2025/05/04 22:13:33 RTP packet received: 13 bytes
2025/05/04 22:13:33 RTP packet received: 13 bytes
2025/05/04 22:13:33 RTP packet received: 13 bytes
2025/05/04 22:13:33 RTP packet received: 13 bytes
2025/05/04 22:13:34 RTP packet received: 13 bytes
2025/05/04 22:13:34 RTP packet received: 13 bytes
2025/05/04 22:13:34 RTP packet received: 13 bytes
2025/05/04 22:13:34 RTP packet received: 13 bytes
2025/05/04 22:13:34 RTP packet received: 13 bytes
2025/05/04 22:13:34 RTP packet received: 13 bytes
2025/05/04 22:13:34 RTP packet received: 13 bytes
2025/05/04 22:13:34 RTP packet received: 13 bytes
2025/05/04 22:13:34 RTP packet received: 13 bytes
2025/05/04 22:13:34 📈 Packets: 15/s | Bitrate: 1.56 kbps
2025/05/04 22:13:34 RTP packet received: 13 bytes
2025/05/04 22:13:34 RTP packet received: 13 bytes
2025/05/04 22:13:34 RTP packet received: 13 bytes
2025/05/04 22:13:34 RTP packet received: 13 bytes
2025/05/04 22:13:34 RTP packet received: 13 bytes
2025/05/04 22:13:34 RTP packet received: 13 bytes
2025/05/04 22:13:35 RTP packet received: 13 bytes
2025/05/04 22:13:35 RTP packet received: 13 bytes
2025/05/04 22:13:35 RTP packet received: 13 bytes
2025/05/04 22:13:35 RTP packet received: 13 bytes
2025/05/04 22:13:35 RTP packet received: 13 bytes
2025/05/04 22:13:35 RTP packet received: 13 bytes
2025/05/04 22:13:35 RTP packet received: 13 bytes
2025/05/04 22:13:35 RTP packet received: 13 bytes
2025/05/04 22:13:35 RTP packet received: 13 bytes
2025/05/04 22:13:35 📈 Packets: 15/s | Bitrate: 1.56 kbps
2025/05/04 22:13:35 RTP packet received: 13 bytes
2025/05/04 22:13:35 RTP packet received: 13 bytes
2025/05/04 22:13:35 RTP packet received: 13 bytes
2025/05/04 22:13:35 RTP packet received: 13 bytes
2025/05/04 22:13:35 RTP packet received: 13 bytes
2025/05/04 22:13:35 RTP packet received: 13 bytes
2025/05/04 22:13:35 RTP packet received: 13 bytes
2025/05/04 22:13:36 RTP packet received: 13 bytes
2025/05/04 22:13:36 RTP packet received: 13 bytes
2025/05/04 22:13:36 RTP packet received: 13 bytes
2025/05/04 22:13:36 RTP packet received: 13 bytes
2025/05/04 22:13:36 RTP packet received: 13 bytes
2025/05/04 22:13:36 RTP packet received: 13 bytes
2025/05/04 22:13:36 RTP packet received: 13 bytes
2025/05/04 22:13:36 👋 Client exiting after duration.
