2025/05/04 23:04:09 Connected as peer-58778
2025/05/04 23:04:09 🕒 Client will exit after 100 seconds
2025/05/04 23:04:10 📡 Received renegotiation offer
2025/05/04 23:04:10 Sent renegotiation answer
2025/05/04 23:04:10 Received track from SFU | Kind: video
2025/05/04 23:04:10 RTP packet received: 13 bytes
2025/05/04 23:04:10 RTP packet received: 13 bytes
2025/05/04 23:04:10 📦 Time to First RTP: 68.88ms
2025/05/04 23:04:10 RTP packet received: 13 bytes
2025/05/04 23:04:10 RTP packet received: 13 bytes
2025/05/04 23:04:10 RTP packet received: 13 bytes
2025/05/04 23:04:10 RTP packet received: 13 bytes
2025/05/04 23:04:10 RTP packet received: 13 bytes
2025/05/04 23:04:11 RTP packet received: 13 bytes
2025/05/04 23:04:11 RTP packet received: 13 bytes
2025/05/04 23:04:11 RTP packet received: 13 bytes
2025/05/04 23:04:11 RTP packet received: 13 bytes
2025/05/04 23:04:11 RTP packet received: 13 bytes
2025/05/04 23:04:11 RTP packet received: 13 bytes
2025/05/04 23:04:11 RTP packet received: 13 bytes
2025/05/04 23:04:11 RTP packet received: 13 bytes
2025/05/04 23:04:11 RTP packet received: 13 bytes
2025/05/04 23:04:11 RTP packet received: 13 bytes
2025/05/04 23:04:11 RTP packet received: 13 bytes
2025/05/04 23:04:11 📈 Packets: 17/s | Bitrate: 1.77 kbps
2025/05/04 23:04:11 RTP packet received: 13 bytes
2025/05/04 23:04:11 RTP packet received: 13 bytes
2025/05/04 23:04:11 RTP packet received: 13 bytes
2025/05/04 23:04:11 RTP packet received: 13 bytes
2025/05/04 23:04:12 RTP packet received: 13 bytes
2025/05/04 23:04:12 RTP packet received: 13 bytes
2025/05/04 23:04:12 RTP packet received: 13 bytes
2025/05/04 23:04:12 RTP packet received: 13 bytes
2025/05/04 23:04:12 RTP packet received: 13 bytes
2025/05/04 23:04:12 RTP packet received: 13 bytes
2025/05/04 23:04:12 RTP packet received: 13 bytes
2025/05/04 23:04:12 RTP packet received: 13 bytes
2025/05/04 23:04:12 RTP packet received: 13 bytes
2025/05/04 23:04:12 RTP packet received: 13 bytes
2025/05/04 23:04:12 RTP packet received: 13 bytes
2025/05/04 23:04:12 📈 Packets: 15/s | Bitrate: 1.56 kbps
2025/05/04 23:04:12 RTP packet received: 13 bytes
2025/05/04 23:04:12 RTP packet received: 13 bytes
2025/05/04 23:04:12 RTP packet received: 13 bytes
2025/05/04 23:04:12 RTP packet received: 13 bytes
2025/05/04 23:04:13 RTP packet received: 13 bytes
2025/05/04 23:04:13 RTP packet received: 13 bytes
2025/05/04 23:04:13 RTP packet received: 13 bytes
2025/05/04 23:04:13 RTP packet received: 13 bytes
2025/05/04 23:04:13 RTP packet received: 13 bytes
2025/05/04 23:04:13 RTP packet received: 13 bytes
2025/05/04 23:04:13 RTP packet received: 13 bytes
2025/05/04 23:04:13 RTP packet received: 13 bytes
2025/05/04 23:04:13 RTP packet received: 13 bytes
2025/05/04 23:04:13 RTP packet received: 13 bytes
2025/05/04 23:04:13 RTP packet received: 13 bytes
2025/05/04 23:04:13 📈 Packets: 15/s | Bitrate: 1.56 kbps
2025/05/04 23:04:13 RTP packet received: 13 bytes
2025/05/04 23:04:13 RTP packet received: 13 bytes
2025/05/04 23:04:13 RTP packet received: 13 bytes
2025/05/04 23:04:13 RTP packet received: 13 bytes
2025/05/04 23:04:13 RTP packet received: 13 bytes
2025/05/04 23:04:14 RTP packet received: 13 bytes
2025/05/04 23:04:14 RTP packet received: 13 bytes
2025/05/04 23:04:14 RTP packet received: 13 bytes
2025/05/04 23:04:14 RTP packet received: 13 bytes
2025/05/04 23:04:14 RTP packet received: 13 bytes
2025/05/04 23:04:14 RTP packet received: 13 bytes
2025/05/04 23:04:14 RTP packet received: 13 bytes
2025/05/04 23:04:14 RTP packet received: 13 bytes
2025/05/04 23:04:14 RTP packet received: 13 bytes
2025/05/04 23:04:14 RTP packet received: 13 bytes
2025/05/04 23:04:14 RTP packet received: 13 bytes
2025/05/04 23:04:14 📈 Packets: 15/s | Bitrate: 1.56 kbps
2025/05/04 23:04:14 RTP packet received: 13 bytes
2025/05/04 23:04:14 RTP packet received: 13 bytes
2025/05/04 23:04:14 RTP packet received: 13 bytes
2025/05/04 23:04:14 RTP packet received: 13 bytes
2025/05/04 23:04:15 RTP packet received: 13 bytes
2025/05/04 23:04:15 RTP packet received: 13 bytes
2025/05/04 23:04:15 RTP packet received: 13 bytes
2025/05/04 23:04:15 RTP packet received: 13 bytes
2025/05/04 23:04:15 RTP packet received: 13 bytes
2025/05/04 23:04:15 RTP packet received: 13 bytes
2025/05/04 23:04:15 RTP packet received: 13 bytes
2025/05/04 23:04:15 RTP packet received: 13 bytes
2025/05/04 23:04:15 RTP packet received: 13 bytes
2025/05/04 23:04:15 RTP packet received: 13 bytes
2025/05/04 23:04:15 RTP packet received: 13 bytes
2025/05/04 23:04:15 📈 Packets: 15/s | Bitrate: 1.56 kbps
2025/05/04 23:04:15 RTP packet received: 13 bytes
2025/05/04 23:04:15 RTP packet received: 13 bytes
2025/05/04 23:04:15 RTP packet received: 13 bytes
2025/05/04 23:04:15 RTP packet received: 13 bytes
2025/05/04 23:04:16 RTP packet received: 13 bytes
2025/05/04 23:04:16 RTP packet received: 13 bytes
2025/05/04 23:04:16 RTP packet received: 13 bytes
2025/05/04 23:04:16 RTP packet received: 13 bytes
2025/05/04 23:04:16 RTP packet received: 13 bytes
2025/05/04 23:04:16 RTP packet received: 13 bytes
2025/05/04 23:04:16 RTP packet received: 13 bytes
2025/05/04 23:04:16 RTP packet received: 13 bytes
2025/05/04 23:04:16 RTP packet received: 13 bytes
2025/05/04 23:04:16 RTP packet received: 13 bytes
2025/05/04 23:04:16 RTP packet received: 13 bytes
2025/05/04 23:04:16 📈 Packets: 15/s | Bitrate: 1.56 kbps
2025/05/04 23:04:16 RTP packet received: 13 bytes
2025/05/04 23:04:16 RTP packet received: 13 bytes
2025/05/04 23:04:16 RTP packet received: 13 bytes
2025/05/04 23:04:16 RTP packet received: 13 bytes
2025/05/04 23:04:17 RTP packet received: 13 bytes
2025/05/04 23:04:17 RTP packet received: 13 bytes
2025/05/04 23:04:17 RTP packet received: 13 bytes
2025/05/04 23:04:17 RTP packet received: 13 bytes
2025/05/04 23:04:17 RTP packet received: 13 bytes
2025/05/04 23:04:17 RTP packet received: 13 bytes
2025/05/04 23:04:17 RTP packet received: 13 bytes
2025/05/04 23:04:17 RTP packet received: 13 bytes
2025/05/04 23:04:17 RTP packet received: 13 bytes
2025/05/04 23:04:17 RTP packet received: 13 bytes
2025/05/04 23:04:17 RTP packet received: 13 bytes
2025/05/04 23:04:17 📈 Packets: 16/s | Bitrate: 1.66 kbps
2025/05/04 23:04:17 RTP packet received: 13 bytes
2025/05/04 23:04:17 RTP packet received: 13 bytes
2025/05/04 23:04:17 RTP packet received: 13 bytes
2025/05/04 23:04:17 RTP packet received: 13 bytes
2025/05/04 23:04:18 RTP packet received: 13 bytes
2025/05/04 23:04:18 RTP packet received: 13 bytes
2025/05/04 23:04:18 RTP packet received: 13 bytes
2025/05/04 23:04:18 RTP packet received: 13 bytes
2025/05/04 23:04:18 RTP packet received: 13 bytes
2025/05/04 23:04:18 RTP packet received: 13 bytes
2025/05/04 23:04:18 RTP packet received: 13 bytes
2025/05/04 23:04:18 RTP packet received: 13 bytes
2025/05/04 23:04:18 RTP packet received: 13 bytes
2025/05/04 23:04:18 RTP packet received: 13 bytes
2025/05/04 23:04:18 RTP packet received: 13 bytes
2025/05/04 23:04:18 📈 Packets: 15/s | Bitrate: 1.56 kbps
2025/05/04 23:04:18 RTP packet received: 13 bytes
2025/05/04 23:04:18 RTP packet received: 13 bytes
2025/05/04 23:04:18 RTP packet received: 13 bytes
2025/05/04 23:04:18 RTP packet received: 13 bytes
2025/05/04 23:04:19 RTP packet received: 13 bytes
2025/05/04 23:04:19 RTP packet received: 13 bytes
2025/05/04 23:04:19 RTP packet received: 13 bytes
2025/05/04 23:04:19 RTP packet received: 13 bytes
2025/05/04 23:04:19 RTP packet received: 13 bytes
2025/05/04 23:04:19 RTP packet received: 13 bytes
2025/05/04 23:04:19 RTP packet received: 13 bytes
2025/05/04 23:04:19 RTP packet received: 13 bytes
2025/05/04 23:04:19 RTP packet received: 13 bytes
2025/05/04 23:04:19 RTP packet received: 13 bytes
2025/05/04 23:04:19 RTP packet received: 13 bytes
2025/05/04 23:04:19 📈 Packets: 15/s | Bitrate: 1.56 kbps
2025/05/04 23:04:19 RTP packet received: 13 bytes
2025/05/04 23:04:19 RTP packet received: 13 bytes
2025/05/04 23:04:19 RTP packet received: 13 bytes
2025/05/04 23:04:19 RTP packet received: 13 bytes
2025/05/04 23:04:19 RTP packet received: 13 bytes
2025/05/04 23:04:20 RTP packet received: 13 bytes
2025/05/04 23:04:20 RTP packet received: 13 bytes
2025/05/04 23:04:20 RTP packet received: 13 bytes
2025/05/04 23:04:20 RTP packet received: 13 bytes
2025/05/04 23:04:20 RTP packet received: 13 bytes
2025/05/04 23:04:20 RTP packet received: 13 bytes
2025/05/04 23:04:20 RTP packet received: 13 bytes
2025/05/04 23:04:20 RTP packet received: 13 bytes
2025/05/04 23:04:20 RTP packet received: 13 bytes
2025/05/04 23:04:20 RTP packet received: 13 bytes
2025/05/04 23:04:20 RTP packet received: 13 bytes
2025/05/04 23:04:20 📈 Packets: 15/s | Bitrate: 1.56 kbps
2025/05/04 23:04:20 RTP packet received: 13 bytes
2025/05/04 23:04:20 RTP packet received: 13 bytes
2025/05/04 23:04:20 RTP packet received: 13 bytes
2025/05/04 23:04:20 RTP packet received: 13 bytes
2025/05/04 23:04:21 RTP packet received: 13 bytes
2025/05/04 23:04:21 RTP packet received: 13 bytes
2025/05/04 23:04:21 RTP packet received: 13 bytes
2025/05/04 23:04:21 RTP packet received: 13 bytes
2025/05/04 23:04:21 RTP packet received: 13 bytes
2025/05/04 23:04:21 RTP packet received: 13 bytes
2025/05/04 23:04:21 RTP packet received: 13 bytes
2025/05/04 23:04:21 RTP packet received: 13 bytes
2025/05/04 23:04:21 RTP packet received: 13 bytes
2025/05/04 23:04:21 RTP packet received: 13 bytes
2025/05/04 23:04:21 RTP packet received: 13 bytes
2025/05/04 23:04:21 📈 Packets: 15/s | Bitrate: 1.56 kbps
2025/05/04 23:04:21 RTP packet received: 13 bytes
2025/05/04 23:04:21 RTP packet received: 13 bytes
2025/05/04 23:04:21 RTP packet received: 13 bytes
2025/05/04 23:04:21 RTP packet received: 13 bytes
2025/05/04 23:04:22 RTP packet received: 13 bytes
2025/05/04 23:04:22 RTP packet received: 13 bytes
2025/05/04 23:04:22 RTP packet received: 13 bytes
2025/05/04 23:04:22 RTP packet received: 13 bytes
2025/05/04 23:04:22 RTP packet received: 13 bytes
2025/05/04 23:04:22 RTP packet received: 13 bytes
2025/05/04 23:04:22 RTP packet received: 13 bytes
2025/05/04 23:04:22 RTP packet received: 13 bytes
2025/05/04 23:04:22 RTP packet received: 13 bytes
2025/05/04 23:04:22 RTP packet received: 13 bytes
2025/05/04 23:04:22 RTP packet received: 13 bytes
2025/05/04 23:04:22 📈 Packets: 15/s | Bitrate: 1.56 kbps
2025/05/04 23:04:22 RTP packet received: 13 bytes
2025/05/04 23:04:22 RTP packet received: 13 bytes
2025/05/04 23:04:22 RTP packet received: 13 bytes
2025/05/04 23:04:22 RTP packet received: 13 bytes
2025/05/04 23:04:23 RTP packet received: 13 bytes
2025/05/04 23:04:23 RTP packet received: 13 bytes
2025/05/04 23:04:23 RTP packet received: 13 bytes
2025/05/04 23:04:23 RTP packet received: 13 bytes
2025/05/04 23:04:23 RTP packet received: 13 bytes
2025/05/04 23:04:23 RTP packet received: 13 bytes
2025/05/04 23:04:23 RTP packet received: 13 bytes
2025/05/04 23:04:23 RTP packet received: 13 bytes
2025/05/04 23:04:23 RTP packet received: 13 bytes
2025/05/04 23:04:23 RTP packet received: 13 bytes
2025/05/04 23:04:23 RTP packet received: 13 bytes
2025/05/04 23:04:23 📈 Packets: 16/s | Bitrate: 1.66 kbps
2025/05/04 23:04:23 RTP packet received: 13 bytes
2025/05/04 23:04:23 RTP packet received: 13 bytes
2025/05/04 23:04:23 RTP packet received: 13 bytes
2025/05/04 23:04:23 RTP packet received: 13 bytes
2025/05/04 23:04:24 RTP packet received: 13 bytes
2025/05/04 23:04:24 RTP packet received: 13 bytes
2025/05/04 23:04:24 RTP packet received: 13 bytes
2025/05/04 23:04:24 RTP packet received: 13 bytes
2025/05/04 23:04:24 RTP packet received: 13 bytes
2025/05/04 23:04:24 RTP packet received: 13 bytes
2025/05/04 23:04:24 RTP packet received: 13 bytes
2025/05/04 23:04:24 RTP packet received: 13 bytes
2025/05/04 23:04:24 RTP packet received: 13 bytes
2025/05/04 23:04:24 RTP packet received: 13 bytes
2025/05/04 23:04:24 RTP packet received: 13 bytes
2025/05/04 23:04:24 📈 Packets: 15/s | Bitrate: 1.56 kbps
2025/05/04 23:04:24 RTP packet received: 13 bytes
2025/05/04 23:04:24 RTP packet received: 13 bytes
2025/05/04 23:04:24 RTP packet received: 13 bytes
2025/05/04 23:04:24 RTP packet received: 13 bytes
2025/05/04 23:04:25 RTP packet received: 13 bytes
2025/05/04 23:04:25 RTP packet received: 13 bytes
2025/05/04 23:04:25 RTP packet received: 13 bytes
2025/05/04 23:04:25 RTP packet received: 13 bytes
2025/05/04 23:04:25 RTP packet received: 13 bytes
2025/05/04 23:04:25 RTP packet received: 13 bytes
2025/05/04 23:04:25 RTP packet received: 13 bytes
2025/05/04 23:04:25 RTP packet received: 13 bytes
2025/05/04 23:04:25 RTP packet received: 13 bytes
2025/05/04 23:04:25 RTP packet received: 13 bytes
2025/05/04 23:04:25 RTP packet received: 13 bytes
2025/05/04 23:04:25 📈 Packets: 15/s | Bitrate: 1.56 kbps
2025/05/04 23:04:25 RTP packet received: 13 bytes
2025/05/04 23:04:25 RTP packet received: 13 bytes
2025/05/04 23:04:25 RTP packet received: 13 bytes
2025/05/04 23:04:25 RTP packet received: 13 bytes
2025/05/04 23:04:26 RTP packet received: 13 bytes
2025/05/04 23:04:26 RTP packet received: 13 bytes
2025/05/04 23:04:26 RTP packet received: 13 bytes
2025/05/04 23:04:26 RTP packet received: 13 bytes
2025/05/04 23:04:26 RTP packet received: 13 bytes
2025/05/04 23:04:26 RTP packet received: 13 bytes
2025/05/04 23:04:26 RTP packet received: 13 bytes
2025/05/04 23:04:26 RTP packet received: 13 bytes
2025/05/04 23:04:26 RTP packet received: 13 bytes
2025/05/04 23:04:26 RTP packet received: 13 bytes
2025/05/04 23:04:26 RTP packet received: 13 bytes
2025/05/04 23:04:26 📈 Packets: 15/s | Bitrate: 1.56 kbps
2025/05/04 23:04:26 RTP packet received: 13 bytes
2025/05/04 23:04:26 RTP packet received: 13 bytes
2025/05/04 23:04:26 RTP packet received: 13 bytes
2025/05/04 23:04:26 RTP packet received: 13 bytes
2025/05/04 23:04:26 RTP packet received: 13 bytes
2025/05/04 23:04:27 RTP packet received: 13 bytes
2025/05/04 23:04:27 RTP packet received: 13 bytes
2025/05/04 23:04:27 RTP packet received: 13 bytes
2025/05/04 23:04:27 RTP packet received: 13 bytes
2025/05/04 23:04:27 RTP packet received: 13 bytes
2025/05/04 23:04:27 RTP packet received: 13 bytes
2025/05/04 23:04:27 RTP packet received: 13 bytes
2025/05/04 23:04:27 RTP packet received: 13 bytes
2025/05/04 23:04:27 RTP packet received: 13 bytes
2025/05/04 23:04:27 RTP packet received: 13 bytes
2025/05/04 23:04:27 RTP packet received: 13 bytes
2025/05/04 23:04:27 📈 Packets: 15/s | Bitrate: 1.56 kbps
2025/05/04 23:04:27 RTP packet received: 13 bytes
2025/05/04 23:04:27 RTP packet received: 13 bytes
2025/05/04 23:04:27 RTP packet received: 13 bytes
2025/05/04 23:04:27 RTP packet received: 13 bytes
2025/05/04 23:04:28 RTP packet received: 13 bytes
2025/05/04 23:04:28 RTP packet received: 13 bytes
2025/05/04 23:04:28 RTP packet received: 13 bytes
2025/05/04 23:04:28 RTP packet received: 13 bytes
2025/05/04 23:04:28 RTP packet received: 13 bytes
2025/05/04 23:04:28 RTP packet received: 13 bytes
2025/05/04 23:04:28 RTP packet received: 13 bytes
2025/05/04 23:04:28 RTP packet received: 13 bytes
2025/05/04 23:04:28 RTP packet received: 13 bytes
2025/05/04 23:04:28 RTP packet received: 13 bytes
2025/05/04 23:04:28 RTP packet received: 13 bytes
2025/05/04 23:04:28 📈 Packets: 15/s | Bitrate: 1.56 kbps
2025/05/04 23:04:28 RTP packet received: 13 bytes
2025/05/04 23:04:28 RTP packet received: 13 bytes
2025/05/04 23:04:28 RTP packet received: 13 bytes
2025/05/04 23:04:28 RTP packet received: 13 bytes
2025/05/04 23:04:29 RTP packet received: 13 bytes
2025/05/04 23:04:29 RTP packet received: 13 bytes
2025/05/04 23:04:29 RTP packet received: 13 bytes
2025/05/04 23:04:29 RTP packet received: 13 bytes
2025/05/04 23:04:29 RTP packet received: 13 bytes
2025/05/04 23:04:29 RTP packet received: 13 bytes
2025/05/04 23:04:29 RTP packet received: 13 bytes
2025/05/04 23:04:29 RTP packet received: 13 bytes
2025/05/04 23:04:29 RTP packet received: 13 bytes
2025/05/04 23:04:29 RTP packet received: 13 bytes
2025/05/04 23:04:29 RTP packet received: 13 bytes
2025/05/04 23:04:29 📈 Packets: 15/s | Bitrate: 1.56 kbps
2025/05/04 23:04:29 RTP packet received: 13 bytes
2025/05/04 23:04:29 RTP packet received: 13 bytes
2025/05/04 23:04:29 RTP packet received: 13 bytes
2025/05/04 23:04:29 RTP packet received: 13 bytes
2025/05/04 23:04:30 RTP packet received: 13 bytes
2025/05/04 23:04:30 RTP packet received: 13 bytes
2025/05/04 23:04:30 RTP packet received: 13 bytes
2025/05/04 23:04:30 RTP packet received: 13 bytes
2025/05/04 23:04:30 RTP packet received: 13 bytes
2025/05/04 23:04:30 RTP packet received: 13 bytes
2025/05/04 23:04:30 RTP packet received: 13 bytes
2025/05/04 23:04:30 RTP packet received: 13 bytes
2025/05/04 23:04:30 RTP packet received: 13 bytes
2025/05/04 23:04:30 RTP packet received: 13 bytes
2025/05/04 23:04:30 RTP packet received: 13 bytes
2025/05/04 23:04:30 📈 Packets: 16/s | Bitrate: 1.66 kbps
2025/05/04 23:04:30 RTP packet received: 13 bytes
2025/05/04 23:04:30 RTP packet received: 13 bytes
2025/05/04 23:04:30 RTP packet received: 13 bytes
2025/05/04 23:04:30 RTP packet received: 13 bytes
2025/05/04 23:04:31 RTP packet received: 13 bytes
2025/05/04 23:04:31 RTP packet received: 13 bytes
2025/05/04 23:04:31 RTP packet received: 13 bytes
2025/05/04 23:04:31 RTP packet received: 13 bytes
2025/05/04 23:04:31 RTP packet received: 13 bytes
2025/05/04 23:04:31 RTP packet received: 13 bytes
2025/05/04 23:04:31 RTP packet received: 13 bytes
2025/05/04 23:04:31 RTP packet received: 13 bytes
2025/05/04 23:04:31 RTP packet received: 13 bytes
2025/05/04 23:04:31 RTP packet received: 13 bytes
2025/05/04 23:04:31 RTP packet received: 13 bytes
2025/05/04 23:04:31 RTP packet received: 13 bytes
2025/05/04 23:04:31 RTP packet received: 13 bytes
2025/05/04 23:04:31 📈 Packets: 13/s | Bitrate: 1.35 kbps
2025/05/04 23:04:31 RTP packet received: 13 bytes
2025/05/04 23:04:31 RTP packet received: 13 bytes
2025/05/04 23:04:31 RTP packet received: 13 bytes
2025/05/04 23:04:31 RTP packet received: 13 bytes
2025/05/04 23:04:32 RTP packet received: 13 bytes
2025/05/04 23:04:32 RTP packet received: 13 bytes
2025/05/04 23:04:32 RTP packet received: 13 bytes
2025/05/04 23:04:32 RTP packet received: 13 bytes
2025/05/04 23:04:32 RTP packet received: 13 bytes
2025/05/04 23:04:32 RTP packet received: 13 bytes
2025/05/04 23:04:32 RTP packet received: 13 bytes
2025/05/04 23:04:32 RTP packet received: 13 bytes
2025/05/04 23:04:32 RTP packet received: 13 bytes
2025/05/04 23:04:32 RTP packet received: 13 bytes
2025/05/04 23:04:32 RTP packet received: 13 bytes
2025/05/04 23:04:32 📈 Packets: 15/s | Bitrate: 1.56 kbps
2025/05/04 23:04:32 RTP packet received: 13 bytes
2025/05/04 23:04:32 RTP packet received: 13 bytes
2025/05/04 23:04:32 RTP packet received: 13 bytes
2025/05/04 23:04:32 RTP packet received: 13 bytes
2025/05/04 23:04:33 RTP packet received: 13 bytes
2025/05/04 23:04:33 RTP packet received: 13 bytes
2025/05/04 23:04:33 RTP packet received: 13 bytes
2025/05/04 23:04:33 RTP packet received: 13 bytes
2025/05/04 23:04:33 RTP packet received: 13 bytes
2025/05/04 23:04:33 RTP packet received: 13 bytes
2025/05/04 23:04:33 RTP packet received: 13 bytes
2025/05/04 23:04:33 RTP packet received: 13 bytes
2025/05/04 23:04:33 RTP packet received: 13 bytes
2025/05/04 23:04:33 RTP packet received: 13 bytes
2025/05/04 23:04:33 RTP packet received: 13 bytes
2025/05/04 23:04:33 📈 Packets: 15/s | Bitrate: 1.56 kbps
2025/05/04 23:04:33 RTP packet received: 13 bytes
2025/05/04 23:04:33 RTP packet received: 13 bytes
2025/05/04 23:04:33 RTP packet received: 13 bytes
2025/05/04 23:04:33 RTP packet received: 13 bytes
2025/05/04 23:04:34 RTP packet received: 13 bytes
2025/05/04 23:04:34 RTP packet received: 13 bytes
2025/05/04 23:04:34 RTP packet received: 13 bytes
2025/05/04 23:04:34 RTP packet received: 13 bytes
2025/05/04 23:04:34 RTP packet received: 13 bytes
2025/05/04 23:04:34 RTP packet received: 13 bytes
2025/05/04 23:04:34 RTP packet received: 13 bytes
2025/05/04 23:04:34 RTP packet received: 13 bytes
2025/05/04 23:04:34 RTP packet received: 13 bytes
2025/05/04 23:04:34 RTP packet received: 13 bytes
2025/05/04 23:04:34 RTP packet received: 13 bytes
2025/05/04 23:04:34 📈 Packets: 16/s | Bitrate: 1.66 kbps
2025/05/04 23:04:34 RTP packet received: 13 bytes
2025/05/04 23:04:34 RTP packet received: 13 bytes
2025/05/04 23:04:34 RTP packet received: 13 bytes
2025/05/04 23:04:34 RTP packet received: 13 bytes
2025/05/04 23:04:35 RTP packet received: 13 bytes
2025/05/04 23:04:35 RTP packet received: 13 bytes
2025/05/04 23:04:35 RTP packet received: 13 bytes
2025/05/04 23:04:35 RTP packet received: 13 bytes
2025/05/04 23:04:35 RTP packet received: 13 bytes
2025/05/04 23:04:35 RTP packet received: 13 bytes
2025/05/04 23:04:35 RTP packet received: 13 bytes
2025/05/04 23:04:35 RTP packet received: 13 bytes
2025/05/04 23:04:35 RTP packet received: 13 bytes
2025/05/04 23:04:35 RTP packet received: 13 bytes
2025/05/04 23:04:35 RTP packet received: 13 bytes
2025/05/04 23:04:35 📈 Packets: 15/s | Bitrate: 1.56 kbps
2025/05/04 23:04:35 RTP packet received: 13 bytes
2025/05/04 23:04:35 RTP packet received: 13 bytes
2025/05/04 23:04:35 RTP packet received: 13 bytes
2025/05/04 23:04:35 RTP packet received: 13 bytes
2025/05/04 23:04:36 RTP packet received: 13 bytes
2025/05/04 23:04:36 RTP packet received: 13 bytes
2025/05/04 23:04:36 RTP packet received: 13 bytes
2025/05/04 23:04:36 RTP packet received: 13 bytes
2025/05/04 23:04:36 RTP packet received: 13 bytes
2025/05/04 23:04:36 RTP packet received: 13 bytes
2025/05/04 23:04:36 RTP packet received: 13 bytes
2025/05/04 23:04:36 RTP packet received: 13 bytes
2025/05/04 23:04:36 RTP packet received: 13 bytes
2025/05/04 23:04:36 RTP packet received: 13 bytes
2025/05/04 23:04:36 RTP packet received: 13 bytes
2025/05/04 23:04:36 📈 Packets: 15/s | Bitrate: 1.56 kbps
2025/05/04 23:04:36 RTP packet received: 13 bytes
2025/05/04 23:04:36 RTP packet received: 13 bytes
2025/05/04 23:04:36 RTP packet received: 13 bytes
2025/05/04 23:04:36 RTP packet received: 13 bytes
2025/05/04 23:04:36 RTP packet received: 13 bytes
2025/05/04 23:04:37 RTP packet received: 13 bytes
2025/05/04 23:04:37 RTP packet received: 13 bytes
2025/05/04 23:04:37 RTP packet received: 13 bytes
2025/05/04 23:04:37 RTP packet received: 13 bytes
2025/05/04 23:04:37 RTP packet received: 13 bytes
2025/05/04 23:04:37 RTP packet received: 13 bytes
2025/05/04 23:04:37 RTP packet received: 13 bytes
2025/05/04 23:04:37 RTP packet received: 13 bytes
2025/05/04 23:04:37 RTP packet received: 13 bytes
2025/05/04 23:04:37 RTP packet received: 13 bytes
2025/05/04 23:04:37 RTP packet received: 13 bytes
2025/05/04 23:04:37 📈 Packets: 15/s | Bitrate: 1.56 kbps
2025/05/04 23:04:37 RTP packet received: 13 bytes
2025/05/04 23:04:37 RTP packet received: 13 bytes
2025/05/04 23:04:37 RTP packet received: 13 bytes
2025/05/04 23:04:37 RTP packet received: 13 bytes
2025/05/04 23:04:38 RTP packet received: 13 bytes
2025/05/04 23:04:38 RTP packet received: 13 bytes
2025/05/04 23:04:38 RTP packet received: 13 bytes
2025/05/04 23:04:38 RTP packet received: 13 bytes
2025/05/04 23:04:38 RTP packet received: 13 bytes
2025/05/04 23:04:38 RTP packet received: 13 bytes
2025/05/04 23:04:38 RTP packet received: 13 bytes
2025/05/04 23:04:38 RTP packet received: 13 bytes
2025/05/04 23:04:38 RTP packet received: 13 bytes
2025/05/04 23:04:38 📈 Packets: 16/s | Bitrate: 1.66 kbps
2025/05/04 23:04:38 RTP packet received: 13 bytes
2025/05/04 23:04:38 RTP packet received: 13 bytes
2025/05/04 23:04:38 RTP packet received: 13 bytes
2025/05/04 23:04:39 RTP packet received: 13 bytes
2025/05/04 23:04:39 RTP packet received: 13 bytes
2025/05/04 23:04:39 RTP packet received: 13 bytes
2025/05/04 23:04:39 RTP packet received: 13 bytes
2025/05/04 23:04:39 RTP packet received: 13 bytes
2025/05/04 23:04:39 RTP packet received: 13 bytes
2025/05/04 23:04:39 RTP packet received: 13 bytes
2025/05/04 23:04:39 RTP packet received: 13 bytes
2025/05/04 23:04:39 RTP packet received: 13 bytes
2025/05/04 23:04:39 RTP packet received: 13 bytes
2025/05/04 23:04:39 RTP packet received: 13 bytes
2025/05/04 23:04:39 📈 Packets: 15/s | Bitrate: 1.56 kbps
2025/05/04 23:04:39 RTP packet received: 13 bytes
2025/05/04 23:04:39 RTP packet received: 13 bytes
2025/05/04 23:04:39 RTP packet received: 13 bytes
2025/05/04 23:04:39 RTP packet received: 13 bytes
2025/05/04 23:04:39 RTP packet received: 13 bytes
2025/05/04 23:04:40 RTP packet received: 13 bytes
2025/05/04 23:04:40 RTP packet received: 13 bytes
2025/05/04 23:04:40 RTP packet received: 13 bytes
2025/05/04 23:04:40 RTP packet received: 13 bytes
2025/05/04 23:04:40 RTP packet received: 13 bytes
2025/05/04 23:04:40 RTP packet received: 13 bytes
2025/05/04 23:04:40 RTP packet received: 13 bytes
2025/05/04 23:04:40 RTP packet received: 13 bytes
2025/05/04 23:04:40 RTP packet received: 13 bytes
2025/05/04 23:04:40 RTP packet received: 13 bytes
2025/05/04 23:04:40 RTP packet received: 13 bytes
2025/05/04 23:04:40 📈 Packets: 15/s | Bitrate: 1.56 kbps
2025/05/04 23:04:40 RTP packet received: 13 bytes
2025/05/04 23:04:40 RTP packet received: 13 bytes
2025/05/04 23:04:40 RTP packet received: 13 bytes
2025/05/04 23:04:40 RTP packet received: 13 bytes
2025/05/04 23:04:41 RTP packet received: 13 bytes
2025/05/04 23:04:41 RTP packet received: 13 bytes
2025/05/04 23:04:41 RTP packet received: 13 bytes
2025/05/04 23:04:41 RTP packet received: 13 bytes
2025/05/04 23:04:41 RTP packet received: 13 bytes
2025/05/04 23:04:41 RTP packet received: 13 bytes
2025/05/04 23:04:41 RTP packet received: 13 bytes
2025/05/04 23:04:41 RTP packet received: 13 bytes
2025/05/04 23:04:41 RTP packet received: 13 bytes
2025/05/04 23:04:41 RTP packet received: 13 bytes
2025/05/04 23:04:41 RTP packet received: 13 bytes
2025/05/04 23:04:41 📈 Packets: 15/s | Bitrate: 1.56 kbps
2025/05/04 23:04:41 RTP packet received: 13 bytes
2025/05/04 23:04:41 RTP packet received: 13 bytes
2025/05/04 23:04:41 RTP packet received: 13 bytes
2025/05/04 23:04:41 RTP packet received: 13 bytes
2025/05/04 23:04:42 RTP packet received: 13 bytes
2025/05/04 23:04:42 RTP packet received: 13 bytes
2025/05/04 23:04:42 RTP packet received: 13 bytes
2025/05/04 23:04:42 RTP packet received: 13 bytes
2025/05/04 23:04:42 RTP packet received: 13 bytes
2025/05/04 23:04:42 RTP packet received: 13 bytes
2025/05/04 23:04:42 RTP packet received: 13 bytes
2025/05/04 23:04:42 RTP packet received: 13 bytes
2025/05/04 23:04:42 RTP packet received: 13 bytes
2025/05/04 23:04:42 RTP packet received: 13 bytes
2025/05/04 23:04:42 RTP packet received: 13 bytes
2025/05/04 23:04:42 📈 Packets: 15/s | Bitrate: 1.56 kbps
2025/05/04 23:04:42 RTP packet received: 13 bytes
2025/05/04 23:04:42 RTP packet received: 13 bytes
2025/05/04 23:04:42 RTP packet received: 13 bytes
2025/05/04 23:04:42 RTP packet received: 13 bytes
2025/05/04 23:04:43 RTP packet received: 13 bytes
2025/05/04 23:04:43 RTP packet received: 13 bytes
2025/05/04 23:04:43 RTP packet received: 13 bytes
2025/05/04 23:04:43 RTP packet received: 13 bytes
2025/05/04 23:04:43 RTP packet received: 13 bytes
2025/05/04 23:04:43 RTP packet received: 13 bytes
2025/05/04 23:04:43 RTP packet received: 13 bytes
2025/05/04 23:04:43 RTP packet received: 13 bytes
2025/05/04 23:04:43 RTP packet received: 13 bytes
2025/05/04 23:04:43 RTP packet received: 13 bytes
2025/05/04 23:04:43 RTP packet received: 13 bytes
2025/05/04 23:04:43 📈 Packets: 15/s | Bitrate: 1.56 kbps
2025/05/04 23:04:43 RTP packet received: 13 bytes
2025/05/04 23:04:43 RTP packet received: 13 bytes
2025/05/04 23:04:43 RTP packet received: 13 bytes
2025/05/04 23:04:43 RTP packet received: 13 bytes
2025/05/04 23:04:44 RTP packet received: 13 bytes
2025/05/04 23:04:44 RTP packet received: 13 bytes
2025/05/04 23:04:44 RTP packet received: 13 bytes
2025/05/04 23:04:44 RTP packet received: 13 bytes
2025/05/04 23:04:44 RTP packet received: 13 bytes
2025/05/04 23:04:44 RTP packet received: 13 bytes
2025/05/04 23:04:44 RTP packet received: 13 bytes
2025/05/04 23:04:44 RTP packet received: 13 bytes
2025/05/04 23:04:44 RTP packet received: 13 bytes
2025/05/04 23:04:44 RTP packet received: 13 bytes
2025/05/04 23:04:44 RTP packet received: 13 bytes
2025/05/04 23:04:44 📈 Packets: 16/s | Bitrate: 1.66 kbps
2025/05/04 23:04:44 RTP packet received: 13 bytes
2025/05/04 23:04:44 RTP packet received: 13 bytes
2025/05/04 23:04:44 RTP packet received: 13 bytes
2025/05/04 23:04:44 RTP packet received: 13 bytes
2025/05/04 23:04:45 RTP packet received: 13 bytes
2025/05/04 23:04:45 RTP packet received: 13 bytes
2025/05/04 23:04:45 RTP packet received: 13 bytes
2025/05/04 23:04:45 RTP packet received: 13 bytes
2025/05/04 23:04:45 RTP packet received: 13 bytes
2025/05/04 23:04:45 RTP packet received: 13 bytes
2025/05/04 23:04:45 RTP packet received: 13 bytes
2025/05/04 23:04:45 RTP packet received: 13 bytes
2025/05/04 23:04:45 RTP packet received: 13 bytes
2025/05/04 23:04:45 RTP packet received: 13 bytes
2025/05/04 23:04:45 RTP packet received: 13 bytes
2025/05/04 23:04:45 📈 Packets: 15/s | Bitrate: 1.56 kbps
2025/05/04 23:04:45 RTP packet received: 13 bytes
2025/05/04 23:04:45 RTP packet received: 13 bytes
2025/05/04 23:04:45 RTP packet received: 13 bytes
2025/05/04 23:04:45 RTP packet received: 13 bytes
2025/05/04 23:04:45 RTP packet received: 13 bytes
2025/05/04 23:04:46 RTP packet received: 13 bytes
2025/05/04 23:04:46 RTP packet received: 13 bytes
2025/05/04 23:04:46 RTP packet received: 13 bytes
2025/05/04 23:04:46 RTP packet received: 13 bytes
2025/05/04 23:04:46 RTP packet received: 13 bytes
2025/05/04 23:04:46 RTP packet received: 13 bytes
2025/05/04 23:04:46 RTP packet received: 13 bytes
2025/05/04 23:04:46 RTP packet received: 13 bytes
2025/05/04 23:04:46 RTP packet received: 13 bytes
2025/05/04 23:04:46 RTP packet received: 13 bytes
2025/05/04 23:04:46 RTP packet received: 13 bytes
2025/05/04 23:04:46 📈 Packets: 15/s | Bitrate: 1.56 kbps
2025/05/04 23:04:46 RTP packet received: 13 bytes
2025/05/04 23:04:46 RTP packet received: 13 bytes
2025/05/04 23:04:46 RTP packet received: 13 bytes
2025/05/04 23:04:46 RTP packet received: 13 bytes
2025/05/04 23:04:47 RTP packet received: 13 bytes
2025/05/04 23:04:47 RTP packet received: 13 bytes
2025/05/04 23:04:47 RTP packet received: 13 bytes
2025/05/04 23:04:47 RTP packet received: 13 bytes
2025/05/04 23:04:47 RTP packet received: 13 bytes
2025/05/04 23:04:47 RTP packet received: 13 bytes
2025/05/04 23:04:47 RTP packet received: 13 bytes
2025/05/04 23:04:47 RTP packet received: 13 bytes
2025/05/04 23:04:47 RTP packet received: 13 bytes
2025/05/04 23:04:47 RTP packet received: 13 bytes
2025/05/04 23:04:47 RTP packet received: 13 bytes
2025/05/04 23:04:47 📈 Packets: 15/s | Bitrate: 1.56 kbps
2025/05/04 23:04:47 RTP packet received: 13 bytes
2025/05/04 23:04:47 RTP packet received: 13 bytes
2025/05/04 23:04:47 RTP packet received: 13 bytes
2025/05/04 23:04:47 RTP packet received: 13 bytes
2025/05/04 23:04:48 RTP packet received: 13 bytes
2025/05/04 23:04:48 RTP packet received: 13 bytes
2025/05/04 23:04:48 RTP packet received: 13 bytes
2025/05/04 23:04:48 RTP packet received: 13 bytes
2025/05/04 23:04:48 RTP packet received: 13 bytes
2025/05/04 23:04:48 RTP packet received: 13 bytes
2025/05/04 23:04:48 RTP packet received: 13 bytes
2025/05/04 23:04:48 RTP packet received: 13 bytes
2025/05/04 23:04:48 RTP packet received: 13 bytes
2025/05/04 23:04:48 📈 Packets: 17/s | Bitrate: 1.77 kbps
2025/05/04 23:04:48 RTP packet received: 13 bytes
2025/05/04 23:04:48 RTP packet received: 13 bytes
2025/05/04 23:04:48 RTP packet received: 13 bytes
2025/05/04 23:04:48 RTP packet received: 13 bytes
2025/05/04 23:04:49 RTP packet received: 13 bytes
2025/05/04 23:04:49 RTP packet received: 13 bytes
2025/05/04 23:04:49 RTP packet received: 13 bytes
2025/05/04 23:04:49 RTP packet received: 13 bytes
2025/05/04 23:04:49 RTP packet received: 13 bytes
2025/05/04 23:04:49 RTP packet received: 13 bytes
2025/05/04 23:04:49 RTP packet received: 13 bytes
2025/05/04 23:04:49 RTP packet received: 13 bytes
2025/05/04 23:04:49 RTP packet received: 13 bytes
2025/05/04 23:04:49 RTP packet received: 13 bytes
2025/05/04 23:04:49 RTP packet received: 13 bytes
2025/05/04 23:04:49 RTP packet received: 13 bytes
2025/05/04 23:04:49 RTP packet received: 13 bytes
2025/05/04 23:04:49 📈 Packets: 13/s | Bitrate: 1.35 kbps
2025/05/04 23:04:49 RTP packet received: 13 bytes
2025/05/04 23:04:49 RTP packet received: 13 bytes
2025/05/04 23:04:49 RTP packet received: 13 bytes
2025/05/04 23:04:49 RTP packet received: 13 bytes
2025/05/04 23:04:50 RTP packet received: 13 bytes
2025/05/04 23:04:50 RTP packet received: 13 bytes
2025/05/04 23:04:50 RTP packet received: 13 bytes
2025/05/04 23:04:50 RTP packet received: 13 bytes
2025/05/04 23:04:50 RTP packet received: 13 bytes
2025/05/04 23:04:50 RTP packet received: 13 bytes
2025/05/04 23:04:50 RTP packet received: 13 bytes
2025/05/04 23:04:50 RTP packet received: 13 bytes
2025/05/04 23:04:50 RTP packet received: 13 bytes
2025/05/04 23:04:50 RTP packet received: 13 bytes
2025/05/04 23:04:50 RTP packet received: 13 bytes
2025/05/04 23:04:50 📈 Packets: 16/s | Bitrate: 1.66 kbps
2025/05/04 23:04:50 RTP packet received: 13 bytes
2025/05/04 23:04:50 RTP packet received: 13 bytes
2025/05/04 23:04:50 RTP packet received: 13 bytes
2025/05/04 23:04:50 RTP packet received: 13 bytes
2025/05/04 23:04:51 RTP packet received: 13 bytes
2025/05/04 23:04:51 RTP packet received: 13 bytes
2025/05/04 23:04:51 RTP packet received: 13 bytes
2025/05/04 23:04:51 RTP packet received: 13 bytes
2025/05/04 23:04:51 RTP packet received: 13 bytes
2025/05/04 23:04:51 RTP packet received: 13 bytes
2025/05/04 23:04:51 RTP packet received: 13 bytes
2025/05/04 23:04:51 RTP packet received: 13 bytes
2025/05/04 23:04:51 RTP packet received: 13 bytes
2025/05/04 23:04:51 RTP packet received: 13 bytes
2025/05/04 23:04:51 RTP packet received: 13 bytes
2025/05/04 23:04:51 📈 Packets: 15/s | Bitrate: 1.56 kbps
2025/05/04 23:04:51 RTP packet received: 13 bytes
2025/05/04 23:04:51 RTP packet received: 13 bytes
2025/05/04 23:04:51 RTP packet received: 13 bytes
2025/05/04 23:04:51 RTP packet received: 13 bytes
2025/05/04 23:04:52 RTP packet received: 13 bytes
2025/05/04 23:04:52 RTP packet received: 13 bytes
2025/05/04 23:04:52 RTP packet received: 13 bytes
2025/05/04 23:04:52 RTP packet received: 13 bytes
2025/05/04 23:04:52 RTP packet received: 13 bytes
2025/05/04 23:04:52 RTP packet received: 13 bytes
2025/05/04 23:04:52 RTP packet received: 13 bytes
2025/05/04 23:04:52 RTP packet received: 13 bytes
2025/05/04 23:04:52 RTP packet received: 13 bytes
2025/05/04 23:04:52 RTP packet received: 13 bytes
2025/05/04 23:04:52 RTP packet received: 13 bytes
2025/05/04 23:04:52 📈 Packets: 15/s | Bitrate: 1.56 kbps
2025/05/04 23:04:52 RTP packet received: 13 bytes
2025/05/04 23:04:52 RTP packet received: 13 bytes
2025/05/04 23:04:52 RTP packet received: 13 bytes
2025/05/04 23:04:52 RTP packet received: 13 bytes
2025/05/04 23:04:53 RTP packet received: 13 bytes
2025/05/04 23:04:53 RTP packet received: 13 bytes
2025/05/04 23:04:53 RTP packet received: 13 bytes
2025/05/04 23:04:53 RTP packet received: 13 bytes
2025/05/04 23:04:53 RTP packet received: 13 bytes
2025/05/04 23:04:53 RTP packet received: 13 bytes
2025/05/04 23:04:53 RTP packet received: 13 bytes
2025/05/04 23:04:53 RTP packet received: 13 bytes
2025/05/04 23:04:53 RTP packet received: 13 bytes
2025/05/04 23:04:53 RTP packet received: 13 bytes
2025/05/04 23:04:53 RTP packet received: 13 bytes
2025/05/04 23:04:53 RTP packet received: 13 bytes
2025/05/04 23:04:53 📈 Packets: 15/s | Bitrate: 1.56 kbps
2025/05/04 23:04:53 RTP packet received: 13 bytes
2025/05/04 23:04:53 RTP packet received: 13 bytes
2025/05/04 23:04:53 RTP packet received: 13 bytes
2025/05/04 23:04:53 RTP packet received: 13 bytes
2025/05/04 23:04:54 RTP packet received: 13 bytes
2025/05/04 23:04:54 RTP packet received: 13 bytes
2025/05/04 23:04:54 RTP packet received: 13 bytes
2025/05/04 23:04:54 RTP packet received: 13 bytes
2025/05/04 23:04:54 RTP packet received: 13 bytes
2025/05/04 23:04:54 RTP packet received: 13 bytes
2025/05/04 23:04:54 RTP packet received: 13 bytes
2025/05/04 23:04:54 RTP packet received: 13 bytes
2025/05/04 23:04:54 RTP packet received: 13 bytes
2025/05/04 23:04:54 RTP packet received: 13 bytes
2025/05/04 23:04:54 RTP packet received: 13 bytes
2025/05/04 23:04:54 📈 Packets: 15/s | Bitrate: 1.56 kbps
2025/05/04 23:04:54 RTP packet received: 13 bytes
2025/05/04 23:04:54 RTP packet received: 13 bytes
2025/05/04 23:04:54 RTP packet received: 13 bytes
2025/05/04 23:04:54 RTP packet received: 13 bytes
2025/05/04 23:04:55 RTP packet received: 13 bytes
2025/05/04 23:04:55 RTP packet received: 13 bytes
2025/05/04 23:04:55 RTP packet received: 13 bytes
2025/05/04 23:04:55 RTP packet received: 13 bytes
2025/05/04 23:04:55 RTP packet received: 13 bytes
2025/05/04 23:04:55 RTP packet received: 13 bytes
2025/05/04 23:04:55 RTP packet received: 13 bytes
2025/05/04 23:04:55 RTP packet received: 13 bytes
2025/05/04 23:04:55 RTP packet received: 13 bytes
2025/05/04 23:04:55 RTP packet received: 13 bytes
2025/05/04 23:04:55 RTP packet received: 13 bytes
2025/05/04 23:04:55 RTP packet received: 13 bytes
2025/05/04 23:04:55 📈 Packets: 14/s | Bitrate: 1.46 kbps
2025/05/04 23:04:55 RTP packet received: 13 bytes
2025/05/04 23:04:55 RTP packet received: 13 bytes
2025/05/04 23:04:55 RTP packet received: 13 bytes
2025/05/04 23:04:55 RTP packet received: 13 bytes
2025/05/04 23:04:56 RTP packet received: 13 bytes
2025/05/04 23:04:56 RTP packet received: 13 bytes
2025/05/04 23:04:56 RTP packet received: 13 bytes
2025/05/04 23:04:56 RTP packet received: 13 bytes
2025/05/04 23:04:56 RTP packet received: 13 bytes
2025/05/04 23:04:56 RTP packet received: 13 bytes
2025/05/04 23:04:56 RTP packet received: 13 bytes
2025/05/04 23:04:56 RTP packet received: 13 bytes
2025/05/04 23:04:56 RTP packet received: 13 bytes
2025/05/04 23:04:56 RTP packet received: 13 bytes
2025/05/04 23:04:56 RTP packet received: 13 bytes
2025/05/04 23:04:56 RTP packet received: 13 bytes
2025/05/04 23:04:56 📈 Packets: 15/s | Bitrate: 1.56 kbps
2025/05/04 23:04:56 RTP packet received: 13 bytes
2025/05/04 23:04:56 RTP packet received: 13 bytes
2025/05/04 23:04:56 RTP packet received: 13 bytes
2025/05/04 23:04:56 RTP packet received: 13 bytes
2025/05/04 23:04:57 RTP packet received: 13 bytes
2025/05/04 23:04:57 RTP packet received: 13 bytes
2025/05/04 23:04:57 RTP packet received: 13 bytes
2025/05/04 23:04:57 RTP packet received: 13 bytes
2025/05/04 23:04:57 RTP packet received: 13 bytes
2025/05/04 23:04:57 RTP packet received: 13 bytes
2025/05/04 23:04:57 RTP packet received: 13 bytes
2025/05/04 23:04:57 RTP packet received: 13 bytes
2025/05/04 23:04:57 RTP packet received: 13 bytes
2025/05/04 23:04:57 RTP packet received: 13 bytes
2025/05/04 23:04:57 RTP packet received: 13 bytes
2025/05/04 23:04:57 📈 Packets: 15/s | Bitrate: 1.56 kbps
2025/05/04 23:04:57 RTP packet received: 13 bytes
2025/05/04 23:04:57 RTP packet received: 13 bytes
2025/05/04 23:04:57 RTP packet received: 13 bytes
2025/05/04 23:04:57 RTP packet received: 13 bytes
2025/05/04 23:04:58 RTP packet received: 13 bytes
2025/05/04 23:04:58 RTP packet received: 13 bytes
2025/05/04 23:04:58 RTP packet received: 13 bytes
2025/05/04 23:04:58 RTP packet received: 13 bytes
2025/05/04 23:04:58 RTP packet received: 13 bytes
2025/05/04 23:04:58 RTP packet received: 13 bytes
2025/05/04 23:04:58 RTP packet received: 13 bytes
2025/05/04 23:04:58 RTP packet received: 13 bytes
2025/05/04 23:04:58 RTP packet received: 13 bytes
2025/05/04 23:04:58 RTP packet received: 13 bytes
2025/05/04 23:04:58 RTP packet received: 13 bytes
2025/05/04 23:04:58 📈 Packets: 15/s | Bitrate: 1.56 kbps
2025/05/04 23:04:58 RTP packet received: 13 bytes
2025/05/04 23:04:58 RTP packet received: 13 bytes
2025/05/04 23:04:58 RTP packet received: 13 bytes
2025/05/04 23:04:58 RTP packet received: 13 bytes
2025/05/04 23:04:59 RTP packet received: 13 bytes
2025/05/04 23:04:59 RTP packet received: 13 bytes
2025/05/04 23:04:59 RTP packet received: 13 bytes
2025/05/04 23:04:59 RTP packet received: 13 bytes
2025/05/04 23:04:59 RTP packet received: 13 bytes
2025/05/04 23:04:59 RTP packet received: 13 bytes
2025/05/04 23:04:59 RTP packet received: 13 bytes
2025/05/04 23:04:59 RTP packet received: 13 bytes
2025/05/04 23:04:59 RTP packet received: 13 bytes
2025/05/04 23:04:59 📈 Packets: 17/s | Bitrate: 1.77 kbps
2025/05/04 23:04:59 RTP packet received: 13 bytes
2025/05/04 23:04:59 RTP packet received: 13 bytes
2025/05/04 23:04:59 RTP packet received: 13 bytes
2025/05/04 23:04:59 RTP packet received: 13 bytes
2025/05/04 23:04:59 RTP packet received: 13 bytes
2025/05/04 23:05:00 RTP packet received: 13 bytes
2025/05/04 23:05:00 RTP packet received: 13 bytes
2025/05/04 23:05:00 RTP packet received: 13 bytes
2025/05/04 23:05:00 RTP packet received: 13 bytes
2025/05/04 23:05:00 RTP packet received: 13 bytes
2025/05/04 23:05:00 RTP packet received: 13 bytes
2025/05/04 23:05:00 RTP packet received: 13 bytes
2025/05/04 23:05:00 RTP packet received: 13 bytes
2025/05/04 23:05:00 RTP packet received: 13 bytes
2025/05/04 23:05:00 RTP packet received: 13 bytes
2025/05/04 23:05:00 RTP packet received: 13 bytes
2025/05/04 23:05:00 📈 Packets: 15/s | Bitrate: 1.56 kbps
2025/05/04 23:05:00 RTP packet received: 13 bytes
2025/05/04 23:05:00 RTP packet received: 13 bytes
2025/05/04 23:05:00 RTP packet received: 13 bytes
2025/05/04 23:05:00 RTP packet received: 13 bytes
2025/05/04 23:05:01 RTP packet received: 13 bytes
2025/05/04 23:05:01 RTP packet received: 13 bytes
2025/05/04 23:05:01 RTP packet received: 13 bytes
2025/05/04 23:05:01 RTP packet received: 13 bytes
2025/05/04 23:05:01 RTP packet received: 13 bytes
2025/05/04 23:05:01 RTP packet received: 13 bytes
2025/05/04 23:05:01 RTP packet received: 13 bytes
2025/05/04 23:05:01 RTP packet received: 13 bytes
2025/05/04 23:05:01 RTP packet received: 13 bytes
2025/05/04 23:05:01 RTP packet received: 13 bytes
2025/05/04 23:05:01 RTP packet received: 13 bytes
2025/05/04 23:05:01 📈 Packets: 15/s | Bitrate: 1.56 kbps
2025/05/04 23:05:01 RTP packet received: 13 bytes
2025/05/04 23:05:01 RTP packet received: 13 bytes
2025/05/04 23:05:01 RTP packet received: 13 bytes
2025/05/04 23:05:01 RTP packet received: 13 bytes
2025/05/04 23:05:02 RTP packet received: 13 bytes
2025/05/04 23:05:02 RTP packet received: 13 bytes
2025/05/04 23:05:02 RTP packet received: 13 bytes
2025/05/04 23:05:02 RTP packet received: 13 bytes
2025/05/04 23:05:02 RTP packet received: 13 bytes
2025/05/04 23:05:02 RTP packet received: 13 bytes
2025/05/04 23:05:02 RTP packet received: 13 bytes
2025/05/04 23:05:02 RTP packet received: 13 bytes
2025/05/04 23:05:02 RTP packet received: 13 bytes
2025/05/04 23:05:02 RTP packet received: 13 bytes
2025/05/04 23:05:02 RTP packet received: 13 bytes
2025/05/04 23:05:02 📈 Packets: 15/s | Bitrate: 1.56 kbps
2025/05/04 23:05:02 RTP packet received: 13 bytes
2025/05/04 23:05:02 RTP packet received: 13 bytes
2025/05/04 23:05:02 RTP packet received: 13 bytes
2025/05/04 23:05:02 RTP packet received: 13 bytes
2025/05/04 23:05:03 RTP packet received: 13 bytes
2025/05/04 23:05:03 RTP packet received: 13 bytes
2025/05/04 23:05:03 RTP packet received: 13 bytes
2025/05/04 23:05:03 RTP packet received: 13 bytes
2025/05/04 23:05:03 RTP packet received: 13 bytes
2025/05/04 23:05:03 RTP packet received: 13 bytes
2025/05/04 23:05:03 RTP packet received: 13 bytes
2025/05/04 23:05:03 RTP packet received: 13 bytes
2025/05/04 23:05:03 RTP packet received: 13 bytes
2025/05/04 23:05:03 RTP packet received: 13 bytes
2025/05/04 23:05:03 RTP packet received: 13 bytes
2025/05/04 23:05:03 📈 Packets: 15/s | Bitrate: 1.56 kbps
2025/05/04 23:05:03 RTP packet received: 13 bytes
2025/05/04 23:05:03 RTP packet received: 13 bytes
2025/05/04 23:05:03 RTP packet received: 13 bytes
2025/05/04 23:05:03 RTP packet received: 13 bytes
2025/05/04 23:05:04 RTP packet received: 13 bytes
2025/05/04 23:05:04 RTP packet received: 13 bytes
2025/05/04 23:05:04 RTP packet received: 13 bytes
2025/05/04 23:05:04 RTP packet received: 13 bytes
2025/05/04 23:05:04 RTP packet received: 13 bytes
2025/05/04 23:05:04 RTP packet received: 13 bytes
2025/05/04 23:05:04 RTP packet received: 13 bytes
2025/05/04 23:05:04 RTP packet received: 13 bytes
2025/05/04 23:05:04 RTP packet received: 13 bytes
2025/05/04 23:05:04 RTP packet received: 13 bytes
2025/05/04 23:05:04 RTP packet received: 13 bytes
2025/05/04 23:05:04 📈 Packets: 16/s | Bitrate: 1.66 kbps
2025/05/04 23:05:04 RTP packet received: 13 bytes
2025/05/04 23:05:04 RTP packet received: 13 bytes
2025/05/04 23:05:04 RTP packet received: 13 bytes
2025/05/04 23:05:04 RTP packet received: 13 bytes
2025/05/04 23:05:05 RTP packet received: 13 bytes
2025/05/04 23:05:05 RTP packet received: 13 bytes
2025/05/04 23:05:05 RTP packet received: 13 bytes
2025/05/04 23:05:05 RTP packet received: 13 bytes
2025/05/04 23:05:05 RTP packet received: 13 bytes
2025/05/04 23:05:05 RTP packet received: 13 bytes
2025/05/04 23:05:05 RTP packet received: 13 bytes
2025/05/04 23:05:05 RTP packet received: 13 bytes
2025/05/04 23:05:05 📈 Packets: 18/s | Bitrate: 1.87 kbps
2025/05/04 23:05:05 RTP packet received: 13 bytes
2025/05/04 23:05:05 RTP packet received: 13 bytes
2025/05/04 23:05:05 RTP packet received: 13 bytes
2025/05/04 23:05:05 RTP packet received: 13 bytes
2025/05/04 23:05:06 RTP packet received: 13 bytes
2025/05/04 23:05:06 RTP packet received: 13 bytes
2025/05/04 23:05:06 RTP packet received: 13 bytes
2025/05/04 23:05:06 RTP packet received: 13 bytes
2025/05/04 23:05:06 RTP packet received: 13 bytes
2025/05/04 23:05:06 RTP packet received: 13 bytes
2025/05/04 23:05:06 RTP packet received: 13 bytes
2025/05/04 23:05:06 RTP packet received: 13 bytes
2025/05/04 23:05:06 RTP packet received: 13 bytes
2025/05/04 23:05:06 RTP packet received: 13 bytes
2025/05/04 23:05:06 RTP packet received: 13 bytes
2025/05/04 23:05:06 📈 Packets: 15/s | Bitrate: 1.56 kbps
2025/05/04 23:05:06 RTP packet received: 13 bytes
2025/05/04 23:05:06 RTP packet received: 13 bytes
2025/05/04 23:05:06 RTP packet received: 13 bytes
2025/05/04 23:05:06 RTP packet received: 13 bytes
2025/05/04 23:05:07 RTP packet received: 13 bytes
2025/05/04 23:05:07 RTP packet received: 13 bytes
2025/05/04 23:05:07 RTP packet received: 13 bytes
2025/05/04 23:05:07 RTP packet received: 13 bytes
2025/05/04 23:05:07 RTP packet received: 13 bytes
2025/05/04 23:05:07 RTP packet received: 13 bytes
2025/05/04 23:05:07 RTP packet received: 13 bytes
2025/05/04 23:05:07 RTP packet received: 13 bytes
2025/05/04 23:05:07 RTP packet received: 13 bytes
2025/05/04 23:05:07 RTP packet received: 13 bytes
2025/05/04 23:05:07 RTP packet received: 13 bytes
2025/05/04 23:05:07 📈 Packets: 16/s | Bitrate: 1.66 kbps
2025/05/04 23:05:07 RTP packet received: 13 bytes
2025/05/04 23:05:07 RTP packet received: 13 bytes
2025/05/04 23:05:07 RTP packet received: 13 bytes
2025/05/04 23:05:07 RTP packet received: 13 bytes
2025/05/04 23:05:08 RTP packet received: 13 bytes
2025/05/04 23:05:08 RTP packet received: 13 bytes
2025/05/04 23:05:08 RTP packet received: 13 bytes
2025/05/04 23:05:08 RTP packet received: 13 bytes
2025/05/04 23:05:08 RTP packet received: 13 bytes
2025/05/04 23:05:08 RTP packet received: 13 bytes
2025/05/04 23:05:08 RTP packet received: 13 bytes
2025/05/04 23:05:08 RTP packet received: 13 bytes
2025/05/04 23:05:08 RTP packet received: 13 bytes
2025/05/04 23:05:08 RTP packet received: 13 bytes
2025/05/04 23:05:08 RTP packet received: 13 bytes
2025/05/04 23:05:08 📈 Packets: 15/s | Bitrate: 1.56 kbps
2025/05/04 23:05:08 RTP packet received: 13 bytes
2025/05/04 23:05:08 RTP packet received: 13 bytes
2025/05/04 23:05:08 RTP packet received: 13 bytes
2025/05/04 23:05:08 RTP packet received: 13 bytes
2025/05/04 23:05:08 RTP packet received: 13 bytes
2025/05/04 23:05:09 RTP packet received: 13 bytes
2025/05/04 23:05:09 RTP packet received: 13 bytes
2025/05/04 23:05:09 RTP packet received: 13 bytes
2025/05/04 23:05:09 RTP packet received: 13 bytes
2025/05/04 23:05:09 RTP packet received: 13 bytes
2025/05/04 23:05:09 RTP packet received: 13 bytes
2025/05/04 23:05:09 RTP packet received: 13 bytes
2025/05/04 23:05:09 RTP packet received: 13 bytes
2025/05/04 23:05:09 RTP packet received: 13 bytes
2025/05/04 23:05:09 RTP packet received: 13 bytes
2025/05/04 23:05:09 RTP packet received: 13 bytes
2025/05/04 23:05:09 📈 Packets: 15/s | Bitrate: 1.56 kbps
2025/05/04 23:05:09 RTP packet received: 13 bytes
2025/05/04 23:05:09 RTP packet received: 13 bytes
2025/05/04 23:05:09 RTP packet received: 13 bytes
2025/05/04 23:05:09 RTP packet received: 13 bytes
2025/05/04 23:05:10 RTP packet received: 13 bytes
2025/05/04 23:05:10 RTP packet received: 13 bytes
2025/05/04 23:05:10 RTP packet received: 13 bytes
2025/05/04 23:05:10 RTP packet received: 13 bytes
2025/05/04 23:05:10 RTP packet received: 13 bytes
2025/05/04 23:05:10 RTP packet received: 13 bytes
2025/05/04 23:05:10 RTP packet received: 13 bytes
2025/05/04 23:05:10 RTP packet received: 13 bytes
2025/05/04 23:05:10 RTP packet received: 13 bytes
2025/05/04 23:05:10 RTP packet received: 13 bytes
2025/05/04 23:05:10 RTP packet received: 13 bytes
2025/05/04 23:05:10 📈 Packets: 15/s | Bitrate: 1.56 kbps
2025/05/04 23:05:10 RTP packet received: 13 bytes
2025/05/04 23:05:10 RTP packet received: 13 bytes
2025/05/04 23:05:10 RTP packet received: 13 bytes
2025/05/04 23:05:10 RTP packet received: 13 bytes
2025/05/04 23:05:11 RTP packet received: 13 bytes
2025/05/04 23:05:11 RTP packet received: 13 bytes
2025/05/04 23:05:11 RTP packet received: 13 bytes
2025/05/04 23:05:11 RTP packet received: 13 bytes
2025/05/04 23:05:11 RTP packet received: 13 bytes
2025/05/04 23:05:11 RTP packet received: 13 bytes
2025/05/04 23:05:11 RTP packet received: 13 bytes
2025/05/04 23:05:11 RTP packet received: 13 bytes
2025/05/04 23:05:11 RTP packet received: 13 bytes
2025/05/04 23:05:11 RTP packet received: 13 bytes
2025/05/04 23:05:11 RTP packet received: 13 bytes
2025/05/04 23:05:11 📈 Packets: 15/s | Bitrate: 1.56 kbps
2025/05/04 23:05:11 RTP packet received: 13 bytes
2025/05/04 23:05:11 RTP packet received: 13 bytes
2025/05/04 23:05:11 RTP packet received: 13 bytes
2025/05/04 23:05:11 RTP packet received: 13 bytes
2025/05/04 23:05:12 RTP packet received: 13 bytes
2025/05/04 23:05:12 RTP packet received: 13 bytes
2025/05/04 23:05:12 RTP packet received: 13 bytes
2025/05/04 23:05:12 RTP packet received: 13 bytes
2025/05/04 23:05:12 RTP packet received: 13 bytes
2025/05/04 23:05:12 RTP packet received: 13 bytes
2025/05/04 23:05:12 RTP packet received: 13 bytes
2025/05/04 23:05:12 RTP packet received: 13 bytes
2025/05/04 23:05:12 RTP packet received: 13 bytes
2025/05/04 23:05:12 RTP packet received: 13 bytes
2025/05/04 23:05:12 RTP packet received: 13 bytes
2025/05/04 23:05:12 📈 Packets: 15/s | Bitrate: 1.56 kbps
2025/05/04 23:05:12 RTP packet received: 13 bytes
2025/05/04 23:05:12 RTP packet received: 13 bytes
2025/05/04 23:05:12 RTP packet received: 13 bytes
2025/05/04 23:05:12 RTP packet received: 13 bytes
2025/05/04 23:05:13 RTP packet received: 13 bytes
2025/05/04 23:05:13 RTP packet received: 13 bytes
2025/05/04 23:05:13 RTP packet received: 13 bytes
2025/05/04 23:05:13 RTP packet received: 13 bytes
2025/05/04 23:05:13 RTP packet received: 13 bytes
2025/05/04 23:05:13 RTP packet received: 13 bytes
2025/05/04 23:05:13 RTP packet received: 13 bytes
2025/05/04 23:05:13 RTP packet received: 13 bytes
2025/05/04 23:05:13 RTP packet received: 13 bytes
2025/05/04 23:05:13 RTP packet received: 13 bytes
2025/05/04 23:05:13 RTP packet received: 13 bytes
2025/05/04 23:05:13 📈 Packets: 16/s | Bitrate: 1.66 kbps
2025/05/04 23:05:13 RTP packet received: 13 bytes
2025/05/04 23:05:13 RTP packet received: 13 bytes
2025/05/04 23:05:13 RTP packet received: 13 bytes
2025/05/04 23:05:13 RTP packet received: 13 bytes
2025/05/04 23:05:14 RTP packet received: 13 bytes
2025/05/04 23:05:14 RTP packet received: 13 bytes
2025/05/04 23:05:14 RTP packet received: 13 bytes
2025/05/04 23:05:14 RTP packet received: 13 bytes
2025/05/04 23:05:14 RTP packet received: 13 bytes
2025/05/04 23:05:14 RTP packet received: 13 bytes
2025/05/04 23:05:14 RTP packet received: 13 bytes
2025/05/04 23:05:14 RTP packet received: 13 bytes
2025/05/04 23:05:14 RTP packet received: 13 bytes
2025/05/04 23:05:14 RTP packet received: 13 bytes
2025/05/04 23:05:14 RTP packet received: 13 bytes
2025/05/04 23:05:14 📈 Packets: 15/s | Bitrate: 1.56 kbps
2025/05/04 23:05:14 RTP packet received: 13 bytes
2025/05/04 23:05:14 RTP packet received: 13 bytes
2025/05/04 23:05:14 RTP packet received: 13 bytes
2025/05/04 23:05:14 RTP packet received: 13 bytes
2025/05/04 23:05:15 RTP packet received: 13 bytes
2025/05/04 23:05:15 RTP packet received: 13 bytes
2025/05/04 23:05:15 RTP packet received: 13 bytes
2025/05/04 23:05:15 RTP packet received: 13 bytes
2025/05/04 23:05:15 RTP packet received: 13 bytes
2025/05/04 23:05:15 RTP packet received: 13 bytes
2025/05/04 23:05:15 RTP packet received: 13 bytes
2025/05/04 23:05:15 RTP packet received: 13 bytes
2025/05/04 23:05:15 RTP packet received: 13 bytes
2025/05/04 23:05:15 RTP packet received: 13 bytes
2025/05/04 23:05:15 RTP packet received: 13 bytes
2025/05/04 23:05:15 📈 Packets: 15/s | Bitrate: 1.56 kbps
2025/05/04 23:05:15 RTP packet received: 13 bytes
2025/05/04 23:05:15 RTP packet received: 13 bytes
2025/05/04 23:05:15 RTP packet received: 13 bytes
2025/05/04 23:05:15 RTP packet received: 13 bytes
2025/05/04 23:05:15 RTP packet received: 13 bytes
2025/05/04 23:05:16 RTP packet received: 13 bytes
2025/05/04 23:05:16 RTP packet received: 13 bytes
2025/05/04 23:05:16 RTP packet received: 13 bytes
2025/05/04 23:05:16 RTP packet received: 13 bytes
2025/05/04 23:05:16 RTP packet received: 13 bytes
2025/05/04 23:05:16 RTP packet received: 13 bytes
2025/05/04 23:05:16 RTP packet received: 13 bytes
2025/05/04 23:05:16 RTP packet received: 13 bytes
2025/05/04 23:05:16 RTP packet received: 13 bytes
2025/05/04 23:05:16 RTP packet received: 13 bytes
2025/05/04 23:05:16 RTP packet received: 13 bytes
2025/05/04 23:05:16 📈 Packets: 15/s | Bitrate: 1.56 kbps
2025/05/04 23:05:16 RTP packet received: 13 bytes
2025/05/04 23:05:16 RTP packet received: 13 bytes
2025/05/04 23:05:16 RTP packet received: 13 bytes
2025/05/04 23:05:16 RTP packet received: 13 bytes
2025/05/04 23:05:17 RTP packet received: 13 bytes
2025/05/04 23:05:17 RTP packet received: 13 bytes
2025/05/04 23:05:17 RTP packet received: 13 bytes
2025/05/04 23:05:17 RTP packet received: 13 bytes
2025/05/04 23:05:17 RTP packet received: 13 bytes
2025/05/04 23:05:17 RTP packet received: 13 bytes
2025/05/04 23:05:17 RTP packet received: 13 bytes
2025/05/04 23:05:17 RTP packet received: 13 bytes
2025/05/04 23:05:17 RTP packet received: 13 bytes
2025/05/04 23:05:17 RTP packet received: 13 bytes
2025/05/04 23:05:17 RTP packet received: 13 bytes
2025/05/04 23:05:17 📈 Packets: 15/s | Bitrate: 1.56 kbps
2025/05/04 23:05:17 RTP packet received: 13 bytes
2025/05/04 23:05:17 RTP packet received: 13 bytes
2025/05/04 23:05:17 RTP packet received: 13 bytes
2025/05/04 23:05:17 RTP packet received: 13 bytes
2025/05/04 23:05:18 RTP packet received: 13 bytes
2025/05/04 23:05:18 RTP packet received: 13 bytes
2025/05/04 23:05:18 RTP packet received: 13 bytes
2025/05/04 23:05:18 RTP packet received: 13 bytes
2025/05/04 23:05:18 RTP packet received: 13 bytes
2025/05/04 23:05:18 RTP packet received: 13 bytes
2025/05/04 23:05:18 RTP packet received: 13 bytes
2025/05/04 23:05:18 RTP packet received: 13 bytes
2025/05/04 23:05:18 RTP packet received: 13 bytes
2025/05/04 23:05:18 RTP packet received: 13 bytes
2025/05/04 23:05:18 RTP packet received: 13 bytes
2025/05/04 23:05:18 📈 Packets: 15/s | Bitrate: 1.56 kbps
2025/05/04 23:05:18 RTP packet received: 13 bytes
2025/05/04 23:05:18 RTP packet received: 13 bytes
2025/05/04 23:05:18 RTP packet received: 13 bytes
2025/05/04 23:05:18 RTP packet received: 13 bytes
2025/05/04 23:05:19 RTP packet received: 13 bytes
2025/05/04 23:05:19 RTP packet received: 13 bytes
2025/05/04 23:05:19 RTP packet received: 13 bytes
2025/05/04 23:05:19 RTP packet received: 13 bytes
2025/05/04 23:05:19 RTP packet received: 13 bytes
2025/05/04 23:05:19 RTP packet received: 13 bytes
2025/05/04 23:05:19 RTP packet received: 13 bytes
2025/05/04 23:05:19 RTP packet received: 13 bytes
2025/05/04 23:05:19 RTP packet received: 13 bytes
2025/05/04 23:05:19 RTP packet received: 13 bytes
2025/05/04 23:05:19 RTP packet received: 13 bytes
2025/05/04 23:05:19 📈 Packets: 16/s | Bitrate: 1.66 kbps
2025/05/04 23:05:19 RTP packet received: 13 bytes
2025/05/04 23:05:19 RTP packet received: 13 bytes
2025/05/04 23:05:19 RTP packet received: 13 bytes
2025/05/04 23:05:19 RTP packet received: 13 bytes
2025/05/04 23:05:20 RTP packet received: 13 bytes
2025/05/04 23:05:20 RTP packet received: 13 bytes
2025/05/04 23:05:20 RTP packet received: 13 bytes
2025/05/04 23:05:20 RTP packet received: 13 bytes
2025/05/04 23:05:20 RTP packet received: 13 bytes
2025/05/04 23:05:20 RTP packet received: 13 bytes
2025/05/04 23:05:20 RTP packet received: 13 bytes
2025/05/04 23:05:20 RTP packet received: 13 bytes
2025/05/04 23:05:20 RTP packet received: 13 bytes
2025/05/04 23:05:20 RTP packet received: 13 bytes
2025/05/04 23:05:20 RTP packet received: 13 bytes
2025/05/04 23:05:20 📈 Packets: 15/s | Bitrate: 1.56 kbps
2025/05/04 23:05:20 RTP packet received: 13 bytes
2025/05/04 23:05:20 RTP packet received: 13 bytes
2025/05/04 23:05:20 RTP packet received: 13 bytes
2025/05/04 23:05:20 RTP packet received: 13 bytes
2025/05/04 23:05:21 RTP packet received: 13 bytes
2025/05/04 23:05:21 RTP packet received: 13 bytes
2025/05/04 23:05:21 RTP packet received: 13 bytes
2025/05/04 23:05:21 RTP packet received: 13 bytes
2025/05/04 23:05:21 RTP packet received: 13 bytes
2025/05/04 23:05:21 RTP packet received: 13 bytes
2025/05/04 23:05:21 RTP packet received: 13 bytes
2025/05/04 23:05:21 RTP packet received: 13 bytes
2025/05/04 23:05:21 RTP packet received: 13 bytes
2025/05/04 23:05:21 RTP packet received: 13 bytes
2025/05/04 23:05:21 RTP packet received: 13 bytes
2025/05/04 23:05:21 📈 Packets: 15/s | Bitrate: 1.56 kbps
2025/05/04 23:05:21 RTP packet received: 13 bytes
2025/05/04 23:05:21 RTP packet received: 13 bytes
2025/05/04 23:05:21 RTP packet received: 13 bytes
2025/05/04 23:05:21 RTP packet received: 13 bytes
2025/05/04 23:05:21 RTP packet received: 13 bytes
2025/05/04 23:05:22 RTP packet received: 13 bytes
2025/05/04 23:05:22 RTP packet received: 13 bytes
2025/05/04 23:05:22 RTP packet received: 13 bytes
2025/05/04 23:05:22 RTP packet received: 13 bytes
2025/05/04 23:05:22 RTP packet received: 13 bytes
2025/05/04 23:05:22 RTP packet received: 13 bytes
2025/05/04 23:05:22 RTP packet received: 13 bytes
2025/05/04 23:05:22 RTP packet received: 13 bytes
2025/05/04 23:05:22 RTP packet received: 13 bytes
2025/05/04 23:05:22 RTP packet received: 13 bytes
2025/05/04 23:05:22 📈 Packets: 15/s | Bitrate: 1.56 kbps
2025/05/04 23:05:22 RTP packet received: 13 bytes
2025/05/04 23:05:22 RTP packet received: 13 bytes
2025/05/04 23:05:22 RTP packet received: 13 bytes
2025/05/04 23:05:22 RTP packet received: 13 bytes
2025/05/04 23:05:22 RTP packet received: 13 bytes
2025/05/04 23:05:23 RTP packet received: 13 bytes
2025/05/04 23:05:23 RTP packet received: 13 bytes
2025/05/04 23:05:23 RTP packet received: 13 bytes
2025/05/04 23:05:23 RTP packet received: 13 bytes
2025/05/04 23:05:23 RTP packet received: 13 bytes
2025/05/04 23:05:23 RTP packet received: 13 bytes
2025/05/04 23:05:23 RTP packet received: 13 bytes
2025/05/04 23:05:23 RTP packet received: 13 bytes
2025/05/04 23:05:23 RTP packet received: 13 bytes
2025/05/04 23:05:23 RTP packet received: 13 bytes
2025/05/04 23:05:23 RTP packet received: 13 bytes
2025/05/04 23:05:23 📈 Packets: 15/s | Bitrate: 1.56 kbps
2025/05/04 23:05:23 RTP packet received: 13 bytes
2025/05/04 23:05:23 RTP packet received: 13 bytes
2025/05/04 23:05:23 RTP packet received: 13 bytes
2025/05/04 23:05:23 RTP packet received: 13 bytes
2025/05/04 23:05:24 RTP packet received: 13 bytes
2025/05/04 23:05:24 RTP packet received: 13 bytes
2025/05/04 23:05:24 RTP packet received: 13 bytes
2025/05/04 23:05:24 RTP packet received: 13 bytes
2025/05/04 23:05:24 RTP packet received: 13 bytes
2025/05/04 23:05:24 RTP packet received: 13 bytes
2025/05/04 23:05:24 RTP packet received: 13 bytes
2025/05/04 23:05:24 RTP packet received: 13 bytes
2025/05/04 23:05:24 RTP packet received: 13 bytes
2025/05/04 23:05:24 RTP packet received: 13 bytes
2025/05/04 23:05:24 RTP packet received: 13 bytes
2025/05/04 23:05:24 📈 Packets: 15/s | Bitrate: 1.56 kbps
2025/05/04 23:05:24 RTP packet received: 13 bytes
2025/05/04 23:05:24 RTP packet received: 13 bytes
2025/05/04 23:05:24 RTP packet received: 13 bytes
2025/05/04 23:05:24 RTP packet received: 13 bytes
2025/05/04 23:05:25 RTP packet received: 13 bytes
2025/05/04 23:05:25 RTP packet received: 13 bytes
2025/05/04 23:05:25 RTP packet received: 13 bytes
2025/05/04 23:05:25 RTP packet received: 13 bytes
2025/05/04 23:05:25 RTP packet received: 13 bytes
2025/05/04 23:05:25 RTP packet received: 13 bytes
2025/05/04 23:05:25 RTP packet received: 13 bytes
2025/05/04 23:05:25 RTP packet received: 13 bytes
2025/05/04 23:05:25 RTP packet received: 13 bytes
2025/05/04 23:05:25 RTP packet received: 13 bytes
2025/05/04 23:05:25 RTP packet received: 13 bytes
2025/05/04 23:05:25 📈 Packets: 15/s | Bitrate: 1.56 kbps
2025/05/04 23:05:25 RTP packet received: 13 bytes
2025/05/04 23:05:25 RTP packet received: 13 bytes
2025/05/04 23:05:25 RTP packet received: 13 bytes
2025/05/04 23:05:25 RTP packet received: 13 bytes
2025/05/04 23:05:26 RTP packet received: 13 bytes
2025/05/04 23:05:26 RTP packet received: 13 bytes
2025/05/04 23:05:26 RTP packet received: 13 bytes
2025/05/04 23:05:26 RTP packet received: 13 bytes
2025/05/04 23:05:26 RTP packet received: 13 bytes
2025/05/04 23:05:26 RTP packet received: 13 bytes
2025/05/04 23:05:26 RTP packet received: 13 bytes
2025/05/04 23:05:26 RTP packet received: 13 bytes
2025/05/04 23:05:26 RTP packet received: 13 bytes
2025/05/04 23:05:26 RTP packet received: 13 bytes
2025/05/04 23:05:26 RTP packet received: 13 bytes
2025/05/04 23:05:26 📈 Packets: 16/s | Bitrate: 1.66 kbps
2025/05/04 23:05:26 RTP packet received: 13 bytes
2025/05/04 23:05:26 RTP packet received: 13 bytes
2025/05/04 23:05:26 RTP packet received: 13 bytes
2025/05/04 23:05:26 RTP packet received: 13 bytes
2025/05/04 23:05:27 RTP packet received: 13 bytes
2025/05/04 23:05:27 RTP packet received: 13 bytes
2025/05/04 23:05:27 RTP packet received: 13 bytes
2025/05/04 23:05:27 RTP packet received: 13 bytes
2025/05/04 23:05:27 RTP packet received: 13 bytes
2025/05/04 23:05:27 RTP packet received: 13 bytes
2025/05/04 23:05:27 RTP packet received: 13 bytes
2025/05/04 23:05:27 RTP packet received: 13 bytes
2025/05/04 23:05:27 RTP packet received: 13 bytes
2025/05/04 23:05:27 RTP packet received: 13 bytes
2025/05/04 23:05:27 RTP packet received: 13 bytes
2025/05/04 23:05:27 📈 Packets: 15/s | Bitrate: 1.56 kbps
2025/05/04 23:05:27 RTP packet received: 13 bytes
2025/05/04 23:05:27 RTP packet received: 13 bytes
2025/05/04 23:05:27 RTP packet received: 13 bytes
2025/05/04 23:05:27 RTP packet received: 13 bytes
2025/05/04 23:05:28 RTP packet received: 13 bytes
2025/05/04 23:05:28 RTP packet received: 13 bytes
2025/05/04 23:05:28 RTP packet received: 13 bytes
2025/05/04 23:05:28 RTP packet received: 13 bytes
2025/05/04 23:05:28 RTP packet received: 13 bytes
2025/05/04 23:05:28 RTP packet received: 13 bytes
2025/05/04 23:05:28 RTP packet received: 13 bytes
2025/05/04 23:05:28 RTP packet received: 13 bytes
2025/05/04 23:05:28 RTP packet received: 13 bytes
2025/05/04 23:05:28 RTP packet received: 13 bytes
2025/05/04 23:05:28 RTP packet received: 13 bytes
2025/05/04 23:05:28 RTP packet received: 13 bytes
2025/05/04 23:05:28 RTP packet received: 13 bytes
2025/05/04 23:05:28 📈 Packets: 13/s | Bitrate: 1.35 kbps
2025/05/04 23:05:28 RTP packet received: 13 bytes
2025/05/04 23:05:28 RTP packet received: 13 bytes
2025/05/04 23:05:28 RTP packet received: 13 bytes
2025/05/04 23:05:28 RTP packet received: 13 bytes
2025/05/04 23:05:29 RTP packet received: 13 bytes
2025/05/04 23:05:29 RTP packet received: 13 bytes
2025/05/04 23:05:29 RTP packet received: 13 bytes
2025/05/04 23:05:29 RTP packet received: 13 bytes
2025/05/04 23:05:29 RTP packet received: 13 bytes
2025/05/04 23:05:29 RTP packet received: 13 bytes
2025/05/04 23:05:29 RTP packet received: 13 bytes
2025/05/04 23:05:29 RTP packet received: 13 bytes
2025/05/04 23:05:29 RTP packet received: 13 bytes
2025/05/04 23:05:29 RTP packet received: 13 bytes
2025/05/04 23:05:29 RTP packet received: 13 bytes
2025/05/04 23:05:29 📈 Packets: 16/s | Bitrate: 1.66 kbps
2025/05/04 23:05:29 RTP packet received: 13 bytes
2025/05/04 23:05:29 RTP packet received: 13 bytes
2025/05/04 23:05:29 RTP packet received: 13 bytes
2025/05/04 23:05:29 RTP packet received: 13 bytes
2025/05/04 23:05:30 RTP packet received: 13 bytes
2025/05/04 23:05:30 RTP packet received: 13 bytes
2025/05/04 23:05:30 RTP packet received: 13 bytes
2025/05/04 23:05:30 RTP packet received: 13 bytes
2025/05/04 23:05:30 RTP packet received: 13 bytes
2025/05/04 23:05:30 RTP packet received: 13 bytes
2025/05/04 23:05:30 RTP packet received: 13 bytes
2025/05/04 23:05:30 RTP packet received: 13 bytes
2025/05/04 23:05:30 RTP packet received: 13 bytes
2025/05/04 23:05:30 RTP packet received: 13 bytes
2025/05/04 23:05:30 RTP packet received: 13 bytes
2025/05/04 23:05:30 📈 Packets: 15/s | Bitrate: 1.56 kbps
2025/05/04 23:05:30 RTP packet received: 13 bytes
2025/05/04 23:05:30 RTP packet received: 13 bytes
2025/05/04 23:05:30 RTP packet received: 13 bytes
2025/05/04 23:05:30 RTP packet received: 13 bytes
2025/05/04 23:05:31 RTP packet received: 13 bytes
2025/05/04 23:05:31 RTP packet received: 13 bytes
2025/05/04 23:05:31 RTP packet received: 13 bytes
2025/05/04 23:05:31 RTP packet received: 13 bytes
2025/05/04 23:05:31 RTP packet received: 13 bytes
2025/05/04 23:05:31 RTP packet received: 13 bytes
2025/05/04 23:05:31 RTP packet received: 13 bytes
2025/05/04 23:05:31 RTP packet received: 13 bytes
2025/05/04 23:05:31 RTP packet received: 13 bytes
2025/05/04 23:05:31 RTP packet received: 13 bytes
2025/05/04 23:05:31 RTP packet received: 13 bytes
2025/05/04 23:05:31 📈 Packets: 15/s | Bitrate: 1.56 kbps
2025/05/04 23:05:31 RTP packet received: 13 bytes
2025/05/04 23:05:31 RTP packet received: 13 bytes
2025/05/04 23:05:31 RTP packet received: 13 bytes
2025/05/04 23:05:31 RTP packet received: 13 bytes
2025/05/04 23:05:31 RTP packet received: 13 bytes
2025/05/04 23:05:32 RTP packet received: 13 bytes
2025/05/04 23:05:32 RTP packet received: 13 bytes
2025/05/04 23:05:32 RTP packet received: 13 bytes
2025/05/04 23:05:32 RTP packet received: 13 bytes
2025/05/04 23:05:32 RTP packet received: 13 bytes
2025/05/04 23:05:32 RTP packet received: 13 bytes
2025/05/04 23:05:32 RTP packet received: 13 bytes
2025/05/04 23:05:32 RTP packet received: 13 bytes
2025/05/04 23:05:32 RTP packet received: 13 bytes
2025/05/04 23:05:32 RTP packet received: 13 bytes
2025/05/04 23:05:32 RTP packet received: 13 bytes
2025/05/04 23:05:32 📈 Packets: 14/s | Bitrate: 1.46 kbps
2025/05/04 23:05:32 RTP packet received: 13 bytes
2025/05/04 23:05:32 RTP packet received: 13 bytes
2025/05/04 23:05:32 RTP packet received: 13 bytes
2025/05/04 23:05:32 RTP packet received: 13 bytes
2025/05/04 23:05:32 RTP packet received: 13 bytes
2025/05/04 23:05:33 RTP packet received: 13 bytes
2025/05/04 23:05:33 RTP packet received: 13 bytes
2025/05/04 23:05:33 RTP packet received: 13 bytes
2025/05/04 23:05:33 RTP packet received: 13 bytes
2025/05/04 23:05:33 RTP packet received: 13 bytes
2025/05/04 23:05:33 RTP packet received: 13 bytes
2025/05/04 23:05:33 RTP packet received: 13 bytes
2025/05/04 23:05:33 RTP packet received: 13 bytes
2025/05/04 23:05:33 RTP packet received: 13 bytes
2025/05/04 23:05:33 RTP packet received: 13 bytes
2025/05/04 23:05:33 RTP packet received: 13 bytes
2025/05/04 23:05:33 📈 Packets: 15/s | Bitrate: 1.56 kbps
2025/05/04 23:05:33 RTP packet received: 13 bytes
2025/05/04 23:05:33 RTP packet received: 13 bytes
2025/05/04 23:05:33 RTP packet received: 13 bytes
2025/05/04 23:05:33 RTP packet received: 13 bytes
2025/05/04 23:05:34 RTP packet received: 13 bytes
2025/05/04 23:05:34 RTP packet received: 13 bytes
2025/05/04 23:05:34 RTP packet received: 13 bytes
2025/05/04 23:05:34 RTP packet received: 13 bytes
2025/05/04 23:05:34 RTP packet received: 13 bytes
2025/05/04 23:05:34 RTP packet received: 13 bytes
2025/05/04 23:05:34 RTP packet received: 13 bytes
2025/05/04 23:05:34 RTP packet received: 13 bytes
2025/05/04 23:05:34 RTP packet received: 13 bytes
2025/05/04 23:05:34 RTP packet received: 13 bytes
2025/05/04 23:05:34 RTP packet received: 13 bytes
2025/05/04 23:05:34 📈 Packets: 15/s | Bitrate: 1.56 kbps
2025/05/04 23:05:34 RTP packet received: 13 bytes
2025/05/04 23:05:34 RTP packet received: 13 bytes
2025/05/04 23:05:34 RTP packet received: 13 bytes
2025/05/04 23:05:34 RTP packet received: 13 bytes
2025/05/04 23:05:35 RTP packet received: 13 bytes
2025/05/04 23:05:35 RTP packet received: 13 bytes
2025/05/04 23:05:35 RTP packet received: 13 bytes
2025/05/04 23:05:35 RTP packet received: 13 bytes
2025/05/04 23:05:35 RTP packet received: 13 bytes
2025/05/04 23:05:35 RTP packet received: 13 bytes
2025/05/04 23:05:35 RTP packet received: 13 bytes
2025/05/04 23:05:35 RTP packet received: 13 bytes
2025/05/04 23:05:35 RTP packet received: 13 bytes
2025/05/04 23:05:35 RTP packet received: 13 bytes
2025/05/04 23:05:35 RTP packet received: 13 bytes
2025/05/04 23:05:35 📈 Packets: 15/s | Bitrate: 1.56 kbps
2025/05/04 23:05:35 RTP packet received: 13 bytes
2025/05/04 23:05:35 RTP packet received: 13 bytes
2025/05/04 23:05:35 RTP packet received: 13 bytes
2025/05/04 23:05:35 RTP packet received: 13 bytes
2025/05/04 23:05:36 RTP packet received: 13 bytes
2025/05/04 23:05:36 RTP packet received: 13 bytes
2025/05/04 23:05:36 RTP packet received: 13 bytes
2025/05/04 23:05:36 RTP packet received: 13 bytes
2025/05/04 23:05:36 RTP packet received: 13 bytes
2025/05/04 23:05:36 RTP packet received: 13 bytes
2025/05/04 23:05:36 RTP packet received: 13 bytes
2025/05/04 23:05:36 RTP packet received: 13 bytes
2025/05/04 23:05:36 RTP packet received: 13 bytes
2025/05/04 23:05:36 RTP packet received: 13 bytes
2025/05/04 23:05:36 RTP packet received: 13 bytes
2025/05/04 23:05:36 📈 Packets: 16/s | Bitrate: 1.66 kbps
2025/05/04 23:05:36 RTP packet received: 13 bytes
2025/05/04 23:05:36 RTP packet received: 13 bytes
2025/05/04 23:05:36 RTP packet received: 13 bytes
2025/05/04 23:05:36 RTP packet received: 13 bytes
2025/05/04 23:05:37 RTP packet received: 13 bytes
2025/05/04 23:05:37 RTP packet received: 13 bytes
2025/05/04 23:05:37 RTP packet received: 13 bytes
2025/05/04 23:05:37 RTP packet received: 13 bytes
2025/05/04 23:05:37 RTP packet received: 13 bytes
2025/05/04 23:05:37 RTP packet received: 13 bytes
2025/05/04 23:05:37 RTP packet received: 13 bytes
2025/05/04 23:05:37 RTP packet received: 13 bytes
2025/05/04 23:05:37 RTP packet received: 13 bytes
2025/05/04 23:05:37 RTP packet received: 13 bytes
2025/05/04 23:05:37 RTP packet received: 13 bytes
2025/05/04 23:05:37 📈 Packets: 15/s | Bitrate: 1.56 kbps
2025/05/04 23:05:37 RTP packet received: 13 bytes
2025/05/04 23:05:37 RTP packet received: 13 bytes
2025/05/04 23:05:37 RTP packet received: 13 bytes
2025/05/04 23:05:37 RTP packet received: 13 bytes
2025/05/04 23:05:38 RTP packet received: 13 bytes
2025/05/04 23:05:38 RTP packet received: 13 bytes
2025/05/04 23:05:38 RTP packet received: 13 bytes
2025/05/04 23:05:38 RTP packet received: 13 bytes
2025/05/04 23:05:38 RTP packet received: 13 bytes
2025/05/04 23:05:38 RTP packet received: 13 bytes
2025/05/04 23:05:38 RTP packet received: 13 bytes
2025/05/04 23:05:38 RTP packet received: 13 bytes
2025/05/04 23:05:38 RTP packet received: 13 bytes
2025/05/04 23:05:38 RTP packet received: 13 bytes
2025/05/04 23:05:38 RTP packet received: 13 bytes
2025/05/04 23:05:38 📈 Packets: 15/s | Bitrate: 1.56 kbps
2025/05/04 23:05:38 RTP packet received: 13 bytes
2025/05/04 23:05:38 RTP packet received: 13 bytes
2025/05/04 23:05:38 RTP packet received: 13 bytes
2025/05/04 23:05:38 RTP packet received: 13 bytes
2025/05/04 23:05:38 RTP packet received: 13 bytes
2025/05/04 23:05:39 RTP packet received: 13 bytes
2025/05/04 23:05:39 RTP packet received: 13 bytes
2025/05/04 23:05:39 RTP packet received: 13 bytes
2025/05/04 23:05:39 RTP packet received: 13 bytes
2025/05/04 23:05:39 RTP packet received: 13 bytes
2025/05/04 23:05:39 RTP packet received: 13 bytes
2025/05/04 23:05:39 RTP packet received: 13 bytes
2025/05/04 23:05:39 RTP packet received: 13 bytes
2025/05/04 23:05:39 RTP packet received: 13 bytes
2025/05/04 23:05:39 RTP packet received: 13 bytes
2025/05/04 23:05:39 RTP packet received: 13 bytes
2025/05/04 23:05:39 📈 Packets: 15/s | Bitrate: 1.56 kbps
2025/05/04 23:05:39 RTP packet received: 13 bytes
2025/05/04 23:05:39 RTP packet received: 13 bytes
2025/05/04 23:05:39 RTP packet received: 13 bytes
2025/05/04 23:05:39 RTP packet received: 13 bytes
2025/05/04 23:05:40 RTP packet received: 13 bytes
2025/05/04 23:05:40 RTP packet received: 13 bytes
2025/05/04 23:05:40 RTP packet received: 13 bytes
2025/05/04 23:05:40 RTP packet received: 13 bytes
2025/05/04 23:05:40 RTP packet received: 13 bytes
2025/05/04 23:05:40 RTP packet received: 13 bytes
2025/05/04 23:05:40 RTP packet received: 13 bytes
2025/05/04 23:05:40 RTP packet received: 13 bytes
2025/05/04 23:05:40 RTP packet received: 13 bytes
2025/05/04 23:05:40 RTP packet received: 13 bytes
2025/05/04 23:05:40 RTP packet received: 13 bytes
2025/05/04 23:05:40 📈 Packets: 15/s | Bitrate: 1.56 kbps
2025/05/04 23:05:40 RTP packet received: 13 bytes
2025/05/04 23:05:40 RTP packet received: 13 bytes
2025/05/04 23:05:41 RTP packet received: 13 bytes
2025/05/04 23:05:41 RTP packet received: 13 bytes
2025/05/04 23:05:41 RTP packet received: 13 bytes
2025/05/04 23:05:41 RTP packet received: 13 bytes
2025/05/04 23:05:41 RTP packet received: 13 bytes
2025/05/04 23:05:41 RTP packet received: 13 bytes
2025/05/04 23:05:41 RTP packet received: 13 bytes
2025/05/04 23:05:41 RTP packet received: 13 bytes
2025/05/04 23:05:41 RTP packet received: 13 bytes
2025/05/04 23:05:41 RTP packet received: 13 bytes
2025/05/04 23:05:41 RTP packet received: 13 bytes
2025/05/04 23:05:41 📈 Packets: 17/s | Bitrate: 1.77 kbps
2025/05/04 23:05:41 RTP packet received: 13 bytes
2025/05/04 23:05:41 RTP packet received: 13 bytes
2025/05/04 23:05:41 RTP packet received: 13 bytes
2025/05/04 23:05:41 RTP packet received: 13 bytes
2025/05/04 23:05:42 RTP packet received: 13 bytes
2025/05/04 23:05:42 RTP packet received: 13 bytes
2025/05/04 23:05:42 RTP packet received: 13 bytes
2025/05/04 23:05:42 RTP packet received: 13 bytes
2025/05/04 23:05:42 RTP packet received: 13 bytes
2025/05/04 23:05:42 RTP packet received: 13 bytes
2025/05/04 23:05:42 RTP packet received: 13 bytes
2025/05/04 23:05:42 RTP packet received: 13 bytes
2025/05/04 23:05:42 RTP packet received: 13 bytes
2025/05/04 23:05:42 RTP packet received: 13 bytes
2025/05/04 23:05:42 RTP packet received: 13 bytes
2025/05/04 23:05:42 📈 Packets: 15/s | Bitrate: 1.56 kbps
2025/05/04 23:05:42 RTP packet received: 13 bytes
2025/05/04 23:05:42 RTP packet received: 13 bytes
2025/05/04 23:05:42 RTP packet received: 13 bytes
2025/05/04 23:05:42 RTP packet received: 13 bytes
2025/05/04 23:05:42 RTP packet received: 13 bytes
2025/05/04 23:05:43 RTP packet received: 13 bytes
2025/05/04 23:05:43 RTP packet received: 13 bytes
2025/05/04 23:05:43 RTP packet received: 13 bytes
2025/05/04 23:05:43 RTP packet received: 13 bytes
2025/05/04 23:05:43 RTP packet received: 13 bytes
2025/05/04 23:05:43 RTP packet received: 13 bytes
2025/05/04 23:05:43 RTP packet received: 13 bytes
2025/05/04 23:05:43 RTP packet received: 13 bytes
2025/05/04 23:05:43 RTP packet received: 13 bytes
2025/05/04 23:05:43 RTP packet received: 13 bytes
2025/05/04 23:05:43 RTP packet received: 13 bytes
2025/05/04 23:05:43 📈 Packets: 15/s | Bitrate: 1.56 kbps
2025/05/04 23:05:43 RTP packet received: 13 bytes
2025/05/04 23:05:43 RTP packet received: 13 bytes
2025/05/04 23:05:43 RTP packet received: 13 bytes
2025/05/04 23:05:43 RTP packet received: 13 bytes
2025/05/04 23:05:44 RTP packet received: 13 bytes
2025/05/04 23:05:44 RTP packet received: 13 bytes
2025/05/04 23:05:44 RTP packet received: 13 bytes
2025/05/04 23:05:44 RTP packet received: 13 bytes
2025/05/04 23:05:44 RTP packet received: 13 bytes
2025/05/04 23:05:44 RTP packet received: 13 bytes
2025/05/04 23:05:44 RTP packet received: 13 bytes
2025/05/04 23:05:44 RTP packet received: 13 bytes
2025/05/04 23:05:44 RTP packet received: 13 bytes
2025/05/04 23:05:44 RTP packet received: 13 bytes
2025/05/04 23:05:44 RTP packet received: 13 bytes
2025/05/04 23:05:44 📈 Packets: 15/s | Bitrate: 1.56 kbps
2025/05/04 23:05:44 RTP packet received: 13 bytes
2025/05/04 23:05:44 RTP packet received: 13 bytes
2025/05/04 23:05:44 RTP packet received: 13 bytes
2025/05/04 23:05:44 RTP packet received: 13 bytes
2025/05/04 23:05:45 RTP packet received: 13 bytes
2025/05/04 23:05:45 RTP packet received: 13 bytes
2025/05/04 23:05:45 RTP packet received: 13 bytes
2025/05/04 23:05:45 RTP packet received: 13 bytes
2025/05/04 23:05:45 RTP packet received: 13 bytes
2025/05/04 23:05:45 RTP packet received: 13 bytes
2025/05/04 23:05:45 RTP packet received: 13 bytes
2025/05/04 23:05:45 RTP packet received: 13 bytes
2025/05/04 23:05:45 RTP packet received: 13 bytes
2025/05/04 23:05:45 RTP packet received: 13 bytes
2025/05/04 23:05:45 RTP packet received: 13 bytes
2025/05/04 23:05:45 📈 Packets: 15/s | Bitrate: 1.56 kbps
2025/05/04 23:05:45 RTP packet received: 13 bytes
2025/05/04 23:05:45 RTP packet received: 13 bytes
2025/05/04 23:05:45 RTP packet received: 13 bytes
2025/05/04 23:05:45 RTP packet received: 13 bytes
2025/05/04 23:05:46 RTP packet received: 13 bytes
2025/05/04 23:05:46 RTP packet received: 13 bytes
2025/05/04 23:05:46 RTP packet received: 13 bytes
2025/05/04 23:05:46 RTP packet received: 13 bytes
2025/05/04 23:05:46 RTP packet received: 13 bytes
2025/05/04 23:05:46 RTP packet received: 13 bytes
2025/05/04 23:05:46 RTP packet received: 13 bytes
2025/05/04 23:05:46 RTP packet received: 13 bytes
2025/05/04 23:05:46 RTP packet received: 13 bytes
2025/05/04 23:05:46 RTP packet received: 13 bytes
2025/05/04 23:05:46 RTP packet received: 13 bytes
2025/05/04 23:05:46 📈 Packets: 16/s | Bitrate: 1.66 kbps
2025/05/04 23:05:46 RTP packet received: 13 bytes
2025/05/04 23:05:46 RTP packet received: 13 bytes
2025/05/04 23:05:46 RTP packet received: 13 bytes
2025/05/04 23:05:46 RTP packet received: 13 bytes
2025/05/04 23:05:47 RTP packet received: 13 bytes
2025/05/04 23:05:47 RTP packet received: 13 bytes
2025/05/04 23:05:47 RTP packet received: 13 bytes
2025/05/04 23:05:47 RTP packet received: 13 bytes
2025/05/04 23:05:47 RTP packet received: 13 bytes
2025/05/04 23:05:47 RTP packet received: 13 bytes
2025/05/04 23:05:47 RTP packet received: 13 bytes
2025/05/04 23:05:47 RTP packet received: 13 bytes
2025/05/04 23:05:47 RTP packet received: 13 bytes
2025/05/04 23:05:47 RTP packet received: 13 bytes
2025/05/04 23:05:47 RTP packet received: 13 bytes
2025/05/04 23:05:47 RTP packet received: 13 bytes
2025/05/04 23:05:47 RTP packet received: 13 bytes
2025/05/04 23:05:47 📈 Packets: 13/s | Bitrate: 1.35 kbps
2025/05/04 23:05:47 RTP packet received: 13 bytes
2025/05/04 23:05:47 RTP packet received: 13 bytes
2025/05/04 23:05:47 RTP packet received: 13 bytes
2025/05/04 23:05:47 RTP packet received: 13 bytes
2025/05/04 23:05:48 RTP packet received: 13 bytes
2025/05/04 23:05:48 RTP packet received: 13 bytes
2025/05/04 23:05:48 RTP packet received: 13 bytes
2025/05/04 23:05:48 RTP packet received: 13 bytes
2025/05/04 23:05:48 RTP packet received: 13 bytes
2025/05/04 23:05:48 RTP packet received: 13 bytes
2025/05/04 23:05:48 RTP packet received: 13 bytes
2025/05/04 23:05:48 RTP packet received: 13 bytes
2025/05/04 23:05:48 RTP packet received: 13 bytes
2025/05/04 23:05:48 RTP packet received: 13 bytes
2025/05/04 23:05:48 RTP packet received: 13 bytes
2025/05/04 23:05:48 📈 Packets: 15/s | Bitrate: 1.56 kbps
2025/05/04 23:05:48 RTP packet received: 13 bytes
2025/05/04 23:05:48 RTP packet received: 13 bytes
2025/05/04 23:05:48 RTP packet received: 13 bytes
2025/05/04 23:05:48 RTP packet received: 13 bytes
2025/05/04 23:05:49 RTP packet received: 13 bytes
2025/05/04 23:05:49 RTP packet received: 13 bytes
2025/05/04 23:05:49 RTP packet received: 13 bytes
2025/05/04 23:05:49 RTP packet received: 13 bytes
2025/05/04 23:05:49 RTP packet received: 13 bytes
2025/05/04 23:05:49 RTP packet received: 13 bytes
2025/05/04 23:05:49 RTP packet received: 13 bytes
2025/05/04 23:05:49 RTP packet received: 13 bytes
2025/05/04 23:05:49 RTP packet received: 13 bytes
2025/05/04 23:05:49 👋 Client exiting after duration.
