2025/05/04 22:16:10 Connected as peer-513744
2025/05/04 22:16:10 🕒 Client will exit after 100 seconds
2025/05/04 22:16:11 📡 Received renegotiation offer
2025/05/04 22:16:11 Sent renegotiation answer
2025/05/04 22:16:11 Received track from SFU | Kind: video
2025/05/04 22:16:11 RTP packet received: 13 bytes
2025/05/04 22:16:11 RTP packet received: 13 bytes
2025/05/04 22:16:11 📦 Time to First RTP: 76.07ms
2025/05/04 22:16:11 RTP packet received: 13 bytes
2025/05/04 22:16:11 RTP packet received: 13 bytes
2025/05/04 22:16:11 RTP packet received: 13 bytes
2025/05/04 22:16:11 RTP packet received: 13 bytes
2025/05/04 22:16:11 RTP packet received: 13 bytes
2025/05/04 22:16:11 RTP packet received: 13 bytes
2025/05/04 22:16:11 RTP packet received: 13 bytes
2025/05/04 22:16:12 RTP packet received: 13 bytes
2025/05/04 22:16:12 RTP packet received: 13 bytes
2025/05/04 22:16:12 RTP packet received: 13 bytes
2025/05/04 22:16:12 RTP packet received: 13 bytes
2025/05/04 22:16:12 RTP packet received: 13 bytes
2025/05/04 22:16:12 RTP packet received: 13 bytes
2025/05/04 22:16:12 RTP packet received: 13 bytes
2025/05/04 22:16:12 RTP packet received: 13 bytes
2025/05/04 22:16:12 RTP packet received: 13 bytes
2025/05/04 22:16:12 📈 Packets: 17/s | Bitrate: 1.77 kbps
2025/05/04 22:16:12 RTP packet received: 13 bytes
2025/05/04 22:16:12 RTP packet received: 13 bytes
2025/05/04 22:16:12 RTP packet received: 13 bytes
2025/05/04 22:16:12 RTP packet received: 13 bytes
2025/05/04 22:16:12 RTP packet received: 13 bytes
2025/05/04 22:16:12 RTP packet received: 13 bytes
2025/05/04 22:16:13 RTP packet received: 13 bytes
2025/05/04 22:16:13 RTP packet received: 13 bytes
2025/05/04 22:16:13 RTP packet received: 13 bytes
2025/05/04 22:16:13 RTP packet received: 13 bytes
2025/05/04 22:16:13 RTP packet received: 13 bytes
2025/05/04 22:16:13 RTP packet received: 13 bytes
2025/05/04 22:16:13 RTP packet received: 13 bytes
2025/05/04 22:16:13 📈 Packets: 12/s | Bitrate: 1.25 kbps
2025/05/04 22:16:13 RTP packet received: 13 bytes
2025/05/04 22:16:13 RTP packet received: 13 bytes
2025/05/04 22:16:13 RTP packet received: 13 bytes
2025/05/04 22:16:13 RTP packet received: 13 bytes
2025/05/04 22:16:13 RTP packet received: 13 bytes
2025/05/04 22:16:14 RTP packet received: 13 bytes
2025/05/04 22:16:14 RTP packet received: 13 bytes
2025/05/04 22:16:14 RTP packet received: 13 bytes
2025/05/04 22:16:14 RTP packet received: 13 bytes
2025/05/04 22:16:14 RTP packet received: 13 bytes
2025/05/04 22:16:14 RTP packet received: 13 bytes
2025/05/04 22:16:14 RTP packet received: 13 bytes
2025/05/04 22:16:14 RTP packet received: 13 bytes
2025/05/04 22:16:14 RTP packet received: 13 bytes
2025/05/04 22:16:14 RTP packet received: 13 bytes
2025/05/04 22:16:14 📈 Packets: 16/s | Bitrate: 1.66 kbps
2025/05/04 22:16:14 RTP packet received: 13 bytes
2025/05/04 22:16:14 RTP packet received: 13 bytes
2025/05/04 22:16:14 RTP packet received: 13 bytes
2025/05/04 22:16:14 RTP packet received: 13 bytes
2025/05/04 22:16:14 RTP packet received: 13 bytes
2025/05/04 22:16:14 RTP packet received: 13 bytes
2025/05/04 22:16:15 RTP packet received: 13 bytes
2025/05/04 22:16:15 RTP packet received: 13 bytes
2025/05/04 22:16:15 RTP packet received: 13 bytes
2025/05/04 22:16:15 RTP packet received: 13 bytes
2025/05/04 22:16:15 RTP packet received: 13 bytes
2025/05/04 22:16:15 RTP packet received: 13 bytes
2025/05/04 22:16:15 RTP packet received: 13 bytes
2025/05/04 22:16:15 RTP packet received: 13 bytes
2025/05/04 22:16:15 RTP packet received: 13 bytes
2025/05/04 22:16:15 📈 Packets: 15/s | Bitrate: 1.56 kbps
2025/05/04 22:16:15 RTP packet received: 13 bytes
2025/05/04 22:16:15 RTP packet received: 13 bytes
2025/05/04 22:16:15 RTP packet received: 13 bytes
2025/05/04 22:16:15 RTP packet received: 13 bytes
2025/05/04 22:16:15 RTP packet received: 13 bytes
2025/05/04 22:16:15 RTP packet received: 13 bytes
2025/05/04 22:16:16 RTP packet received: 13 bytes
2025/05/04 22:16:16 RTP packet received: 13 bytes
2025/05/04 22:16:16 RTP packet received: 13 bytes
2025/05/04 22:16:16 RTP packet received: 13 bytes
2025/05/04 22:16:16 RTP packet received: 13 bytes
2025/05/04 22:16:16 RTP packet received: 13 bytes
2025/05/04 22:16:16 RTP packet received: 13 bytes
2025/05/04 22:16:16 RTP packet received: 13 bytes
2025/05/04 22:16:16 RTP packet received: 13 bytes
2025/05/04 22:16:16 📈 Packets: 15/s | Bitrate: 1.56 kbps
2025/05/04 22:16:16 RTP packet received: 13 bytes
2025/05/04 22:16:16 RTP packet received: 13 bytes
2025/05/04 22:16:16 RTP packet received: 13 bytes
2025/05/04 22:16:16 RTP packet received: 13 bytes
2025/05/04 22:16:16 RTP packet received: 13 bytes
2025/05/04 22:16:16 RTP packet received: 13 bytes
2025/05/04 22:16:17 RTP packet received: 13 bytes
2025/05/04 22:16:17 RTP packet received: 13 bytes
2025/05/04 22:16:17 RTP packet received: 13 bytes
2025/05/04 22:16:17 RTP packet received: 13 bytes
2025/05/04 22:16:17 RTP packet received: 13 bytes
2025/05/04 22:16:17 RTP packet received: 13 bytes
2025/05/04 22:16:17 RTP packet received: 13 bytes
2025/05/04 22:16:17 RTP packet received: 13 bytes
2025/05/04 22:16:17 RTP packet received: 13 bytes
2025/05/04 22:16:17 📈 Packets: 15/s | Bitrate: 1.56 kbps
2025/05/04 22:16:17 RTP packet received: 13 bytes
2025/05/04 22:16:17 RTP packet received: 13 bytes
2025/05/04 22:16:17 RTP packet received: 13 bytes
2025/05/04 22:16:17 RTP packet received: 13 bytes
2025/05/04 22:16:17 RTP packet received: 13 bytes
2025/05/04 22:16:17 RTP packet received: 13 bytes
2025/05/04 22:16:18 RTP packet received: 13 bytes
2025/05/04 22:16:18 RTP packet received: 13 bytes
2025/05/04 22:16:18 RTP packet received: 13 bytes
2025/05/04 22:16:18 RTP packet received: 13 bytes
2025/05/04 22:16:18 RTP packet received: 13 bytes
2025/05/04 22:16:18 RTP packet received: 13 bytes
2025/05/04 22:16:18 RTP packet received: 13 bytes
2025/05/04 22:16:18 RTP packet received: 13 bytes
2025/05/04 22:16:18 RTP packet received: 13 bytes
2025/05/04 22:16:18 📈 Packets: 15/s | Bitrate: 1.56 kbps
2025/05/04 22:16:18 RTP packet received: 13 bytes
2025/05/04 22:16:18 RTP packet received: 13 bytes
2025/05/04 22:16:18 RTP packet received: 13 bytes
2025/05/04 22:16:18 RTP packet received: 13 bytes
2025/05/04 22:16:18 RTP packet received: 13 bytes
2025/05/04 22:16:18 RTP packet received: 13 bytes
2025/05/04 22:16:19 RTP packet received: 13 bytes
2025/05/04 22:16:19 RTP packet received: 13 bytes
2025/05/04 22:16:19 RTP packet received: 13 bytes
2025/05/04 22:16:19 RTP packet received: 13 bytes
2025/05/04 22:16:19 RTP packet received: 13 bytes
2025/05/04 22:16:19 RTP packet received: 13 bytes
2025/05/04 22:16:19 RTP packet received: 13 bytes
2025/05/04 22:16:19 RTP packet received: 13 bytes
2025/05/04 22:16:19 RTP packet received: 13 bytes
2025/05/04 22:16:19 📈 Packets: 15/s | Bitrate: 1.56 kbps
2025/05/04 22:16:19 RTP packet received: 13 bytes
2025/05/04 22:16:19 RTP packet received: 13 bytes
2025/05/04 22:16:19 RTP packet received: 13 bytes
2025/05/04 22:16:19 RTP packet received: 13 bytes
2025/05/04 22:16:19 RTP packet received: 13 bytes
2025/05/04 22:16:19 RTP packet received: 13 bytes
2025/05/04 22:16:20 RTP packet received: 13 bytes
2025/05/04 22:16:20 RTP packet received: 13 bytes
2025/05/04 22:16:20 RTP packet received: 13 bytes
2025/05/04 22:16:20 RTP packet received: 13 bytes
2025/05/04 22:16:20 RTP packet received: 13 bytes
2025/05/04 22:16:20 RTP packet received: 13 bytes
2025/05/04 22:16:20 RTP packet received: 13 bytes
2025/05/04 22:16:20 RTP packet received: 13 bytes
2025/05/04 22:16:20 RTP packet received: 13 bytes
2025/05/04 22:16:20 📈 Packets: 15/s | Bitrate: 1.56 kbps
2025/05/04 22:16:20 RTP packet received: 13 bytes
2025/05/04 22:16:20 RTP packet received: 13 bytes
2025/05/04 22:16:20 RTP packet received: 13 bytes
2025/05/04 22:16:20 RTP packet received: 13 bytes
2025/05/04 22:16:20 RTP packet received: 13 bytes
2025/05/04 22:16:20 RTP packet received: 13 bytes
2025/05/04 22:16:21 RTP packet received: 13 bytes
2025/05/04 22:16:21 RTP packet received: 13 bytes
2025/05/04 22:16:21 RTP packet received: 13 bytes
2025/05/04 22:16:21 RTP packet received: 13 bytes
2025/05/04 22:16:21 RTP packet received: 13 bytes
2025/05/04 22:16:21 RTP packet received: 13 bytes
2025/05/04 22:16:21 RTP packet received: 13 bytes
2025/05/04 22:16:21 RTP packet received: 13 bytes
2025/05/04 22:16:21 RTP packet received: 13 bytes
2025/05/04 22:16:21 RTP packet received: 13 bytes
2025/05/04 22:16:21 📈 Packets: 15/s | Bitrate: 1.56 kbps
2025/05/04 22:16:21 RTP packet received: 13 bytes
2025/05/04 22:16:21 RTP packet received: 13 bytes
2025/05/04 22:16:21 RTP packet received: 13 bytes
2025/05/04 22:16:21 RTP packet received: 13 bytes
2025/05/04 22:16:21 RTP packet received: 13 bytes
2025/05/04 22:16:22 RTP packet received: 13 bytes
2025/05/04 22:16:22 RTP packet received: 13 bytes
2025/05/04 22:16:22 RTP packet received: 13 bytes
2025/05/04 22:16:22 RTP packet received: 13 bytes
2025/05/04 22:16:22 RTP packet received: 13 bytes
2025/05/04 22:16:22 RTP packet received: 13 bytes
2025/05/04 22:16:22 RTP packet received: 13 bytes
2025/05/04 22:16:22 RTP packet received: 13 bytes
2025/05/04 22:16:22 RTP packet received: 13 bytes
2025/05/04 22:16:22 RTP packet received: 13 bytes
2025/05/04 22:16:22 📈 Packets: 15/s | Bitrate: 1.56 kbps
2025/05/04 22:16:22 RTP packet received: 13 bytes
2025/05/04 22:16:22 RTP packet received: 13 bytes
2025/05/04 22:16:22 RTP packet received: 13 bytes
2025/05/04 22:16:22 RTP packet received: 13 bytes
2025/05/04 22:16:22 RTP packet received: 13 bytes
2025/05/04 22:16:23 RTP packet received: 13 bytes
2025/05/04 22:16:23 RTP packet received: 13 bytes
2025/05/04 22:16:23 RTP packet received: 13 bytes
2025/05/04 22:16:23 RTP packet received: 13 bytes
2025/05/04 22:16:23 RTP packet received: 13 bytes
2025/05/04 22:16:23 RTP packet received: 13 bytes
2025/05/04 22:16:23 RTP packet received: 13 bytes
2025/05/04 22:16:23 RTP packet received: 13 bytes
2025/05/04 22:16:23 RTP packet received: 13 bytes
2025/05/04 22:16:23 RTP packet received: 13 bytes
2025/05/04 22:16:23 📈 Packets: 15/s | Bitrate: 1.56 kbps
2025/05/04 22:16:23 RTP packet received: 13 bytes
2025/05/04 22:16:23 RTP packet received: 13 bytes
2025/05/04 22:16:23 RTP packet received: 13 bytes
2025/05/04 22:16:23 RTP packet received: 13 bytes
2025/05/04 22:16:23 RTP packet received: 13 bytes
2025/05/04 22:16:23 RTP packet received: 13 bytes
2025/05/04 22:16:24 RTP packet received: 13 bytes
2025/05/04 22:16:24 RTP packet received: 13 bytes
2025/05/04 22:16:24 RTP packet received: 13 bytes
2025/05/04 22:16:24 RTP packet received: 13 bytes
2025/05/04 22:16:24 RTP packet received: 13 bytes
2025/05/04 22:16:24 RTP packet received: 13 bytes
2025/05/04 22:16:24 RTP packet received: 13 bytes
2025/05/04 22:16:24 RTP packet received: 13 bytes
2025/05/04 22:16:24 RTP packet received: 13 bytes
2025/05/04 22:16:24 📈 Packets: 15/s | Bitrate: 1.56 kbps
2025/05/04 22:16:24 RTP packet received: 13 bytes
2025/05/04 22:16:24 RTP packet received: 13 bytes
2025/05/04 22:16:24 RTP packet received: 13 bytes
2025/05/04 22:16:24 RTP packet received: 13 bytes
2025/05/04 22:16:24 RTP packet received: 13 bytes
2025/05/04 22:16:24 RTP packet received: 13 bytes
2025/05/04 22:16:25 RTP packet received: 13 bytes
2025/05/04 22:16:25 RTP packet received: 13 bytes
2025/05/04 22:16:25 RTP packet received: 13 bytes
2025/05/04 22:16:25 RTP packet received: 13 bytes
2025/05/04 22:16:25 RTP packet received: 13 bytes
2025/05/04 22:16:25 RTP packet received: 13 bytes
2025/05/04 22:16:25 RTP packet received: 13 bytes
2025/05/04 22:16:25 RTP packet received: 13 bytes
2025/05/04 22:16:25 RTP packet received: 13 bytes
2025/05/04 22:16:25 📈 Packets: 16/s | Bitrate: 1.66 kbps
2025/05/04 22:16:25 RTP packet received: 13 bytes
2025/05/04 22:16:25 RTP packet received: 13 bytes
2025/05/04 22:16:25 RTP packet received: 13 bytes
2025/05/04 22:16:25 RTP packet received: 13 bytes
2025/05/04 22:16:25 RTP packet received: 13 bytes
2025/05/04 22:16:25 RTP packet received: 13 bytes
2025/05/04 22:16:26 RTP packet received: 13 bytes
2025/05/04 22:16:26 RTP packet received: 13 bytes
2025/05/04 22:16:26 RTP packet received: 13 bytes
2025/05/04 22:16:26 RTP packet received: 13 bytes
2025/05/04 22:16:26 RTP packet received: 13 bytes
2025/05/04 22:16:26 RTP packet received: 13 bytes
2025/05/04 22:16:26 RTP packet received: 13 bytes
2025/05/04 22:16:26 RTP packet received: 13 bytes
2025/05/04 22:16:26 RTP packet received: 13 bytes
2025/05/04 22:16:26 📈 Packets: 15/s | Bitrate: 1.56 kbps
2025/05/04 22:16:26 RTP packet received: 13 bytes
2025/05/04 22:16:26 RTP packet received: 13 bytes
2025/05/04 22:16:26 RTP packet received: 13 bytes
2025/05/04 22:16:26 RTP packet received: 13 bytes
2025/05/04 22:16:26 RTP packet received: 13 bytes
2025/05/04 22:16:26 RTP packet received: 13 bytes
2025/05/04 22:16:27 RTP packet received: 13 bytes
2025/05/04 22:16:27 RTP packet received: 13 bytes
2025/05/04 22:16:27 RTP packet received: 13 bytes
2025/05/04 22:16:27 RTP packet received: 13 bytes
2025/05/04 22:16:27 RTP packet received: 13 bytes
2025/05/04 22:16:27 RTP packet received: 13 bytes
2025/05/04 22:16:27 RTP packet received: 13 bytes
2025/05/04 22:16:27 RTP packet received: 13 bytes
2025/05/04 22:16:27 RTP packet received: 13 bytes
2025/05/04 22:16:27 📈 Packets: 15/s | Bitrate: 1.56 kbps
2025/05/04 22:16:27 RTP packet received: 13 bytes
2025/05/04 22:16:27 RTP packet received: 13 bytes
2025/05/04 22:16:27 RTP packet received: 13 bytes
2025/05/04 22:16:27 RTP packet received: 13 bytes
2025/05/04 22:16:27 RTP packet received: 13 bytes
2025/05/04 22:16:27 RTP packet received: 13 bytes
2025/05/04 22:16:28 RTP packet received: 13 bytes
2025/05/04 22:16:28 RTP packet received: 13 bytes
2025/05/04 22:16:28 RTP packet received: 13 bytes
2025/05/04 22:16:28 RTP packet received: 13 bytes
2025/05/04 22:16:28 RTP packet received: 13 bytes
2025/05/04 22:16:28 RTP packet received: 13 bytes
2025/05/04 22:16:28 RTP packet received: 13 bytes
2025/05/04 22:16:28 RTP packet received: 13 bytes
2025/05/04 22:16:28 RTP packet received: 13 bytes
2025/05/04 22:16:28 RTP packet received: 13 bytes
2025/05/04 22:16:28 📈 Packets: 15/s | Bitrate: 1.56 kbps
2025/05/04 22:16:28 RTP packet received: 13 bytes
2025/05/04 22:16:28 RTP packet received: 13 bytes
2025/05/04 22:16:28 RTP packet received: 13 bytes
2025/05/04 22:16:28 RTP packet received: 13 bytes
2025/05/04 22:16:28 RTP packet received: 13 bytes
2025/05/04 22:16:29 RTP packet received: 13 bytes
2025/05/04 22:16:29 RTP packet received: 13 bytes
2025/05/04 22:16:29 RTP packet received: 13 bytes
2025/05/04 22:16:29 RTP packet received: 13 bytes
2025/05/04 22:16:29 RTP packet received: 13 bytes
2025/05/04 22:16:29 RTP packet received: 13 bytes
2025/05/04 22:16:29 RTP packet received: 13 bytes
2025/05/04 22:16:29 RTP packet received: 13 bytes
2025/05/04 22:16:29 RTP packet received: 13 bytes
2025/05/04 22:16:29 RTP packet received: 13 bytes
2025/05/04 22:16:29 📈 Packets: 15/s | Bitrate: 1.56 kbps
2025/05/04 22:16:29 RTP packet received: 13 bytes
2025/05/04 22:16:29 RTP packet received: 13 bytes
2025/05/04 22:16:29 RTP packet received: 13 bytes
2025/05/04 22:16:29 RTP packet received: 13 bytes
2025/05/04 22:16:29 RTP packet received: 13 bytes
2025/05/04 22:16:30 RTP packet received: 13 bytes
2025/05/04 22:16:30 RTP packet received: 13 bytes
2025/05/04 22:16:30 RTP packet received: 13 bytes
2025/05/04 22:16:30 RTP packet received: 13 bytes
2025/05/04 22:16:30 RTP packet received: 13 bytes
2025/05/04 22:16:30 RTP packet received: 13 bytes
2025/05/04 22:16:30 RTP packet received: 13 bytes
2025/05/04 22:16:30 RTP packet received: 13 bytes
2025/05/04 22:16:30 RTP packet received: 13 bytes
2025/05/04 22:16:30 RTP packet received: 13 bytes
2025/05/04 22:16:30 📈 Packets: 15/s | Bitrate: 1.56 kbps
2025/05/04 22:16:30 RTP packet received: 13 bytes
2025/05/04 22:16:30 RTP packet received: 13 bytes
2025/05/04 22:16:30 RTP packet received: 13 bytes
2025/05/04 22:16:30 RTP packet received: 13 bytes
2025/05/04 22:16:30 RTP packet received: 13 bytes
2025/05/04 22:16:30 RTP packet received: 13 bytes
2025/05/04 22:16:31 RTP packet received: 13 bytes
2025/05/04 22:16:31 RTP packet received: 13 bytes
2025/05/04 22:16:31 RTP packet received: 13 bytes
2025/05/04 22:16:31 RTP packet received: 13 bytes
2025/05/04 22:16:31 RTP packet received: 13 bytes
2025/05/04 22:16:31 RTP packet received: 13 bytes
2025/05/04 22:16:31 RTP packet received: 13 bytes
2025/05/04 22:16:31 RTP packet received: 13 bytes
2025/05/04 22:16:31 RTP packet received: 13 bytes
2025/05/04 22:16:31 📈 Packets: 15/s | Bitrate: 1.56 kbps
2025/05/04 22:16:31 RTP packet received: 13 bytes
2025/05/04 22:16:31 RTP packet received: 13 bytes
2025/05/04 22:16:31 RTP packet received: 13 bytes
2025/05/04 22:16:31 RTP packet received: 13 bytes
2025/05/04 22:16:31 RTP packet received: 13 bytes
2025/05/04 22:16:31 RTP packet received: 13 bytes
2025/05/04 22:16:32 RTP packet received: 13 bytes
2025/05/04 22:16:32 RTP packet received: 13 bytes
2025/05/04 22:16:32 RTP packet received: 13 bytes
2025/05/04 22:16:32 RTP packet received: 13 bytes
2025/05/04 22:16:32 RTP packet received: 13 bytes
2025/05/04 22:16:32 RTP packet received: 13 bytes
2025/05/04 22:16:32 RTP packet received: 13 bytes
2025/05/04 22:16:32 RTP packet received: 13 bytes
2025/05/04 22:16:32 RTP packet received: 13 bytes
2025/05/04 22:16:32 📈 Packets: 16/s | Bitrate: 1.66 kbps
2025/05/04 22:16:32 RTP packet received: 13 bytes
2025/05/04 22:16:32 RTP packet received: 13 bytes
2025/05/04 22:16:32 RTP packet received: 13 bytes
2025/05/04 22:16:32 RTP packet received: 13 bytes
2025/05/04 22:16:32 RTP packet received: 13 bytes
2025/05/04 22:16:32 RTP packet received: 13 bytes
2025/05/04 22:16:33 RTP packet received: 13 bytes
2025/05/04 22:16:33 RTP packet received: 13 bytes
2025/05/04 22:16:33 RTP packet received: 13 bytes
2025/05/04 22:16:33 RTP packet received: 13 bytes
2025/05/04 22:16:33 RTP packet received: 13 bytes
2025/05/04 22:16:33 RTP packet received: 13 bytes
2025/05/04 22:16:33 RTP packet received: 13 bytes
2025/05/04 22:16:33 RTP packet received: 13 bytes
2025/05/04 22:16:33 RTP packet received: 13 bytes
2025/05/04 22:16:33 📈 Packets: 15/s | Bitrate: 1.56 kbps
2025/05/04 22:16:33 RTP packet received: 13 bytes
2025/05/04 22:16:33 RTP packet received: 13 bytes
2025/05/04 22:16:33 RTP packet received: 13 bytes
2025/05/04 22:16:33 RTP packet received: 13 bytes
2025/05/04 22:16:33 RTP packet received: 13 bytes
2025/05/04 22:16:33 RTP packet received: 13 bytes
2025/05/04 22:16:34 RTP packet received: 13 bytes
2025/05/04 22:16:34 RTP packet received: 13 bytes
2025/05/04 22:16:34 RTP packet received: 13 bytes
2025/05/04 22:16:34 RTP packet received: 13 bytes
2025/05/04 22:16:34 RTP packet received: 13 bytes
2025/05/04 22:16:34 RTP packet received: 13 bytes
2025/05/04 22:16:34 RTP packet received: 13 bytes
2025/05/04 22:16:34 RTP packet received: 13 bytes
2025/05/04 22:16:34 RTP packet received: 13 bytes
2025/05/04 22:16:34 📈 Packets: 15/s | Bitrate: 1.56 kbps
2025/05/04 22:16:34 RTP packet received: 13 bytes
2025/05/04 22:16:34 RTP packet received: 13 bytes
2025/05/04 22:16:34 RTP packet received: 13 bytes
2025/05/04 22:16:34 RTP packet received: 13 bytes
2025/05/04 22:16:34 RTP packet received: 13 bytes
2025/05/04 22:16:34 RTP packet received: 13 bytes
2025/05/04 22:16:35 RTP packet received: 13 bytes
2025/05/04 22:16:35 RTP packet received: 13 bytes
2025/05/04 22:16:35 RTP packet received: 13 bytes
2025/05/04 22:16:35 RTP packet received: 13 bytes
2025/05/04 22:16:35 RTP packet received: 13 bytes
2025/05/04 22:16:35 RTP packet received: 13 bytes
2025/05/04 22:16:35 RTP packet received: 13 bytes
2025/05/04 22:16:35 RTP packet received: 13 bytes
2025/05/04 22:16:35 RTP packet received: 13 bytes
2025/05/04 22:16:35 RTP packet received: 13 bytes
2025/05/04 22:16:35 📈 Packets: 15/s | Bitrate: 1.56 kbps
2025/05/04 22:16:35 RTP packet received: 13 bytes
2025/05/04 22:16:35 RTP packet received: 13 bytes
2025/05/04 22:16:35 RTP packet received: 13 bytes
2025/05/04 22:16:35 RTP packet received: 13 bytes
2025/05/04 22:16:35 RTP packet received: 13 bytes
2025/05/04 22:16:36 RTP packet received: 13 bytes
2025/05/04 22:16:36 RTP packet received: 13 bytes
2025/05/04 22:16:36 RTP packet received: 13 bytes
2025/05/04 22:16:36 RTP packet received: 13 bytes
2025/05/04 22:16:36 RTP packet received: 13 bytes
2025/05/04 22:16:36 RTP packet received: 13 bytes
2025/05/04 22:16:36 RTP packet received: 13 bytes
2025/05/04 22:16:36 RTP packet received: 13 bytes
2025/05/04 22:16:36 RTP packet received: 13 bytes
2025/05/04 22:16:36 RTP packet received: 13 bytes
2025/05/04 22:16:36 📈 Packets: 15/s | Bitrate: 1.56 kbps
2025/05/04 22:16:36 RTP packet received: 13 bytes
2025/05/04 22:16:36 RTP packet received: 13 bytes
2025/05/04 22:16:36 RTP packet received: 13 bytes
2025/05/04 22:16:36 RTP packet received: 13 bytes
2025/05/04 22:16:36 RTP packet received: 13 bytes
2025/05/04 22:16:36 RTP packet received: 13 bytes
2025/05/04 22:16:37 RTP packet received: 13 bytes
2025/05/04 22:16:37 RTP packet received: 13 bytes
2025/05/04 22:16:37 RTP packet received: 13 bytes
2025/05/04 22:16:37 RTP packet received: 13 bytes
2025/05/04 22:16:37 RTP packet received: 13 bytes
2025/05/04 22:16:37 RTP packet received: 13 bytes
2025/05/04 22:16:37 RTP packet received: 13 bytes
2025/05/04 22:16:37 RTP packet received: 13 bytes
2025/05/04 22:16:37 RTP packet received: 13 bytes
2025/05/04 22:16:37 📈 Packets: 15/s | Bitrate: 1.56 kbps
2025/05/04 22:16:37 RTP packet received: 13 bytes
2025/05/04 22:16:37 RTP packet received: 13 bytes
2025/05/04 22:16:37 RTP packet received: 13 bytes
2025/05/04 22:16:37 RTP packet received: 13 bytes
2025/05/04 22:16:37 RTP packet received: 13 bytes
2025/05/04 22:16:37 RTP packet received: 13 bytes
2025/05/04 22:16:38 RTP packet received: 13 bytes
2025/05/04 22:16:38 RTP packet received: 13 bytes
2025/05/04 22:16:38 RTP packet received: 13 bytes
2025/05/04 22:16:38 RTP packet received: 13 bytes
2025/05/04 22:16:38 RTP packet received: 13 bytes
2025/05/04 22:16:38 RTP packet received: 13 bytes
2025/05/04 22:16:38 RTP packet received: 13 bytes
2025/05/04 22:16:38 RTP packet received: 13 bytes
2025/05/04 22:16:38 RTP packet received: 13 bytes
2025/05/04 22:16:38 📈 Packets: 16/s | Bitrate: 1.66 kbps
2025/05/04 22:16:38 RTP packet received: 13 bytes
2025/05/04 22:16:38 RTP packet received: 13 bytes
2025/05/04 22:16:38 RTP packet received: 13 bytes
2025/05/04 22:16:38 RTP packet received: 13 bytes
2025/05/04 22:16:38 RTP packet received: 13 bytes
2025/05/04 22:16:38 RTP packet received: 13 bytes
2025/05/04 22:16:39 RTP packet received: 13 bytes
2025/05/04 22:16:39 RTP packet received: 13 bytes
2025/05/04 22:16:39 RTP packet received: 13 bytes
2025/05/04 22:16:39 RTP packet received: 13 bytes
2025/05/04 22:16:39 RTP packet received: 13 bytes
2025/05/04 22:16:39 RTP packet received: 13 bytes
2025/05/04 22:16:39 RTP packet received: 13 bytes
2025/05/04 22:16:39 RTP packet received: 13 bytes
2025/05/04 22:16:39 RTP packet received: 13 bytes
2025/05/04 22:16:39 📈 Packets: 15/s | Bitrate: 1.56 kbps
2025/05/04 22:16:39 RTP packet received: 13 bytes
2025/05/04 22:16:39 RTP packet received: 13 bytes
2025/05/04 22:16:39 RTP packet received: 13 bytes
2025/05/04 22:16:39 RTP packet received: 13 bytes
2025/05/04 22:16:39 RTP packet received: 13 bytes
2025/05/04 22:16:39 RTP packet received: 13 bytes
2025/05/04 22:16:40 RTP packet received: 13 bytes
2025/05/04 22:16:40 RTP packet received: 13 bytes
2025/05/04 22:16:40 RTP packet received: 13 bytes
2025/05/04 22:16:40 RTP packet received: 13 bytes
2025/05/04 22:16:40 RTP packet received: 13 bytes
2025/05/04 22:16:40 RTP packet received: 13 bytes
2025/05/04 22:16:40 RTP packet received: 13 bytes
2025/05/04 22:16:40 RTP packet received: 13 bytes
2025/05/04 22:16:40 RTP packet received: 13 bytes
2025/05/04 22:16:40 📈 Packets: 15/s | Bitrate: 1.56 kbps
2025/05/04 22:16:40 RTP packet received: 13 bytes
2025/05/04 22:16:40 RTP packet received: 13 bytes
2025/05/04 22:16:40 RTP packet received: 13 bytes
2025/05/04 22:16:40 RTP packet received: 13 bytes
2025/05/04 22:16:40 RTP packet received: 13 bytes
2025/05/04 22:16:40 RTP packet received: 13 bytes
2025/05/04 22:16:41 RTP packet received: 13 bytes
2025/05/04 22:16:41 RTP packet received: 13 bytes
2025/05/04 22:16:41 RTP packet received: 13 bytes
2025/05/04 22:16:41 RTP packet received: 13 bytes
2025/05/04 22:16:41 RTP packet received: 13 bytes
2025/05/04 22:16:41 RTP packet received: 13 bytes
2025/05/04 22:16:41 RTP packet received: 13 bytes
2025/05/04 22:16:41 RTP packet received: 13 bytes
2025/05/04 22:16:41 RTP packet received: 13 bytes
2025/05/04 22:16:41 RTP packet received: 13 bytes
2025/05/04 22:16:41 📈 Packets: 15/s | Bitrate: 1.56 kbps
2025/05/04 22:16:41 RTP packet received: 13 bytes
2025/05/04 22:16:41 RTP packet received: 13 bytes
2025/05/04 22:16:41 RTP packet received: 13 bytes
2025/05/04 22:16:41 RTP packet received: 13 bytes
2025/05/04 22:16:41 RTP packet received: 13 bytes
2025/05/04 22:16:42 RTP packet received: 13 bytes
2025/05/04 22:16:42 RTP packet received: 13 bytes
2025/05/04 22:16:42 RTP packet received: 13 bytes
2025/05/04 22:16:42 RTP packet received: 13 bytes
2025/05/04 22:16:42 RTP packet received: 13 bytes
2025/05/04 22:16:42 RTP packet received: 13 bytes
2025/05/04 22:16:42 RTP packet received: 13 bytes
2025/05/04 22:16:42 RTP packet received: 13 bytes
2025/05/04 22:16:42 RTP packet received: 13 bytes
2025/05/04 22:16:42 RTP packet received: 13 bytes
2025/05/04 22:16:42 📈 Packets: 15/s | Bitrate: 1.56 kbps
2025/05/04 22:16:42 RTP packet received: 13 bytes
2025/05/04 22:16:42 RTP packet received: 13 bytes
2025/05/04 22:16:42 RTP packet received: 13 bytes
2025/05/04 22:16:42 RTP packet received: 13 bytes
2025/05/04 22:16:42 RTP packet received: 13 bytes
2025/05/04 22:16:43 RTP packet received: 13 bytes
2025/05/04 22:16:43 RTP packet received: 13 bytes
2025/05/04 22:16:43 RTP packet received: 13 bytes
2025/05/04 22:16:43 RTP packet received: 13 bytes
2025/05/04 22:16:43 RTP packet received: 13 bytes
2025/05/04 22:16:43 RTP packet received: 13 bytes
2025/05/04 22:16:43 RTP packet received: 13 bytes
2025/05/04 22:16:43 RTP packet received: 13 bytes
2025/05/04 22:16:43 RTP packet received: 13 bytes
2025/05/04 22:16:43 RTP packet received: 13 bytes
2025/05/04 22:16:43 📈 Packets: 15/s | Bitrate: 1.56 kbps
2025/05/04 22:16:43 RTP packet received: 13 bytes
2025/05/04 22:16:43 RTP packet received: 13 bytes
2025/05/04 22:16:43 RTP packet received: 13 bytes
2025/05/04 22:16:43 RTP packet received: 13 bytes
2025/05/04 22:16:43 RTP packet received: 13 bytes
2025/05/04 22:16:44 RTP packet received: 13 bytes
2025/05/04 22:16:44 RTP packet received: 13 bytes
2025/05/04 22:16:44 RTP packet received: 13 bytes
2025/05/04 22:16:44 RTP packet received: 13 bytes
2025/05/04 22:16:44 RTP packet received: 13 bytes
2025/05/04 22:16:44 RTP packet received: 13 bytes
2025/05/04 22:16:44 RTP packet received: 13 bytes
2025/05/04 22:16:44 RTP packet received: 13 bytes
2025/05/04 22:16:44 RTP packet received: 13 bytes
2025/05/04 22:16:44 RTP packet received: 13 bytes
2025/05/04 22:16:44 📈 Packets: 16/s | Bitrate: 1.66 kbps
2025/05/04 22:16:44 RTP packet received: 13 bytes
2025/05/04 22:16:44 RTP packet received: 13 bytes
2025/05/04 22:16:44 RTP packet received: 13 bytes
2025/05/04 22:16:44 RTP packet received: 13 bytes
2025/05/04 22:16:44 RTP packet received: 13 bytes
2025/05/04 22:16:44 RTP packet received: 13 bytes
2025/05/04 22:16:45 RTP packet received: 13 bytes
2025/05/04 22:16:45 RTP packet received: 13 bytes
2025/05/04 22:16:45 RTP packet received: 13 bytes
2025/05/04 22:16:45 RTP packet received: 13 bytes
2025/05/04 22:16:45 RTP packet received: 13 bytes
2025/05/04 22:16:45 RTP packet received: 13 bytes
2025/05/04 22:16:45 RTP packet received: 13 bytes
2025/05/04 22:16:45 RTP packet received: 13 bytes
2025/05/04 22:16:45 RTP packet received: 13 bytes
2025/05/04 22:16:45 📈 Packets: 15/s | Bitrate: 1.56 kbps
2025/05/04 22:16:45 RTP packet received: 13 bytes
2025/05/04 22:16:45 RTP packet received: 13 bytes
2025/05/04 22:16:45 RTP packet received: 13 bytes
2025/05/04 22:16:45 RTP packet received: 13 bytes
2025/05/04 22:16:45 RTP packet received: 13 bytes
2025/05/04 22:16:45 RTP packet received: 13 bytes
2025/05/04 22:16:46 RTP packet received: 13 bytes
2025/05/04 22:16:46 RTP packet received: 13 bytes
2025/05/04 22:16:46 RTP packet received: 13 bytes
2025/05/04 22:16:46 RTP packet received: 13 bytes
2025/05/04 22:16:46 RTP packet received: 13 bytes
2025/05/04 22:16:46 RTP packet received: 13 bytes
2025/05/04 22:16:46 RTP packet received: 13 bytes
2025/05/04 22:16:46 RTP packet received: 13 bytes
2025/05/04 22:16:46 RTP packet received: 13 bytes
2025/05/04 22:16:46 📈 Packets: 15/s | Bitrate: 1.56 kbps
2025/05/04 22:16:46 RTP packet received: 13 bytes
2025/05/04 22:16:46 RTP packet received: 13 bytes
2025/05/04 22:16:46 RTP packet received: 13 bytes
2025/05/04 22:16:46 RTP packet received: 13 bytes
2025/05/04 22:16:46 RTP packet received: 13 bytes
2025/05/04 22:16:46 RTP packet received: 13 bytes
2025/05/04 22:16:47 RTP packet received: 13 bytes
2025/05/04 22:16:47 RTP packet received: 13 bytes
2025/05/04 22:16:47 RTP packet received: 13 bytes
2025/05/04 22:16:47 RTP packet received: 13 bytes
2025/05/04 22:16:47 RTP packet received: 13 bytes
2025/05/04 22:16:47 RTP packet received: 13 bytes
2025/05/04 22:16:47 RTP packet received: 13 bytes
2025/05/04 22:16:47 RTP packet received: 13 bytes
2025/05/04 22:16:47 RTP packet received: 13 bytes
2025/05/04 22:16:47 📈 Packets: 15/s | Bitrate: 1.56 kbps
2025/05/04 22:16:47 RTP packet received: 13 bytes
2025/05/04 22:16:47 RTP packet received: 13 bytes
2025/05/04 22:16:47 RTP packet received: 13 bytes
2025/05/04 22:16:47 RTP packet received: 13 bytes
2025/05/04 22:16:47 RTP packet received: 13 bytes
2025/05/04 22:16:47 RTP packet received: 13 bytes
2025/05/04 22:16:48 RTP packet received: 13 bytes
2025/05/04 22:16:48 RTP packet received: 13 bytes
2025/05/04 22:16:48 RTP packet received: 13 bytes
2025/05/04 22:16:48 RTP packet received: 13 bytes
2025/05/04 22:16:48 RTP packet received: 13 bytes
2025/05/04 22:16:48 RTP packet received: 13 bytes
2025/05/04 22:16:48 RTP packet received: 13 bytes
2025/05/04 22:16:48 RTP packet received: 13 bytes
2025/05/04 22:16:48 📈 Packets: 16/s | Bitrate: 1.66 kbps
2025/05/04 22:16:48 RTP packet received: 13 bytes
2025/05/04 22:16:48 RTP packet received: 13 bytes
2025/05/04 22:16:48 RTP packet received: 13 bytes
2025/05/04 22:16:48 RTP packet received: 13 bytes
2025/05/04 22:16:48 RTP packet received: 13 bytes
2025/05/04 22:16:49 RTP packet received: 13 bytes
2025/05/04 22:16:49 RTP packet received: 13 bytes
2025/05/04 22:16:49 RTP packet received: 13 bytes
2025/05/04 22:16:49 RTP packet received: 13 bytes
2025/05/04 22:16:49 RTP packet received: 13 bytes
2025/05/04 22:16:49 RTP packet received: 13 bytes
2025/05/04 22:16:49 RTP packet received: 13 bytes
2025/05/04 22:16:49 RTP packet received: 13 bytes
2025/05/04 22:16:49 RTP packet received: 13 bytes
2025/05/04 22:16:49 RTP packet received: 13 bytes
2025/05/04 22:16:49 📈 Packets: 15/s | Bitrate: 1.56 kbps
2025/05/04 22:16:49 RTP packet received: 13 bytes
2025/05/04 22:16:49 RTP packet received: 13 bytes
2025/05/04 22:16:49 RTP packet received: 13 bytes
2025/05/04 22:16:49 RTP packet received: 13 bytes
2025/05/04 22:16:49 RTP packet received: 13 bytes
2025/05/04 22:16:49 RTP packet received: 13 bytes
2025/05/04 22:16:50 RTP packet received: 13 bytes
2025/05/04 22:16:50 RTP packet received: 13 bytes
2025/05/04 22:16:50 RTP packet received: 13 bytes
2025/05/04 22:16:50 RTP packet received: 13 bytes
2025/05/04 22:16:50 RTP packet received: 13 bytes
2025/05/04 22:16:50 RTP packet received: 13 bytes
2025/05/04 22:16:50 RTP packet received: 13 bytes
2025/05/04 22:16:50 RTP packet received: 13 bytes
2025/05/04 22:16:50 RTP packet received: 13 bytes
2025/05/04 22:16:50 📈 Packets: 15/s | Bitrate: 1.56 kbps
2025/05/04 22:16:50 RTP packet received: 13 bytes
2025/05/04 22:16:50 RTP packet received: 13 bytes
2025/05/04 22:16:50 RTP packet received: 13 bytes
2025/05/04 22:16:50 RTP packet received: 13 bytes
2025/05/04 22:16:50 RTP packet received: 13 bytes
2025/05/04 22:16:50 RTP packet received: 13 bytes
2025/05/04 22:16:51 RTP packet received: 13 bytes
2025/05/04 22:16:51 RTP packet received: 13 bytes
2025/05/04 22:16:51 RTP packet received: 13 bytes
2025/05/04 22:16:51 RTP packet received: 13 bytes
2025/05/04 22:16:51 RTP packet received: 13 bytes
2025/05/04 22:16:51 RTP packet received: 13 bytes
2025/05/04 22:16:51 RTP packet received: 13 bytes
2025/05/04 22:16:51 RTP packet received: 13 bytes
2025/05/04 22:16:51 RTP packet received: 13 bytes
2025/05/04 22:16:51 📈 Packets: 16/s | Bitrate: 1.66 kbps
2025/05/04 22:16:51 RTP packet received: 13 bytes
2025/05/04 22:16:51 RTP packet received: 13 bytes
2025/05/04 22:16:51 RTP packet received: 13 bytes
2025/05/04 22:16:51 RTP packet received: 13 bytes
2025/05/04 22:16:51 RTP packet received: 13 bytes
2025/05/04 22:16:51 RTP packet received: 13 bytes
2025/05/04 22:16:52 RTP packet received: 13 bytes
2025/05/04 22:16:52 RTP packet received: 13 bytes
2025/05/04 22:16:52 RTP packet received: 13 bytes
2025/05/04 22:16:52 RTP packet received: 13 bytes
2025/05/04 22:16:52 RTP packet received: 13 bytes
2025/05/04 22:16:52 RTP packet received: 13 bytes
2025/05/04 22:16:52 RTP packet received: 13 bytes
2025/05/04 22:16:52 RTP packet received: 13 bytes
2025/05/04 22:16:52 RTP packet received: 13 bytes
2025/05/04 22:16:52 📈 Packets: 15/s | Bitrate: 1.56 kbps
2025/05/04 22:16:52 RTP packet received: 13 bytes
2025/05/04 22:16:52 RTP packet received: 13 bytes
2025/05/04 22:16:52 RTP packet received: 13 bytes
2025/05/04 22:16:52 RTP packet received: 13 bytes
2025/05/04 22:16:52 RTP packet received: 13 bytes
2025/05/04 22:16:52 RTP packet received: 13 bytes
2025/05/04 22:16:53 RTP packet received: 13 bytes
2025/05/04 22:16:53 RTP packet received: 13 bytes
2025/05/04 22:16:53 RTP packet received: 13 bytes
2025/05/04 22:16:53 RTP packet received: 13 bytes
2025/05/04 22:16:53 RTP packet received: 13 bytes
2025/05/04 22:16:53 RTP packet received: 13 bytes
2025/05/04 22:16:53 RTP packet received: 13 bytes
2025/05/04 22:16:53 RTP packet received: 13 bytes
2025/05/04 22:16:53 RTP packet received: 13 bytes
2025/05/04 22:16:53 📈 Packets: 15/s | Bitrate: 1.56 kbps
2025/05/04 22:16:53 RTP packet received: 13 bytes
2025/05/04 22:16:53 RTP packet received: 13 bytes
2025/05/04 22:16:53 RTP packet received: 13 bytes
2025/05/04 22:16:53 RTP packet received: 13 bytes
2025/05/04 22:16:53 RTP packet received: 13 bytes
2025/05/04 22:16:53 RTP packet received: 13 bytes
2025/05/04 22:16:54 RTP packet received: 13 bytes
2025/05/04 22:16:54 RTP packet received: 13 bytes
2025/05/04 22:16:54 RTP packet received: 13 bytes
2025/05/04 22:16:54 RTP packet received: 13 bytes
2025/05/04 22:16:54 RTP packet received: 13 bytes
2025/05/04 22:16:54 RTP packet received: 13 bytes
2025/05/04 22:16:54 RTP packet received: 13 bytes
2025/05/04 22:16:54 RTP packet received: 13 bytes
2025/05/04 22:16:54 RTP packet received: 13 bytes
2025/05/04 22:16:54 📈 Packets: 15/s | Bitrate: 1.56 kbps
2025/05/04 22:16:54 RTP packet received: 13 bytes
2025/05/04 22:16:54 RTP packet received: 13 bytes
2025/05/04 22:16:54 RTP packet received: 13 bytes
2025/05/04 22:16:54 RTP packet received: 13 bytes
2025/05/04 22:16:54 RTP packet received: 13 bytes
2025/05/04 22:16:55 RTP packet received: 13 bytes
2025/05/04 22:16:55 RTP packet received: 13 bytes
2025/05/04 22:16:55 RTP packet received: 13 bytes
2025/05/04 22:16:55 RTP packet received: 13 bytes
2025/05/04 22:16:55 RTP packet received: 13 bytes
2025/05/04 22:16:55 RTP packet received: 13 bytes
2025/05/04 22:16:55 RTP packet received: 13 bytes
2025/05/04 22:16:55 RTP packet received: 13 bytes
2025/05/04 22:16:55 RTP packet received: 13 bytes
2025/05/04 22:16:55 📈 Packets: 16/s | Bitrate: 1.66 kbps
2025/05/04 22:16:55 RTP packet received: 13 bytes
2025/05/04 22:16:55 RTP packet received: 13 bytes
2025/05/04 22:16:55 RTP packet received: 13 bytes
2025/05/04 22:16:55 RTP packet received: 13 bytes
2025/05/04 22:16:55 RTP packet received: 13 bytes
2025/05/04 22:16:55 RTP packet received: 13 bytes
2025/05/04 22:16:56 RTP packet received: 13 bytes
2025/05/04 22:16:56 RTP packet received: 13 bytes
2025/05/04 22:16:56 RTP packet received: 13 bytes
2025/05/04 22:16:56 RTP packet received: 13 bytes
2025/05/04 22:16:56 RTP packet received: 13 bytes
2025/05/04 22:16:56 RTP packet received: 13 bytes
2025/05/04 22:16:56 RTP packet received: 13 bytes
2025/05/04 22:16:56 RTP packet received: 13 bytes
2025/05/04 22:16:56 📈 Packets: 17/s | Bitrate: 1.77 kbps
2025/05/04 22:16:56 RTP packet received: 13 bytes
2025/05/04 22:16:56 RTP packet received: 13 bytes
2025/05/04 22:16:56 RTP packet received: 13 bytes
2025/05/04 22:16:56 RTP packet received: 13 bytes
2025/05/04 22:16:56 RTP packet received: 13 bytes
2025/05/04 22:16:57 RTP packet received: 13 bytes
2025/05/04 22:16:57 RTP packet received: 13 bytes
2025/05/04 22:16:57 RTP packet received: 13 bytes
2025/05/04 22:16:57 RTP packet received: 13 bytes
2025/05/04 22:16:57 RTP packet received: 13 bytes
2025/05/04 22:16:57 RTP packet received: 13 bytes
2025/05/04 22:16:57 RTP packet received: 13 bytes
2025/05/04 22:16:57 RTP packet received: 13 bytes
2025/05/04 22:16:57 RTP packet received: 13 bytes
2025/05/04 22:16:57 RTP packet received: 13 bytes
2025/05/04 22:16:57 📈 Packets: 16/s | Bitrate: 1.66 kbps
2025/05/04 22:16:57 RTP packet received: 13 bytes
2025/05/04 22:16:57 RTP packet received: 13 bytes
2025/05/04 22:16:57 RTP packet received: 13 bytes
2025/05/04 22:16:57 RTP packet received: 13 bytes
2025/05/04 22:16:57 RTP packet received: 13 bytes
2025/05/04 22:16:58 RTP packet received: 13 bytes
2025/05/04 22:16:58 RTP packet received: 13 bytes
2025/05/04 22:16:58 RTP packet received: 13 bytes
2025/05/04 22:16:58 RTP packet received: 13 bytes
2025/05/04 22:16:58 RTP packet received: 13 bytes
2025/05/04 22:16:58 RTP packet received: 13 bytes
2025/05/04 22:16:58 RTP packet received: 13 bytes
2025/05/04 22:16:58 RTP packet received: 13 bytes
2025/05/04 22:16:58 RTP packet received: 13 bytes
2025/05/04 22:16:58 RTP packet received: 13 bytes
2025/05/04 22:16:58 📈 Packets: 15/s | Bitrate: 1.56 kbps
2025/05/04 22:16:58 RTP packet received: 13 bytes
2025/05/04 22:16:58 RTP packet received: 13 bytes
2025/05/04 22:16:58 RTP packet received: 13 bytes
2025/05/04 22:16:58 RTP packet received: 13 bytes
2025/05/04 22:16:58 RTP packet received: 13 bytes
2025/05/04 22:16:58 RTP packet received: 13 bytes
2025/05/04 22:16:59 RTP packet received: 13 bytes
2025/05/04 22:16:59 RTP packet received: 13 bytes
2025/05/04 22:16:59 RTP packet received: 13 bytes
2025/05/04 22:16:59 RTP packet received: 13 bytes
2025/05/04 22:16:59 RTP packet received: 13 bytes
2025/05/04 22:16:59 RTP packet received: 13 bytes
2025/05/04 22:16:59 RTP packet received: 13 bytes
2025/05/04 22:16:59 RTP packet received: 13 bytes
2025/05/04 22:16:59 RTP packet received: 13 bytes
2025/05/04 22:16:59 📈 Packets: 15/s | Bitrate: 1.56 kbps
2025/05/04 22:16:59 RTP packet received: 13 bytes
2025/05/04 22:16:59 RTP packet received: 13 bytes
2025/05/04 22:16:59 RTP packet received: 13 bytes
2025/05/04 22:16:59 RTP packet received: 13 bytes
2025/05/04 22:16:59 RTP packet received: 13 bytes
2025/05/04 22:16:59 RTP packet received: 13 bytes
2025/05/04 22:17:00 RTP packet received: 13 bytes
2025/05/04 22:17:00 RTP packet received: 13 bytes
2025/05/04 22:17:00 RTP packet received: 13 bytes
2025/05/04 22:17:00 RTP packet received: 13 bytes
2025/05/04 22:17:00 RTP packet received: 13 bytes
2025/05/04 22:17:00 RTP packet received: 13 bytes
2025/05/04 22:17:00 RTP packet received: 13 bytes
2025/05/04 22:17:00 RTP packet received: 13 bytes
2025/05/04 22:17:00 RTP packet received: 13 bytes
2025/05/04 22:17:00 📈 Packets: 15/s | Bitrate: 1.56 kbps
2025/05/04 22:17:00 RTP packet received: 13 bytes
2025/05/04 22:17:00 RTP packet received: 13 bytes
2025/05/04 22:17:00 RTP packet received: 13 bytes
2025/05/04 22:17:00 RTP packet received: 13 bytes
2025/05/04 22:17:00 RTP packet received: 13 bytes
2025/05/04 22:17:00 RTP packet received: 13 bytes
2025/05/04 22:17:01 RTP packet received: 13 bytes
2025/05/04 22:17:01 RTP packet received: 13 bytes
2025/05/04 22:17:01 RTP packet received: 13 bytes
2025/05/04 22:17:01 RTP packet received: 13 bytes
2025/05/04 22:17:01 RTP packet received: 13 bytes
2025/05/04 22:17:01 RTP packet received: 13 bytes
2025/05/04 22:17:01 RTP packet received: 13 bytes
2025/05/04 22:17:01 RTP packet received: 13 bytes
2025/05/04 22:17:01 RTP packet received: 13 bytes
2025/05/04 22:17:01 RTP packet received: 13 bytes
2025/05/04 22:17:01 📈 Packets: 15/s | Bitrate: 1.56 kbps
2025/05/04 22:17:01 RTP packet received: 13 bytes
2025/05/04 22:17:01 RTP packet received: 13 bytes
2025/05/04 22:17:01 RTP packet received: 13 bytes
2025/05/04 22:17:01 RTP packet received: 13 bytes
2025/05/04 22:17:01 RTP packet received: 13 bytes
2025/05/04 22:17:02 RTP packet received: 13 bytes
2025/05/04 22:17:02 RTP packet received: 13 bytes
2025/05/04 22:17:02 RTP packet received: 13 bytes
2025/05/04 22:17:02 RTP packet received: 13 bytes
2025/05/04 22:17:02 RTP packet received: 13 bytes
2025/05/04 22:17:02 RTP packet received: 13 bytes
2025/05/04 22:17:02 RTP packet received: 13 bytes
2025/05/04 22:17:02 RTP packet received: 13 bytes
2025/05/04 22:17:02 RTP packet received: 13 bytes
2025/05/04 22:17:02 RTP packet received: 13 bytes
2025/05/04 22:17:02 📈 Packets: 15/s | Bitrate: 1.56 kbps
2025/05/04 22:17:02 RTP packet received: 13 bytes
2025/05/04 22:17:02 RTP packet received: 13 bytes
2025/05/04 22:17:02 RTP packet received: 13 bytes
2025/05/04 22:17:02 RTP packet received: 13 bytes
2025/05/04 22:17:02 RTP packet received: 13 bytes
2025/05/04 22:17:03 RTP packet received: 13 bytes
2025/05/04 22:17:03 RTP packet received: 13 bytes
2025/05/04 22:17:03 RTP packet received: 13 bytes
2025/05/04 22:17:03 RTP packet received: 13 bytes
2025/05/04 22:17:03 RTP packet received: 13 bytes
2025/05/04 22:17:03 RTP packet received: 13 bytes
2025/05/04 22:17:03 RTP packet received: 13 bytes
2025/05/04 22:17:03 RTP packet received: 13 bytes
2025/05/04 22:17:03 RTP packet received: 13 bytes
2025/05/04 22:17:03 📈 Packets: 14/s | Bitrate: 1.46 kbps
2025/05/04 22:17:03 RTP packet received: 13 bytes
2025/05/04 22:17:03 RTP packet received: 13 bytes
2025/05/04 22:17:03 RTP packet received: 13 bytes
2025/05/04 22:17:03 RTP packet received: 13 bytes
2025/05/04 22:17:03 RTP packet received: 13 bytes
2025/05/04 22:17:03 RTP packet received: 13 bytes
2025/05/04 22:17:04 RTP packet received: 13 bytes
2025/05/04 22:17:04 RTP packet received: 13 bytes
2025/05/04 22:17:04 RTP packet received: 13 bytes
2025/05/04 22:17:04 RTP packet received: 13 bytes
2025/05/04 22:17:04 RTP packet received: 13 bytes
2025/05/04 22:17:04 RTP packet received: 13 bytes
2025/05/04 22:17:04 RTP packet received: 13 bytes
2025/05/04 22:17:04 RTP packet received: 13 bytes
2025/05/04 22:17:04 RTP packet received: 13 bytes
2025/05/04 22:17:04 RTP packet received: 13 bytes
2025/05/04 22:17:04 RTP packet received: 13 bytes
2025/05/04 22:17:04 📈 Packets: 14/s | Bitrate: 1.46 kbps
2025/05/04 22:17:04 RTP packet received: 13 bytes
2025/05/04 22:17:04 RTP packet received: 13 bytes
2025/05/04 22:17:04 RTP packet received: 13 bytes
2025/05/04 22:17:04 RTP packet received: 13 bytes
2025/05/04 22:17:05 RTP packet received: 13 bytes
2025/05/04 22:17:05 RTP packet received: 13 bytes
2025/05/04 22:17:05 RTP packet received: 13 bytes
2025/05/04 22:17:05 RTP packet received: 13 bytes
2025/05/04 22:17:05 RTP packet received: 13 bytes
2025/05/04 22:17:05 RTP packet received: 13 bytes
2025/05/04 22:17:05 RTP packet received: 13 bytes
2025/05/04 22:17:05 RTP packet received: 13 bytes
2025/05/04 22:17:05 RTP packet received: 13 bytes
2025/05/04 22:17:05 📈 Packets: 17/s | Bitrate: 1.77 kbps
2025/05/04 22:17:05 RTP packet received: 13 bytes
2025/05/04 22:17:05 RTP packet received: 13 bytes
2025/05/04 22:17:05 RTP packet received: 13 bytes
2025/05/04 22:17:05 RTP packet received: 13 bytes
2025/05/04 22:17:05 RTP packet received: 13 bytes
2025/05/04 22:17:06 RTP packet received: 13 bytes
2025/05/04 22:17:06 RTP packet received: 13 bytes
2025/05/04 22:17:06 RTP packet received: 13 bytes
2025/05/04 22:17:06 RTP packet received: 13 bytes
2025/05/04 22:17:06 RTP packet received: 13 bytes
2025/05/04 22:17:06 RTP packet received: 13 bytes
2025/05/04 22:17:06 RTP packet received: 13 bytes
2025/05/04 22:17:06 RTP packet received: 13 bytes
2025/05/04 22:17:06 RTP packet received: 13 bytes
2025/05/04 22:17:06 RTP packet received: 13 bytes
2025/05/04 22:17:06 📈 Packets: 15/s | Bitrate: 1.56 kbps
2025/05/04 22:17:06 RTP packet received: 13 bytes
2025/05/04 22:17:06 RTP packet received: 13 bytes
2025/05/04 22:17:06 RTP packet received: 13 bytes
2025/05/04 22:17:06 RTP packet received: 13 bytes
2025/05/04 22:17:06 RTP packet received: 13 bytes
2025/05/04 22:17:06 RTP packet received: 13 bytes
2025/05/04 22:17:07 RTP packet received: 13 bytes
2025/05/04 22:17:07 RTP packet received: 13 bytes
2025/05/04 22:17:07 RTP packet received: 13 bytes
2025/05/04 22:17:07 RTP packet received: 13 bytes
2025/05/04 22:17:07 RTP packet received: 13 bytes
2025/05/04 22:17:07 RTP packet received: 13 bytes
2025/05/04 22:17:07 RTP packet received: 13 bytes
2025/05/04 22:17:07 RTP packet received: 13 bytes
2025/05/04 22:17:07 RTP packet received: 13 bytes
2025/05/04 22:17:07 📈 Packets: 15/s | Bitrate: 1.56 kbps
2025/05/04 22:17:07 RTP packet received: 13 bytes
2025/05/04 22:17:07 RTP packet received: 13 bytes
2025/05/04 22:17:07 RTP packet received: 13 bytes
2025/05/04 22:17:07 RTP packet received: 13 bytes
2025/05/04 22:17:07 RTP packet received: 13 bytes
2025/05/04 22:17:07 RTP packet received: 13 bytes
2025/05/04 22:17:08 RTP packet received: 13 bytes
2025/05/04 22:17:08 RTP packet received: 13 bytes
2025/05/04 22:17:08 RTP packet received: 13 bytes
2025/05/04 22:17:08 RTP packet received: 13 bytes
2025/05/04 22:17:08 RTP packet received: 13 bytes
2025/05/04 22:17:08 RTP packet received: 13 bytes
2025/05/04 22:17:08 RTP packet received: 13 bytes
2025/05/04 22:17:08 RTP packet received: 13 bytes
2025/05/04 22:17:08 RTP packet received: 13 bytes
2025/05/04 22:17:08 RTP packet received: 13 bytes
2025/05/04 22:17:08 📈 Packets: 15/s | Bitrate: 1.56 kbps
2025/05/04 22:17:08 RTP packet received: 13 bytes
2025/05/04 22:17:08 RTP packet received: 13 bytes
2025/05/04 22:17:08 RTP packet received: 13 bytes
2025/05/04 22:17:09 RTP packet received: 13 bytes
2025/05/04 22:17:09 RTP packet received: 13 bytes
2025/05/04 22:17:09 RTP packet received: 13 bytes
2025/05/04 22:17:09 RTP packet received: 13 bytes
2025/05/04 22:17:09 RTP packet received: 13 bytes
2025/05/04 22:17:09 RTP packet received: 13 bytes
2025/05/04 22:17:09 RTP packet received: 13 bytes
2025/05/04 22:17:09 RTP packet received: 13 bytes
2025/05/04 22:17:09 RTP packet received: 13 bytes
2025/05/04 22:17:09 📈 Packets: 16/s | Bitrate: 1.66 kbps
2025/05/04 22:17:09 RTP packet received: 13 bytes
2025/05/04 22:17:09 RTP packet received: 13 bytes
2025/05/04 22:17:09 RTP packet received: 13 bytes
2025/05/04 22:17:09 RTP packet received: 13 bytes
2025/05/04 22:17:09 RTP packet received: 13 bytes
2025/05/04 22:17:09 RTP packet received: 13 bytes
2025/05/04 22:17:09 RTP packet received: 13 bytes
2025/05/04 22:17:09 RTP packet received: 13 bytes
2025/05/04 22:17:10 RTP packet received: 13 bytes
2025/05/04 22:17:10 RTP packet received: 13 bytes
2025/05/04 22:17:10 RTP packet received: 13 bytes
2025/05/04 22:17:10 RTP packet received: 13 bytes
2025/05/04 22:17:10 RTP packet received: 13 bytes
2025/05/04 22:17:10 RTP packet received: 13 bytes
2025/05/04 22:17:10 RTP packet received: 13 bytes
2025/05/04 22:17:10 RTP packet received: 13 bytes
2025/05/04 22:17:10 RTP packet received: 13 bytes
2025/05/04 22:17:10 📈 Packets: 14/s | Bitrate: 1.46 kbps
2025/05/04 22:17:10 RTP packet received: 13 bytes
2025/05/04 22:17:10 RTP packet received: 13 bytes
2025/05/04 22:17:10 RTP packet received: 13 bytes
2025/05/04 22:17:10 RTP packet received: 13 bytes
2025/05/04 22:17:11 RTP packet received: 13 bytes
2025/05/04 22:17:11 RTP packet received: 13 bytes
2025/05/04 22:17:11 RTP packet received: 13 bytes
2025/05/04 22:17:11 RTP packet received: 13 bytes
2025/05/04 22:17:11 RTP packet received: 13 bytes
2025/05/04 22:17:11 RTP packet received: 13 bytes
2025/05/04 22:17:11 RTP packet received: 13 bytes
2025/05/04 22:17:11 RTP packet received: 13 bytes
2025/05/04 22:17:11 📈 Packets: 19/s | Bitrate: 1.98 kbps
2025/05/04 22:17:11 RTP packet received: 13 bytes
2025/05/04 22:17:11 RTP packet received: 13 bytes
2025/05/04 22:17:11 RTP packet received: 13 bytes
2025/05/04 22:17:11 RTP packet received: 13 bytes
2025/05/04 22:17:11 RTP packet received: 13 bytes
2025/05/04 22:17:11 RTP packet received: 13 bytes
2025/05/04 22:17:12 RTP packet received: 13 bytes
2025/05/04 22:17:12 RTP packet received: 13 bytes
2025/05/04 22:17:12 RTP packet received: 13 bytes
2025/05/04 22:17:12 RTP packet received: 13 bytes
2025/05/04 22:17:12 RTP packet received: 13 bytes
2025/05/04 22:17:12 RTP packet received: 13 bytes
2025/05/04 22:17:12 RTP packet received: 13 bytes
2025/05/04 22:17:12 RTP packet received: 13 bytes
2025/05/04 22:17:12 RTP packet received: 13 bytes
2025/05/04 22:17:12 📈 Packets: 15/s | Bitrate: 1.56 kbps
2025/05/04 22:17:12 RTP packet received: 13 bytes
2025/05/04 22:17:12 RTP packet received: 13 bytes
2025/05/04 22:17:12 RTP packet received: 13 bytes
2025/05/04 22:17:12 RTP packet received: 13 bytes
2025/05/04 22:17:12 RTP packet received: 13 bytes
2025/05/04 22:17:12 RTP packet received: 13 bytes
2025/05/04 22:17:13 RTP packet received: 13 bytes
2025/05/04 22:17:13 RTP packet received: 13 bytes
2025/05/04 22:17:13 RTP packet received: 13 bytes
2025/05/04 22:17:13 RTP packet received: 13 bytes
2025/05/04 22:17:13 RTP packet received: 13 bytes
2025/05/04 22:17:13 RTP packet received: 13 bytes
2025/05/04 22:17:13 RTP packet received: 13 bytes
2025/05/04 22:17:13 RTP packet received: 13 bytes
2025/05/04 22:17:13 RTP packet received: 13 bytes
2025/05/04 22:17:13 📈 Packets: 15/s | Bitrate: 1.56 kbps
2025/05/04 22:17:13 RTP packet received: 13 bytes
2025/05/04 22:17:13 RTP packet received: 13 bytes
2025/05/04 22:17:13 RTP packet received: 13 bytes
2025/05/04 22:17:13 RTP packet received: 13 bytes
2025/05/04 22:17:13 RTP packet received: 13 bytes
2025/05/04 22:17:13 RTP packet received: 13 bytes
2025/05/04 22:17:14 RTP packet received: 13 bytes
2025/05/04 22:17:14 RTP packet received: 13 bytes
2025/05/04 22:17:14 RTP packet received: 13 bytes
2025/05/04 22:17:14 RTP packet received: 13 bytes
2025/05/04 22:17:14 RTP packet received: 13 bytes
2025/05/04 22:17:14 RTP packet received: 13 bytes
2025/05/04 22:17:14 RTP packet received: 13 bytes
2025/05/04 22:17:14 RTP packet received: 13 bytes
2025/05/04 22:17:14 RTP packet received: 13 bytes
2025/05/04 22:17:14 RTP packet received: 13 bytes
2025/05/04 22:17:14 RTP packet received: 13 bytes
2025/05/04 22:17:14 📈 Packets: 14/s | Bitrate: 1.46 kbps
2025/05/04 22:17:14 RTP packet received: 13 bytes
2025/05/04 22:17:14 RTP packet received: 13 bytes
2025/05/04 22:17:14 RTP packet received: 13 bytes
2025/05/04 22:17:14 RTP packet received: 13 bytes
2025/05/04 22:17:14 RTP packet received: 13 bytes
2025/05/04 22:17:14 RTP packet received: 13 bytes
2025/05/04 22:17:15 RTP packet received: 13 bytes
2025/05/04 22:17:15 RTP packet received: 13 bytes
2025/05/04 22:17:15 RTP packet received: 13 bytes
2025/05/04 22:17:15 RTP packet received: 13 bytes
2025/05/04 22:17:15 RTP packet received: 13 bytes
2025/05/04 22:17:15 RTP packet received: 13 bytes
2025/05/04 22:17:15 RTP packet received: 13 bytes
2025/05/04 22:17:15 RTP packet received: 13 bytes
2025/05/04 22:17:15 RTP packet received: 13 bytes
2025/05/04 22:17:15 📈 Packets: 15/s | Bitrate: 1.56 kbps
2025/05/04 22:17:15 RTP packet received: 13 bytes
2025/05/04 22:17:15 RTP packet received: 13 bytes
2025/05/04 22:17:15 RTP packet received: 13 bytes
2025/05/04 22:17:15 RTP packet received: 13 bytes
2025/05/04 22:17:15 RTP packet received: 13 bytes
2025/05/04 22:17:15 RTP packet received: 13 bytes
2025/05/04 22:17:16 RTP packet received: 13 bytes
2025/05/04 22:17:16 RTP packet received: 13 bytes
2025/05/04 22:17:16 RTP packet received: 13 bytes
2025/05/04 22:17:16 RTP packet received: 13 bytes
2025/05/04 22:17:16 RTP packet received: 13 bytes
2025/05/04 22:17:16 RTP packet received: 13 bytes
2025/05/04 22:17:16 RTP packet received: 13 bytes
2025/05/04 22:17:16 RTP packet received: 13 bytes
2025/05/04 22:17:16 RTP packet received: 13 bytes
2025/05/04 22:17:16 📈 Packets: 15/s | Bitrate: 1.56 kbps
2025/05/04 22:17:16 RTP packet received: 13 bytes
2025/05/04 22:17:16 RTP packet received: 13 bytes
2025/05/04 22:17:16 RTP packet received: 13 bytes
2025/05/04 22:17:16 RTP packet received: 13 bytes
2025/05/04 22:17:16 RTP packet received: 13 bytes
2025/05/04 22:17:16 RTP packet received: 13 bytes
2025/05/04 22:17:17 RTP packet received: 13 bytes
2025/05/04 22:17:17 RTP packet received: 13 bytes
2025/05/04 22:17:17 RTP packet received: 13 bytes
2025/05/04 22:17:17 RTP packet received: 13 bytes
2025/05/04 22:17:17 RTP packet received: 13 bytes
2025/05/04 22:17:17 RTP packet received: 13 bytes
2025/05/04 22:17:17 RTP packet received: 13 bytes
2025/05/04 22:17:17 RTP packet received: 13 bytes
2025/05/04 22:17:17 RTP packet received: 13 bytes
2025/05/04 22:17:17 RTP packet received: 13 bytes
2025/05/04 22:17:17 📈 Packets: 15/s | Bitrate: 1.56 kbps
2025/05/04 22:17:17 RTP packet received: 13 bytes
2025/05/04 22:17:17 RTP packet received: 13 bytes
2025/05/04 22:17:17 RTP packet received: 13 bytes
2025/05/04 22:17:17 RTP packet received: 13 bytes
2025/05/04 22:17:17 RTP packet received: 13 bytes
2025/05/04 22:17:18 RTP packet received: 13 bytes
2025/05/04 22:17:18 RTP packet received: 13 bytes
2025/05/04 22:17:18 RTP packet received: 13 bytes
2025/05/04 22:17:18 RTP packet received: 13 bytes
2025/05/04 22:17:18 RTP packet received: 13 bytes
2025/05/04 22:17:18 RTP packet received: 13 bytes
2025/05/04 22:17:18 RTP packet received: 13 bytes
2025/05/04 22:17:18 RTP packet received: 13 bytes
2025/05/04 22:17:18 RTP packet received: 13 bytes
2025/05/04 22:17:18 📈 Packets: 15/s | Bitrate: 1.56 kbps
2025/05/04 22:17:18 RTP packet received: 13 bytes
2025/05/04 22:17:18 RTP packet received: 13 bytes
2025/05/04 22:17:18 RTP packet received: 13 bytes
2025/05/04 22:17:18 RTP packet received: 13 bytes
2025/05/04 22:17:18 RTP packet received: 13 bytes
2025/05/04 22:17:18 RTP packet received: 13 bytes
2025/05/04 22:17:19 RTP packet received: 13 bytes
2025/05/04 22:17:19 RTP packet received: 13 bytes
2025/05/04 22:17:19 RTP packet received: 13 bytes
2025/05/04 22:17:19 RTP packet received: 13 bytes
2025/05/04 22:17:19 RTP packet received: 13 bytes
2025/05/04 22:17:19 RTP packet received: 13 bytes
2025/05/04 22:17:19 RTP packet received: 13 bytes
2025/05/04 22:17:19 RTP packet received: 13 bytes
2025/05/04 22:17:19 RTP packet received: 13 bytes
2025/05/04 22:17:19 RTP packet received: 13 bytes
2025/05/04 22:17:19 📈 Packets: 15/s | Bitrate: 1.56 kbps
2025/05/04 22:17:19 RTP packet received: 13 bytes
2025/05/04 22:17:19 RTP packet received: 13 bytes
2025/05/04 22:17:19 RTP packet received: 13 bytes
2025/05/04 22:17:19 RTP packet received: 13 bytes
2025/05/04 22:17:19 RTP packet received: 13 bytes
2025/05/04 22:17:20 RTP packet received: 13 bytes
2025/05/04 22:17:20 RTP packet received: 13 bytes
2025/05/04 22:17:20 RTP packet received: 13 bytes
2025/05/04 22:17:20 RTP packet received: 13 bytes
2025/05/04 22:17:20 RTP packet received: 13 bytes
2025/05/04 22:17:20 RTP packet received: 13 bytes
2025/05/04 22:17:20 RTP packet received: 13 bytes
2025/05/04 22:17:20 RTP packet received: 13 bytes
2025/05/04 22:17:20 RTP packet received: 13 bytes
2025/05/04 22:17:20 RTP packet received: 13 bytes
2025/05/04 22:17:20 📈 Packets: 15/s | Bitrate: 1.56 kbps
2025/05/04 22:17:20 RTP packet received: 13 bytes
2025/05/04 22:17:20 RTP packet received: 13 bytes
2025/05/04 22:17:20 RTP packet received: 13 bytes
2025/05/04 22:17:20 RTP packet received: 13 bytes
2025/05/04 22:17:20 RTP packet received: 13 bytes
2025/05/04 22:17:20 RTP packet received: 13 bytes
2025/05/04 22:17:21 RTP packet received: 13 bytes
2025/05/04 22:17:21 RTP packet received: 13 bytes
2025/05/04 22:17:21 RTP packet received: 13 bytes
2025/05/04 22:17:21 RTP packet received: 13 bytes
2025/05/04 22:17:21 RTP packet received: 13 bytes
2025/05/04 22:17:21 RTP packet received: 13 bytes
2025/05/04 22:17:21 RTP packet received: 13 bytes
2025/05/04 22:17:21 RTP packet received: 13 bytes
2025/05/04 22:17:21 RTP packet received: 13 bytes
2025/05/04 22:17:21 📈 Packets: 16/s | Bitrate: 1.66 kbps
2025/05/04 22:17:21 RTP packet received: 13 bytes
2025/05/04 22:17:21 RTP packet received: 13 bytes
2025/05/04 22:17:21 RTP packet received: 13 bytes
2025/05/04 22:17:21 RTP packet received: 13 bytes
2025/05/04 22:17:21 RTP packet received: 13 bytes
2025/05/04 22:17:21 RTP packet received: 13 bytes
2025/05/04 22:17:22 RTP packet received: 13 bytes
2025/05/04 22:17:22 RTP packet received: 13 bytes
2025/05/04 22:17:22 RTP packet received: 13 bytes
2025/05/04 22:17:22 RTP packet received: 13 bytes
2025/05/04 22:17:22 RTP packet received: 13 bytes
2025/05/04 22:17:22 RTP packet received: 13 bytes
2025/05/04 22:17:22 RTP packet received: 13 bytes
2025/05/04 22:17:22 RTP packet received: 13 bytes
2025/05/04 22:17:22 RTP packet received: 13 bytes
2025/05/04 22:17:22 📈 Packets: 15/s | Bitrate: 1.56 kbps
2025/05/04 22:17:22 RTP packet received: 13 bytes
2025/05/04 22:17:22 RTP packet received: 13 bytes
2025/05/04 22:17:22 RTP packet received: 13 bytes
2025/05/04 22:17:22 RTP packet received: 13 bytes
2025/05/04 22:17:22 RTP packet received: 13 bytes
2025/05/04 22:17:22 RTP packet received: 13 bytes
2025/05/04 22:17:23 RTP packet received: 13 bytes
2025/05/04 22:17:23 RTP packet received: 13 bytes
2025/05/04 22:17:23 RTP packet received: 13 bytes
2025/05/04 22:17:23 RTP packet received: 13 bytes
2025/05/04 22:17:23 RTP packet received: 13 bytes
2025/05/04 22:17:23 RTP packet received: 13 bytes
2025/05/04 22:17:23 RTP packet received: 13 bytes
2025/05/04 22:17:23 RTP packet received: 13 bytes
2025/05/04 22:17:23 RTP packet received: 13 bytes
2025/05/04 22:17:23 📈 Packets: 15/s | Bitrate: 1.56 kbps
2025/05/04 22:17:23 RTP packet received: 13 bytes
2025/05/04 22:17:23 RTP packet received: 13 bytes
2025/05/04 22:17:23 RTP packet received: 13 bytes
2025/05/04 22:17:23 RTP packet received: 13 bytes
2025/05/04 22:17:23 RTP packet received: 13 bytes
2025/05/04 22:17:23 RTP packet received: 13 bytes
2025/05/04 22:17:24 RTP packet received: 13 bytes
2025/05/04 22:17:24 RTP packet received: 13 bytes
2025/05/04 22:17:24 RTP packet received: 13 bytes
2025/05/04 22:17:24 RTP packet received: 13 bytes
2025/05/04 22:17:24 RTP packet received: 13 bytes
2025/05/04 22:17:24 RTP packet received: 13 bytes
2025/05/04 22:17:24 RTP packet received: 13 bytes
2025/05/04 22:17:24 RTP packet received: 13 bytes
2025/05/04 22:17:24 RTP packet received: 13 bytes
2025/05/04 22:17:24 📈 Packets: 15/s | Bitrate: 1.56 kbps
2025/05/04 22:17:24 RTP packet received: 13 bytes
2025/05/04 22:17:24 RTP packet received: 13 bytes
2025/05/04 22:17:24 RTP packet received: 13 bytes
2025/05/04 22:17:24 RTP packet received: 13 bytes
2025/05/04 22:17:24 RTP packet received: 13 bytes
2025/05/04 22:17:24 RTP packet received: 13 bytes
2025/05/04 22:17:25 RTP packet received: 13 bytes
2025/05/04 22:17:25 RTP packet received: 13 bytes
2025/05/04 22:17:25 RTP packet received: 13 bytes
2025/05/04 22:17:25 RTP packet received: 13 bytes
2025/05/04 22:17:25 RTP packet received: 13 bytes
2025/05/04 22:17:25 RTP packet received: 13 bytes
2025/05/04 22:17:25 RTP packet received: 13 bytes
2025/05/04 22:17:25 RTP packet received: 13 bytes
2025/05/04 22:17:25 RTP packet received: 13 bytes
2025/05/04 22:17:25 RTP packet received: 13 bytes
2025/05/04 22:17:25 📈 Packets: 15/s | Bitrate: 1.56 kbps
2025/05/04 22:17:25 RTP packet received: 13 bytes
2025/05/04 22:17:25 RTP packet received: 13 bytes
2025/05/04 22:17:25 RTP packet received: 13 bytes
2025/05/04 22:17:25 RTP packet received: 13 bytes
2025/05/04 22:17:25 RTP packet received: 13 bytes
2025/05/04 22:17:26 RTP packet received: 13 bytes
2025/05/04 22:17:26 RTP packet received: 13 bytes
2025/05/04 22:17:26 RTP packet received: 13 bytes
2025/05/04 22:17:26 RTP packet received: 13 bytes
2025/05/04 22:17:26 RTP packet received: 13 bytes
2025/05/04 22:17:26 RTP packet received: 13 bytes
2025/05/04 22:17:26 RTP packet received: 13 bytes
2025/05/04 22:17:26 RTP packet received: 13 bytes
2025/05/04 22:17:26 RTP packet received: 13 bytes
2025/05/04 22:17:26 RTP packet received: 13 bytes
2025/05/04 22:17:26 📈 Packets: 15/s | Bitrate: 1.56 kbps
2025/05/04 22:17:26 RTP packet received: 13 bytes
2025/05/04 22:17:26 RTP packet received: 13 bytes
2025/05/04 22:17:26 RTP packet received: 13 bytes
2025/05/04 22:17:26 RTP packet received: 13 bytes
2025/05/04 22:17:26 RTP packet received: 13 bytes
2025/05/04 22:17:27 RTP packet received: 13 bytes
2025/05/04 22:17:27 RTP packet received: 13 bytes
2025/05/04 22:17:27 RTP packet received: 13 bytes
2025/05/04 22:17:27 RTP packet received: 13 bytes
2025/05/04 22:17:27 RTP packet received: 13 bytes
2025/05/04 22:17:27 RTP packet received: 13 bytes
2025/05/04 22:17:27 RTP packet received: 13 bytes
2025/05/04 22:17:27 RTP packet received: 13 bytes
2025/05/04 22:17:27 RTP packet received: 13 bytes
2025/05/04 22:17:27 RTP packet received: 13 bytes
2025/05/04 22:17:27 📈 Packets: 16/s | Bitrate: 1.66 kbps
2025/05/04 22:17:27 RTP packet received: 13 bytes
2025/05/04 22:17:27 RTP packet received: 13 bytes
2025/05/04 22:17:27 RTP packet received: 13 bytes
2025/05/04 22:17:27 RTP packet received: 13 bytes
2025/05/04 22:17:27 RTP packet received: 13 bytes
2025/05/04 22:17:27 RTP packet received: 13 bytes
2025/05/04 22:17:28 RTP packet received: 13 bytes
2025/05/04 22:17:28 RTP packet received: 13 bytes
2025/05/04 22:17:28 RTP packet received: 13 bytes
2025/05/04 22:17:28 RTP packet received: 13 bytes
2025/05/04 22:17:28 RTP packet received: 13 bytes
2025/05/04 22:17:28 RTP packet received: 13 bytes
2025/05/04 22:17:28 RTP packet received: 13 bytes
2025/05/04 22:17:28 RTP packet received: 13 bytes
2025/05/04 22:17:28 RTP packet received: 13 bytes
2025/05/04 22:17:28 📈 Packets: 15/s | Bitrate: 1.56 kbps
2025/05/04 22:17:28 RTP packet received: 13 bytes
2025/05/04 22:17:28 RTP packet received: 13 bytes
2025/05/04 22:17:28 RTP packet received: 13 bytes
2025/05/04 22:17:28 RTP packet received: 13 bytes
2025/05/04 22:17:28 RTP packet received: 13 bytes
2025/05/04 22:17:28 RTP packet received: 13 bytes
2025/05/04 22:17:29 RTP packet received: 13 bytes
2025/05/04 22:17:29 RTP packet received: 13 bytes
2025/05/04 22:17:29 RTP packet received: 13 bytes
2025/05/04 22:17:29 RTP packet received: 13 bytes
2025/05/04 22:17:29 RTP packet received: 13 bytes
2025/05/04 22:17:29 RTP packet received: 13 bytes
2025/05/04 22:17:29 RTP packet received: 13 bytes
2025/05/04 22:17:29 RTP packet received: 13 bytes
2025/05/04 22:17:29 RTP packet received: 13 bytes
2025/05/04 22:17:29 RTP packet received: 13 bytes
2025/05/04 22:17:29 📈 Packets: 13/s | Bitrate: 1.35 kbps
2025/05/04 22:17:29 RTP packet received: 13 bytes
2025/05/04 22:17:29 RTP packet received: 13 bytes
2025/05/04 22:17:29 RTP packet received: 13 bytes
2025/05/04 22:17:29 RTP packet received: 13 bytes
2025/05/04 22:17:29 RTP packet received: 13 bytes
2025/05/04 22:17:29 RTP packet received: 13 bytes
2025/05/04 22:17:29 RTP packet received: 13 bytes
2025/05/04 22:17:30 RTP packet received: 13 bytes
2025/05/04 22:17:30 RTP packet received: 13 bytes
2025/05/04 22:17:30 RTP packet received: 13 bytes
2025/05/04 22:17:30 RTP packet received: 13 bytes
2025/05/04 22:17:30 RTP packet received: 13 bytes
2025/05/04 22:17:30 RTP packet received: 13 bytes
2025/05/04 22:17:30 RTP packet received: 13 bytes
2025/05/04 22:17:30 RTP packet received: 13 bytes
2025/05/04 22:17:30 RTP packet received: 13 bytes
2025/05/04 22:17:30 📈 Packets: 15/s | Bitrate: 1.56 kbps
2025/05/04 22:17:30 RTP packet received: 13 bytes
2025/05/04 22:17:30 RTP packet received: 13 bytes
2025/05/04 22:17:30 RTP packet received: 13 bytes
2025/05/04 22:17:30 RTP packet received: 13 bytes
2025/05/04 22:17:30 RTP packet received: 13 bytes
2025/05/04 22:17:30 RTP packet received: 13 bytes
2025/05/04 22:17:31 RTP packet received: 13 bytes
2025/05/04 22:17:31 RTP packet received: 13 bytes
2025/05/04 22:17:31 RTP packet received: 13 bytes
2025/05/04 22:17:31 RTP packet received: 13 bytes
2025/05/04 22:17:31 RTP packet received: 13 bytes
2025/05/04 22:17:31 RTP packet received: 13 bytes
2025/05/04 22:17:31 RTP packet received: 13 bytes
2025/05/04 22:17:31 RTP packet received: 13 bytes
2025/05/04 22:17:31 RTP packet received: 13 bytes
2025/05/04 22:17:31 📈 Packets: 16/s | Bitrate: 1.66 kbps
2025/05/04 22:17:31 RTP packet received: 13 bytes
2025/05/04 22:17:31 RTP packet received: 13 bytes
2025/05/04 22:17:31 RTP packet received: 13 bytes
2025/05/04 22:17:31 RTP packet received: 13 bytes
2025/05/04 22:17:31 RTP packet received: 13 bytes
2025/05/04 22:17:31 RTP packet received: 13 bytes
2025/05/04 22:17:32 RTP packet received: 13 bytes
2025/05/04 22:17:32 RTP packet received: 13 bytes
2025/05/04 22:17:32 RTP packet received: 13 bytes
2025/05/04 22:17:32 RTP packet received: 13 bytes
2025/05/04 22:17:32 RTP packet received: 13 bytes
2025/05/04 22:17:32 RTP packet received: 13 bytes
2025/05/04 22:17:32 RTP packet received: 13 bytes
2025/05/04 22:17:32 RTP packet received: 13 bytes
2025/05/04 22:17:32 RTP packet received: 13 bytes
2025/05/04 22:17:32 📈 Packets: 15/s | Bitrate: 1.56 kbps
2025/05/04 22:17:32 RTP packet received: 13 bytes
2025/05/04 22:17:32 RTP packet received: 13 bytes
2025/05/04 22:17:32 RTP packet received: 13 bytes
2025/05/04 22:17:32 RTP packet received: 13 bytes
2025/05/04 22:17:32 RTP packet received: 13 bytes
2025/05/04 22:17:32 RTP packet received: 13 bytes
2025/05/04 22:17:33 RTP packet received: 13 bytes
2025/05/04 22:17:33 RTP packet received: 13 bytes
2025/05/04 22:17:33 RTP packet received: 13 bytes
2025/05/04 22:17:33 RTP packet received: 13 bytes
2025/05/04 22:17:33 RTP packet received: 13 bytes
2025/05/04 22:17:33 RTP packet received: 13 bytes
2025/05/04 22:17:33 RTP packet received: 13 bytes
2025/05/04 22:17:33 RTP packet received: 13 bytes
2025/05/04 22:17:33 RTP packet received: 13 bytes
2025/05/04 22:17:33 📈 Packets: 15/s | Bitrate: 1.56 kbps
2025/05/04 22:17:33 RTP packet received: 13 bytes
2025/05/04 22:17:33 RTP packet received: 13 bytes
2025/05/04 22:17:33 RTP packet received: 13 bytes
2025/05/04 22:17:33 RTP packet received: 13 bytes
2025/05/04 22:17:33 RTP packet received: 13 bytes
2025/05/04 22:17:33 RTP packet received: 13 bytes
2025/05/04 22:17:34 RTP packet received: 13 bytes
2025/05/04 22:17:34 RTP packet received: 13 bytes
2025/05/04 22:17:34 RTP packet received: 13 bytes
2025/05/04 22:17:34 RTP packet received: 13 bytes
2025/05/04 22:17:34 RTP packet received: 13 bytes
2025/05/04 22:17:34 RTP packet received: 13 bytes
2025/05/04 22:17:34 RTP packet received: 13 bytes
2025/05/04 22:17:34 RTP packet received: 13 bytes
2025/05/04 22:17:34 RTP packet received: 13 bytes
2025/05/04 22:17:34 📈 Packets: 15/s | Bitrate: 1.56 kbps
2025/05/04 22:17:34 RTP packet received: 13 bytes
2025/05/04 22:17:34 RTP packet received: 13 bytes
2025/05/04 22:17:34 RTP packet received: 13 bytes
2025/05/04 22:17:34 RTP packet received: 13 bytes
2025/05/04 22:17:34 RTP packet received: 13 bytes
2025/05/04 22:17:34 RTP packet received: 13 bytes
2025/05/04 22:17:35 RTP packet received: 13 bytes
2025/05/04 22:17:35 RTP packet received: 13 bytes
2025/05/04 22:17:35 RTP packet received: 13 bytes
2025/05/04 22:17:35 RTP packet received: 13 bytes
2025/05/04 22:17:35 RTP packet received: 13 bytes
2025/05/04 22:17:35 RTP packet received: 13 bytes
2025/05/04 22:17:35 RTP packet received: 13 bytes
2025/05/04 22:17:35 RTP packet received: 13 bytes
2025/05/04 22:17:35 RTP packet received: 13 bytes
2025/05/04 22:17:35 RTP packet received: 13 bytes
2025/05/04 22:17:35 📈 Packets: 15/s | Bitrate: 1.56 kbps
2025/05/04 22:17:35 RTP packet received: 13 bytes
2025/05/04 22:17:35 RTP packet received: 13 bytes
2025/05/04 22:17:35 RTP packet received: 13 bytes
2025/05/04 22:17:35 RTP packet received: 13 bytes
2025/05/04 22:17:35 RTP packet received: 13 bytes
2025/05/04 22:17:36 RTP packet received: 13 bytes
2025/05/04 22:17:36 RTP packet received: 13 bytes
2025/05/04 22:17:36 RTP packet received: 13 bytes
2025/05/04 22:17:36 RTP packet received: 13 bytes
2025/05/04 22:17:36 RTP packet received: 13 bytes
2025/05/04 22:17:36 RTP packet received: 13 bytes
2025/05/04 22:17:36 RTP packet received: 13 bytes
2025/05/04 22:17:36 RTP packet received: 13 bytes
2025/05/04 22:17:36 RTP packet received: 13 bytes
2025/05/04 22:17:36 RTP packet received: 13 bytes
2025/05/04 22:17:36 📈 Packets: 15/s | Bitrate: 1.56 kbps
2025/05/04 22:17:36 RTP packet received: 13 bytes
2025/05/04 22:17:36 RTP packet received: 13 bytes
2025/05/04 22:17:36 RTP packet received: 13 bytes
2025/05/04 22:17:36 RTP packet received: 13 bytes
2025/05/04 22:17:36 RTP packet received: 13 bytes
2025/05/04 22:17:36 RTP packet received: 13 bytes
2025/05/04 22:17:37 RTP packet received: 13 bytes
2025/05/04 22:17:37 RTP packet received: 13 bytes
2025/05/04 22:17:37 RTP packet received: 13 bytes
2025/05/04 22:17:37 RTP packet received: 13 bytes
2025/05/04 22:17:37 RTP packet received: 13 bytes
2025/05/04 22:17:37 RTP packet received: 13 bytes
2025/05/04 22:17:37 RTP packet received: 13 bytes
2025/05/04 22:17:37 RTP packet received: 13 bytes
2025/05/04 22:17:37 RTP packet received: 13 bytes
2025/05/04 22:17:37 📈 Packets: 15/s | Bitrate: 1.56 kbps
2025/05/04 22:17:37 RTP packet received: 13 bytes
2025/05/04 22:17:37 RTP packet received: 13 bytes
2025/05/04 22:17:37 RTP packet received: 13 bytes
2025/05/04 22:17:37 RTP packet received: 13 bytes
2025/05/04 22:17:37 RTP packet received: 13 bytes
2025/05/04 22:17:37 RTP packet received: 13 bytes
2025/05/04 22:17:38 RTP packet received: 13 bytes
2025/05/04 22:17:38 RTP packet received: 13 bytes
2025/05/04 22:17:38 RTP packet received: 13 bytes
2025/05/04 22:17:38 RTP packet received: 13 bytes
2025/05/04 22:17:38 RTP packet received: 13 bytes
2025/05/04 22:17:38 RTP packet received: 13 bytes
2025/05/04 22:17:38 RTP packet received: 13 bytes
2025/05/04 22:17:38 RTP packet received: 13 bytes
2025/05/04 22:17:38 RTP packet received: 13 bytes
2025/05/04 22:17:38 📈 Packets: 16/s | Bitrate: 1.66 kbps
2025/05/04 22:17:38 RTP packet received: 13 bytes
2025/05/04 22:17:38 RTP packet received: 13 bytes
2025/05/04 22:17:38 RTP packet received: 13 bytes
2025/05/04 22:17:38 RTP packet received: 13 bytes
2025/05/04 22:17:38 RTP packet received: 13 bytes
2025/05/04 22:17:38 RTP packet received: 13 bytes
2025/05/04 22:17:39 RTP packet received: 13 bytes
2025/05/04 22:17:39 RTP packet received: 13 bytes
2025/05/04 22:17:39 RTP packet received: 13 bytes
2025/05/04 22:17:39 RTP packet received: 13 bytes
2025/05/04 22:17:39 RTP packet received: 13 bytes
2025/05/04 22:17:39 RTP packet received: 13 bytes
2025/05/04 22:17:39 RTP packet received: 13 bytes
2025/05/04 22:17:39 RTP packet received: 13 bytes
2025/05/04 22:17:39 RTP packet received: 13 bytes
2025/05/04 22:17:39 📈 Packets: 15/s | Bitrate: 1.56 kbps
2025/05/04 22:17:39 RTP packet received: 13 bytes
2025/05/04 22:17:39 RTP packet received: 13 bytes
2025/05/04 22:17:39 RTP packet received: 13 bytes
2025/05/04 22:17:39 RTP packet received: 13 bytes
2025/05/04 22:17:39 RTP packet received: 13 bytes
2025/05/04 22:17:39 RTP packet received: 13 bytes
2025/05/04 22:17:40 RTP packet received: 13 bytes
2025/05/04 22:17:40 RTP packet received: 13 bytes
2025/05/04 22:17:40 RTP packet received: 13 bytes
2025/05/04 22:17:40 RTP packet received: 13 bytes
2025/05/04 22:17:40 RTP packet received: 13 bytes
2025/05/04 22:17:40 RTP packet received: 13 bytes
2025/05/04 22:17:40 RTP packet received: 13 bytes
2025/05/04 22:17:40 RTP packet received: 13 bytes
2025/05/04 22:17:40 RTP packet received: 13 bytes
2025/05/04 22:17:40 RTP packet received: 13 bytes
2025/05/04 22:17:40 RTP packet received: 13 bytes
2025/05/04 22:17:40 📈 Packets: 13/s | Bitrate: 1.35 kbps
2025/05/04 22:17:40 RTP packet received: 13 bytes
2025/05/04 22:17:40 RTP packet received: 13 bytes
2025/05/04 22:17:40 RTP packet received: 13 bytes
2025/05/04 22:17:40 RTP packet received: 13 bytes
2025/05/04 22:17:40 RTP packet received: 13 bytes
2025/05/04 22:17:40 RTP packet received: 13 bytes
2025/05/04 22:17:41 RTP packet received: 13 bytes
2025/05/04 22:17:41 RTP packet received: 13 bytes
2025/05/04 22:17:41 RTP packet received: 13 bytes
2025/05/04 22:17:41 RTP packet received: 13 bytes
2025/05/04 22:17:41 RTP packet received: 13 bytes
2025/05/04 22:17:41 RTP packet received: 13 bytes
2025/05/04 22:17:41 RTP packet received: 13 bytes
2025/05/04 22:17:41 RTP packet received: 13 bytes
2025/05/04 22:17:41 RTP packet received: 13 bytes
2025/05/04 22:17:41 📈 Packets: 15/s | Bitrate: 1.56 kbps
2025/05/04 22:17:41 RTP packet received: 13 bytes
2025/05/04 22:17:41 RTP packet received: 13 bytes
2025/05/04 22:17:41 RTP packet received: 13 bytes
2025/05/04 22:17:41 RTP packet received: 13 bytes
2025/05/04 22:17:42 RTP packet received: 13 bytes
2025/05/04 22:17:42 RTP packet received: 13 bytes
2025/05/04 22:17:42 RTP packet received: 13 bytes
2025/05/04 22:17:42 RTP packet received: 13 bytes
2025/05/04 22:17:42 RTP packet received: 13 bytes
2025/05/04 22:17:42 RTP packet received: 13 bytes
2025/05/04 22:17:42 📈 Packets: 17/s | Bitrate: 1.77 kbps
2025/05/04 22:17:42 RTP packet received: 13 bytes
2025/05/04 22:17:42 RTP packet received: 13 bytes
2025/05/04 22:17:42 RTP packet received: 13 bytes
2025/05/04 22:17:42 RTP packet received: 13 bytes
2025/05/04 22:17:42 RTP packet received: 13 bytes
2025/05/04 22:17:42 RTP packet received: 13 bytes
2025/05/04 22:17:43 RTP packet received: 13 bytes
2025/05/04 22:17:43 RTP packet received: 13 bytes
2025/05/04 22:17:43 RTP packet received: 13 bytes
2025/05/04 22:17:43 RTP packet received: 13 bytes
2025/05/04 22:17:43 RTP packet received: 13 bytes
2025/05/04 22:17:43 RTP packet received: 13 bytes
2025/05/04 22:17:43 RTP packet received: 13 bytes
2025/05/04 22:17:43 RTP packet received: 13 bytes
2025/05/04 22:17:43 RTP packet received: 13 bytes
2025/05/04 22:17:43 📈 Packets: 15/s | Bitrate: 1.56 kbps
2025/05/04 22:17:43 RTP packet received: 13 bytes
2025/05/04 22:17:43 RTP packet received: 13 bytes
2025/05/04 22:17:43 RTP packet received: 13 bytes
2025/05/04 22:17:43 RTP packet received: 13 bytes
2025/05/04 22:17:43 RTP packet received: 13 bytes
2025/05/04 22:17:43 RTP packet received: 13 bytes
2025/05/04 22:17:44 RTP packet received: 13 bytes
2025/05/04 22:17:44 RTP packet received: 13 bytes
2025/05/04 22:17:44 RTP packet received: 13 bytes
2025/05/04 22:17:44 RTP packet received: 13 bytes
2025/05/04 22:17:44 RTP packet received: 13 bytes
2025/05/04 22:17:44 RTP packet received: 13 bytes
2025/05/04 22:17:44 RTP packet received: 13 bytes
2025/05/04 22:17:44 RTP packet received: 13 bytes
2025/05/04 22:17:44 RTP packet received: 13 bytes
2025/05/04 22:17:44 RTP packet received: 13 bytes
2025/05/04 22:17:44 📈 Packets: 15/s | Bitrate: 1.56 kbps
2025/05/04 22:17:44 RTP packet received: 13 bytes
2025/05/04 22:17:44 RTP packet received: 13 bytes
2025/05/04 22:17:44 RTP packet received: 13 bytes
2025/05/04 22:17:44 RTP packet received: 13 bytes
2025/05/04 22:17:44 RTP packet received: 13 bytes
2025/05/04 22:17:45 RTP packet received: 13 bytes
2025/05/04 22:17:45 RTP packet received: 13 bytes
2025/05/04 22:17:45 RTP packet received: 13 bytes
2025/05/04 22:17:45 RTP packet received: 13 bytes
2025/05/04 22:17:45 RTP packet received: 13 bytes
2025/05/04 22:17:45 RTP packet received: 13 bytes
2025/05/04 22:17:45 RTP packet received: 13 bytes
2025/05/04 22:17:45 RTP packet received: 13 bytes
2025/05/04 22:17:45 RTP packet received: 13 bytes
2025/05/04 22:17:45 📈 Packets: 15/s | Bitrate: 1.56 kbps
2025/05/04 22:17:45 RTP packet received: 13 bytes
2025/05/04 22:17:45 RTP packet received: 13 bytes
2025/05/04 22:17:45 RTP packet received: 13 bytes
2025/05/04 22:17:45 RTP packet received: 13 bytes
2025/05/04 22:17:45 RTP packet received: 13 bytes
2025/05/04 22:17:45 RTP packet received: 13 bytes
2025/05/04 22:17:45 RTP packet received: 13 bytes
2025/05/04 22:17:45 RTP packet received: 13 bytes
2025/05/04 22:17:46 RTP packet received: 13 bytes
2025/05/04 22:17:46 RTP packet received: 13 bytes
2025/05/04 22:17:46 RTP packet received: 13 bytes
2025/05/04 22:17:46 RTP packet received: 13 bytes
2025/05/04 22:17:46 RTP packet received: 13 bytes
2025/05/04 22:17:46 RTP packet received: 13 bytes
2025/05/04 22:17:46 RTP packet received: 13 bytes
2025/05/04 22:17:46 RTP packet received: 13 bytes
2025/05/04 22:17:46 RTP packet received: 13 bytes
2025/05/04 22:17:46 📈 Packets: 14/s | Bitrate: 1.46 kbps
2025/05/04 22:17:46 RTP packet received: 13 bytes
2025/05/04 22:17:46 RTP packet received: 13 bytes
2025/05/04 22:17:46 RTP packet received: 13 bytes
2025/05/04 22:17:46 RTP packet received: 13 bytes
2025/05/04 22:17:46 RTP packet received: 13 bytes
2025/05/04 22:17:46 RTP packet received: 13 bytes
2025/05/04 22:17:47 RTP packet received: 13 bytes
2025/05/04 22:17:47 RTP packet received: 13 bytes
2025/05/04 22:17:47 RTP packet received: 13 bytes
2025/05/04 22:17:47 RTP packet received: 13 bytes
2025/05/04 22:17:47 RTP packet received: 13 bytes
2025/05/04 22:17:47 RTP packet received: 13 bytes
2025/05/04 22:17:47 RTP packet received: 13 bytes
2025/05/04 22:17:47 RTP packet received: 13 bytes
2025/05/04 22:17:47 RTP packet received: 13 bytes
2025/05/04 22:17:47 📈 Packets: 16/s | Bitrate: 1.66 kbps
2025/05/04 22:17:47 RTP packet received: 13 bytes
2025/05/04 22:17:47 RTP packet received: 13 bytes
2025/05/04 22:17:47 RTP packet received: 13 bytes
2025/05/04 22:17:47 RTP packet received: 13 bytes
2025/05/04 22:17:47 RTP packet received: 13 bytes
2025/05/04 22:17:47 RTP packet received: 13 bytes
2025/05/04 22:17:48 RTP packet received: 13 bytes
2025/05/04 22:17:48 RTP packet received: 13 bytes
2025/05/04 22:17:48 RTP packet received: 13 bytes
2025/05/04 22:17:48 RTP packet received: 13 bytes
2025/05/04 22:17:48 RTP packet received: 13 bytes
2025/05/04 22:17:48 RTP packet received: 13 bytes
2025/05/04 22:17:48 RTP packet received: 13 bytes
2025/05/04 22:17:48 RTP packet received: 13 bytes
2025/05/04 22:17:48 RTP packet received: 13 bytes
2025/05/04 22:17:48 📈 Packets: 15/s | Bitrate: 1.56 kbps
2025/05/04 22:17:48 RTP packet received: 13 bytes
2025/05/04 22:17:48 RTP packet received: 13 bytes
2025/05/04 22:17:48 RTP packet received: 13 bytes
2025/05/04 22:17:48 RTP packet received: 13 bytes
2025/05/04 22:17:48 RTP packet received: 13 bytes
2025/05/04 22:17:48 RTP packet received: 13 bytes
2025/05/04 22:17:49 RTP packet received: 13 bytes
2025/05/04 22:17:49 RTP packet received: 13 bytes
2025/05/04 22:17:49 RTP packet received: 13 bytes
2025/05/04 22:17:49 RTP packet received: 13 bytes
2025/05/04 22:17:49 RTP packet received: 13 bytes
2025/05/04 22:17:49 RTP packet received: 13 bytes
2025/05/04 22:17:49 RTP packet received: 13 bytes
2025/05/04 22:17:49 RTP packet received: 13 bytes
2025/05/04 22:17:49 RTP packet received: 13 bytes
2025/05/04 22:17:49 RTP packet received: 13 bytes
2025/05/04 22:17:49 RTP packet received: 13 bytes
2025/05/04 22:17:49 📈 Packets: 13/s | Bitrate: 1.35 kbps
2025/05/04 22:17:49 RTP packet received: 13 bytes
2025/05/04 22:17:49 RTP packet received: 13 bytes
2025/05/04 22:17:49 RTP packet received: 13 bytes
2025/05/04 22:17:49 RTP packet received: 13 bytes
2025/05/04 22:17:49 RTP packet received: 13 bytes
2025/05/04 22:17:50 RTP packet received: 13 bytes
2025/05/04 22:17:50 RTP packet received: 13 bytes
2025/05/04 22:17:50 RTP packet received: 13 bytes
2025/05/04 22:17:50 RTP packet received: 13 bytes
2025/05/04 22:17:50 RTP packet received: 13 bytes
2025/05/04 22:17:50 RTP packet received: 13 bytes
2025/05/04 22:17:50 RTP packet received: 13 bytes
2025/05/04 22:17:50 👋 Client exiting after duration.
