2025/05/04 22:14:11 Connected as peer-604872
2025/05/04 22:14:11 🕒 Client will exit after 100 seconds
2025/05/04 22:14:13 📡 Received renegotiation offer
2025/05/04 22:14:13 Sent renegotiation answer
2025/05/04 22:14:13 Received track from SFU | Kind: video
2025/05/04 22:14:13 RTP packet received: 13 bytes
2025/05/04 22:14:13 RTP packet received: 13 bytes
2025/05/04 22:14:13 📦 Time to First RTP: 67.32ms
2025/05/04 22:14:13 RTP packet received: 13 bytes
2025/05/04 22:14:13 RTP packet received: 13 bytes
2025/05/04 22:14:13 RTP packet received: 13 bytes
2025/05/04 22:14:13 RTP packet received: 13 bytes
2025/05/04 22:14:13 RTP packet received: 13 bytes
2025/05/04 22:14:13 RTP packet received: 13 bytes
2025/05/04 22:14:13 RTP packet received: 13 bytes
2025/05/04 22:14:13 RTP packet received: 13 bytes
2025/05/04 22:14:13 RTP packet received: 13 bytes
2025/05/04 22:14:13 RTP packet received: 13 bytes
2025/05/04 22:14:13 RTP packet received: 13 bytes
2025/05/04 22:14:13 RTP packet received: 13 bytes
2025/05/04 22:14:13 RTP packet received: 13 bytes
2025/05/04 22:14:13 RTP packet received: 13 bytes
2025/05/04 22:14:14 RTP packet received: 13 bytes
2025/05/04 22:14:14 📈 Packets: 18/s | Bitrate: 1.87 kbps
2025/05/04 22:14:14 RTP packet received: 13 bytes
2025/05/04 22:14:14 RTP packet received: 13 bytes
2025/05/04 22:14:14 RTP packet received: 13 bytes
2025/05/04 22:14:14 RTP packet received: 13 bytes
2025/05/04 22:14:14 RTP packet received: 13 bytes
2025/05/04 22:14:14 RTP packet received: 13 bytes
2025/05/04 22:14:14 RTP packet received: 13 bytes
2025/05/04 22:14:14 RTP packet received: 13 bytes
2025/05/04 22:14:14 RTP packet received: 13 bytes
2025/05/04 22:14:14 RTP packet received: 13 bytes
2025/05/04 22:14:14 RTP packet received: 13 bytes
2025/05/04 22:14:14 RTP packet received: 13 bytes
2025/05/04 22:14:14 RTP packet received: 13 bytes
2025/05/04 22:14:14 RTP packet received: 13 bytes
2025/05/04 22:14:15 RTP packet received: 13 bytes
2025/05/04 22:14:15 📈 Packets: 15/s | Bitrate: 1.56 kbps
2025/05/04 22:14:15 RTP packet received: 13 bytes
2025/05/04 22:14:15 RTP packet received: 13 bytes
2025/05/04 22:14:15 RTP packet received: 13 bytes
2025/05/04 22:14:15 RTP packet received: 13 bytes
2025/05/04 22:14:15 RTP packet received: 13 bytes
2025/05/04 22:14:15 RTP packet received: 13 bytes
2025/05/04 22:14:15 RTP packet received: 13 bytes
2025/05/04 22:14:15 RTP packet received: 13 bytes
2025/05/04 22:14:15 RTP packet received: 13 bytes
2025/05/04 22:14:15 RTP packet received: 13 bytes
2025/05/04 22:14:15 RTP packet received: 13 bytes
2025/05/04 22:14:15 RTP packet received: 13 bytes
2025/05/04 22:14:15 RTP packet received: 13 bytes
2025/05/04 22:14:15 RTP packet received: 13 bytes
2025/05/04 22:14:16 RTP packet received: 13 bytes
2025/05/04 22:14:16 📈 Packets: 15/s | Bitrate: 1.56 kbps
2025/05/04 22:14:16 RTP packet received: 13 bytes
2025/05/04 22:14:16 RTP packet received: 13 bytes
2025/05/04 22:14:16 RTP packet received: 13 bytes
2025/05/04 22:14:16 RTP packet received: 13 bytes
2025/05/04 22:14:16 RTP packet received: 13 bytes
2025/05/04 22:14:16 RTP packet received: 13 bytes
2025/05/04 22:14:16 RTP packet received: 13 bytes
2025/05/04 22:14:16 RTP packet received: 13 bytes
2025/05/04 22:14:16 RTP packet received: 13 bytes
2025/05/04 22:14:16 RTP packet received: 13 bytes
2025/05/04 22:14:16 RTP packet received: 13 bytes
2025/05/04 22:14:16 RTP packet received: 13 bytes
2025/05/04 22:14:16 RTP packet received: 13 bytes
2025/05/04 22:14:16 RTP packet received: 13 bytes
2025/05/04 22:14:16 RTP packet received: 13 bytes
2025/05/04 22:14:17 📈 Packets: 16/s | Bitrate: 1.66 kbps
2025/05/04 22:14:17 RTP packet received: 13 bytes
2025/05/04 22:14:17 RTP packet received: 13 bytes
2025/05/04 22:14:17 RTP packet received: 13 bytes
2025/05/04 22:14:17 RTP packet received: 13 bytes
2025/05/04 22:14:17 RTP packet received: 13 bytes
2025/05/04 22:14:17 RTP packet received: 13 bytes
2025/05/04 22:14:17 RTP packet received: 13 bytes
2025/05/04 22:14:17 RTP packet received: 13 bytes
2025/05/04 22:14:17 RTP packet received: 13 bytes
2025/05/04 22:14:17 RTP packet received: 13 bytes
2025/05/04 22:14:17 RTP packet received: 13 bytes
2025/05/04 22:14:17 RTP packet received: 13 bytes
2025/05/04 22:14:17 RTP packet received: 13 bytes
2025/05/04 22:14:17 RTP packet received: 13 bytes
2025/05/04 22:14:17 RTP packet received: 13 bytes
2025/05/04 22:14:18 📈 Packets: 15/s | Bitrate: 1.56 kbps
2025/05/04 22:14:18 RTP packet received: 13 bytes
2025/05/04 22:14:18 RTP packet received: 13 bytes
2025/05/04 22:14:18 RTP packet received: 13 bytes
2025/05/04 22:14:18 RTP packet received: 13 bytes
2025/05/04 22:14:18 RTP packet received: 13 bytes
2025/05/04 22:14:18 RTP packet received: 13 bytes
2025/05/04 22:14:18 RTP packet received: 13 bytes
2025/05/04 22:14:18 RTP packet received: 13 bytes
2025/05/04 22:14:18 RTP packet received: 13 bytes
2025/05/04 22:14:18 RTP packet received: 13 bytes
2025/05/04 22:14:18 RTP packet received: 13 bytes
2025/05/04 22:14:18 RTP packet received: 13 bytes
2025/05/04 22:14:18 RTP packet received: 13 bytes
2025/05/04 22:14:18 RTP packet received: 13 bytes
2025/05/04 22:14:18 RTP packet received: 13 bytes
2025/05/04 22:14:19 📈 Packets: 15/s | Bitrate: 1.56 kbps
2025/05/04 22:14:19 RTP packet received: 13 bytes
2025/05/04 22:14:19 RTP packet received: 13 bytes
2025/05/04 22:14:19 RTP packet received: 13 bytes
2025/05/04 22:14:19 RTP packet received: 13 bytes
2025/05/04 22:14:19 RTP packet received: 13 bytes
2025/05/04 22:14:19 RTP packet received: 13 bytes
2025/05/04 22:14:19 RTP packet received: 13 bytes
2025/05/04 22:14:19 RTP packet received: 13 bytes
2025/05/04 22:14:19 RTP packet received: 13 bytes
2025/05/04 22:14:19 RTP packet received: 13 bytes
2025/05/04 22:14:19 RTP packet received: 13 bytes
2025/05/04 22:14:19 RTP packet received: 13 bytes
2025/05/04 22:14:19 RTP packet received: 13 bytes
2025/05/04 22:14:19 RTP packet received: 13 bytes
2025/05/04 22:14:19 RTP packet received: 13 bytes
2025/05/04 22:14:20 RTP packet received: 13 bytes
2025/05/04 22:14:20 📈 Packets: 15/s | Bitrate: 1.56 kbps
2025/05/04 22:14:20 RTP packet received: 13 bytes
2025/05/04 22:14:20 RTP packet received: 13 bytes
2025/05/04 22:14:20 RTP packet received: 13 bytes
2025/05/04 22:14:20 RTP packet received: 13 bytes
2025/05/04 22:14:20 RTP packet received: 13 bytes
2025/05/04 22:14:20 RTP packet received: 13 bytes
2025/05/04 22:14:20 RTP packet received: 13 bytes
2025/05/04 22:14:20 RTP packet received: 13 bytes
2025/05/04 22:14:20 RTP packet received: 13 bytes
2025/05/04 22:14:20 RTP packet received: 13 bytes
2025/05/04 22:14:20 RTP packet received: 13 bytes
2025/05/04 22:14:20 RTP packet received: 13 bytes
2025/05/04 22:14:20 RTP packet received: 13 bytes
2025/05/04 22:14:20 RTP packet received: 13 bytes
2025/05/04 22:14:21 RTP packet received: 13 bytes
2025/05/04 22:14:21 📈 Packets: 15/s | Bitrate: 1.56 kbps
2025/05/04 22:14:21 RTP packet received: 13 bytes
2025/05/04 22:14:21 RTP packet received: 13 bytes
2025/05/04 22:14:21 RTP packet received: 13 bytes
2025/05/04 22:14:21 RTP packet received: 13 bytes
2025/05/04 22:14:21 RTP packet received: 13 bytes
2025/05/04 22:14:21 RTP packet received: 13 bytes
2025/05/04 22:14:21 RTP packet received: 13 bytes
2025/05/04 22:14:21 RTP packet received: 13 bytes
2025/05/04 22:14:21 RTP packet received: 13 bytes
2025/05/04 22:14:21 RTP packet received: 13 bytes
2025/05/04 22:14:21 RTP packet received: 13 bytes
2025/05/04 22:14:21 RTP packet received: 13 bytes
2025/05/04 22:14:21 RTP packet received: 13 bytes
2025/05/04 22:14:21 RTP packet received: 13 bytes
2025/05/04 22:14:22 RTP packet received: 13 bytes
2025/05/04 22:14:22 📈 Packets: 15/s | Bitrate: 1.56 kbps
2025/05/04 22:14:22 RTP packet received: 13 bytes
2025/05/04 22:14:22 RTP packet received: 13 bytes
2025/05/04 22:14:22 RTP packet received: 13 bytes
2025/05/04 22:14:22 RTP packet received: 13 bytes
2025/05/04 22:14:22 RTP packet received: 13 bytes
2025/05/04 22:14:22 RTP packet received: 13 bytes
2025/05/04 22:14:22 RTP packet received: 13 bytes
2025/05/04 22:14:22 RTP packet received: 13 bytes
2025/05/04 22:14:22 RTP packet received: 13 bytes
2025/05/04 22:14:22 RTP packet received: 13 bytes
2025/05/04 22:14:22 RTP packet received: 13 bytes
2025/05/04 22:14:22 RTP packet received: 13 bytes
2025/05/04 22:14:22 RTP packet received: 13 bytes
2025/05/04 22:14:22 RTP packet received: 13 bytes
2025/05/04 22:14:23 RTP packet received: 13 bytes
2025/05/04 22:14:23 📈 Packets: 15/s | Bitrate: 1.56 kbps
2025/05/04 22:14:23 RTP packet received: 13 bytes
2025/05/04 22:14:23 RTP packet received: 13 bytes
2025/05/04 22:14:23 RTP packet received: 13 bytes
2025/05/04 22:14:23 RTP packet received: 13 bytes
2025/05/04 22:14:23 RTP packet received: 13 bytes
2025/05/04 22:14:23 RTP packet received: 13 bytes
2025/05/04 22:14:23 RTP packet received: 13 bytes
2025/05/04 22:14:23 RTP packet received: 13 bytes
2025/05/04 22:14:23 RTP packet received: 13 bytes
2025/05/04 22:14:23 RTP packet received: 13 bytes
2025/05/04 22:14:23 RTP packet received: 13 bytes
2025/05/04 22:14:23 RTP packet received: 13 bytes
2025/05/04 22:14:23 RTP packet received: 13 bytes
2025/05/04 22:14:23 RTP packet received: 13 bytes
2025/05/04 22:14:23 RTP packet received: 13 bytes
2025/05/04 22:14:24 📈 Packets: 16/s | Bitrate: 1.66 kbps
2025/05/04 22:14:24 RTP packet received: 13 bytes
2025/05/04 22:14:24 RTP packet received: 13 bytes
2025/05/04 22:14:24 RTP packet received: 13 bytes
2025/05/04 22:14:24 RTP packet received: 13 bytes
2025/05/04 22:14:24 RTP packet received: 13 bytes
2025/05/04 22:14:24 RTP packet received: 13 bytes
2025/05/04 22:14:24 RTP packet received: 13 bytes
2025/05/04 22:14:24 RTP packet received: 13 bytes
2025/05/04 22:14:24 RTP packet received: 13 bytes
2025/05/04 22:14:24 RTP packet received: 13 bytes
2025/05/04 22:14:24 RTP packet received: 13 bytes
2025/05/04 22:14:24 RTP packet received: 13 bytes
2025/05/04 22:14:24 RTP packet received: 13 bytes
2025/05/04 22:14:24 RTP packet received: 13 bytes
2025/05/04 22:14:24 RTP packet received: 13 bytes
2025/05/04 22:14:25 📈 Packets: 15/s | Bitrate: 1.56 kbps
2025/05/04 22:14:25 RTP packet received: 13 bytes
2025/05/04 22:14:25 RTP packet received: 13 bytes
2025/05/04 22:14:25 RTP packet received: 13 bytes
2025/05/04 22:14:25 RTP packet received: 13 bytes
2025/05/04 22:14:25 RTP packet received: 13 bytes
2025/05/04 22:14:25 RTP packet received: 13 bytes
2025/05/04 22:14:25 RTP packet received: 13 bytes
2025/05/04 22:14:25 RTP packet received: 13 bytes
2025/05/04 22:14:25 RTP packet received: 13 bytes
2025/05/04 22:14:25 RTP packet received: 13 bytes
2025/05/04 22:14:25 RTP packet received: 13 bytes
2025/05/04 22:14:25 RTP packet received: 13 bytes
2025/05/04 22:14:25 RTP packet received: 13 bytes
2025/05/04 22:14:25 RTP packet received: 13 bytes
2025/05/04 22:14:25 RTP packet received: 13 bytes
2025/05/04 22:14:26 📈 Packets: 15/s | Bitrate: 1.56 kbps
2025/05/04 22:14:26 RTP packet received: 13 bytes
2025/05/04 22:14:26 RTP packet received: 13 bytes
2025/05/04 22:14:26 RTP packet received: 13 bytes
2025/05/04 22:14:26 RTP packet received: 13 bytes
2025/05/04 22:14:26 RTP packet received: 13 bytes
2025/05/04 22:14:26 RTP packet received: 13 bytes
2025/05/04 22:14:26 RTP packet received: 13 bytes
2025/05/04 22:14:26 RTP packet received: 13 bytes
2025/05/04 22:14:26 RTP packet received: 13 bytes
2025/05/04 22:14:26 RTP packet received: 13 bytes
2025/05/04 22:14:26 RTP packet received: 13 bytes
2025/05/04 22:14:26 RTP packet received: 13 bytes
2025/05/04 22:14:26 RTP packet received: 13 bytes
2025/05/04 22:14:26 RTP packet received: 13 bytes
2025/05/04 22:14:26 RTP packet received: 13 bytes
2025/05/04 22:14:27 RTP packet received: 13 bytes
2025/05/04 22:14:27 📈 Packets: 15/s | Bitrate: 1.56 kbps
2025/05/04 22:14:27 RTP packet received: 13 bytes
2025/05/04 22:14:27 RTP packet received: 13 bytes
2025/05/04 22:14:27 RTP packet received: 13 bytes
2025/05/04 22:14:27 RTP packet received: 13 bytes
2025/05/04 22:14:27 RTP packet received: 13 bytes
2025/05/04 22:14:27 RTP packet received: 13 bytes
2025/05/04 22:14:27 RTP packet received: 13 bytes
2025/05/04 22:14:27 RTP packet received: 13 bytes
2025/05/04 22:14:27 RTP packet received: 13 bytes
2025/05/04 22:14:27 RTP packet received: 13 bytes
2025/05/04 22:14:27 RTP packet received: 13 bytes
2025/05/04 22:14:27 RTP packet received: 13 bytes
2025/05/04 22:14:27 RTP packet received: 13 bytes
2025/05/04 22:14:27 RTP packet received: 13 bytes
2025/05/04 22:14:28 RTP packet received: 13 bytes
2025/05/04 22:14:28 📈 Packets: 15/s | Bitrate: 1.56 kbps
2025/05/04 22:14:28 RTP packet received: 13 bytes
2025/05/04 22:14:28 RTP packet received: 13 bytes
2025/05/04 22:14:28 RTP packet received: 13 bytes
2025/05/04 22:14:28 RTP packet received: 13 bytes
2025/05/04 22:14:28 RTP packet received: 13 bytes
2025/05/04 22:14:28 RTP packet received: 13 bytes
2025/05/04 22:14:28 RTP packet received: 13 bytes
2025/05/04 22:14:28 RTP packet received: 13 bytes
2025/05/04 22:14:28 RTP packet received: 13 bytes
2025/05/04 22:14:28 RTP packet received: 13 bytes
2025/05/04 22:14:28 RTP packet received: 13 bytes
2025/05/04 22:14:28 RTP packet received: 13 bytes
2025/05/04 22:14:28 RTP packet received: 13 bytes
2025/05/04 22:14:28 RTP packet received: 13 bytes
2025/05/04 22:14:29 RTP packet received: 13 bytes
2025/05/04 22:14:29 📈 Packets: 15/s | Bitrate: 1.56 kbps
2025/05/04 22:14:29 RTP packet received: 13 bytes
2025/05/04 22:14:29 RTP packet received: 13 bytes
2025/05/04 22:14:29 RTP packet received: 13 bytes
2025/05/04 22:14:29 RTP packet received: 13 bytes
2025/05/04 22:14:29 RTP packet received: 13 bytes
2025/05/04 22:14:29 RTP packet received: 13 bytes
2025/05/04 22:14:29 RTP packet received: 13 bytes
2025/05/04 22:14:29 RTP packet received: 13 bytes
2025/05/04 22:14:29 RTP packet received: 13 bytes
2025/05/04 22:14:29 RTP packet received: 13 bytes
2025/05/04 22:14:29 RTP packet received: 13 bytes
2025/05/04 22:14:29 RTP packet received: 13 bytes
2025/05/04 22:14:29 RTP packet received: 13 bytes
2025/05/04 22:14:29 RTP packet received: 13 bytes
2025/05/04 22:14:29 RTP packet received: 13 bytes
2025/05/04 22:14:30 📈 Packets: 16/s | Bitrate: 1.66 kbps
2025/05/04 22:14:30 RTP packet received: 13 bytes
2025/05/04 22:14:30 RTP packet received: 13 bytes
2025/05/04 22:14:30 RTP packet received: 13 bytes
2025/05/04 22:14:30 RTP packet received: 13 bytes
2025/05/04 22:14:30 RTP packet received: 13 bytes
2025/05/04 22:14:30 RTP packet received: 13 bytes
2025/05/04 22:14:30 RTP packet received: 13 bytes
2025/05/04 22:14:30 RTP packet received: 13 bytes
2025/05/04 22:14:30 RTP packet received: 13 bytes
2025/05/04 22:14:30 RTP packet received: 13 bytes
2025/05/04 22:14:30 RTP packet received: 13 bytes
2025/05/04 22:14:30 RTP packet received: 13 bytes
2025/05/04 22:14:30 RTP packet received: 13 bytes
2025/05/04 22:14:30 RTP packet received: 13 bytes
2025/05/04 22:14:31 RTP packet received: 13 bytes
2025/05/04 22:14:31 📈 Packets: 14/s | Bitrate: 1.46 kbps
2025/05/04 22:14:31 RTP packet received: 13 bytes
2025/05/04 22:14:31 RTP packet received: 13 bytes
2025/05/04 22:14:31 RTP packet received: 13 bytes
2025/05/04 22:14:31 RTP packet received: 13 bytes
2025/05/04 22:14:31 RTP packet received: 13 bytes
2025/05/04 22:14:31 RTP packet received: 13 bytes
2025/05/04 22:14:31 RTP packet received: 13 bytes
2025/05/04 22:14:31 RTP packet received: 13 bytes
2025/05/04 22:14:31 RTP packet received: 13 bytes
2025/05/04 22:14:31 RTP packet received: 13 bytes
2025/05/04 22:14:31 RTP packet received: 13 bytes
2025/05/04 22:14:31 RTP packet received: 13 bytes
2025/05/04 22:14:31 RTP packet received: 13 bytes
2025/05/04 22:14:31 RTP packet received: 13 bytes
2025/05/04 22:14:32 RTP packet received: 13 bytes
2025/05/04 22:14:32 📈 Packets: 15/s | Bitrate: 1.56 kbps
2025/05/04 22:14:32 RTP packet received: 13 bytes
2025/05/04 22:14:32 RTP packet received: 13 bytes
2025/05/04 22:14:32 RTP packet received: 13 bytes
2025/05/04 22:14:32 RTP packet received: 13 bytes
2025/05/04 22:14:32 RTP packet received: 13 bytes
2025/05/04 22:14:32 RTP packet received: 13 bytes
2025/05/04 22:14:32 RTP packet received: 13 bytes
2025/05/04 22:14:32 RTP packet received: 13 bytes
2025/05/04 22:14:32 RTP packet received: 13 bytes
2025/05/04 22:14:32 RTP packet received: 13 bytes
2025/05/04 22:14:32 RTP packet received: 13 bytes
2025/05/04 22:14:32 RTP packet received: 13 bytes
2025/05/04 22:14:32 RTP packet received: 13 bytes
2025/05/04 22:14:32 RTP packet received: 13 bytes
2025/05/04 22:14:32 RTP packet received: 13 bytes
2025/05/04 22:14:33 📈 Packets: 15/s | Bitrate: 1.56 kbps
2025/05/04 22:14:33 RTP packet received: 13 bytes
2025/05/04 22:14:33 RTP packet received: 13 bytes
2025/05/04 22:14:33 RTP packet received: 13 bytes
2025/05/04 22:14:33 RTP packet received: 13 bytes
2025/05/04 22:14:33 RTP packet received: 13 bytes
2025/05/04 22:14:33 RTP packet received: 13 bytes
2025/05/04 22:14:33 RTP packet received: 13 bytes
2025/05/04 22:14:33 RTP packet received: 13 bytes
2025/05/04 22:14:33 RTP packet received: 13 bytes
2025/05/04 22:14:33 RTP packet received: 13 bytes
2025/05/04 22:14:33 RTP packet received: 13 bytes
2025/05/04 22:14:33 RTP packet received: 13 bytes
2025/05/04 22:14:33 RTP packet received: 13 bytes
2025/05/04 22:14:33 RTP packet received: 13 bytes
2025/05/04 22:14:33 RTP packet received: 13 bytes
2025/05/04 22:14:34 📈 Packets: 16/s | Bitrate: 1.66 kbps
2025/05/04 22:14:34 RTP packet received: 13 bytes
2025/05/04 22:14:34 RTP packet received: 13 bytes
2025/05/04 22:14:34 RTP packet received: 13 bytes
2025/05/04 22:14:34 RTP packet received: 13 bytes
2025/05/04 22:14:34 RTP packet received: 13 bytes
2025/05/04 22:14:34 RTP packet received: 13 bytes
2025/05/04 22:14:34 RTP packet received: 13 bytes
2025/05/04 22:14:34 RTP packet received: 13 bytes
2025/05/04 22:14:34 RTP packet received: 13 bytes
2025/05/04 22:14:34 RTP packet received: 13 bytes
2025/05/04 22:14:34 RTP packet received: 13 bytes
2025/05/04 22:14:34 RTP packet received: 13 bytes
2025/05/04 22:14:34 RTP packet received: 13 bytes
2025/05/04 22:14:34 RTP packet received: 13 bytes
2025/05/04 22:14:34 RTP packet received: 13 bytes
2025/05/04 22:14:35 📈 Packets: 15/s | Bitrate: 1.56 kbps
2025/05/04 22:14:35 RTP packet received: 13 bytes
2025/05/04 22:14:35 RTP packet received: 13 bytes
2025/05/04 22:14:35 RTP packet received: 13 bytes
2025/05/04 22:14:35 RTP packet received: 13 bytes
2025/05/04 22:14:35 RTP packet received: 13 bytes
2025/05/04 22:14:35 RTP packet received: 13 bytes
2025/05/04 22:14:35 RTP packet received: 13 bytes
2025/05/04 22:14:35 RTP packet received: 13 bytes
2025/05/04 22:14:35 RTP packet received: 13 bytes
2025/05/04 22:14:35 RTP packet received: 13 bytes
2025/05/04 22:14:35 RTP packet received: 13 bytes
2025/05/04 22:14:35 RTP packet received: 13 bytes
2025/05/04 22:14:35 RTP packet received: 13 bytes
2025/05/04 22:14:35 RTP packet received: 13 bytes
2025/05/04 22:14:35 RTP packet received: 13 bytes
2025/05/04 22:14:36 📈 Packets: 15/s | Bitrate: 1.56 kbps
2025/05/04 22:14:36 RTP packet received: 13 bytes
2025/05/04 22:14:36 RTP packet received: 13 bytes
2025/05/04 22:14:36 RTP packet received: 13 bytes
2025/05/04 22:14:36 RTP packet received: 13 bytes
2025/05/04 22:14:36 RTP packet received: 13 bytes
2025/05/04 22:14:36 RTP packet received: 13 bytes
2025/05/04 22:14:36 RTP packet received: 13 bytes
2025/05/04 22:14:36 RTP packet received: 13 bytes
2025/05/04 22:14:36 RTP packet received: 13 bytes
2025/05/04 22:14:36 RTP packet received: 13 bytes
2025/05/04 22:14:36 RTP packet received: 13 bytes
2025/05/04 22:14:36 RTP packet received: 13 bytes
2025/05/04 22:14:36 RTP packet received: 13 bytes
2025/05/04 22:14:36 RTP packet received: 13 bytes
2025/05/04 22:14:36 RTP packet received: 13 bytes
2025/05/04 22:14:37 RTP packet received: 13 bytes
2025/05/04 22:14:37 📈 Packets: 15/s | Bitrate: 1.56 kbps
2025/05/04 22:14:37 RTP packet received: 13 bytes
2025/05/04 22:14:37 RTP packet received: 13 bytes
2025/05/04 22:14:37 RTP packet received: 13 bytes
2025/05/04 22:14:37 RTP packet received: 13 bytes
2025/05/04 22:14:37 RTP packet received: 13 bytes
2025/05/04 22:14:37 RTP packet received: 13 bytes
2025/05/04 22:14:37 RTP packet received: 13 bytes
2025/05/04 22:14:37 RTP packet received: 13 bytes
2025/05/04 22:14:37 RTP packet received: 13 bytes
2025/05/04 22:14:37 RTP packet received: 13 bytes
2025/05/04 22:14:37 RTP packet received: 13 bytes
2025/05/04 22:14:37 RTP packet received: 13 bytes
2025/05/04 22:14:37 RTP packet received: 13 bytes
2025/05/04 22:14:37 RTP packet received: 13 bytes
2025/05/04 22:14:38 RTP packet received: 13 bytes
2025/05/04 22:14:38 📈 Packets: 15/s | Bitrate: 1.56 kbps
2025/05/04 22:14:38 RTP packet received: 13 bytes
2025/05/04 22:14:38 RTP packet received: 13 bytes
2025/05/04 22:14:38 RTP packet received: 13 bytes
2025/05/04 22:14:38 RTP packet received: 13 bytes
2025/05/04 22:14:38 RTP packet received: 13 bytes
2025/05/04 22:14:38 RTP packet received: 13 bytes
2025/05/04 22:14:38 RTP packet received: 13 bytes
2025/05/04 22:14:38 RTP packet received: 13 bytes
2025/05/04 22:14:38 RTP packet received: 13 bytes
2025/05/04 22:14:38 RTP packet received: 13 bytes
2025/05/04 22:14:38 RTP packet received: 13 bytes
2025/05/04 22:14:38 RTP packet received: 13 bytes
2025/05/04 22:14:38 RTP packet received: 13 bytes
2025/05/04 22:14:38 RTP packet received: 13 bytes
2025/05/04 22:14:39 RTP packet received: 13 bytes
2025/05/04 22:14:39 📈 Packets: 15/s | Bitrate: 1.56 kbps
2025/05/04 22:14:39 RTP packet received: 13 bytes
2025/05/04 22:14:39 RTP packet received: 13 bytes
2025/05/04 22:14:39 RTP packet received: 13 bytes
2025/05/04 22:14:39 RTP packet received: 13 bytes
2025/05/04 22:14:39 RTP packet received: 13 bytes
2025/05/04 22:14:39 RTP packet received: 13 bytes
2025/05/04 22:14:39 RTP packet received: 13 bytes
2025/05/04 22:14:39 RTP packet received: 13 bytes
2025/05/04 22:14:39 RTP packet received: 13 bytes
2025/05/04 22:14:39 RTP packet received: 13 bytes
2025/05/04 22:14:39 RTP packet received: 13 bytes
2025/05/04 22:14:39 RTP packet received: 13 bytes
2025/05/04 22:14:39 RTP packet received: 13 bytes
2025/05/04 22:14:39 RTP packet received: 13 bytes
2025/05/04 22:14:39 RTP packet received: 13 bytes
2025/05/04 22:14:40 📈 Packets: 16/s | Bitrate: 1.66 kbps
2025/05/04 22:14:40 RTP packet received: 13 bytes
2025/05/04 22:14:40 RTP packet received: 13 bytes
2025/05/04 22:14:40 RTP packet received: 13 bytes
2025/05/04 22:14:40 RTP packet received: 13 bytes
2025/05/04 22:14:40 RTP packet received: 13 bytes
2025/05/04 22:14:40 RTP packet received: 13 bytes
2025/05/04 22:14:40 RTP packet received: 13 bytes
2025/05/04 22:14:40 RTP packet received: 13 bytes
2025/05/04 22:14:40 RTP packet received: 13 bytes
2025/05/04 22:14:40 RTP packet received: 13 bytes
2025/05/04 22:14:40 RTP packet received: 13 bytes
2025/05/04 22:14:40 RTP packet received: 13 bytes
2025/05/04 22:14:41 RTP packet received: 13 bytes
2025/05/04 22:14:41 📈 Packets: 12/s | Bitrate: 1.25 kbps
2025/05/04 22:14:41 RTP packet received: 13 bytes
2025/05/04 22:14:41 RTP packet received: 13 bytes
2025/05/04 22:14:41 RTP packet received: 13 bytes
2025/05/04 22:14:41 RTP packet received: 13 bytes
2025/05/04 22:14:41 RTP packet received: 13 bytes
2025/05/04 22:14:41 RTP packet received: 13 bytes
2025/05/04 22:14:41 RTP packet received: 13 bytes
2025/05/04 22:14:42 RTP packet received: 13 bytes
2025/05/04 22:14:42 📈 Packets: 8/s | Bitrate: 0.83 kbps
2025/05/04 22:14:42 RTP packet received: 13 bytes
2025/05/04 22:14:42 RTP packet received: 13 bytes
2025/05/04 22:14:42 RTP packet received: 13 bytes
2025/05/04 22:14:42 RTP packet received: 13 bytes
2025/05/04 22:14:42 RTP packet received: 13 bytes
2025/05/04 22:14:42 RTP packet received: 13 bytes
2025/05/04 22:14:42 RTP packet received: 13 bytes
2025/05/04 22:14:42 RTP packet received: 13 bytes
2025/05/04 22:14:42 RTP packet received: 13 bytes
2025/05/04 22:14:42 RTP packet received: 13 bytes
2025/05/04 22:14:42 RTP packet received: 13 bytes
2025/05/04 22:14:42 RTP packet received: 13 bytes
2025/05/04 22:14:42 RTP packet received: 13 bytes
2025/05/04 22:14:43 📈 Packets: 9/s | Bitrate: 0.94 kbps
2025/05/04 22:14:43 RTP packet received: 13 bytes
2025/05/04 22:14:43 RTP packet received: 13 bytes
2025/05/04 22:14:43 RTP packet received: 13 bytes
2025/05/04 22:14:43 RTP packet received: 13 bytes
2025/05/04 22:14:43 RTP packet received: 13 bytes
2025/05/04 22:14:43 RTP packet received: 13 bytes
2025/05/04 22:14:43 RTP packet received: 13 bytes
2025/05/04 22:14:43 RTP packet received: 13 bytes
2025/05/04 22:14:43 RTP packet received: 13 bytes
2025/05/04 22:14:43 RTP packet received: 13 bytes
2025/05/04 22:14:43 RTP packet received: 13 bytes
2025/05/04 22:14:43 RTP packet received: 13 bytes
2025/05/04 22:14:43 RTP packet received: 13 bytes
2025/05/04 22:14:43 RTP packet received: 13 bytes
2025/05/04 22:14:43 RTP packet received: 13 bytes
2025/05/04 22:14:44 RTP packet received: 13 bytes
2025/05/04 22:14:44 📈 Packets: 15/s | Bitrate: 1.56 kbps
2025/05/04 22:14:44 RTP packet received: 13 bytes
2025/05/04 22:14:44 RTP packet received: 13 bytes
2025/05/04 22:14:44 RTP packet received: 13 bytes
2025/05/04 22:14:44 RTP packet received: 13 bytes
2025/05/04 22:14:44 RTP packet received: 13 bytes
2025/05/04 22:14:44 RTP packet received: 13 bytes
2025/05/04 22:14:44 RTP packet received: 13 bytes
2025/05/04 22:14:44 RTP packet received: 13 bytes
2025/05/04 22:14:44 RTP packet received: 13 bytes
2025/05/04 22:14:44 RTP packet received: 13 bytes
2025/05/04 22:14:44 RTP packet received: 13 bytes
2025/05/04 22:14:44 RTP packet received: 13 bytes
2025/05/04 22:14:44 RTP packet received: 13 bytes
2025/05/04 22:14:44 RTP packet received: 13 bytes
2025/05/04 22:14:45 RTP packet received: 13 bytes
2025/05/04 22:14:45 📈 Packets: 15/s | Bitrate: 1.56 kbps
2025/05/04 22:14:45 RTP packet received: 13 bytes
2025/05/04 22:14:45 RTP packet received: 13 bytes
2025/05/04 22:14:45 RTP packet received: 13 bytes
2025/05/04 22:14:45 RTP packet received: 13 bytes
2025/05/04 22:14:45 RTP packet received: 13 bytes
2025/05/04 22:14:45 RTP packet received: 13 bytes
2025/05/04 22:14:45 RTP packet received: 13 bytes
2025/05/04 22:14:45 RTP packet received: 13 bytes
2025/05/04 22:14:45 RTP packet received: 13 bytes
2025/05/04 22:14:45 RTP packet received: 13 bytes
2025/05/04 22:14:45 RTP packet received: 13 bytes
2025/05/04 22:14:45 RTP packet received: 13 bytes
2025/05/04 22:14:45 RTP packet received: 13 bytes
2025/05/04 22:14:45 RTP packet received: 13 bytes
2025/05/04 22:14:45 RTP packet received: 13 bytes
2025/05/04 22:14:46 📈 Packets: 16/s | Bitrate: 1.66 kbps
2025/05/04 22:14:46 RTP packet received: 13 bytes
2025/05/04 22:14:46 RTP packet received: 13 bytes
2025/05/04 22:14:46 RTP packet received: 13 bytes
2025/05/04 22:14:46 RTP packet received: 13 bytes
2025/05/04 22:14:46 RTP packet received: 13 bytes
2025/05/04 22:14:46 RTP packet received: 13 bytes
2025/05/04 22:14:46 RTP packet received: 13 bytes
2025/05/04 22:14:46 RTP packet received: 13 bytes
2025/05/04 22:14:46 RTP packet received: 13 bytes
2025/05/04 22:14:46 RTP packet received: 13 bytes
2025/05/04 22:14:46 RTP packet received: 13 bytes
2025/05/04 22:14:46 RTP packet received: 13 bytes
2025/05/04 22:14:46 RTP packet received: 13 bytes
2025/05/04 22:14:46 RTP packet received: 13 bytes
2025/05/04 22:14:46 RTP packet received: 13 bytes
2025/05/04 22:14:47 📈 Packets: 15/s | Bitrate: 1.56 kbps
2025/05/04 22:14:47 RTP packet received: 13 bytes
2025/05/04 22:14:47 RTP packet received: 13 bytes
2025/05/04 22:14:47 RTP packet received: 13 bytes
2025/05/04 22:14:47 RTP packet received: 13 bytes
2025/05/04 22:14:47 RTP packet received: 13 bytes
2025/05/04 22:14:47 RTP packet received: 13 bytes
2025/05/04 22:14:47 RTP packet received: 13 bytes
2025/05/04 22:14:47 RTP packet received: 13 bytes
2025/05/04 22:14:47 RTP packet received: 13 bytes
2025/05/04 22:14:47 RTP packet received: 13 bytes
2025/05/04 22:14:47 RTP packet received: 13 bytes
2025/05/04 22:14:47 RTP packet received: 13 bytes
2025/05/04 22:14:47 RTP packet received: 13 bytes
2025/05/04 22:14:47 RTP packet received: 13 bytes
2025/05/04 22:14:47 RTP packet received: 13 bytes
2025/05/04 22:14:48 📈 Packets: 15/s | Bitrate: 1.56 kbps
2025/05/04 22:14:48 RTP packet received: 13 bytes
2025/05/04 22:14:48 RTP packet received: 13 bytes
2025/05/04 22:14:48 RTP packet received: 13 bytes
2025/05/04 22:14:48 RTP packet received: 13 bytes
2025/05/04 22:14:48 RTP packet received: 13 bytes
2025/05/04 22:14:48 RTP packet received: 13 bytes
2025/05/04 22:14:48 RTP packet received: 13 bytes
2025/05/04 22:14:48 RTP packet received: 13 bytes
2025/05/04 22:14:48 RTP packet received: 13 bytes
2025/05/04 22:14:48 RTP packet received: 13 bytes
2025/05/04 22:14:48 RTP packet received: 13 bytes
2025/05/04 22:14:48 RTP packet received: 13 bytes
2025/05/04 22:14:48 RTP packet received: 13 bytes
2025/05/04 22:14:48 RTP packet received: 13 bytes
2025/05/04 22:14:48 RTP packet received: 13 bytes
2025/05/04 22:14:49 📈 Packets: 15/s | Bitrate: 1.56 kbps
2025/05/04 22:14:49 RTP packet received: 13 bytes
2025/05/04 22:14:49 RTP packet received: 13 bytes
2025/05/04 22:14:49 RTP packet received: 13 bytes
2025/05/04 22:14:49 RTP packet received: 13 bytes
2025/05/04 22:14:49 RTP packet received: 13 bytes
2025/05/04 22:14:49 RTP packet received: 13 bytes
2025/05/04 22:14:49 RTP packet received: 13 bytes
2025/05/04 22:14:49 RTP packet received: 13 bytes
2025/05/04 22:14:49 RTP packet received: 13 bytes
2025/05/04 22:14:49 RTP packet received: 13 bytes
2025/05/04 22:14:49 RTP packet received: 13 bytes
2025/05/04 22:14:49 RTP packet received: 13 bytes
2025/05/04 22:14:49 RTP packet received: 13 bytes
2025/05/04 22:14:49 RTP packet received: 13 bytes
2025/05/04 22:14:49 RTP packet received: 13 bytes
2025/05/04 22:14:50 RTP packet received: 13 bytes
2025/05/04 22:14:50 📈 Packets: 15/s | Bitrate: 1.56 kbps
2025/05/04 22:14:50 RTP packet received: 13 bytes
2025/05/04 22:14:50 RTP packet received: 13 bytes
2025/05/04 22:14:50 RTP packet received: 13 bytes
2025/05/04 22:14:50 RTP packet received: 13 bytes
2025/05/04 22:14:50 RTP packet received: 13 bytes
2025/05/04 22:14:50 RTP packet received: 13 bytes
2025/05/04 22:14:50 RTP packet received: 13 bytes
2025/05/04 22:14:50 RTP packet received: 13 bytes
2025/05/04 22:14:50 RTP packet received: 13 bytes
2025/05/04 22:14:50 RTP packet received: 13 bytes
2025/05/04 22:14:50 RTP packet received: 13 bytes
2025/05/04 22:14:50 RTP packet received: 13 bytes
2025/05/04 22:14:50 RTP packet received: 13 bytes
2025/05/04 22:14:50 RTP packet received: 13 bytes
2025/05/04 22:14:51 RTP packet received: 13 bytes
2025/05/04 22:14:51 📈 Packets: 15/s | Bitrate: 1.56 kbps
2025/05/04 22:14:51 RTP packet received: 13 bytes
2025/05/04 22:14:51 RTP packet received: 13 bytes
2025/05/04 22:14:51 RTP packet received: 13 bytes
2025/05/04 22:14:51 RTP packet received: 13 bytes
2025/05/04 22:14:51 RTP packet received: 13 bytes
2025/05/04 22:14:51 RTP packet received: 13 bytes
2025/05/04 22:14:51 RTP packet received: 13 bytes
2025/05/04 22:14:51 RTP packet received: 13 bytes
2025/05/04 22:14:51 RTP packet received: 13 bytes
2025/05/04 22:14:51 RTP packet received: 13 bytes
2025/05/04 22:14:51 RTP packet received: 13 bytes
2025/05/04 22:14:51 RTP packet received: 13 bytes
2025/05/04 22:14:51 RTP packet received: 13 bytes
2025/05/04 22:14:51 RTP packet received: 13 bytes
2025/05/04 22:14:52 RTP packet received: 13 bytes
2025/05/04 22:14:52 📈 Packets: 15/s | Bitrate: 1.56 kbps
2025/05/04 22:14:52 RTP packet received: 13 bytes
2025/05/04 22:14:52 RTP packet received: 13 bytes
2025/05/04 22:14:52 RTP packet received: 13 bytes
2025/05/04 22:14:52 RTP packet received: 13 bytes
2025/05/04 22:14:52 RTP packet received: 13 bytes
2025/05/04 22:14:52 RTP packet received: 13 bytes
2025/05/04 22:14:52 RTP packet received: 13 bytes
2025/05/04 22:14:52 RTP packet received: 13 bytes
2025/05/04 22:14:52 RTP packet received: 13 bytes
2025/05/04 22:14:52 RTP packet received: 13 bytes
2025/05/04 22:14:52 RTP packet received: 13 bytes
2025/05/04 22:14:52 RTP packet received: 13 bytes
2025/05/04 22:14:52 RTP packet received: 13 bytes
2025/05/04 22:14:52 RTP packet received: 13 bytes
2025/05/04 22:14:52 RTP packet received: 13 bytes
2025/05/04 22:14:53 📈 Packets: 16/s | Bitrate: 1.66 kbps
2025/05/04 22:14:53 RTP packet received: 13 bytes
2025/05/04 22:14:53 RTP packet received: 13 bytes
2025/05/04 22:14:53 RTP packet received: 13 bytes
2025/05/04 22:14:53 RTP packet received: 13 bytes
2025/05/04 22:14:53 RTP packet received: 13 bytes
2025/05/04 22:14:53 RTP packet received: 13 bytes
2025/05/04 22:14:53 RTP packet received: 13 bytes
2025/05/04 22:14:53 RTP packet received: 13 bytes
2025/05/04 22:14:53 RTP packet received: 13 bytes
2025/05/04 22:14:53 RTP packet received: 13 bytes
2025/05/04 22:14:53 RTP packet received: 13 bytes
2025/05/04 22:14:53 RTP packet received: 13 bytes
2025/05/04 22:14:53 RTP packet received: 13 bytes
2025/05/04 22:14:53 RTP packet received: 13 bytes
2025/05/04 22:14:53 RTP packet received: 13 bytes
2025/05/04 22:14:54 📈 Packets: 15/s | Bitrate: 1.56 kbps
2025/05/04 22:14:54 RTP packet received: 13 bytes
2025/05/04 22:14:54 RTP packet received: 13 bytes
2025/05/04 22:14:54 RTP packet received: 13 bytes
2025/05/04 22:14:54 RTP packet received: 13 bytes
2025/05/04 22:14:54 RTP packet received: 13 bytes
2025/05/04 22:14:54 RTP packet received: 13 bytes
2025/05/04 22:14:54 RTP packet received: 13 bytes
2025/05/04 22:14:54 RTP packet received: 13 bytes
2025/05/04 22:14:54 RTP packet received: 13 bytes
2025/05/04 22:14:54 RTP packet received: 13 bytes
2025/05/04 22:14:54 RTP packet received: 13 bytes
2025/05/04 22:14:54 RTP packet received: 13 bytes
2025/05/04 22:14:54 RTP packet received: 13 bytes
2025/05/04 22:14:54 RTP packet received: 13 bytes
2025/05/04 22:14:54 RTP packet received: 13 bytes
2025/05/04 22:14:55 📈 Packets: 15/s | Bitrate: 1.56 kbps
2025/05/04 22:14:55 RTP packet received: 13 bytes
2025/05/04 22:14:55 RTP packet received: 13 bytes
2025/05/04 22:14:55 RTP packet received: 13 bytes
2025/05/04 22:14:55 RTP packet received: 13 bytes
2025/05/04 22:14:55 RTP packet received: 13 bytes
2025/05/04 22:14:55 RTP packet received: 13 bytes
2025/05/04 22:14:55 RTP packet received: 13 bytes
2025/05/04 22:14:55 RTP packet received: 13 bytes
2025/05/04 22:14:55 RTP packet received: 13 bytes
2025/05/04 22:14:55 RTP packet received: 13 bytes
2025/05/04 22:14:55 RTP packet received: 13 bytes
2025/05/04 22:14:55 RTP packet received: 13 bytes
2025/05/04 22:14:55 RTP packet received: 13 bytes
2025/05/04 22:14:55 RTP packet received: 13 bytes
2025/05/04 22:14:55 RTP packet received: 13 bytes
2025/05/04 22:14:56 RTP packet received: 13 bytes
2025/05/04 22:14:56 📈 Packets: 15/s | Bitrate: 1.56 kbps
2025/05/04 22:14:56 RTP packet received: 13 bytes
2025/05/04 22:14:56 RTP packet received: 13 bytes
2025/05/04 22:14:56 RTP packet received: 13 bytes
2025/05/04 22:14:56 RTP packet received: 13 bytes
2025/05/04 22:14:56 RTP packet received: 13 bytes
2025/05/04 22:14:56 RTP packet received: 13 bytes
2025/05/04 22:14:56 RTP packet received: 13 bytes
2025/05/04 22:14:56 RTP packet received: 13 bytes
2025/05/04 22:14:56 RTP packet received: 13 bytes
2025/05/04 22:14:56 RTP packet received: 13 bytes
2025/05/04 22:14:56 RTP packet received: 13 bytes
2025/05/04 22:14:56 RTP packet received: 13 bytes
2025/05/04 22:14:56 RTP packet received: 13 bytes
2025/05/04 22:14:56 RTP packet received: 13 bytes
2025/05/04 22:14:57 RTP packet received: 13 bytes
2025/05/04 22:14:57 📈 Packets: 15/s | Bitrate: 1.56 kbps
2025/05/04 22:14:57 RTP packet received: 13 bytes
2025/05/04 22:14:57 RTP packet received: 13 bytes
2025/05/04 22:14:57 RTP packet received: 13 bytes
2025/05/04 22:14:57 RTP packet received: 13 bytes
2025/05/04 22:14:57 RTP packet received: 13 bytes
2025/05/04 22:14:57 RTP packet received: 13 bytes
2025/05/04 22:14:57 RTP packet received: 13 bytes
2025/05/04 22:14:57 RTP packet received: 13 bytes
2025/05/04 22:14:57 RTP packet received: 13 bytes
2025/05/04 22:14:57 RTP packet received: 13 bytes
2025/05/04 22:14:57 RTP packet received: 13 bytes
2025/05/04 22:14:57 RTP packet received: 13 bytes
2025/05/04 22:14:57 RTP packet received: 13 bytes
2025/05/04 22:14:57 RTP packet received: 13 bytes
2025/05/04 22:14:58 RTP packet received: 13 bytes
2025/05/04 22:14:58 📈 Packets: 15/s | Bitrate: 1.56 kbps
2025/05/04 22:14:58 RTP packet received: 13 bytes
2025/05/04 22:14:58 RTP packet received: 13 bytes
2025/05/04 22:14:58 RTP packet received: 13 bytes
2025/05/04 22:14:58 RTP packet received: 13 bytes
2025/05/04 22:14:58 RTP packet received: 13 bytes
2025/05/04 22:14:58 RTP packet received: 13 bytes
2025/05/04 22:14:58 RTP packet received: 13 bytes
2025/05/04 22:14:58 RTP packet received: 13 bytes
2025/05/04 22:14:58 RTP packet received: 13 bytes
2025/05/04 22:14:58 RTP packet received: 13 bytes
2025/05/04 22:14:58 RTP packet received: 13 bytes
2025/05/04 22:14:58 RTP packet received: 13 bytes
2025/05/04 22:14:58 RTP packet received: 13 bytes
2025/05/04 22:14:58 RTP packet received: 13 bytes
2025/05/04 22:14:59 RTP packet received: 13 bytes
2025/05/04 22:14:59 📈 Packets: 16/s | Bitrate: 1.66 kbps
2025/05/04 22:14:59 RTP packet received: 13 bytes
2025/05/04 22:14:59 RTP packet received: 13 bytes
2025/05/04 22:14:59 RTP packet received: 13 bytes
2025/05/04 22:14:59 RTP packet received: 13 bytes
2025/05/04 22:14:59 RTP packet received: 13 bytes
2025/05/04 22:14:59 RTP packet received: 13 bytes
2025/05/04 22:14:59 RTP packet received: 13 bytes
2025/05/04 22:14:59 RTP packet received: 13 bytes
2025/05/04 22:14:59 RTP packet received: 13 bytes
2025/05/04 22:14:59 RTP packet received: 13 bytes
2025/05/04 22:14:59 RTP packet received: 13 bytes
2025/05/04 22:14:59 RTP packet received: 13 bytes
2025/05/04 22:14:59 RTP packet received: 13 bytes
2025/05/04 22:14:59 RTP packet received: 13 bytes
2025/05/04 22:14:59 RTP packet received: 13 bytes
2025/05/04 22:15:00 📈 Packets: 14/s | Bitrate: 1.46 kbps
2025/05/04 22:15:00 RTP packet received: 13 bytes
2025/05/04 22:15:00 RTP packet received: 13 bytes
2025/05/04 22:15:00 RTP packet received: 13 bytes
2025/05/04 22:15:00 RTP packet received: 13 bytes
2025/05/04 22:15:00 RTP packet received: 13 bytes
2025/05/04 22:15:00 RTP packet received: 13 bytes
2025/05/04 22:15:00 RTP packet received: 13 bytes
2025/05/04 22:15:00 RTP packet received: 13 bytes
2025/05/04 22:15:00 RTP packet received: 13 bytes
2025/05/04 22:15:00 RTP packet received: 13 bytes
2025/05/04 22:15:00 RTP packet received: 13 bytes
2025/05/04 22:15:00 RTP packet received: 13 bytes
2025/05/04 22:15:00 RTP packet received: 13 bytes
2025/05/04 22:15:00 RTP packet received: 13 bytes
2025/05/04 22:15:00 RTP packet received: 13 bytes
2025/05/04 22:15:01 📈 Packets: 16/s | Bitrate: 1.66 kbps
2025/05/04 22:15:01 RTP packet received: 13 bytes
2025/05/04 22:15:01 RTP packet received: 13 bytes
2025/05/04 22:15:01 RTP packet received: 13 bytes
2025/05/04 22:15:01 RTP packet received: 13 bytes
2025/05/04 22:15:01 RTP packet received: 13 bytes
2025/05/04 22:15:01 RTP packet received: 13 bytes
2025/05/04 22:15:01 RTP packet received: 13 bytes
2025/05/04 22:15:01 RTP packet received: 13 bytes
2025/05/04 22:15:01 RTP packet received: 13 bytes
2025/05/04 22:15:01 RTP packet received: 13 bytes
2025/05/04 22:15:01 RTP packet received: 13 bytes
2025/05/04 22:15:01 RTP packet received: 13 bytes
2025/05/04 22:15:01 RTP packet received: 13 bytes
2025/05/04 22:15:01 RTP packet received: 13 bytes
2025/05/04 22:15:01 RTP packet received: 13 bytes
2025/05/04 22:15:02 📈 Packets: 15/s | Bitrate: 1.56 kbps
2025/05/04 22:15:02 RTP packet received: 13 bytes
2025/05/04 22:15:02 RTP packet received: 13 bytes
2025/05/04 22:15:02 RTP packet received: 13 bytes
2025/05/04 22:15:02 RTP packet received: 13 bytes
2025/05/04 22:15:02 RTP packet received: 13 bytes
2025/05/04 22:15:02 RTP packet received: 13 bytes
2025/05/04 22:15:02 RTP packet received: 13 bytes
2025/05/04 22:15:02 RTP packet received: 13 bytes
2025/05/04 22:15:02 RTP packet received: 13 bytes
2025/05/04 22:15:02 RTP packet received: 13 bytes
2025/05/04 22:15:02 RTP packet received: 13 bytes
2025/05/04 22:15:02 RTP packet received: 13 bytes
2025/05/04 22:15:02 RTP packet received: 13 bytes
2025/05/04 22:15:02 RTP packet received: 13 bytes
2025/05/04 22:15:02 RTP packet received: 13 bytes
2025/05/04 22:15:03 RTP packet received: 13 bytes
2025/05/04 22:15:03 📈 Packets: 15/s | Bitrate: 1.56 kbps
2025/05/04 22:15:03 RTP packet received: 13 bytes
2025/05/04 22:15:03 RTP packet received: 13 bytes
2025/05/04 22:15:03 RTP packet received: 13 bytes
2025/05/04 22:15:03 RTP packet received: 13 bytes
2025/05/04 22:15:03 RTP packet received: 13 bytes
2025/05/04 22:15:03 RTP packet received: 13 bytes
2025/05/04 22:15:03 RTP packet received: 13 bytes
2025/05/04 22:15:03 RTP packet received: 13 bytes
2025/05/04 22:15:03 RTP packet received: 13 bytes
2025/05/04 22:15:03 RTP packet received: 13 bytes
2025/05/04 22:15:03 RTP packet received: 13 bytes
2025/05/04 22:15:03 RTP packet received: 13 bytes
2025/05/04 22:15:03 RTP packet received: 13 bytes
2025/05/04 22:15:03 RTP packet received: 13 bytes
2025/05/04 22:15:04 RTP packet received: 13 bytes
2025/05/04 22:15:04 📈 Packets: 15/s | Bitrate: 1.56 kbps
2025/05/04 22:15:04 RTP packet received: 13 bytes
2025/05/04 22:15:04 RTP packet received: 13 bytes
2025/05/04 22:15:04 RTP packet received: 13 bytes
2025/05/04 22:15:04 RTP packet received: 13 bytes
2025/05/04 22:15:04 RTP packet received: 13 bytes
2025/05/04 22:15:04 RTP packet received: 13 bytes
2025/05/04 22:15:04 RTP packet received: 13 bytes
2025/05/04 22:15:04 RTP packet received: 13 bytes
2025/05/04 22:15:04 RTP packet received: 13 bytes
2025/05/04 22:15:04 RTP packet received: 13 bytes
2025/05/04 22:15:04 RTP packet received: 13 bytes
2025/05/04 22:15:04 RTP packet received: 13 bytes
2025/05/04 22:15:04 RTP packet received: 13 bytes
2025/05/04 22:15:04 RTP packet received: 13 bytes
2025/05/04 22:15:05 RTP packet received: 13 bytes
2025/05/04 22:15:05 📈 Packets: 15/s | Bitrate: 1.56 kbps
2025/05/04 22:15:05 RTP packet received: 13 bytes
2025/05/04 22:15:05 RTP packet received: 13 bytes
2025/05/04 22:15:05 RTP packet received: 13 bytes
2025/05/04 22:15:05 RTP packet received: 13 bytes
2025/05/04 22:15:05 RTP packet received: 13 bytes
2025/05/04 22:15:05 RTP packet received: 13 bytes
2025/05/04 22:15:05 RTP packet received: 13 bytes
2025/05/04 22:15:05 RTP packet received: 13 bytes
2025/05/04 22:15:05 RTP packet received: 13 bytes
2025/05/04 22:15:05 RTP packet received: 13 bytes
2025/05/04 22:15:05 RTP packet received: 13 bytes
2025/05/04 22:15:05 RTP packet received: 13 bytes
2025/05/04 22:15:05 RTP packet received: 13 bytes
2025/05/04 22:15:05 RTP packet received: 13 bytes
2025/05/04 22:15:06 RTP packet received: 13 bytes
2025/05/04 22:15:06 📈 Packets: 16/s | Bitrate: 1.66 kbps
2025/05/04 22:15:06 RTP packet received: 13 bytes
2025/05/04 22:15:06 RTP packet received: 13 bytes
2025/05/04 22:15:06 RTP packet received: 13 bytes
2025/05/04 22:15:06 RTP packet received: 13 bytes
2025/05/04 22:15:06 RTP packet received: 13 bytes
2025/05/04 22:15:06 RTP packet received: 13 bytes
2025/05/04 22:15:06 RTP packet received: 13 bytes
2025/05/04 22:15:06 RTP packet received: 13 bytes
2025/05/04 22:15:06 RTP packet received: 13 bytes
2025/05/04 22:15:06 RTP packet received: 13 bytes
2025/05/04 22:15:06 RTP packet received: 13 bytes
2025/05/04 22:15:06 RTP packet received: 13 bytes
2025/05/04 22:15:06 RTP packet received: 13 bytes
2025/05/04 22:15:06 RTP packet received: 13 bytes
2025/05/04 22:15:06 RTP packet received: 13 bytes
2025/05/04 22:15:07 📈 Packets: 15/s | Bitrate: 1.56 kbps
2025/05/04 22:15:07 RTP packet received: 13 bytes
2025/05/04 22:15:07 RTP packet received: 13 bytes
2025/05/04 22:15:07 RTP packet received: 13 bytes
2025/05/04 22:15:07 RTP packet received: 13 bytes
2025/05/04 22:15:07 RTP packet received: 13 bytes
2025/05/04 22:15:07 RTP packet received: 13 bytes
2025/05/04 22:15:07 RTP packet received: 13 bytes
2025/05/04 22:15:07 RTP packet received: 13 bytes
2025/05/04 22:15:07 RTP packet received: 13 bytes
2025/05/04 22:15:07 RTP packet received: 13 bytes
2025/05/04 22:15:07 RTP packet received: 13 bytes
2025/05/04 22:15:07 RTP packet received: 13 bytes
2025/05/04 22:15:07 RTP packet received: 13 bytes
2025/05/04 22:15:07 RTP packet received: 13 bytes
2025/05/04 22:15:07 RTP packet received: 13 bytes
2025/05/04 22:15:08 📈 Packets: 15/s | Bitrate: 1.56 kbps
2025/05/04 22:15:08 RTP packet received: 13 bytes
2025/05/04 22:15:08 RTP packet received: 13 bytes
2025/05/04 22:15:08 RTP packet received: 13 bytes
2025/05/04 22:15:08 RTP packet received: 13 bytes
2025/05/04 22:15:08 RTP packet received: 13 bytes
2025/05/04 22:15:08 RTP packet received: 13 bytes
2025/05/04 22:15:08 RTP packet received: 13 bytes
2025/05/04 22:15:08 RTP packet received: 13 bytes
2025/05/04 22:15:08 RTP packet received: 13 bytes
2025/05/04 22:15:08 RTP packet received: 13 bytes
2025/05/04 22:15:08 RTP packet received: 13 bytes
2025/05/04 22:15:08 RTP packet received: 13 bytes
2025/05/04 22:15:08 RTP packet received: 13 bytes
2025/05/04 22:15:08 RTP packet received: 13 bytes
2025/05/04 22:15:08 RTP packet received: 13 bytes
2025/05/04 22:15:09 📈 Packets: 15/s | Bitrate: 1.56 kbps
2025/05/04 22:15:09 RTP packet received: 13 bytes
2025/05/04 22:15:09 RTP packet received: 13 bytes
2025/05/04 22:15:09 RTP packet received: 13 bytes
2025/05/04 22:15:09 RTP packet received: 13 bytes
2025/05/04 22:15:09 RTP packet received: 13 bytes
2025/05/04 22:15:09 RTP packet received: 13 bytes
2025/05/04 22:15:09 RTP packet received: 13 bytes
2025/05/04 22:15:09 RTP packet received: 13 bytes
2025/05/04 22:15:09 RTP packet received: 13 bytes
2025/05/04 22:15:09 RTP packet received: 13 bytes
2025/05/04 22:15:09 RTP packet received: 13 bytes
2025/05/04 22:15:09 RTP packet received: 13 bytes
2025/05/04 22:15:09 RTP packet received: 13 bytes
2025/05/04 22:15:09 RTP packet received: 13 bytes
2025/05/04 22:15:09 RTP packet received: 13 bytes
2025/05/04 22:15:10 RTP packet received: 13 bytes
2025/05/04 22:15:10 📈 Packets: 15/s | Bitrate: 1.56 kbps
2025/05/04 22:15:10 RTP packet received: 13 bytes
2025/05/04 22:15:10 RTP packet received: 13 bytes
2025/05/04 22:15:10 RTP packet received: 13 bytes
2025/05/04 22:15:10 RTP packet received: 13 bytes
2025/05/04 22:15:10 RTP packet received: 13 bytes
2025/05/04 22:15:10 RTP packet received: 13 bytes
2025/05/04 22:15:10 RTP packet received: 13 bytes
2025/05/04 22:15:10 RTP packet received: 13 bytes
2025/05/04 22:15:10 RTP packet received: 13 bytes
2025/05/04 22:15:10 RTP packet received: 13 bytes
2025/05/04 22:15:10 RTP packet received: 13 bytes
2025/05/04 22:15:10 RTP packet received: 13 bytes
2025/05/04 22:15:10 RTP packet received: 13 bytes
2025/05/04 22:15:10 RTP packet received: 13 bytes
2025/05/04 22:15:11 RTP packet received: 13 bytes
2025/05/04 22:15:11 📈 Packets: 15/s | Bitrate: 1.56 kbps
2025/05/04 22:15:11 RTP packet received: 13 bytes
2025/05/04 22:15:11 RTP packet received: 13 bytes
2025/05/04 22:15:11 RTP packet received: 13 bytes
2025/05/04 22:15:11 RTP packet received: 13 bytes
2025/05/04 22:15:11 RTP packet received: 13 bytes
2025/05/04 22:15:11 RTP packet received: 13 bytes
2025/05/04 22:15:11 RTP packet received: 13 bytes
2025/05/04 22:15:11 RTP packet received: 13 bytes
2025/05/04 22:15:11 RTP packet received: 13 bytes
2025/05/04 22:15:11 RTP packet received: 13 bytes
2025/05/04 22:15:11 RTP packet received: 13 bytes
2025/05/04 22:15:11 RTP packet received: 13 bytes
2025/05/04 22:15:11 RTP packet received: 13 bytes
2025/05/04 22:15:11 RTP packet received: 13 bytes
2025/05/04 22:15:12 RTP packet received: 13 bytes
2025/05/04 22:15:12 📈 Packets: 15/s | Bitrate: 1.56 kbps
2025/05/04 22:15:12 RTP packet received: 13 bytes
2025/05/04 22:15:12 RTP packet received: 13 bytes
2025/05/04 22:15:12 RTP packet received: 13 bytes
2025/05/04 22:15:12 RTP packet received: 13 bytes
2025/05/04 22:15:12 RTP packet received: 13 bytes
2025/05/04 22:15:12 RTP packet received: 13 bytes
2025/05/04 22:15:12 RTP packet received: 13 bytes
2025/05/04 22:15:12 RTP packet received: 13 bytes
2025/05/04 22:15:12 RTP packet received: 13 bytes
2025/05/04 22:15:12 RTP packet received: 13 bytes
2025/05/04 22:15:12 RTP packet received: 13 bytes
2025/05/04 22:15:12 RTP packet received: 13 bytes
2025/05/04 22:15:12 RTP packet received: 13 bytes
2025/05/04 22:15:13 RTP packet received: 13 bytes
2025/05/04 22:15:13 📈 Packets: 17/s | Bitrate: 1.77 kbps
2025/05/04 22:15:13 RTP packet received: 13 bytes
2025/05/04 22:15:13 RTP packet received: 13 bytes
2025/05/04 22:15:13 RTP packet received: 13 bytes
2025/05/04 22:15:13 RTP packet received: 13 bytes
2025/05/04 22:15:13 RTP packet received: 13 bytes
2025/05/04 22:15:13 RTP packet received: 13 bytes
2025/05/04 22:15:13 RTP packet received: 13 bytes
2025/05/04 22:15:13 RTP packet received: 13 bytes
2025/05/04 22:15:13 RTP packet received: 13 bytes
2025/05/04 22:15:13 RTP packet received: 13 bytes
2025/05/04 22:15:13 RTP packet received: 13 bytes
2025/05/04 22:15:13 RTP packet received: 13 bytes
2025/05/04 22:15:13 RTP packet received: 13 bytes
2025/05/04 22:15:13 RTP packet received: 13 bytes
2025/05/04 22:15:14 RTP packet received: 13 bytes
2025/05/04 22:15:14 📈 Packets: 15/s | Bitrate: 1.56 kbps
2025/05/04 22:15:14 RTP packet received: 13 bytes
2025/05/04 22:15:14 RTP packet received: 13 bytes
2025/05/04 22:15:14 RTP packet received: 13 bytes
2025/05/04 22:15:14 RTP packet received: 13 bytes
2025/05/04 22:15:14 RTP packet received: 13 bytes
2025/05/04 22:15:14 RTP packet received: 13 bytes
2025/05/04 22:15:14 RTP packet received: 13 bytes
2025/05/04 22:15:14 RTP packet received: 13 bytes
2025/05/04 22:15:14 RTP packet received: 13 bytes
2025/05/04 22:15:14 RTP packet received: 13 bytes
2025/05/04 22:15:14 RTP packet received: 13 bytes
2025/05/04 22:15:14 RTP packet received: 13 bytes
2025/05/04 22:15:14 RTP packet received: 13 bytes
2025/05/04 22:15:14 RTP packet received: 13 bytes
2025/05/04 22:15:15 RTP packet received: 13 bytes
2025/05/04 22:15:15 📈 Packets: 15/s | Bitrate: 1.56 kbps
2025/05/04 22:15:15 RTP packet received: 13 bytes
2025/05/04 22:15:15 RTP packet received: 13 bytes
2025/05/04 22:15:15 RTP packet received: 13 bytes
2025/05/04 22:15:15 RTP packet received: 13 bytes
2025/05/04 22:15:15 RTP packet received: 13 bytes
2025/05/04 22:15:15 RTP packet received: 13 bytes
2025/05/04 22:15:15 RTP packet received: 13 bytes
2025/05/04 22:15:15 RTP packet received: 13 bytes
2025/05/04 22:15:15 RTP packet received: 13 bytes
2025/05/04 22:15:15 RTP packet received: 13 bytes
2025/05/04 22:15:15 RTP packet received: 13 bytes
2025/05/04 22:15:15 RTP packet received: 13 bytes
2025/05/04 22:15:15 RTP packet received: 13 bytes
2025/05/04 22:15:16 RTP packet received: 13 bytes
2025/05/04 22:15:16 📈 Packets: 17/s | Bitrate: 1.77 kbps
2025/05/04 22:15:16 RTP packet received: 13 bytes
2025/05/04 22:15:16 RTP packet received: 13 bytes
2025/05/04 22:15:16 RTP packet received: 13 bytes
2025/05/04 22:15:16 RTP packet received: 13 bytes
2025/05/04 22:15:16 RTP packet received: 13 bytes
2025/05/04 22:15:16 RTP packet received: 13 bytes
2025/05/04 22:15:16 RTP packet received: 13 bytes
2025/05/04 22:15:16 RTP packet received: 13 bytes
2025/05/04 22:15:16 RTP packet received: 13 bytes
2025/05/04 22:15:16 RTP packet received: 13 bytes
2025/05/04 22:15:16 RTP packet received: 13 bytes
2025/05/04 22:15:16 RTP packet received: 13 bytes
2025/05/04 22:15:16 RTP packet received: 13 bytes
2025/05/04 22:15:16 RTP packet received: 13 bytes
2025/05/04 22:15:16 RTP packet received: 13 bytes
2025/05/04 22:15:16 RTP packet received: 13 bytes
2025/05/04 22:15:17 📈 Packets: 14/s | Bitrate: 1.46 kbps
2025/05/04 22:15:17 RTP packet received: 13 bytes
2025/05/04 22:15:17 RTP packet received: 13 bytes
2025/05/04 22:15:17 RTP packet received: 13 bytes
2025/05/04 22:15:17 RTP packet received: 13 bytes
2025/05/04 22:15:17 RTP packet received: 13 bytes
2025/05/04 22:15:17 RTP packet received: 13 bytes
2025/05/04 22:15:17 RTP packet received: 13 bytes
2025/05/04 22:15:17 RTP packet received: 13 bytes
2025/05/04 22:15:17 RTP packet received: 13 bytes
2025/05/04 22:15:17 RTP packet received: 13 bytes
2025/05/04 22:15:17 RTP packet received: 13 bytes
2025/05/04 22:15:17 RTP packet received: 13 bytes
2025/05/04 22:15:17 RTP packet received: 13 bytes
2025/05/04 22:15:17 RTP packet received: 13 bytes
2025/05/04 22:15:17 RTP packet received: 13 bytes
2025/05/04 22:15:18 📈 Packets: 15/s | Bitrate: 1.56 kbps
2025/05/04 22:15:18 RTP packet received: 13 bytes
2025/05/04 22:15:18 RTP packet received: 13 bytes
2025/05/04 22:15:18 RTP packet received: 13 bytes
2025/05/04 22:15:18 RTP packet received: 13 bytes
2025/05/04 22:15:18 RTP packet received: 13 bytes
2025/05/04 22:15:18 RTP packet received: 13 bytes
2025/05/04 22:15:18 RTP packet received: 13 bytes
2025/05/04 22:15:18 RTP packet received: 13 bytes
2025/05/04 22:15:18 RTP packet received: 13 bytes
2025/05/04 22:15:18 RTP packet received: 13 bytes
2025/05/04 22:15:18 RTP packet received: 13 bytes
2025/05/04 22:15:18 RTP packet received: 13 bytes
2025/05/04 22:15:18 RTP packet received: 13 bytes
2025/05/04 22:15:18 RTP packet received: 13 bytes
2025/05/04 22:15:18 RTP packet received: 13 bytes
2025/05/04 22:15:19 RTP packet received: 13 bytes
2025/05/04 22:15:19 📈 Packets: 15/s | Bitrate: 1.56 kbps
2025/05/04 22:15:19 RTP packet received: 13 bytes
2025/05/04 22:15:19 RTP packet received: 13 bytes
2025/05/04 22:15:19 RTP packet received: 13 bytes
2025/05/04 22:15:19 RTP packet received: 13 bytes
2025/05/04 22:15:19 RTP packet received: 13 bytes
2025/05/04 22:15:19 RTP packet received: 13 bytes
2025/05/04 22:15:19 RTP packet received: 13 bytes
2025/05/04 22:15:19 RTP packet received: 13 bytes
2025/05/04 22:15:19 RTP packet received: 13 bytes
2025/05/04 22:15:19 RTP packet received: 13 bytes
2025/05/04 22:15:19 RTP packet received: 13 bytes
2025/05/04 22:15:19 RTP packet received: 13 bytes
2025/05/04 22:15:19 RTP packet received: 13 bytes
2025/05/04 22:15:19 RTP packet received: 13 bytes
2025/05/04 22:15:20 RTP packet received: 13 bytes
2025/05/04 22:15:20 📈 Packets: 15/s | Bitrate: 1.56 kbps
2025/05/04 22:15:20 RTP packet received: 13 bytes
2025/05/04 22:15:20 RTP packet received: 13 bytes
2025/05/04 22:15:20 RTP packet received: 13 bytes
2025/05/04 22:15:20 RTP packet received: 13 bytes
2025/05/04 22:15:20 RTP packet received: 13 bytes
2025/05/04 22:15:20 RTP packet received: 13 bytes
2025/05/04 22:15:20 RTP packet received: 13 bytes
2025/05/04 22:15:20 RTP packet received: 13 bytes
2025/05/04 22:15:20 RTP packet received: 13 bytes
2025/05/04 22:15:20 RTP packet received: 13 bytes
2025/05/04 22:15:20 RTP packet received: 13 bytes
2025/05/04 22:15:20 RTP packet received: 13 bytes
2025/05/04 22:15:20 RTP packet received: 13 bytes
2025/05/04 22:15:20 RTP packet received: 13 bytes
2025/05/04 22:15:21 RTP packet received: 13 bytes
2025/05/04 22:15:21 📈 Packets: 15/s | Bitrate: 1.56 kbps
2025/05/04 22:15:21 RTP packet received: 13 bytes
2025/05/04 22:15:21 RTP packet received: 13 bytes
2025/05/04 22:15:21 RTP packet received: 13 bytes
2025/05/04 22:15:21 RTP packet received: 13 bytes
2025/05/04 22:15:21 RTP packet received: 13 bytes
2025/05/04 22:15:21 RTP packet received: 13 bytes
2025/05/04 22:15:21 RTP packet received: 13 bytes
2025/05/04 22:15:21 RTP packet received: 13 bytes
2025/05/04 22:15:21 RTP packet received: 13 bytes
2025/05/04 22:15:21 RTP packet received: 13 bytes
2025/05/04 22:15:21 RTP packet received: 13 bytes
2025/05/04 22:15:21 RTP packet received: 13 bytes
2025/05/04 22:15:21 RTP packet received: 13 bytes
2025/05/04 22:15:21 RTP packet received: 13 bytes
2025/05/04 22:15:22 RTP packet received: 13 bytes
2025/05/04 22:15:22 📈 Packets: 15/s | Bitrate: 1.56 kbps
2025/05/04 22:15:22 RTP packet received: 13 bytes
2025/05/04 22:15:22 RTP packet received: 13 bytes
2025/05/04 22:15:22 RTP packet received: 13 bytes
2025/05/04 22:15:22 RTP packet received: 13 bytes
2025/05/04 22:15:22 RTP packet received: 13 bytes
2025/05/04 22:15:22 RTP packet received: 13 bytes
2025/05/04 22:15:22 RTP packet received: 13 bytes
2025/05/04 22:15:22 RTP packet received: 13 bytes
2025/05/04 22:15:22 RTP packet received: 13 bytes
2025/05/04 22:15:22 RTP packet received: 13 bytes
2025/05/04 22:15:22 RTP packet received: 13 bytes
2025/05/04 22:15:22 RTP packet received: 13 bytes
2025/05/04 22:15:22 RTP packet received: 13 bytes
2025/05/04 22:15:22 RTP packet received: 13 bytes
2025/05/04 22:15:22 RTP packet received: 13 bytes
2025/05/04 22:15:23 📈 Packets: 16/s | Bitrate: 1.66 kbps
2025/05/04 22:15:23 RTP packet received: 13 bytes
2025/05/04 22:15:23 RTP packet received: 13 bytes
2025/05/04 22:15:23 RTP packet received: 13 bytes
2025/05/04 22:15:23 RTP packet received: 13 bytes
2025/05/04 22:15:23 RTP packet received: 13 bytes
2025/05/04 22:15:23 RTP packet received: 13 bytes
2025/05/04 22:15:23 RTP packet received: 13 bytes
2025/05/04 22:15:23 RTP packet received: 13 bytes
2025/05/04 22:15:23 RTP packet received: 13 bytes
2025/05/04 22:15:23 RTP packet received: 13 bytes
2025/05/04 22:15:23 RTP packet received: 13 bytes
2025/05/04 22:15:23 RTP packet received: 13 bytes
2025/05/04 22:15:23 RTP packet received: 13 bytes
2025/05/04 22:15:23 RTP packet received: 13 bytes
2025/05/04 22:15:23 RTP packet received: 13 bytes
2025/05/04 22:15:24 📈 Packets: 15/s | Bitrate: 1.56 kbps
2025/05/04 22:15:24 RTP packet received: 13 bytes
2025/05/04 22:15:24 RTP packet received: 13 bytes
2025/05/04 22:15:24 RTP packet received: 13 bytes
2025/05/04 22:15:24 RTP packet received: 13 bytes
2025/05/04 22:15:24 RTP packet received: 13 bytes
2025/05/04 22:15:24 RTP packet received: 13 bytes
2025/05/04 22:15:24 RTP packet received: 13 bytes
2025/05/04 22:15:24 RTP packet received: 13 bytes
2025/05/04 22:15:24 RTP packet received: 13 bytes
2025/05/04 22:15:24 RTP packet received: 13 bytes
2025/05/04 22:15:24 RTP packet received: 13 bytes
2025/05/04 22:15:24 RTP packet received: 13 bytes
2025/05/04 22:15:24 RTP packet received: 13 bytes
2025/05/04 22:15:24 RTP packet received: 13 bytes
2025/05/04 22:15:24 RTP packet received: 13 bytes
2025/05/04 22:15:25 📈 Packets: 15/s | Bitrate: 1.56 kbps
2025/05/04 22:15:25 RTP packet received: 13 bytes
2025/05/04 22:15:25 RTP packet received: 13 bytes
2025/05/04 22:15:25 RTP packet received: 13 bytes
2025/05/04 22:15:25 RTP packet received: 13 bytes
2025/05/04 22:15:25 RTP packet received: 13 bytes
2025/05/04 22:15:25 RTP packet received: 13 bytes
2025/05/04 22:15:25 RTP packet received: 13 bytes
2025/05/04 22:15:25 RTP packet received: 13 bytes
2025/05/04 22:15:25 RTP packet received: 13 bytes
2025/05/04 22:15:25 RTP packet received: 13 bytes
2025/05/04 22:15:25 RTP packet received: 13 bytes
2025/05/04 22:15:25 RTP packet received: 13 bytes
2025/05/04 22:15:25 RTP packet received: 13 bytes
2025/05/04 22:15:25 RTP packet received: 13 bytes
2025/05/04 22:15:25 RTP packet received: 13 bytes
2025/05/04 22:15:26 📈 Packets: 15/s | Bitrate: 1.56 kbps
2025/05/04 22:15:26 RTP packet received: 13 bytes
2025/05/04 22:15:26 RTP packet received: 13 bytes
2025/05/04 22:15:26 RTP packet received: 13 bytes
2025/05/04 22:15:26 RTP packet received: 13 bytes
2025/05/04 22:15:26 RTP packet received: 13 bytes
2025/05/04 22:15:26 RTP packet received: 13 bytes
2025/05/04 22:15:26 RTP packet received: 13 bytes
2025/05/04 22:15:26 RTP packet received: 13 bytes
2025/05/04 22:15:26 RTP packet received: 13 bytes
2025/05/04 22:15:26 RTP packet received: 13 bytes
2025/05/04 22:15:26 RTP packet received: 13 bytes
2025/05/04 22:15:26 RTP packet received: 13 bytes
2025/05/04 22:15:26 RTP packet received: 13 bytes
2025/05/04 22:15:26 RTP packet received: 13 bytes
2025/05/04 22:15:26 RTP packet received: 13 bytes
2025/05/04 22:15:27 RTP packet received: 13 bytes
2025/05/04 22:15:27 📈 Packets: 15/s | Bitrate: 1.56 kbps
2025/05/04 22:15:27 RTP packet received: 13 bytes
2025/05/04 22:15:27 RTP packet received: 13 bytes
2025/05/04 22:15:27 RTP packet received: 13 bytes
2025/05/04 22:15:27 RTP packet received: 13 bytes
2025/05/04 22:15:27 RTP packet received: 13 bytes
2025/05/04 22:15:27 RTP packet received: 13 bytes
2025/05/04 22:15:27 RTP packet received: 13 bytes
2025/05/04 22:15:27 RTP packet received: 13 bytes
2025/05/04 22:15:27 RTP packet received: 13 bytes
2025/05/04 22:15:27 RTP packet received: 13 bytes
2025/05/04 22:15:27 RTP packet received: 13 bytes
2025/05/04 22:15:27 RTP packet received: 13 bytes
2025/05/04 22:15:27 RTP packet received: 13 bytes
2025/05/04 22:15:27 RTP packet received: 13 bytes
2025/05/04 22:15:28 RTP packet received: 13 bytes
2025/05/04 22:15:28 📈 Packets: 15/s | Bitrate: 1.56 kbps
2025/05/04 22:15:28 RTP packet received: 13 bytes
2025/05/04 22:15:28 RTP packet received: 13 bytes
2025/05/04 22:15:28 RTP packet received: 13 bytes
2025/05/04 22:15:28 RTP packet received: 13 bytes
2025/05/04 22:15:28 RTP packet received: 13 bytes
2025/05/04 22:15:28 RTP packet received: 13 bytes
2025/05/04 22:15:28 RTP packet received: 13 bytes
2025/05/04 22:15:28 RTP packet received: 13 bytes
2025/05/04 22:15:28 RTP packet received: 13 bytes
2025/05/04 22:15:28 RTP packet received: 13 bytes
2025/05/04 22:15:28 RTP packet received: 13 bytes
2025/05/04 22:15:28 RTP packet received: 13 bytes
2025/05/04 22:15:28 RTP packet received: 13 bytes
2025/05/04 22:15:28 RTP packet received: 13 bytes
2025/05/04 22:15:28 RTP packet received: 13 bytes
2025/05/04 22:15:29 📈 Packets: 16/s | Bitrate: 1.66 kbps
2025/05/04 22:15:29 RTP packet received: 13 bytes
2025/05/04 22:15:29 RTP packet received: 13 bytes
2025/05/04 22:15:29 RTP packet received: 13 bytes
2025/05/04 22:15:29 RTP packet received: 13 bytes
2025/05/04 22:15:29 RTP packet received: 13 bytes
2025/05/04 22:15:29 RTP packet received: 13 bytes
2025/05/04 22:15:29 RTP packet received: 13 bytes
2025/05/04 22:15:29 RTP packet received: 13 bytes
2025/05/04 22:15:29 RTP packet received: 13 bytes
2025/05/04 22:15:29 RTP packet received: 13 bytes
2025/05/04 22:15:29 RTP packet received: 13 bytes
2025/05/04 22:15:29 RTP packet received: 13 bytes
2025/05/04 22:15:29 RTP packet received: 13 bytes
2025/05/04 22:15:29 RTP packet received: 13 bytes
2025/05/04 22:15:29 RTP packet received: 13 bytes
2025/05/04 22:15:30 📈 Packets: 15/s | Bitrate: 1.56 kbps
2025/05/04 22:15:30 RTP packet received: 13 bytes
2025/05/04 22:15:30 RTP packet received: 13 bytes
2025/05/04 22:15:30 RTP packet received: 13 bytes
2025/05/04 22:15:30 RTP packet received: 13 bytes
2025/05/04 22:15:30 RTP packet received: 13 bytes
2025/05/04 22:15:30 RTP packet received: 13 bytes
2025/05/04 22:15:30 RTP packet received: 13 bytes
2025/05/04 22:15:30 RTP packet received: 13 bytes
2025/05/04 22:15:30 RTP packet received: 13 bytes
2025/05/04 22:15:30 RTP packet received: 13 bytes
2025/05/04 22:15:30 RTP packet received: 13 bytes
2025/05/04 22:15:30 RTP packet received: 13 bytes
2025/05/04 22:15:30 RTP packet received: 13 bytes
2025/05/04 22:15:30 RTP packet received: 13 bytes
2025/05/04 22:15:30 RTP packet received: 13 bytes
2025/05/04 22:15:31 📈 Packets: 15/s | Bitrate: 1.56 kbps
2025/05/04 22:15:31 RTP packet received: 13 bytes
2025/05/04 22:15:31 RTP packet received: 13 bytes
2025/05/04 22:15:31 RTP packet received: 13 bytes
2025/05/04 22:15:31 RTP packet received: 13 bytes
2025/05/04 22:15:31 RTP packet received: 13 bytes
2025/05/04 22:15:31 RTP packet received: 13 bytes
2025/05/04 22:15:31 RTP packet received: 13 bytes
2025/05/04 22:15:31 RTP packet received: 13 bytes
2025/05/04 22:15:31 RTP packet received: 13 bytes
2025/05/04 22:15:31 RTP packet received: 13 bytes
2025/05/04 22:15:31 RTP packet received: 13 bytes
2025/05/04 22:15:31 RTP packet received: 13 bytes
2025/05/04 22:15:31 RTP packet received: 13 bytes
2025/05/04 22:15:31 RTP packet received: 13 bytes
2025/05/04 22:15:31 RTP packet received: 13 bytes
2025/05/04 22:15:32 📈 Packets: 15/s | Bitrate: 1.56 kbps
2025/05/04 22:15:32 RTP packet received: 13 bytes
2025/05/04 22:15:32 RTP packet received: 13 bytes
2025/05/04 22:15:32 RTP packet received: 13 bytes
2025/05/04 22:15:32 RTP packet received: 13 bytes
2025/05/04 22:15:32 RTP packet received: 13 bytes
2025/05/04 22:15:32 RTP packet received: 13 bytes
2025/05/04 22:15:32 RTP packet received: 13 bytes
2025/05/04 22:15:32 RTP packet received: 13 bytes
2025/05/04 22:15:32 RTP packet received: 13 bytes
2025/05/04 22:15:32 RTP packet received: 13 bytes
2025/05/04 22:15:32 RTP packet received: 13 bytes
2025/05/04 22:15:32 RTP packet received: 13 bytes
2025/05/04 22:15:32 RTP packet received: 13 bytes
2025/05/04 22:15:32 RTP packet received: 13 bytes
2025/05/04 22:15:32 RTP packet received: 13 bytes
2025/05/04 22:15:32 RTP packet received: 13 bytes
2025/05/04 22:15:32 RTP packet received: 13 bytes
2025/05/04 22:15:33 📈 Packets: 13/s | Bitrate: 1.35 kbps
2025/05/04 22:15:33 RTP packet received: 13 bytes
2025/05/04 22:15:33 RTP packet received: 13 bytes
2025/05/04 22:15:33 RTP packet received: 13 bytes
2025/05/04 22:15:33 RTP packet received: 13 bytes
2025/05/04 22:15:33 RTP packet received: 13 bytes
2025/05/04 22:15:33 RTP packet received: 13 bytes
2025/05/04 22:15:33 RTP packet received: 13 bytes
2025/05/04 22:15:33 RTP packet received: 13 bytes
2025/05/04 22:15:33 RTP packet received: 13 bytes
2025/05/04 22:15:33 RTP packet received: 13 bytes
2025/05/04 22:15:33 RTP packet received: 13 bytes
2025/05/04 22:15:33 RTP packet received: 13 bytes
2025/05/04 22:15:33 RTP packet received: 13 bytes
2025/05/04 22:15:33 RTP packet received: 13 bytes
2025/05/04 22:15:33 RTP packet received: 13 bytes
2025/05/04 22:15:34 📈 Packets: 16/s | Bitrate: 1.66 kbps
2025/05/04 22:15:34 RTP packet received: 13 bytes
2025/05/04 22:15:34 RTP packet received: 13 bytes
2025/05/04 22:15:34 RTP packet received: 13 bytes
2025/05/04 22:15:34 RTP packet received: 13 bytes
2025/05/04 22:15:34 RTP packet received: 13 bytes
2025/05/04 22:15:34 RTP packet received: 13 bytes
2025/05/04 22:15:34 RTP packet received: 13 bytes
2025/05/04 22:15:34 RTP packet received: 13 bytes
2025/05/04 22:15:34 RTP packet received: 13 bytes
2025/05/04 22:15:34 RTP packet received: 13 bytes
2025/05/04 22:15:34 RTP packet received: 13 bytes
2025/05/04 22:15:34 RTP packet received: 13 bytes
2025/05/04 22:15:34 RTP packet received: 13 bytes
2025/05/04 22:15:34 RTP packet received: 13 bytes
2025/05/04 22:15:34 RTP packet received: 13 bytes
2025/05/04 22:15:35 📈 Packets: 15/s | Bitrate: 1.56 kbps
2025/05/04 22:15:35 RTP packet received: 13 bytes
2025/05/04 22:15:35 RTP packet received: 13 bytes
2025/05/04 22:15:35 RTP packet received: 13 bytes
2025/05/04 22:15:35 RTP packet received: 13 bytes
2025/05/04 22:15:35 RTP packet received: 13 bytes
2025/05/04 22:15:35 RTP packet received: 13 bytes
2025/05/04 22:15:35 RTP packet received: 13 bytes
2025/05/04 22:15:35 RTP packet received: 13 bytes
2025/05/04 22:15:35 RTP packet received: 13 bytes
2025/05/04 22:15:35 RTP packet received: 13 bytes
2025/05/04 22:15:35 RTP packet received: 13 bytes
2025/05/04 22:15:35 RTP packet received: 13 bytes
2025/05/04 22:15:35 RTP packet received: 13 bytes
2025/05/04 22:15:35 RTP packet received: 13 bytes
2025/05/04 22:15:35 RTP packet received: 13 bytes
2025/05/04 22:15:36 📈 Packets: 15/s | Bitrate: 1.56 kbps
2025/05/04 22:15:36 RTP packet received: 13 bytes
2025/05/04 22:15:36 RTP packet received: 13 bytes
2025/05/04 22:15:36 RTP packet received: 13 bytes
2025/05/04 22:15:36 RTP packet received: 13 bytes
2025/05/04 22:15:36 RTP packet received: 13 bytes
2025/05/04 22:15:36 RTP packet received: 13 bytes
2025/05/04 22:15:36 RTP packet received: 13 bytes
2025/05/04 22:15:36 RTP packet received: 13 bytes
2025/05/04 22:15:36 RTP packet received: 13 bytes
2025/05/04 22:15:36 RTP packet received: 13 bytes
2025/05/04 22:15:36 RTP packet received: 13 bytes
2025/05/04 22:15:36 RTP packet received: 13 bytes
2025/05/04 22:15:36 RTP packet received: 13 bytes
2025/05/04 22:15:36 RTP packet received: 13 bytes
2025/05/04 22:15:36 RTP packet received: 13 bytes
2025/05/04 22:15:37 RTP packet received: 13 bytes
2025/05/04 22:15:37 📈 Packets: 15/s | Bitrate: 1.56 kbps
2025/05/04 22:15:37 RTP packet received: 13 bytes
2025/05/04 22:15:37 RTP packet received: 13 bytes
2025/05/04 22:15:37 RTP packet received: 13 bytes
2025/05/04 22:15:37 RTP packet received: 13 bytes
2025/05/04 22:15:37 RTP packet received: 13 bytes
2025/05/04 22:15:37 RTP packet received: 13 bytes
2025/05/04 22:15:37 RTP packet received: 13 bytes
2025/05/04 22:15:37 RTP packet received: 13 bytes
2025/05/04 22:15:37 RTP packet received: 13 bytes
2025/05/04 22:15:37 RTP packet received: 13 bytes
2025/05/04 22:15:37 RTP packet received: 13 bytes
2025/05/04 22:15:37 RTP packet received: 13 bytes
2025/05/04 22:15:37 RTP packet received: 13 bytes
2025/05/04 22:15:37 RTP packet received: 13 bytes
2025/05/04 22:15:38 RTP packet received: 13 bytes
2025/05/04 22:15:38 📈 Packets: 15/s | Bitrate: 1.56 kbps
2025/05/04 22:15:38 RTP packet received: 13 bytes
2025/05/04 22:15:38 RTP packet received: 13 bytes
2025/05/04 22:15:38 RTP packet received: 13 bytes
2025/05/04 22:15:38 RTP packet received: 13 bytes
2025/05/04 22:15:38 RTP packet received: 13 bytes
2025/05/04 22:15:38 RTP packet received: 13 bytes
2025/05/04 22:15:38 RTP packet received: 13 bytes
2025/05/04 22:15:38 RTP packet received: 13 bytes
2025/05/04 22:15:38 RTP packet received: 13 bytes
2025/05/04 22:15:38 RTP packet received: 13 bytes
2025/05/04 22:15:38 RTP packet received: 13 bytes
2025/05/04 22:15:38 RTP packet received: 13 bytes
2025/05/04 22:15:38 RTP packet received: 13 bytes
2025/05/04 22:15:38 RTP packet received: 13 bytes
2025/05/04 22:15:38 RTP packet received: 13 bytes
2025/05/04 22:15:39 📈 Packets: 16/s | Bitrate: 1.66 kbps
2025/05/04 22:15:39 RTP packet received: 13 bytes
2025/05/04 22:15:39 RTP packet received: 13 bytes
2025/05/04 22:15:39 RTP packet received: 13 bytes
2025/05/04 22:15:39 RTP packet received: 13 bytes
2025/05/04 22:15:39 RTP packet received: 13 bytes
2025/05/04 22:15:39 RTP packet received: 13 bytes
2025/05/04 22:15:39 RTP packet received: 13 bytes
2025/05/04 22:15:39 RTP packet received: 13 bytes
2025/05/04 22:15:39 RTP packet received: 13 bytes
2025/05/04 22:15:39 RTP packet received: 13 bytes
2025/05/04 22:15:39 RTP packet received: 13 bytes
2025/05/04 22:15:39 RTP packet received: 13 bytes
2025/05/04 22:15:39 RTP packet received: 13 bytes
2025/05/04 22:15:39 RTP packet received: 13 bytes
2025/05/04 22:15:39 RTP packet received: 13 bytes
2025/05/04 22:15:40 📈 Packets: 15/s | Bitrate: 1.56 kbps
2025/05/04 22:15:40 RTP packet received: 13 bytes
2025/05/04 22:15:40 RTP packet received: 13 bytes
2025/05/04 22:15:40 RTP packet received: 13 bytes
2025/05/04 22:15:40 RTP packet received: 13 bytes
2025/05/04 22:15:40 RTP packet received: 13 bytes
2025/05/04 22:15:40 RTP packet received: 13 bytes
2025/05/04 22:15:40 RTP packet received: 13 bytes
2025/05/04 22:15:40 RTP packet received: 13 bytes
2025/05/04 22:15:40 RTP packet received: 13 bytes
2025/05/04 22:15:40 RTP packet received: 13 bytes
2025/05/04 22:15:40 RTP packet received: 13 bytes
2025/05/04 22:15:40 RTP packet received: 13 bytes
2025/05/04 22:15:40 RTP packet received: 13 bytes
2025/05/04 22:15:40 RTP packet received: 13 bytes
2025/05/04 22:15:40 RTP packet received: 13 bytes
2025/05/04 22:15:41 📈 Packets: 15/s | Bitrate: 1.56 kbps
2025/05/04 22:15:41 RTP packet received: 13 bytes
2025/05/04 22:15:41 RTP packet received: 13 bytes
2025/05/04 22:15:41 RTP packet received: 13 bytes
2025/05/04 22:15:41 RTP packet received: 13 bytes
2025/05/04 22:15:41 RTP packet received: 13 bytes
2025/05/04 22:15:41 RTP packet received: 13 bytes
2025/05/04 22:15:41 RTP packet received: 13 bytes
2025/05/04 22:15:41 RTP packet received: 13 bytes
2025/05/04 22:15:41 RTP packet received: 13 bytes
2025/05/04 22:15:41 RTP packet received: 13 bytes
2025/05/04 22:15:41 RTP packet received: 13 bytes
2025/05/04 22:15:41 RTP packet received: 13 bytes
2025/05/04 22:15:41 RTP packet received: 13 bytes
2025/05/04 22:15:41 RTP packet received: 13 bytes
2025/05/04 22:15:41 RTP packet received: 13 bytes
2025/05/04 22:15:42 📈 Packets: 15/s | Bitrate: 1.56 kbps
2025/05/04 22:15:42 RTP packet received: 13 bytes
2025/05/04 22:15:42 RTP packet received: 13 bytes
2025/05/04 22:15:42 RTP packet received: 13 bytes
2025/05/04 22:15:42 RTP packet received: 13 bytes
2025/05/04 22:15:42 RTP packet received: 13 bytes
2025/05/04 22:15:42 RTP packet received: 13 bytes
2025/05/04 22:15:42 RTP packet received: 13 bytes
2025/05/04 22:15:42 RTP packet received: 13 bytes
2025/05/04 22:15:42 RTP packet received: 13 bytes
2025/05/04 22:15:42 RTP packet received: 13 bytes
2025/05/04 22:15:42 RTP packet received: 13 bytes
2025/05/04 22:15:42 RTP packet received: 13 bytes
2025/05/04 22:15:42 RTP packet received: 13 bytes
2025/05/04 22:15:42 RTP packet received: 13 bytes
2025/05/04 22:15:42 RTP packet received: 13 bytes
2025/05/04 22:15:43 RTP packet received: 13 bytes
2025/05/04 22:15:43 📈 Packets: 15/s | Bitrate: 1.56 kbps
2025/05/04 22:15:43 RTP packet received: 13 bytes
2025/05/04 22:15:43 RTP packet received: 13 bytes
2025/05/04 22:15:43 RTP packet received: 13 bytes
2025/05/04 22:15:43 RTP packet received: 13 bytes
2025/05/04 22:15:43 RTP packet received: 13 bytes
2025/05/04 22:15:43 RTP packet received: 13 bytes
2025/05/04 22:15:43 RTP packet received: 13 bytes
2025/05/04 22:15:43 RTP packet received: 13 bytes
2025/05/04 22:15:43 RTP packet received: 13 bytes
2025/05/04 22:15:43 RTP packet received: 13 bytes
2025/05/04 22:15:43 RTP packet received: 13 bytes
2025/05/04 22:15:43 RTP packet received: 13 bytes
2025/05/04 22:15:43 RTP packet received: 13 bytes
2025/05/04 22:15:43 RTP packet received: 13 bytes
2025/05/04 22:15:44 RTP packet received: 13 bytes
2025/05/04 22:15:44 📈 Packets: 15/s | Bitrate: 1.56 kbps
2025/05/04 22:15:44 RTP packet received: 13 bytes
2025/05/04 22:15:44 RTP packet received: 13 bytes
2025/05/04 22:15:44 RTP packet received: 13 bytes
2025/05/04 22:15:44 RTP packet received: 13 bytes
2025/05/04 22:15:44 RTP packet received: 13 bytes
2025/05/04 22:15:44 RTP packet received: 13 bytes
2025/05/04 22:15:44 RTP packet received: 13 bytes
2025/05/04 22:15:44 RTP packet received: 13 bytes
2025/05/04 22:15:44 RTP packet received: 13 bytes
2025/05/04 22:15:44 RTP packet received: 13 bytes
2025/05/04 22:15:44 RTP packet received: 13 bytes
2025/05/04 22:15:44 RTP packet received: 13 bytes
2025/05/04 22:15:44 RTP packet received: 13 bytes
2025/05/04 22:15:44 RTP packet received: 13 bytes
2025/05/04 22:15:45 RTP packet received: 13 bytes
2025/05/04 22:15:45 📈 Packets: 15/s | Bitrate: 1.56 kbps
2025/05/04 22:15:45 RTP packet received: 13 bytes
2025/05/04 22:15:45 RTP packet received: 13 bytes
2025/05/04 22:15:45 RTP packet received: 13 bytes
2025/05/04 22:15:45 RTP packet received: 13 bytes
2025/05/04 22:15:45 RTP packet received: 13 bytes
2025/05/04 22:15:45 RTP packet received: 13 bytes
2025/05/04 22:15:45 RTP packet received: 13 bytes
2025/05/04 22:15:45 RTP packet received: 13 bytes
2025/05/04 22:15:45 RTP packet received: 13 bytes
2025/05/04 22:15:45 RTP packet received: 13 bytes
2025/05/04 22:15:45 RTP packet received: 13 bytes
2025/05/04 22:15:45 RTP packet received: 13 bytes
2025/05/04 22:15:45 RTP packet received: 13 bytes
2025/05/04 22:15:45 RTP packet received: 13 bytes
2025/05/04 22:15:45 RTP packet received: 13 bytes
2025/05/04 22:15:46 📈 Packets: 16/s | Bitrate: 1.66 kbps
2025/05/04 22:15:46 RTP packet received: 13 bytes
2025/05/04 22:15:46 RTP packet received: 13 bytes
2025/05/04 22:15:46 RTP packet received: 13 bytes
2025/05/04 22:15:46 RTP packet received: 13 bytes
2025/05/04 22:15:46 RTP packet received: 13 bytes
2025/05/04 22:15:46 RTP packet received: 13 bytes
2025/05/04 22:15:46 RTP packet received: 13 bytes
2025/05/04 22:15:46 RTP packet received: 13 bytes
2025/05/04 22:15:46 RTP packet received: 13 bytes
2025/05/04 22:15:46 RTP packet received: 13 bytes
2025/05/04 22:15:46 RTP packet received: 13 bytes
2025/05/04 22:15:46 RTP packet received: 13 bytes
2025/05/04 22:15:46 RTP packet received: 13 bytes
2025/05/04 22:15:46 RTP packet received: 13 bytes
2025/05/04 22:15:46 RTP packet received: 13 bytes
2025/05/04 22:15:47 📈 Packets: 15/s | Bitrate: 1.56 kbps
2025/05/04 22:15:47 RTP packet received: 13 bytes
2025/05/04 22:15:47 RTP packet received: 13 bytes
2025/05/04 22:15:47 RTP packet received: 13 bytes
2025/05/04 22:15:47 RTP packet received: 13 bytes
2025/05/04 22:15:47 RTP packet received: 13 bytes
2025/05/04 22:15:47 RTP packet received: 13 bytes
2025/05/04 22:15:47 RTP packet received: 13 bytes
2025/05/04 22:15:47 RTP packet received: 13 bytes
2025/05/04 22:15:47 RTP packet received: 13 bytes
2025/05/04 22:15:47 RTP packet received: 13 bytes
2025/05/04 22:15:47 RTP packet received: 13 bytes
2025/05/04 22:15:47 RTP packet received: 13 bytes
2025/05/04 22:15:47 RTP packet received: 13 bytes
2025/05/04 22:15:47 RTP packet received: 13 bytes
2025/05/04 22:15:47 RTP packet received: 13 bytes
2025/05/04 22:15:48 📈 Packets: 15/s | Bitrate: 1.56 kbps
2025/05/04 22:15:48 RTP packet received: 13 bytes
2025/05/04 22:15:48 RTP packet received: 13 bytes
2025/05/04 22:15:48 RTP packet received: 13 bytes
2025/05/04 22:15:48 RTP packet received: 13 bytes
2025/05/04 22:15:48 RTP packet received: 13 bytes
2025/05/04 22:15:48 RTP packet received: 13 bytes
2025/05/04 22:15:48 RTP packet received: 13 bytes
2025/05/04 22:15:48 RTP packet received: 13 bytes
2025/05/04 22:15:48 RTP packet received: 13 bytes
2025/05/04 22:15:48 RTP packet received: 13 bytes
2025/05/04 22:15:48 RTP packet received: 13 bytes
2025/05/04 22:15:48 RTP packet received: 13 bytes
2025/05/04 22:15:48 RTP packet received: 13 bytes
2025/05/04 22:15:48 RTP packet received: 13 bytes
2025/05/04 22:15:49 📈 Packets: 17/s | Bitrate: 1.77 kbps
2025/05/04 22:15:49 RTP packet received: 13 bytes
2025/05/04 22:15:49 RTP packet received: 13 bytes
2025/05/04 22:15:49 RTP packet received: 13 bytes
2025/05/04 22:15:49 RTP packet received: 13 bytes
2025/05/04 22:15:49 RTP packet received: 13 bytes
2025/05/04 22:15:49 RTP packet received: 13 bytes
2025/05/04 22:15:49 RTP packet received: 13 bytes
2025/05/04 22:15:49 RTP packet received: 13 bytes
2025/05/04 22:15:49 RTP packet received: 13 bytes
2025/05/04 22:15:49 RTP packet received: 13 bytes
2025/05/04 22:15:49 RTP packet received: 13 bytes
2025/05/04 22:15:49 RTP packet received: 13 bytes
2025/05/04 22:15:49 RTP packet received: 13 bytes
2025/05/04 22:15:49 RTP packet received: 13 bytes
2025/05/04 22:15:49 RTP packet received: 13 bytes
2025/05/04 22:15:50 📈 Packets: 15/s | Bitrate: 1.56 kbps
2025/05/04 22:15:50 RTP packet received: 13 bytes
2025/05/04 22:15:50 RTP packet received: 13 bytes
2025/05/04 22:15:50 RTP packet received: 13 bytes
2025/05/04 22:15:50 RTP packet received: 13 bytes
2025/05/04 22:15:50 RTP packet received: 13 bytes
2025/05/04 22:15:50 RTP packet received: 13 bytes
2025/05/04 22:15:50 RTP packet received: 13 bytes
2025/05/04 22:15:50 RTP packet received: 13 bytes
2025/05/04 22:15:50 RTP packet received: 13 bytes
2025/05/04 22:15:50 RTP packet received: 13 bytes
2025/05/04 22:15:50 RTP packet received: 13 bytes
2025/05/04 22:15:50 RTP packet received: 13 bytes
2025/05/04 22:15:50 RTP packet received: 13 bytes
2025/05/04 22:15:50 RTP packet received: 13 bytes
2025/05/04 22:15:50 RTP packet received: 13 bytes
2025/05/04 22:15:51 📈 Packets: 15/s | Bitrate: 1.56 kbps
2025/05/04 22:15:51 RTP packet received: 13 bytes
2025/05/04 22:15:51 RTP packet received: 13 bytes
2025/05/04 22:15:51 RTP packet received: 13 bytes
2025/05/04 22:15:51 RTP packet received: 13 bytes
2025/05/04 22:15:51 RTP packet received: 13 bytes
2025/05/04 22:15:51 RTP packet received: 13 bytes
2025/05/04 22:15:51 RTP packet received: 13 bytes
2025/05/04 22:15:51 RTP packet received: 13 bytes
2025/05/04 22:15:51 RTP packet received: 13 bytes
2025/05/04 22:15:51 RTP packet received: 13 bytes
2025/05/04 22:15:51 RTP packet received: 13 bytes
2025/05/04 22:15:51 RTP packet received: 13 bytes
2025/05/04 22:15:51 RTP packet received: 13 bytes
2025/05/04 22:15:51 👋 Client exiting after duration.
