2025/05/04 23:06:08 Connected as peer-609654
2025/05/04 23:06:08 🕒 Client will exit after 100 seconds
2025/05/04 23:06:09 📡 Received renegotiation offer
2025/05/04 23:06:09 Sent renegotiation answer
2025/05/04 23:06:09 Received track from SFU | Kind: video
2025/05/04 23:06:09 RTP packet received: 13 bytes
2025/05/04 23:06:09 RTP packet received: 13 bytes
2025/05/04 23:06:09 📦 Time to First RTP: 74.84ms
2025/05/04 23:06:09 RTP packet received: 13 bytes
2025/05/04 23:06:09 RTP packet received: 13 bytes
2025/05/04 23:06:09 RTP packet received: 13 bytes
2025/05/04 23:06:09 RTP packet received: 13 bytes
2025/05/04 23:06:09 RTP packet received: 13 bytes
2025/05/04 23:06:09 RTP packet received: 13 bytes
2025/05/04 23:06:09 RTP packet received: 13 bytes
2025/05/04 23:06:09 RTP packet received: 13 bytes
2025/05/04 23:06:09 RTP packet received: 13 bytes
2025/05/04 23:06:09 RTP packet received: 13 bytes
2025/05/04 23:06:09 RTP packet received: 13 bytes
2025/05/04 23:06:09 RTP packet received: 13 bytes
2025/05/04 23:06:10 RTP packet received: 13 bytes
2025/05/04 23:06:10 RTP packet received: 13 bytes
2025/05/04 23:06:10 RTP packet received: 13 bytes
2025/05/04 23:06:10 📈 Packets: 19/s | Bitrate: 1.98 kbps
2025/05/04 23:06:10 RTP packet received: 13 bytes
2025/05/04 23:06:10 RTP packet received: 13 bytes
2025/05/04 23:06:10 RTP packet received: 13 bytes
2025/05/04 23:06:10 RTP packet received: 13 bytes
2025/05/04 23:06:10 RTP packet received: 13 bytes
2025/05/04 23:06:10 RTP packet received: 13 bytes
2025/05/04 23:06:10 RTP packet received: 13 bytes
2025/05/04 23:06:10 RTP packet received: 13 bytes
2025/05/04 23:06:10 RTP packet received: 13 bytes
2025/05/04 23:06:10 RTP packet received: 13 bytes
2025/05/04 23:06:10 RTP packet received: 13 bytes
2025/05/04 23:06:10 RTP packet received: 13 bytes
2025/05/04 23:06:11 RTP packet received: 13 bytes
2025/05/04 23:06:11 RTP packet received: 13 bytes
2025/05/04 23:06:11 RTP packet received: 13 bytes
2025/05/04 23:06:11 📈 Packets: 15/s | Bitrate: 1.56 kbps
2025/05/04 23:06:11 RTP packet received: 13 bytes
2025/05/04 23:06:11 RTP packet received: 13 bytes
2025/05/04 23:06:11 RTP packet received: 13 bytes
2025/05/04 23:06:11 RTP packet received: 13 bytes
2025/05/04 23:06:11 RTP packet received: 13 bytes
2025/05/04 23:06:11 RTP packet received: 13 bytes
2025/05/04 23:06:11 RTP packet received: 13 bytes
2025/05/04 23:06:11 RTP packet received: 13 bytes
2025/05/04 23:06:11 RTP packet received: 13 bytes
2025/05/04 23:06:11 RTP packet received: 13 bytes
2025/05/04 23:06:11 RTP packet received: 13 bytes
2025/05/04 23:06:11 RTP packet received: 13 bytes
2025/05/04 23:06:11 RTP packet received: 13 bytes
2025/05/04 23:06:12 RTP packet received: 13 bytes
2025/05/04 23:06:12 RTP packet received: 13 bytes
2025/05/04 23:06:12 RTP packet received: 13 bytes
2025/05/04 23:06:12 📈 Packets: 15/s | Bitrate: 1.56 kbps
2025/05/04 23:06:12 RTP packet received: 13 bytes
2025/05/04 23:06:12 RTP packet received: 13 bytes
2025/05/04 23:06:12 RTP packet received: 13 bytes
2025/05/04 23:06:12 RTP packet received: 13 bytes
2025/05/04 23:06:12 RTP packet received: 13 bytes
2025/05/04 23:06:12 RTP packet received: 13 bytes
2025/05/04 23:06:12 RTP packet received: 13 bytes
2025/05/04 23:06:12 RTP packet received: 13 bytes
2025/05/04 23:06:12 RTP packet received: 13 bytes
2025/05/04 23:06:12 RTP packet received: 13 bytes
2025/05/04 23:06:12 RTP packet received: 13 bytes
2025/05/04 23:06:12 RTP packet received: 13 bytes
2025/05/04 23:06:13 RTP packet received: 13 bytes
2025/05/04 23:06:13 RTP packet received: 13 bytes
2025/05/04 23:06:13 RTP packet received: 13 bytes
2025/05/04 23:06:13 📈 Packets: 15/s | Bitrate: 1.56 kbps
2025/05/04 23:06:13 RTP packet received: 13 bytes
2025/05/04 23:06:13 RTP packet received: 13 bytes
2025/05/04 23:06:13 RTP packet received: 13 bytes
2025/05/04 23:06:13 RTP packet received: 13 bytes
2025/05/04 23:06:13 RTP packet received: 13 bytes
2025/05/04 23:06:13 RTP packet received: 13 bytes
2025/05/04 23:06:13 RTP packet received: 13 bytes
2025/05/04 23:06:13 RTP packet received: 13 bytes
2025/05/04 23:06:13 RTP packet received: 13 bytes
2025/05/04 23:06:13 RTP packet received: 13 bytes
2025/05/04 23:06:13 RTP packet received: 13 bytes
2025/05/04 23:06:13 RTP packet received: 13 bytes
2025/05/04 23:06:14 RTP packet received: 13 bytes
2025/05/04 23:06:14 RTP packet received: 13 bytes
2025/05/04 23:06:14 RTP packet received: 13 bytes
2025/05/04 23:06:14 📈 Packets: 15/s | Bitrate: 1.56 kbps
2025/05/04 23:06:14 RTP packet received: 13 bytes
2025/05/04 23:06:14 RTP packet received: 13 bytes
2025/05/04 23:06:14 RTP packet received: 13 bytes
2025/05/04 23:06:14 RTP packet received: 13 bytes
2025/05/04 23:06:14 RTP packet received: 13 bytes
2025/05/04 23:06:14 RTP packet received: 13 bytes
2025/05/04 23:06:14 RTP packet received: 13 bytes
2025/05/04 23:06:14 RTP packet received: 13 bytes
2025/05/04 23:06:14 RTP packet received: 13 bytes
2025/05/04 23:06:14 RTP packet received: 13 bytes
2025/05/04 23:06:14 RTP packet received: 13 bytes
2025/05/04 23:06:14 RTP packet received: 13 bytes
2025/05/04 23:06:15 RTP packet received: 13 bytes
2025/05/04 23:06:15 RTP packet received: 13 bytes
2025/05/04 23:06:15 RTP packet received: 13 bytes
2025/05/04 23:06:15 📈 Packets: 15/s | Bitrate: 1.56 kbps
2025/05/04 23:06:15 RTP packet received: 13 bytes
2025/05/04 23:06:15 RTP packet received: 13 bytes
2025/05/04 23:06:15 RTP packet received: 13 bytes
2025/05/04 23:06:15 RTP packet received: 13 bytes
2025/05/04 23:06:15 RTP packet received: 13 bytes
2025/05/04 23:06:15 RTP packet received: 13 bytes
2025/05/04 23:06:15 RTP packet received: 13 bytes
2025/05/04 23:06:15 RTP packet received: 13 bytes
2025/05/04 23:06:15 RTP packet received: 13 bytes
2025/05/04 23:06:15 RTP packet received: 13 bytes
2025/05/04 23:06:15 RTP packet received: 13 bytes
2025/05/04 23:06:15 RTP packet received: 13 bytes
2025/05/04 23:06:16 RTP packet received: 13 bytes
2025/05/04 23:06:16 RTP packet received: 13 bytes
2025/05/04 23:06:16 RTP packet received: 13 bytes
2025/05/04 23:06:16 📈 Packets: 16/s | Bitrate: 1.66 kbps
2025/05/04 23:06:16 RTP packet received: 13 bytes
2025/05/04 23:06:16 RTP packet received: 13 bytes
2025/05/04 23:06:16 RTP packet received: 13 bytes
2025/05/04 23:06:16 RTP packet received: 13 bytes
2025/05/04 23:06:16 RTP packet received: 13 bytes
2025/05/04 23:06:16 RTP packet received: 13 bytes
2025/05/04 23:06:16 RTP packet received: 13 bytes
2025/05/04 23:06:16 RTP packet received: 13 bytes
2025/05/04 23:06:16 RTP packet received: 13 bytes
2025/05/04 23:06:16 RTP packet received: 13 bytes
2025/05/04 23:06:16 RTP packet received: 13 bytes
2025/05/04 23:06:16 RTP packet received: 13 bytes
2025/05/04 23:06:17 RTP packet received: 13 bytes
2025/05/04 23:06:17 RTP packet received: 13 bytes
2025/05/04 23:06:17 RTP packet received: 13 bytes
2025/05/04 23:06:17 📈 Packets: 15/s | Bitrate: 1.56 kbps
2025/05/04 23:06:17 RTP packet received: 13 bytes
2025/05/04 23:06:17 RTP packet received: 13 bytes
2025/05/04 23:06:17 RTP packet received: 13 bytes
2025/05/04 23:06:17 RTP packet received: 13 bytes
2025/05/04 23:06:17 RTP packet received: 13 bytes
2025/05/04 23:06:17 RTP packet received: 13 bytes
2025/05/04 23:06:17 RTP packet received: 13 bytes
2025/05/04 23:06:17 RTP packet received: 13 bytes
2025/05/04 23:06:17 RTP packet received: 13 bytes
2025/05/04 23:06:17 RTP packet received: 13 bytes
2025/05/04 23:06:17 RTP packet received: 13 bytes
2025/05/04 23:06:17 RTP packet received: 13 bytes
2025/05/04 23:06:17 RTP packet received: 13 bytes
2025/05/04 23:06:18 RTP packet received: 13 bytes
2025/05/04 23:06:18 RTP packet received: 13 bytes
2025/05/04 23:06:18 📈 Packets: 15/s | Bitrate: 1.56 kbps
2025/05/04 23:06:18 RTP packet received: 13 bytes
2025/05/04 23:06:18 RTP packet received: 13 bytes
2025/05/04 23:06:18 RTP packet received: 13 bytes
2025/05/04 23:06:18 RTP packet received: 13 bytes
2025/05/04 23:06:18 RTP packet received: 13 bytes
2025/05/04 23:06:18 RTP packet received: 13 bytes
2025/05/04 23:06:18 RTP packet received: 13 bytes
2025/05/04 23:06:18 RTP packet received: 13 bytes
2025/05/04 23:06:18 RTP packet received: 13 bytes
2025/05/04 23:06:18 RTP packet received: 13 bytes
2025/05/04 23:06:18 RTP packet received: 13 bytes
2025/05/04 23:06:18 RTP packet received: 13 bytes
2025/05/04 23:06:19 RTP packet received: 13 bytes
2025/05/04 23:06:19 RTP packet received: 13 bytes
2025/05/04 23:06:19 RTP packet received: 13 bytes
2025/05/04 23:06:19 RTP packet received: 13 bytes
2025/05/04 23:06:19 📈 Packets: 15/s | Bitrate: 1.56 kbps
2025/05/04 23:06:19 RTP packet received: 13 bytes
2025/05/04 23:06:19 RTP packet received: 13 bytes
2025/05/04 23:06:19 RTP packet received: 13 bytes
2025/05/04 23:06:19 RTP packet received: 13 bytes
2025/05/04 23:06:19 RTP packet received: 13 bytes
2025/05/04 23:06:19 RTP packet received: 13 bytes
2025/05/04 23:06:19 RTP packet received: 13 bytes
2025/05/04 23:06:19 RTP packet received: 13 bytes
2025/05/04 23:06:19 RTP packet received: 13 bytes
2025/05/04 23:06:19 RTP packet received: 13 bytes
2025/05/04 23:06:19 RTP packet received: 13 bytes
2025/05/04 23:06:19 RTP packet received: 13 bytes
2025/05/04 23:06:20 RTP packet received: 13 bytes
2025/05/04 23:06:20 RTP packet received: 13 bytes
2025/05/04 23:06:20 RTP packet received: 13 bytes
2025/05/04 23:06:20 📈 Packets: 15/s | Bitrate: 1.56 kbps
2025/05/04 23:06:20 RTP packet received: 13 bytes
2025/05/04 23:06:20 RTP packet received: 13 bytes
2025/05/04 23:06:20 RTP packet received: 13 bytes
2025/05/04 23:06:20 RTP packet received: 13 bytes
2025/05/04 23:06:20 RTP packet received: 13 bytes
2025/05/04 23:06:20 RTP packet received: 13 bytes
2025/05/04 23:06:20 RTP packet received: 13 bytes
2025/05/04 23:06:20 RTP packet received: 13 bytes
2025/05/04 23:06:20 RTP packet received: 13 bytes
2025/05/04 23:06:20 RTP packet received: 13 bytes
2025/05/04 23:06:20 RTP packet received: 13 bytes
2025/05/04 23:06:20 RTP packet received: 13 bytes
2025/05/04 23:06:21 RTP packet received: 13 bytes
2025/05/04 23:06:21 RTP packet received: 13 bytes
2025/05/04 23:06:21 RTP packet received: 13 bytes
2025/05/04 23:06:21 📈 Packets: 15/s | Bitrate: 1.56 kbps
2025/05/04 23:06:21 RTP packet received: 13 bytes
2025/05/04 23:06:21 RTP packet received: 13 bytes
2025/05/04 23:06:21 RTP packet received: 13 bytes
2025/05/04 23:06:21 RTP packet received: 13 bytes
2025/05/04 23:06:21 RTP packet received: 13 bytes
2025/05/04 23:06:21 RTP packet received: 13 bytes
2025/05/04 23:06:21 RTP packet received: 13 bytes
2025/05/04 23:06:21 RTP packet received: 13 bytes
2025/05/04 23:06:21 RTP packet received: 13 bytes
2025/05/04 23:06:21 RTP packet received: 13 bytes
2025/05/04 23:06:21 RTP packet received: 13 bytes
2025/05/04 23:06:21 RTP packet received: 13 bytes
2025/05/04 23:06:22 RTP packet received: 13 bytes
2025/05/04 23:06:22 RTP packet received: 13 bytes
2025/05/04 23:06:22 RTP packet received: 13 bytes
2025/05/04 23:06:22 📈 Packets: 15/s | Bitrate: 1.56 kbps
2025/05/04 23:06:22 RTP packet received: 13 bytes
2025/05/04 23:06:22 RTP packet received: 13 bytes
2025/05/04 23:06:22 RTP packet received: 13 bytes
2025/05/04 23:06:22 RTP packet received: 13 bytes
2025/05/04 23:06:22 RTP packet received: 13 bytes
2025/05/04 23:06:22 RTP packet received: 13 bytes
2025/05/04 23:06:22 RTP packet received: 13 bytes
2025/05/04 23:06:22 RTP packet received: 13 bytes
2025/05/04 23:06:22 RTP packet received: 13 bytes
2025/05/04 23:06:22 RTP packet received: 13 bytes
2025/05/04 23:06:22 RTP packet received: 13 bytes
2025/05/04 23:06:22 RTP packet received: 13 bytes
2025/05/04 23:06:23 RTP packet received: 13 bytes
2025/05/04 23:06:23 RTP packet received: 13 bytes
2025/05/04 23:06:23 RTP packet received: 13 bytes
2025/05/04 23:06:23 📈 Packets: 16/s | Bitrate: 1.66 kbps
2025/05/04 23:06:23 RTP packet received: 13 bytes
2025/05/04 23:06:23 RTP packet received: 13 bytes
2025/05/04 23:06:23 RTP packet received: 13 bytes
2025/05/04 23:06:23 RTP packet received: 13 bytes
2025/05/04 23:06:23 RTP packet received: 13 bytes
2025/05/04 23:06:23 RTP packet received: 13 bytes
2025/05/04 23:06:23 RTP packet received: 13 bytes
2025/05/04 23:06:23 RTP packet received: 13 bytes
2025/05/04 23:06:23 RTP packet received: 13 bytes
2025/05/04 23:06:23 RTP packet received: 13 bytes
2025/05/04 23:06:23 RTP packet received: 13 bytes
2025/05/04 23:06:23 RTP packet received: 13 bytes
2025/05/04 23:06:24 RTP packet received: 13 bytes
2025/05/04 23:06:24 RTP packet received: 13 bytes
2025/05/04 23:06:24 RTP packet received: 13 bytes
2025/05/04 23:06:24 📈 Packets: 15/s | Bitrate: 1.56 kbps
2025/05/04 23:06:24 RTP packet received: 13 bytes
2025/05/04 23:06:24 RTP packet received: 13 bytes
2025/05/04 23:06:24 RTP packet received: 13 bytes
2025/05/04 23:06:24 RTP packet received: 13 bytes
2025/05/04 23:06:24 RTP packet received: 13 bytes
2025/05/04 23:06:24 RTP packet received: 13 bytes
2025/05/04 23:06:24 RTP packet received: 13 bytes
2025/05/04 23:06:24 RTP packet received: 13 bytes
2025/05/04 23:06:24 RTP packet received: 13 bytes
2025/05/04 23:06:24 RTP packet received: 13 bytes
2025/05/04 23:06:24 RTP packet received: 13 bytes
2025/05/04 23:06:24 RTP packet received: 13 bytes
2025/05/04 23:06:24 RTP packet received: 13 bytes
2025/05/04 23:06:25 RTP packet received: 13 bytes
2025/05/04 23:06:25 RTP packet received: 13 bytes
2025/05/04 23:06:25 📈 Packets: 15/s | Bitrate: 1.56 kbps
2025/05/04 23:06:25 RTP packet received: 13 bytes
2025/05/04 23:06:25 RTP packet received: 13 bytes
2025/05/04 23:06:25 RTP packet received: 13 bytes
2025/05/04 23:06:25 RTP packet received: 13 bytes
2025/05/04 23:06:25 RTP packet received: 13 bytes
2025/05/04 23:06:25 RTP packet received: 13 bytes
2025/05/04 23:06:25 RTP packet received: 13 bytes
2025/05/04 23:06:25 RTP packet received: 13 bytes
2025/05/04 23:06:25 RTP packet received: 13 bytes
2025/05/04 23:06:25 RTP packet received: 13 bytes
2025/05/04 23:06:25 RTP packet received: 13 bytes
2025/05/04 23:06:25 RTP packet received: 13 bytes
2025/05/04 23:06:25 RTP packet received: 13 bytes
2025/05/04 23:06:26 RTP packet received: 13 bytes
2025/05/04 23:06:26 RTP packet received: 13 bytes
2025/05/04 23:06:26 RTP packet received: 13 bytes
2025/05/04 23:06:26 📈 Packets: 15/s | Bitrate: 1.56 kbps
2025/05/04 23:06:26 RTP packet received: 13 bytes
2025/05/04 23:06:26 RTP packet received: 13 bytes
2025/05/04 23:06:26 RTP packet received: 13 bytes
2025/05/04 23:06:26 RTP packet received: 13 bytes
2025/05/04 23:06:26 RTP packet received: 13 bytes
2025/05/04 23:06:26 RTP packet received: 13 bytes
2025/05/04 23:06:26 RTP packet received: 13 bytes
2025/05/04 23:06:26 RTP packet received: 13 bytes
2025/05/04 23:06:26 RTP packet received: 13 bytes
2025/05/04 23:06:26 RTP packet received: 13 bytes
2025/05/04 23:06:26 RTP packet received: 13 bytes
2025/05/04 23:06:26 RTP packet received: 13 bytes
2025/05/04 23:06:27 RTP packet received: 13 bytes
2025/05/04 23:06:27 RTP packet received: 13 bytes
2025/05/04 23:06:27 RTP packet received: 13 bytes
2025/05/04 23:06:27 📈 Packets: 15/s | Bitrate: 1.56 kbps
2025/05/04 23:06:27 RTP packet received: 13 bytes
2025/05/04 23:06:27 RTP packet received: 13 bytes
2025/05/04 23:06:27 RTP packet received: 13 bytes
2025/05/04 23:06:27 RTP packet received: 13 bytes
2025/05/04 23:06:27 RTP packet received: 13 bytes
2025/05/04 23:06:27 RTP packet received: 13 bytes
2025/05/04 23:06:27 RTP packet received: 13 bytes
2025/05/04 23:06:27 RTP packet received: 13 bytes
2025/05/04 23:06:27 RTP packet received: 13 bytes
2025/05/04 23:06:27 RTP packet received: 13 bytes
2025/05/04 23:06:27 RTP packet received: 13 bytes
2025/05/04 23:06:27 RTP packet received: 13 bytes
2025/05/04 23:06:28 RTP packet received: 13 bytes
2025/05/04 23:06:28 RTP packet received: 13 bytes
2025/05/04 23:06:28 RTP packet received: 13 bytes
2025/05/04 23:06:28 📈 Packets: 15/s | Bitrate: 1.56 kbps
2025/05/04 23:06:28 RTP packet received: 13 bytes
2025/05/04 23:06:28 RTP packet received: 13 bytes
2025/05/04 23:06:28 RTP packet received: 13 bytes
2025/05/04 23:06:28 RTP packet received: 13 bytes
2025/05/04 23:06:28 RTP packet received: 13 bytes
2025/05/04 23:06:28 RTP packet received: 13 bytes
2025/05/04 23:06:28 RTP packet received: 13 bytes
2025/05/04 23:06:28 RTP packet received: 13 bytes
2025/05/04 23:06:28 RTP packet received: 13 bytes
2025/05/04 23:06:28 RTP packet received: 13 bytes
2025/05/04 23:06:28 RTP packet received: 13 bytes
2025/05/04 23:06:28 RTP packet received: 13 bytes
2025/05/04 23:06:29 RTP packet received: 13 bytes
2025/05/04 23:06:29 RTP packet received: 13 bytes
2025/05/04 23:06:29 RTP packet received: 13 bytes
2025/05/04 23:06:29 📈 Packets: 16/s | Bitrate: 1.66 kbps
2025/05/04 23:06:29 RTP packet received: 13 bytes
2025/05/04 23:06:29 RTP packet received: 13 bytes
2025/05/04 23:06:29 RTP packet received: 13 bytes
2025/05/04 23:06:29 RTP packet received: 13 bytes
2025/05/04 23:06:29 RTP packet received: 13 bytes
2025/05/04 23:06:29 RTP packet received: 13 bytes
2025/05/04 23:06:29 RTP packet received: 13 bytes
2025/05/04 23:06:29 RTP packet received: 13 bytes
2025/05/04 23:06:29 RTP packet received: 13 bytes
2025/05/04 23:06:29 RTP packet received: 13 bytes
2025/05/04 23:06:29 RTP packet received: 13 bytes
2025/05/04 23:06:29 RTP packet received: 13 bytes
2025/05/04 23:06:30 RTP packet received: 13 bytes
2025/05/04 23:06:30 RTP packet received: 13 bytes
2025/05/04 23:06:30 RTP packet received: 13 bytes
2025/05/04 23:06:30 📈 Packets: 15/s | Bitrate: 1.56 kbps
2025/05/04 23:06:30 RTP packet received: 13 bytes
2025/05/04 23:06:30 RTP packet received: 13 bytes
2025/05/04 23:06:30 RTP packet received: 13 bytes
2025/05/04 23:06:30 RTP packet received: 13 bytes
2025/05/04 23:06:30 RTP packet received: 13 bytes
2025/05/04 23:06:30 RTP packet received: 13 bytes
2025/05/04 23:06:30 RTP packet received: 13 bytes
2025/05/04 23:06:30 RTP packet received: 13 bytes
2025/05/04 23:06:30 RTP packet received: 13 bytes
2025/05/04 23:06:30 RTP packet received: 13 bytes
2025/05/04 23:06:30 RTP packet received: 13 bytes
2025/05/04 23:06:30 RTP packet received: 13 bytes
2025/05/04 23:06:31 RTP packet received: 13 bytes
2025/05/04 23:06:31 RTP packet received: 13 bytes
2025/05/04 23:06:31 RTP packet received: 13 bytes
2025/05/04 23:06:31 📈 Packets: 15/s | Bitrate: 1.56 kbps
2025/05/04 23:06:31 RTP packet received: 13 bytes
2025/05/04 23:06:31 RTP packet received: 13 bytes
2025/05/04 23:06:31 RTP packet received: 13 bytes
2025/05/04 23:06:31 RTP packet received: 13 bytes
2025/05/04 23:06:31 RTP packet received: 13 bytes
2025/05/04 23:06:31 RTP packet received: 13 bytes
2025/05/04 23:06:31 RTP packet received: 13 bytes
2025/05/04 23:06:31 RTP packet received: 13 bytes
2025/05/04 23:06:31 RTP packet received: 13 bytes
2025/05/04 23:06:31 RTP packet received: 13 bytes
2025/05/04 23:06:31 RTP packet received: 13 bytes
2025/05/04 23:06:31 RTP packet received: 13 bytes
2025/05/04 23:06:31 RTP packet received: 13 bytes
2025/05/04 23:06:32 RTP packet received: 13 bytes
2025/05/04 23:06:32 RTP packet received: 13 bytes
2025/05/04 23:06:32 RTP packet received: 13 bytes
2025/05/04 23:06:32 📈 Packets: 15/s | Bitrate: 1.56 kbps
2025/05/04 23:06:32 RTP packet received: 13 bytes
2025/05/04 23:06:32 RTP packet received: 13 bytes
2025/05/04 23:06:32 RTP packet received: 13 bytes
2025/05/04 23:06:32 RTP packet received: 13 bytes
2025/05/04 23:06:32 RTP packet received: 13 bytes
2025/05/04 23:06:32 RTP packet received: 13 bytes
2025/05/04 23:06:32 RTP packet received: 13 bytes
2025/05/04 23:06:32 RTP packet received: 13 bytes
2025/05/04 23:06:32 RTP packet received: 13 bytes
2025/05/04 23:06:32 RTP packet received: 13 bytes
2025/05/04 23:06:32 RTP packet received: 13 bytes
2025/05/04 23:06:32 RTP packet received: 13 bytes
2025/05/04 23:06:33 RTP packet received: 13 bytes
2025/05/04 23:06:33 RTP packet received: 13 bytes
2025/05/04 23:06:33 RTP packet received: 13 bytes
2025/05/04 23:06:33 📈 Packets: 15/s | Bitrate: 1.56 kbps
2025/05/04 23:06:33 RTP packet received: 13 bytes
2025/05/04 23:06:33 RTP packet received: 13 bytes
2025/05/04 23:06:33 RTP packet received: 13 bytes
2025/05/04 23:06:33 RTP packet received: 13 bytes
2025/05/04 23:06:33 RTP packet received: 13 bytes
2025/05/04 23:06:33 RTP packet received: 13 bytes
2025/05/04 23:06:33 RTP packet received: 13 bytes
2025/05/04 23:06:33 RTP packet received: 13 bytes
2025/05/04 23:06:33 RTP packet received: 13 bytes
2025/05/04 23:06:33 RTP packet received: 13 bytes
2025/05/04 23:06:33 RTP packet received: 13 bytes
2025/05/04 23:06:33 RTP packet received: 13 bytes
2025/05/04 23:06:34 RTP packet received: 13 bytes
2025/05/04 23:06:34 RTP packet received: 13 bytes
2025/05/04 23:06:34 RTP packet received: 13 bytes
2025/05/04 23:06:34 📈 Packets: 15/s | Bitrate: 1.56 kbps
2025/05/04 23:06:34 RTP packet received: 13 bytes
2025/05/04 23:06:34 RTP packet received: 13 bytes
2025/05/04 23:06:34 RTP packet received: 13 bytes
2025/05/04 23:06:34 RTP packet received: 13 bytes
2025/05/04 23:06:34 RTP packet received: 13 bytes
2025/05/04 23:06:34 RTP packet received: 13 bytes
2025/05/04 23:06:34 RTP packet received: 13 bytes
2025/05/04 23:06:34 RTP packet received: 13 bytes
2025/05/04 23:06:34 RTP packet received: 13 bytes
2025/05/04 23:06:34 RTP packet received: 13 bytes
2025/05/04 23:06:34 RTP packet received: 13 bytes
2025/05/04 23:06:34 RTP packet received: 13 bytes
2025/05/04 23:06:35 RTP packet received: 13 bytes
2025/05/04 23:06:35 RTP packet received: 13 bytes
2025/05/04 23:06:35 RTP packet received: 13 bytes
2025/05/04 23:06:35 📈 Packets: 15/s | Bitrate: 1.56 kbps
2025/05/04 23:06:35 RTP packet received: 13 bytes
2025/05/04 23:06:35 RTP packet received: 13 bytes
2025/05/04 23:06:35 RTP packet received: 13 bytes
2025/05/04 23:06:35 RTP packet received: 13 bytes
2025/05/04 23:06:35 RTP packet received: 13 bytes
2025/05/04 23:06:35 RTP packet received: 13 bytes
2025/05/04 23:06:35 RTP packet received: 13 bytes
2025/05/04 23:06:35 RTP packet received: 13 bytes
2025/05/04 23:06:35 RTP packet received: 13 bytes
2025/05/04 23:06:35 RTP packet received: 13 bytes
2025/05/04 23:06:35 RTP packet received: 13 bytes
2025/05/04 23:06:35 RTP packet received: 13 bytes
2025/05/04 23:06:36 RTP packet received: 13 bytes
2025/05/04 23:06:36 RTP packet received: 13 bytes
2025/05/04 23:06:36 RTP packet received: 13 bytes
2025/05/04 23:06:36 📈 Packets: 16/s | Bitrate: 1.66 kbps
2025/05/04 23:06:36 RTP packet received: 13 bytes
2025/05/04 23:06:36 RTP packet received: 13 bytes
2025/05/04 23:06:36 RTP packet received: 13 bytes
2025/05/04 23:06:36 RTP packet received: 13 bytes
2025/05/04 23:06:36 RTP packet received: 13 bytes
2025/05/04 23:06:36 RTP packet received: 13 bytes
2025/05/04 23:06:36 RTP packet received: 13 bytes
2025/05/04 23:06:36 RTP packet received: 13 bytes
2025/05/04 23:06:36 RTP packet received: 13 bytes
2025/05/04 23:06:36 RTP packet received: 13 bytes
2025/05/04 23:06:36 RTP packet received: 13 bytes
2025/05/04 23:06:36 RTP packet received: 13 bytes
2025/05/04 23:06:37 RTP packet received: 13 bytes
2025/05/04 23:06:37 RTP packet received: 13 bytes
2025/05/04 23:06:37 RTP packet received: 13 bytes
2025/05/04 23:06:37 📈 Packets: 15/s | Bitrate: 1.56 kbps
2025/05/04 23:06:37 RTP packet received: 13 bytes
2025/05/04 23:06:37 RTP packet received: 13 bytes
2025/05/04 23:06:37 RTP packet received: 13 bytes
2025/05/04 23:06:37 RTP packet received: 13 bytes
2025/05/04 23:06:37 RTP packet received: 13 bytes
2025/05/04 23:06:37 RTP packet received: 13 bytes
2025/05/04 23:06:37 RTP packet received: 13 bytes
2025/05/04 23:06:37 RTP packet received: 13 bytes
2025/05/04 23:06:37 RTP packet received: 13 bytes
2025/05/04 23:06:37 RTP packet received: 13 bytes
2025/05/04 23:06:37 RTP packet received: 13 bytes
2025/05/04 23:06:37 RTP packet received: 13 bytes
2025/05/04 23:06:37 RTP packet received: 13 bytes
2025/05/04 23:06:38 RTP packet received: 13 bytes
2025/05/04 23:06:38 RTP packet received: 13 bytes
2025/05/04 23:06:38 📈 Packets: 15/s | Bitrate: 1.56 kbps
2025/05/04 23:06:38 RTP packet received: 13 bytes
2025/05/04 23:06:38 RTP packet received: 13 bytes
2025/05/04 23:06:38 RTP packet received: 13 bytes
2025/05/04 23:06:38 RTP packet received: 13 bytes
2025/05/04 23:06:38 RTP packet received: 13 bytes
2025/05/04 23:06:38 RTP packet received: 13 bytes
2025/05/04 23:06:38 RTP packet received: 13 bytes
2025/05/04 23:06:38 RTP packet received: 13 bytes
2025/05/04 23:06:38 RTP packet received: 13 bytes
2025/05/04 23:06:38 RTP packet received: 13 bytes
2025/05/04 23:06:38 RTP packet received: 13 bytes
2025/05/04 23:06:38 RTP packet received: 13 bytes
2025/05/04 23:06:38 RTP packet received: 13 bytes
2025/05/04 23:06:39 RTP packet received: 13 bytes
2025/05/04 23:06:39 RTP packet received: 13 bytes
2025/05/04 23:06:39 RTP packet received: 13 bytes
2025/05/04 23:06:39 📈 Packets: 15/s | Bitrate: 1.56 kbps
2025/05/04 23:06:39 RTP packet received: 13 bytes
2025/05/04 23:06:39 RTP packet received: 13 bytes
2025/05/04 23:06:39 RTP packet received: 13 bytes
2025/05/04 23:06:39 RTP packet received: 13 bytes
2025/05/04 23:06:39 RTP packet received: 13 bytes
2025/05/04 23:06:39 RTP packet received: 13 bytes
2025/05/04 23:06:39 RTP packet received: 13 bytes
2025/05/04 23:06:39 RTP packet received: 13 bytes
2025/05/04 23:06:39 RTP packet received: 13 bytes
2025/05/04 23:06:39 RTP packet received: 13 bytes
2025/05/04 23:06:39 RTP packet received: 13 bytes
2025/05/04 23:06:39 RTP packet received: 13 bytes
2025/05/04 23:06:40 RTP packet received: 13 bytes
2025/05/04 23:06:40 RTP packet received: 13 bytes
2025/05/04 23:06:40 RTP packet received: 13 bytes
2025/05/04 23:06:40 📈 Packets: 15/s | Bitrate: 1.56 kbps
2025/05/04 23:06:40 RTP packet received: 13 bytes
2025/05/04 23:06:40 RTP packet received: 13 bytes
2025/05/04 23:06:40 RTP packet received: 13 bytes
2025/05/04 23:06:40 RTP packet received: 13 bytes
2025/05/04 23:06:40 RTP packet received: 13 bytes
2025/05/04 23:06:40 RTP packet received: 13 bytes
2025/05/04 23:06:40 RTP packet received: 13 bytes
2025/05/04 23:06:40 RTP packet received: 13 bytes
2025/05/04 23:06:40 RTP packet received: 13 bytes
2025/05/04 23:06:40 RTP packet received: 13 bytes
2025/05/04 23:06:40 RTP packet received: 13 bytes
2025/05/04 23:06:40 RTP packet received: 13 bytes
2025/05/04 23:06:41 RTP packet received: 13 bytes
2025/05/04 23:06:41 RTP packet received: 13 bytes
2025/05/04 23:06:41 RTP packet received: 13 bytes
2025/05/04 23:06:41 📈 Packets: 15/s | Bitrate: 1.56 kbps
2025/05/04 23:06:41 RTP packet received: 13 bytes
2025/05/04 23:06:41 RTP packet received: 13 bytes
2025/05/04 23:06:41 RTP packet received: 13 bytes
2025/05/04 23:06:41 RTP packet received: 13 bytes
2025/05/04 23:06:41 RTP packet received: 13 bytes
2025/05/04 23:06:41 RTP packet received: 13 bytes
2025/05/04 23:06:41 RTP packet received: 13 bytes
2025/05/04 23:06:41 RTP packet received: 13 bytes
2025/05/04 23:06:41 RTP packet received: 13 bytes
2025/05/04 23:06:41 RTP packet received: 13 bytes
2025/05/04 23:06:41 RTP packet received: 13 bytes
2025/05/04 23:06:41 RTP packet received: 13 bytes
2025/05/04 23:06:42 RTP packet received: 13 bytes
2025/05/04 23:06:42 RTP packet received: 13 bytes
2025/05/04 23:06:42 RTP packet received: 13 bytes
2025/05/04 23:06:42 📈 Packets: 15/s | Bitrate: 1.56 kbps
2025/05/04 23:06:42 RTP packet received: 13 bytes
2025/05/04 23:06:42 RTP packet received: 13 bytes
2025/05/04 23:06:42 RTP packet received: 13 bytes
2025/05/04 23:06:42 RTP packet received: 13 bytes
2025/05/04 23:06:42 RTP packet received: 13 bytes
2025/05/04 23:06:42 RTP packet received: 13 bytes
2025/05/04 23:06:42 RTP packet received: 13 bytes
2025/05/04 23:06:42 RTP packet received: 13 bytes
2025/05/04 23:06:42 RTP packet received: 13 bytes
2025/05/04 23:06:42 RTP packet received: 13 bytes
2025/05/04 23:06:42 RTP packet received: 13 bytes
2025/05/04 23:06:42 RTP packet received: 13 bytes
2025/05/04 23:06:43 RTP packet received: 13 bytes
2025/05/04 23:06:43 RTP packet received: 13 bytes
2025/05/04 23:06:43 RTP packet received: 13 bytes
2025/05/04 23:06:43 📈 Packets: 16/s | Bitrate: 1.66 kbps
2025/05/04 23:06:43 RTP packet received: 13 bytes
2025/05/04 23:06:43 RTP packet received: 13 bytes
2025/05/04 23:06:43 RTP packet received: 13 bytes
2025/05/04 23:06:43 RTP packet received: 13 bytes
2025/05/04 23:06:43 RTP packet received: 13 bytes
2025/05/04 23:06:43 RTP packet received: 13 bytes
2025/05/04 23:06:43 RTP packet received: 13 bytes
2025/05/04 23:06:43 RTP packet received: 13 bytes
2025/05/04 23:06:43 RTP packet received: 13 bytes
2025/05/04 23:06:43 RTP packet received: 13 bytes
2025/05/04 23:06:43 RTP packet received: 13 bytes
2025/05/04 23:06:43 RTP packet received: 13 bytes
2025/05/04 23:06:44 RTP packet received: 13 bytes
2025/05/04 23:06:44 RTP packet received: 13 bytes
2025/05/04 23:06:44 RTP packet received: 13 bytes
2025/05/04 23:06:44 📈 Packets: 15/s | Bitrate: 1.56 kbps
2025/05/04 23:06:44 RTP packet received: 13 bytes
2025/05/04 23:06:44 RTP packet received: 13 bytes
2025/05/04 23:06:44 RTP packet received: 13 bytes
2025/05/04 23:06:44 RTP packet received: 13 bytes
2025/05/04 23:06:44 RTP packet received: 13 bytes
2025/05/04 23:06:44 RTP packet received: 13 bytes
2025/05/04 23:06:44 RTP packet received: 13 bytes
2025/05/04 23:06:44 RTP packet received: 13 bytes
2025/05/04 23:06:44 RTP packet received: 13 bytes
2025/05/04 23:06:44 RTP packet received: 13 bytes
2025/05/04 23:06:44 RTP packet received: 13 bytes
2025/05/04 23:06:44 RTP packet received: 13 bytes
2025/05/04 23:06:44 RTP packet received: 13 bytes
2025/05/04 23:06:45 RTP packet received: 13 bytes
2025/05/04 23:06:45 RTP packet received: 13 bytes
2025/05/04 23:06:45 RTP packet received: 13 bytes
2025/05/04 23:06:45 📈 Packets: 15/s | Bitrate: 1.56 kbps
2025/05/04 23:06:45 RTP packet received: 13 bytes
2025/05/04 23:06:45 RTP packet received: 13 bytes
2025/05/04 23:06:45 RTP packet received: 13 bytes
2025/05/04 23:06:45 RTP packet received: 13 bytes
2025/05/04 23:06:45 RTP packet received: 13 bytes
2025/05/04 23:06:45 RTP packet received: 13 bytes
2025/05/04 23:06:45 RTP packet received: 13 bytes
2025/05/04 23:06:45 RTP packet received: 13 bytes
2025/05/04 23:06:45 RTP packet received: 13 bytes
2025/05/04 23:06:45 RTP packet received: 13 bytes
2025/05/04 23:06:45 RTP packet received: 13 bytes
2025/05/04 23:06:45 RTP packet received: 13 bytes
2025/05/04 23:06:46 RTP packet received: 13 bytes
2025/05/04 23:06:46 RTP packet received: 13 bytes
2025/05/04 23:06:46 RTP packet received: 13 bytes
2025/05/04 23:06:46 📈 Packets: 15/s | Bitrate: 1.56 kbps
2025/05/04 23:06:46 RTP packet received: 13 bytes
2025/05/04 23:06:46 RTP packet received: 13 bytes
2025/05/04 23:06:46 RTP packet received: 13 bytes
2025/05/04 23:06:46 RTP packet received: 13 bytes
2025/05/04 23:06:46 RTP packet received: 13 bytes
2025/05/04 23:06:46 RTP packet received: 13 bytes
2025/05/04 23:06:46 RTP packet received: 13 bytes
2025/05/04 23:06:46 RTP packet received: 13 bytes
2025/05/04 23:06:46 RTP packet received: 13 bytes
2025/05/04 23:06:46 RTP packet received: 13 bytes
2025/05/04 23:06:46 RTP packet received: 13 bytes
2025/05/04 23:06:46 RTP packet received: 13 bytes
2025/05/04 23:06:47 RTP packet received: 13 bytes
2025/05/04 23:06:47 RTP packet received: 13 bytes
2025/05/04 23:06:47 RTP packet received: 13 bytes
2025/05/04 23:06:47 📈 Packets: 15/s | Bitrate: 1.56 kbps
2025/05/04 23:06:47 RTP packet received: 13 bytes
2025/05/04 23:06:47 RTP packet received: 13 bytes
2025/05/04 23:06:47 RTP packet received: 13 bytes
2025/05/04 23:06:47 RTP packet received: 13 bytes
2025/05/04 23:06:47 RTP packet received: 13 bytes
2025/05/04 23:06:47 RTP packet received: 13 bytes
2025/05/04 23:06:47 RTP packet received: 13 bytes
2025/05/04 23:06:47 RTP packet received: 13 bytes
2025/05/04 23:06:47 RTP packet received: 13 bytes
2025/05/04 23:06:47 RTP packet received: 13 bytes
2025/05/04 23:06:47 RTP packet received: 13 bytes
2025/05/04 23:06:47 RTP packet received: 13 bytes
2025/05/04 23:06:48 RTP packet received: 13 bytes
2025/05/04 23:06:48 RTP packet received: 13 bytes
2025/05/04 23:06:48 RTP packet received: 13 bytes
2025/05/04 23:06:48 📈 Packets: 15/s | Bitrate: 1.56 kbps
2025/05/04 23:06:48 RTP packet received: 13 bytes
2025/05/04 23:06:48 RTP packet received: 13 bytes
2025/05/04 23:06:48 RTP packet received: 13 bytes
2025/05/04 23:06:48 RTP packet received: 13 bytes
2025/05/04 23:06:48 RTP packet received: 13 bytes
2025/05/04 23:06:48 RTP packet received: 13 bytes
2025/05/04 23:06:48 RTP packet received: 13 bytes
2025/05/04 23:06:48 RTP packet received: 13 bytes
2025/05/04 23:06:48 RTP packet received: 13 bytes
2025/05/04 23:06:48 RTP packet received: 13 bytes
2025/05/04 23:06:48 RTP packet received: 13 bytes
2025/05/04 23:06:48 RTP packet received: 13 bytes
2025/05/04 23:06:49 RTP packet received: 13 bytes
2025/05/04 23:06:49 RTP packet received: 13 bytes
2025/05/04 23:06:49 RTP packet received: 13 bytes
2025/05/04 23:06:49 📈 Packets: 16/s | Bitrate: 1.66 kbps
2025/05/04 23:06:49 RTP packet received: 13 bytes
2025/05/04 23:06:49 RTP packet received: 13 bytes
2025/05/04 23:06:49 RTP packet received: 13 bytes
2025/05/04 23:06:49 RTP packet received: 13 bytes
2025/05/04 23:06:49 RTP packet received: 13 bytes
2025/05/04 23:06:49 RTP packet received: 13 bytes
2025/05/04 23:06:49 RTP packet received: 13 bytes
2025/05/04 23:06:49 RTP packet received: 13 bytes
2025/05/04 23:06:49 RTP packet received: 13 bytes
2025/05/04 23:06:49 RTP packet received: 13 bytes
2025/05/04 23:06:49 RTP packet received: 13 bytes
2025/05/04 23:06:49 RTP packet received: 13 bytes
2025/05/04 23:06:50 RTP packet received: 13 bytes
2025/05/04 23:06:50 RTP packet received: 13 bytes
2025/05/04 23:06:50 RTP packet received: 13 bytes
2025/05/04 23:06:50 📈 Packets: 15/s | Bitrate: 1.56 kbps
2025/05/04 23:06:50 RTP packet received: 13 bytes
2025/05/04 23:06:50 RTP packet received: 13 bytes
2025/05/04 23:06:50 RTP packet received: 13 bytes
2025/05/04 23:06:50 RTP packet received: 13 bytes
2025/05/04 23:06:50 RTP packet received: 13 bytes
2025/05/04 23:06:50 RTP packet received: 13 bytes
2025/05/04 23:06:50 RTP packet received: 13 bytes
2025/05/04 23:06:50 RTP packet received: 13 bytes
2025/05/04 23:06:50 RTP packet received: 13 bytes
2025/05/04 23:06:50 RTP packet received: 13 bytes
2025/05/04 23:06:50 RTP packet received: 13 bytes
2025/05/04 23:06:50 RTP packet received: 13 bytes
2025/05/04 23:06:50 RTP packet received: 13 bytes
2025/05/04 23:06:51 RTP packet received: 13 bytes
2025/05/04 23:06:51 RTP packet received: 13 bytes
2025/05/04 23:06:51 📈 Packets: 15/s | Bitrate: 1.56 kbps
2025/05/04 23:06:51 RTP packet received: 13 bytes
2025/05/04 23:06:51 RTP packet received: 13 bytes
2025/05/04 23:06:51 RTP packet received: 13 bytes
2025/05/04 23:06:51 RTP packet received: 13 bytes
2025/05/04 23:06:51 RTP packet received: 13 bytes
2025/05/04 23:06:51 RTP packet received: 13 bytes
2025/05/04 23:06:51 RTP packet received: 13 bytes
2025/05/04 23:06:51 RTP packet received: 13 bytes
2025/05/04 23:06:51 RTP packet received: 13 bytes
2025/05/04 23:06:51 RTP packet received: 13 bytes
2025/05/04 23:06:51 RTP packet received: 13 bytes
2025/05/04 23:06:51 RTP packet received: 13 bytes
2025/05/04 23:06:52 RTP packet received: 13 bytes
2025/05/04 23:06:52 RTP packet received: 13 bytes
2025/05/04 23:06:52 📈 Packets: 17/s | Bitrate: 1.77 kbps
2025/05/04 23:06:52 RTP packet received: 13 bytes
2025/05/04 23:06:52 RTP packet received: 13 bytes
2025/05/04 23:06:52 RTP packet received: 13 bytes
2025/05/04 23:06:52 RTP packet received: 13 bytes
2025/05/04 23:06:52 RTP packet received: 13 bytes
2025/05/04 23:06:52 RTP packet received: 13 bytes
2025/05/04 23:06:52 RTP packet received: 13 bytes
2025/05/04 23:06:52 RTP packet received: 13 bytes
2025/05/04 23:06:52 RTP packet received: 13 bytes
2025/05/04 23:06:52 RTP packet received: 13 bytes
2025/05/04 23:06:52 RTP packet received: 13 bytes
2025/05/04 23:06:52 RTP packet received: 13 bytes
2025/05/04 23:06:53 RTP packet received: 13 bytes
2025/05/04 23:06:53 RTP packet received: 13 bytes
2025/05/04 23:06:53 RTP packet received: 13 bytes
2025/05/04 23:06:53 📈 Packets: 15/s | Bitrate: 1.56 kbps
2025/05/04 23:06:53 RTP packet received: 13 bytes
2025/05/04 23:06:53 RTP packet received: 13 bytes
2025/05/04 23:06:53 RTP packet received: 13 bytes
2025/05/04 23:06:53 RTP packet received: 13 bytes
2025/05/04 23:06:53 RTP packet received: 13 bytes
2025/05/04 23:06:53 RTP packet received: 13 bytes
2025/05/04 23:06:53 RTP packet received: 13 bytes
2025/05/04 23:06:53 RTP packet received: 13 bytes
2025/05/04 23:06:53 RTP packet received: 13 bytes
2025/05/04 23:06:53 RTP packet received: 13 bytes
2025/05/04 23:06:53 RTP packet received: 13 bytes
2025/05/04 23:06:53 RTP packet received: 13 bytes
2025/05/04 23:06:53 RTP packet received: 13 bytes
2025/05/04 23:06:54 RTP packet received: 13 bytes
2025/05/04 23:06:54 RTP packet received: 13 bytes
2025/05/04 23:06:54 📈 Packets: 15/s | Bitrate: 1.56 kbps
2025/05/04 23:06:54 RTP packet received: 13 bytes
2025/05/04 23:06:54 RTP packet received: 13 bytes
2025/05/04 23:06:54 RTP packet received: 13 bytes
2025/05/04 23:06:54 RTP packet received: 13 bytes
2025/05/04 23:06:54 RTP packet received: 13 bytes
2025/05/04 23:06:54 RTP packet received: 13 bytes
2025/05/04 23:06:54 RTP packet received: 13 bytes
2025/05/04 23:06:54 RTP packet received: 13 bytes
2025/05/04 23:06:54 RTP packet received: 13 bytes
2025/05/04 23:06:54 RTP packet received: 13 bytes
2025/05/04 23:06:54 RTP packet received: 13 bytes
2025/05/04 23:06:54 RTP packet received: 13 bytes
2025/05/04 23:06:54 RTP packet received: 13 bytes
2025/05/04 23:06:55 RTP packet received: 13 bytes
2025/05/04 23:06:55 RTP packet received: 13 bytes
2025/05/04 23:06:55 📈 Packets: 15/s | Bitrate: 1.56 kbps
2025/05/04 23:06:55 RTP packet received: 13 bytes
2025/05/04 23:06:55 RTP packet received: 13 bytes
2025/05/04 23:06:55 RTP packet received: 13 bytes
2025/05/04 23:06:55 RTP packet received: 13 bytes
2025/05/04 23:06:55 RTP packet received: 13 bytes
2025/05/04 23:06:55 RTP packet received: 13 bytes
2025/05/04 23:06:55 RTP packet received: 13 bytes
2025/05/04 23:06:55 RTP packet received: 13 bytes
2025/05/04 23:06:55 RTP packet received: 13 bytes
2025/05/04 23:06:55 RTP packet received: 13 bytes
2025/05/04 23:06:55 RTP packet received: 13 bytes
2025/05/04 23:06:55 RTP packet received: 13 bytes
2025/05/04 23:06:55 RTP packet received: 13 bytes
2025/05/04 23:06:56 RTP packet received: 13 bytes
2025/05/04 23:06:56 RTP packet received: 13 bytes
2025/05/04 23:06:56 RTP packet received: 13 bytes
2025/05/04 23:06:56 📈 Packets: 15/s | Bitrate: 1.56 kbps
2025/05/04 23:06:56 RTP packet received: 13 bytes
2025/05/04 23:06:56 RTP packet received: 13 bytes
2025/05/04 23:06:56 RTP packet received: 13 bytes
2025/05/04 23:06:56 RTP packet received: 13 bytes
2025/05/04 23:06:56 RTP packet received: 13 bytes
2025/05/04 23:06:56 RTP packet received: 13 bytes
2025/05/04 23:06:56 RTP packet received: 13 bytes
2025/05/04 23:06:56 RTP packet received: 13 bytes
2025/05/04 23:06:56 RTP packet received: 13 bytes
2025/05/04 23:06:56 RTP packet received: 13 bytes
2025/05/04 23:06:56 RTP packet received: 13 bytes
2025/05/04 23:06:56 RTP packet received: 13 bytes
2025/05/04 23:06:57 RTP packet received: 13 bytes
2025/05/04 23:06:57 RTP packet received: 13 bytes
2025/05/04 23:06:57 RTP packet received: 13 bytes
2025/05/04 23:06:57 📈 Packets: 15/s | Bitrate: 1.56 kbps
2025/05/04 23:06:57 RTP packet received: 13 bytes
2025/05/04 23:06:57 RTP packet received: 13 bytes
2025/05/04 23:06:57 RTP packet received: 13 bytes
2025/05/04 23:06:57 RTP packet received: 13 bytes
2025/05/04 23:06:57 RTP packet received: 13 bytes
2025/05/04 23:06:57 RTP packet received: 13 bytes
2025/05/04 23:06:57 RTP packet received: 13 bytes
2025/05/04 23:06:57 RTP packet received: 13 bytes
2025/05/04 23:06:57 RTP packet received: 13 bytes
2025/05/04 23:06:57 RTP packet received: 13 bytes
2025/05/04 23:06:57 RTP packet received: 13 bytes
2025/05/04 23:06:57 RTP packet received: 13 bytes
2025/05/04 23:06:58 RTP packet received: 13 bytes
2025/05/04 23:06:58 RTP packet received: 13 bytes
2025/05/04 23:06:58 RTP packet received: 13 bytes
2025/05/04 23:06:58 📈 Packets: 16/s | Bitrate: 1.66 kbps
2025/05/04 23:06:58 RTP packet received: 13 bytes
2025/05/04 23:06:58 RTP packet received: 13 bytes
2025/05/04 23:06:58 RTP packet received: 13 bytes
2025/05/04 23:06:58 RTP packet received: 13 bytes
2025/05/04 23:06:58 RTP packet received: 13 bytes
2025/05/04 23:06:58 RTP packet received: 13 bytes
2025/05/04 23:06:58 RTP packet received: 13 bytes
2025/05/04 23:06:58 RTP packet received: 13 bytes
2025/05/04 23:06:58 RTP packet received: 13 bytes
2025/05/04 23:06:58 RTP packet received: 13 bytes
2025/05/04 23:06:58 RTP packet received: 13 bytes
2025/05/04 23:06:58 RTP packet received: 13 bytes
2025/05/04 23:06:59 RTP packet received: 13 bytes
2025/05/04 23:06:59 RTP packet received: 13 bytes
2025/05/04 23:06:59 RTP packet received: 13 bytes
2025/05/04 23:06:59 📈 Packets: 15/s | Bitrate: 1.56 kbps
2025/05/04 23:06:59 RTP packet received: 13 bytes
2025/05/04 23:06:59 RTP packet received: 13 bytes
2025/05/04 23:06:59 RTP packet received: 13 bytes
2025/05/04 23:06:59 RTP packet received: 13 bytes
2025/05/04 23:06:59 RTP packet received: 13 bytes
2025/05/04 23:06:59 RTP packet received: 13 bytes
2025/05/04 23:06:59 RTP packet received: 13 bytes
2025/05/04 23:06:59 RTP packet received: 13 bytes
2025/05/04 23:06:59 RTP packet received: 13 bytes
2025/05/04 23:06:59 RTP packet received: 13 bytes
2025/05/04 23:06:59 RTP packet received: 13 bytes
2025/05/04 23:06:59 RTP packet received: 13 bytes
2025/05/04 23:07:00 RTP packet received: 13 bytes
2025/05/04 23:07:00 RTP packet received: 13 bytes
2025/05/04 23:07:00 RTP packet received: 13 bytes
2025/05/04 23:07:00 📈 Packets: 15/s | Bitrate: 1.56 kbps
2025/05/04 23:07:00 RTP packet received: 13 bytes
2025/05/04 23:07:00 RTP packet received: 13 bytes
2025/05/04 23:07:00 RTP packet received: 13 bytes
2025/05/04 23:07:00 RTP packet received: 13 bytes
2025/05/04 23:07:00 RTP packet received: 13 bytes
2025/05/04 23:07:00 RTP packet received: 13 bytes
2025/05/04 23:07:00 RTP packet received: 13 bytes
2025/05/04 23:07:00 RTP packet received: 13 bytes
2025/05/04 23:07:00 RTP packet received: 13 bytes
2025/05/04 23:07:00 RTP packet received: 13 bytes
2025/05/04 23:07:00 RTP packet received: 13 bytes
2025/05/04 23:07:00 RTP packet received: 13 bytes
2025/05/04 23:07:00 RTP packet received: 13 bytes
2025/05/04 23:07:01 RTP packet received: 13 bytes
2025/05/04 23:07:01 RTP packet received: 13 bytes
2025/05/04 23:07:01 📈 Packets: 15/s | Bitrate: 1.56 kbps
2025/05/04 23:07:01 RTP packet received: 13 bytes
2025/05/04 23:07:01 RTP packet received: 13 bytes
2025/05/04 23:07:01 RTP packet received: 13 bytes
2025/05/04 23:07:01 RTP packet received: 13 bytes
2025/05/04 23:07:01 RTP packet received: 13 bytes
2025/05/04 23:07:01 RTP packet received: 13 bytes
2025/05/04 23:07:01 RTP packet received: 13 bytes
2025/05/04 23:07:01 RTP packet received: 13 bytes
2025/05/04 23:07:01 RTP packet received: 13 bytes
2025/05/04 23:07:01 RTP packet received: 13 bytes
2025/05/04 23:07:01 RTP packet received: 13 bytes
2025/05/04 23:07:01 RTP packet received: 13 bytes
2025/05/04 23:07:01 RTP packet received: 13 bytes
2025/05/04 23:07:02 RTP packet received: 13 bytes
2025/05/04 23:07:02 RTP packet received: 13 bytes
2025/05/04 23:07:02 RTP packet received: 13 bytes
2025/05/04 23:07:02 📈 Packets: 15/s | Bitrate: 1.56 kbps
2025/05/04 23:07:02 RTP packet received: 13 bytes
2025/05/04 23:07:02 RTP packet received: 13 bytes
2025/05/04 23:07:02 RTP packet received: 13 bytes
2025/05/04 23:07:02 RTP packet received: 13 bytes
2025/05/04 23:07:02 RTP packet received: 13 bytes
2025/05/04 23:07:02 RTP packet received: 13 bytes
2025/05/04 23:07:02 RTP packet received: 13 bytes
2025/05/04 23:07:02 RTP packet received: 13 bytes
2025/05/04 23:07:02 RTP packet received: 13 bytes
2025/05/04 23:07:02 RTP packet received: 13 bytes
2025/05/04 23:07:02 RTP packet received: 13 bytes
2025/05/04 23:07:02 RTP packet received: 13 bytes
2025/05/04 23:07:03 RTP packet received: 13 bytes
2025/05/04 23:07:03 RTP packet received: 13 bytes
2025/05/04 23:07:03 RTP packet received: 13 bytes
2025/05/04 23:07:03 📈 Packets: 15/s | Bitrate: 1.56 kbps
2025/05/04 23:07:03 RTP packet received: 13 bytes
2025/05/04 23:07:03 RTP packet received: 13 bytes
2025/05/04 23:07:03 RTP packet received: 13 bytes
2025/05/04 23:07:03 RTP packet received: 13 bytes
2025/05/04 23:07:03 RTP packet received: 13 bytes
2025/05/04 23:07:03 RTP packet received: 13 bytes
2025/05/04 23:07:03 RTP packet received: 13 bytes
2025/05/04 23:07:03 RTP packet received: 13 bytes
2025/05/04 23:07:03 RTP packet received: 13 bytes
2025/05/04 23:07:03 RTP packet received: 13 bytes
2025/05/04 23:07:03 RTP packet received: 13 bytes
2025/05/04 23:07:03 RTP packet received: 13 bytes
2025/05/04 23:07:04 RTP packet received: 13 bytes
2025/05/04 23:07:04 RTP packet received: 13 bytes
2025/05/04 23:07:04 RTP packet received: 13 bytes
2025/05/04 23:07:04 📈 Packets: 15/s | Bitrate: 1.56 kbps
2025/05/04 23:07:04 RTP packet received: 13 bytes
2025/05/04 23:07:04 RTP packet received: 13 bytes
2025/05/04 23:07:04 RTP packet received: 13 bytes
2025/05/04 23:07:04 RTP packet received: 13 bytes
2025/05/04 23:07:04 RTP packet received: 13 bytes
2025/05/04 23:07:04 RTP packet received: 13 bytes
2025/05/04 23:07:04 RTP packet received: 13 bytes
2025/05/04 23:07:04 RTP packet received: 13 bytes
2025/05/04 23:07:04 RTP packet received: 13 bytes
2025/05/04 23:07:04 RTP packet received: 13 bytes
2025/05/04 23:07:04 RTP packet received: 13 bytes
2025/05/04 23:07:04 RTP packet received: 13 bytes
2025/05/04 23:07:05 RTP packet received: 13 bytes
2025/05/04 23:07:05 RTP packet received: 13 bytes
2025/05/04 23:07:05 RTP packet received: 13 bytes
2025/05/04 23:07:05 📈 Packets: 15/s | Bitrate: 1.56 kbps
2025/05/04 23:07:05 RTP packet received: 13 bytes
2025/05/04 23:07:05 RTP packet received: 13 bytes
2025/05/04 23:07:05 RTP packet received: 13 bytes
2025/05/04 23:07:05 RTP packet received: 13 bytes
2025/05/04 23:07:05 RTP packet received: 13 bytes
2025/05/04 23:07:05 RTP packet received: 13 bytes
2025/05/04 23:07:05 RTP packet received: 13 bytes
2025/05/04 23:07:05 RTP packet received: 13 bytes
2025/05/04 23:07:05 RTP packet received: 13 bytes
2025/05/04 23:07:05 RTP packet received: 13 bytes
2025/05/04 23:07:05 RTP packet received: 13 bytes
2025/05/04 23:07:05 RTP packet received: 13 bytes
2025/05/04 23:07:06 RTP packet received: 13 bytes
2025/05/04 23:07:06 RTP packet received: 13 bytes
2025/05/04 23:07:06 RTP packet received: 13 bytes
2025/05/04 23:07:06 📈 Packets: 16/s | Bitrate: 1.66 kbps
2025/05/04 23:07:06 RTP packet received: 13 bytes
2025/05/04 23:07:06 RTP packet received: 13 bytes
2025/05/04 23:07:06 RTP packet received: 13 bytes
2025/05/04 23:07:06 RTP packet received: 13 bytes
2025/05/04 23:07:06 RTP packet received: 13 bytes
2025/05/04 23:07:06 RTP packet received: 13 bytes
2025/05/04 23:07:06 RTP packet received: 13 bytes
2025/05/04 23:07:06 RTP packet received: 13 bytes
2025/05/04 23:07:06 RTP packet received: 13 bytes
2025/05/04 23:07:06 RTP packet received: 13 bytes
2025/05/04 23:07:06 RTP packet received: 13 bytes
2025/05/04 23:07:06 RTP packet received: 13 bytes
2025/05/04 23:07:07 RTP packet received: 13 bytes
2025/05/04 23:07:07 RTP packet received: 13 bytes
2025/05/04 23:07:07 RTP packet received: 13 bytes
2025/05/04 23:07:07 📈 Packets: 15/s | Bitrate: 1.56 kbps
2025/05/04 23:07:07 RTP packet received: 13 bytes
2025/05/04 23:07:07 RTP packet received: 13 bytes
2025/05/04 23:07:07 RTP packet received: 13 bytes
2025/05/04 23:07:07 RTP packet received: 13 bytes
2025/05/04 23:07:07 RTP packet received: 13 bytes
2025/05/04 23:07:07 RTP packet received: 13 bytes
2025/05/04 23:07:07 RTP packet received: 13 bytes
2025/05/04 23:07:07 RTP packet received: 13 bytes
2025/05/04 23:07:07 RTP packet received: 13 bytes
2025/05/04 23:07:07 RTP packet received: 13 bytes
2025/05/04 23:07:07 RTP packet received: 13 bytes
2025/05/04 23:07:07 RTP packet received: 13 bytes
2025/05/04 23:07:07 RTP packet received: 13 bytes
2025/05/04 23:07:08 RTP packet received: 13 bytes
2025/05/04 23:07:08 RTP packet received: 13 bytes
2025/05/04 23:07:08 📈 Packets: 15/s | Bitrate: 1.56 kbps
2025/05/04 23:07:08 RTP packet received: 13 bytes
2025/05/04 23:07:08 RTP packet received: 13 bytes
2025/05/04 23:07:08 RTP packet received: 13 bytes
2025/05/04 23:07:08 RTP packet received: 13 bytes
2025/05/04 23:07:08 RTP packet received: 13 bytes
2025/05/04 23:07:08 RTP packet received: 13 bytes
2025/05/04 23:07:08 RTP packet received: 13 bytes
2025/05/04 23:07:08 RTP packet received: 13 bytes
2025/05/04 23:07:08 RTP packet received: 13 bytes
2025/05/04 23:07:08 RTP packet received: 13 bytes
2025/05/04 23:07:08 RTP packet received: 13 bytes
2025/05/04 23:07:08 RTP packet received: 13 bytes
2025/05/04 23:07:08 RTP packet received: 13 bytes
2025/05/04 23:07:09 RTP packet received: 13 bytes
2025/05/04 23:07:09 RTP packet received: 13 bytes
2025/05/04 23:07:09 RTP packet received: 13 bytes
2025/05/04 23:07:09 📈 Packets: 15/s | Bitrate: 1.56 kbps
2025/05/04 23:07:09 RTP packet received: 13 bytes
2025/05/04 23:07:09 RTP packet received: 13 bytes
2025/05/04 23:07:09 RTP packet received: 13 bytes
2025/05/04 23:07:09 RTP packet received: 13 bytes
2025/05/04 23:07:09 RTP packet received: 13 bytes
2025/05/04 23:07:09 RTP packet received: 13 bytes
2025/05/04 23:07:09 RTP packet received: 13 bytes
2025/05/04 23:07:09 RTP packet received: 13 bytes
2025/05/04 23:07:09 RTP packet received: 13 bytes
2025/05/04 23:07:09 RTP packet received: 13 bytes
2025/05/04 23:07:09 RTP packet received: 13 bytes
2025/05/04 23:07:09 RTP packet received: 13 bytes
2025/05/04 23:07:10 RTP packet received: 13 bytes
2025/05/04 23:07:10 RTP packet received: 13 bytes
2025/05/04 23:07:10 RTP packet received: 13 bytes
2025/05/04 23:07:10 📈 Packets: 15/s | Bitrate: 1.56 kbps
2025/05/04 23:07:10 RTP packet received: 13 bytes
2025/05/04 23:07:10 RTP packet received: 13 bytes
2025/05/04 23:07:10 RTP packet received: 13 bytes
2025/05/04 23:07:10 RTP packet received: 13 bytes
2025/05/04 23:07:10 RTP packet received: 13 bytes
2025/05/04 23:07:10 RTP packet received: 13 bytes
2025/05/04 23:07:10 RTP packet received: 13 bytes
2025/05/04 23:07:10 RTP packet received: 13 bytes
2025/05/04 23:07:10 RTP packet received: 13 bytes
2025/05/04 23:07:10 RTP packet received: 13 bytes
2025/05/04 23:07:10 RTP packet received: 13 bytes
2025/05/04 23:07:10 RTP packet received: 13 bytes
2025/05/04 23:07:11 RTP packet received: 13 bytes
2025/05/04 23:07:11 RTP packet received: 13 bytes
2025/05/04 23:07:11 RTP packet received: 13 bytes
2025/05/04 23:07:11 📈 Packets: 15/s | Bitrate: 1.56 kbps
2025/05/04 23:07:11 RTP packet received: 13 bytes
2025/05/04 23:07:11 RTP packet received: 13 bytes
2025/05/04 23:07:11 RTP packet received: 13 bytes
2025/05/04 23:07:11 RTP packet received: 13 bytes
2025/05/04 23:07:11 RTP packet received: 13 bytes
2025/05/04 23:07:11 RTP packet received: 13 bytes
2025/05/04 23:07:11 RTP packet received: 13 bytes
2025/05/04 23:07:11 RTP packet received: 13 bytes
2025/05/04 23:07:11 RTP packet received: 13 bytes
2025/05/04 23:07:11 RTP packet received: 13 bytes
2025/05/04 23:07:11 RTP packet received: 13 bytes
2025/05/04 23:07:11 RTP packet received: 13 bytes
2025/05/04 23:07:12 RTP packet received: 13 bytes
2025/05/04 23:07:12 RTP packet received: 13 bytes
2025/05/04 23:07:12 RTP packet received: 13 bytes
2025/05/04 23:07:12 📈 Packets: 16/s | Bitrate: 1.66 kbps
2025/05/04 23:07:12 RTP packet received: 13 bytes
2025/05/04 23:07:12 RTP packet received: 13 bytes
2025/05/04 23:07:12 RTP packet received: 13 bytes
2025/05/04 23:07:12 RTP packet received: 13 bytes
2025/05/04 23:07:12 RTP packet received: 13 bytes
2025/05/04 23:07:12 RTP packet received: 13 bytes
2025/05/04 23:07:12 RTP packet received: 13 bytes
2025/05/04 23:07:12 RTP packet received: 13 bytes
2025/05/04 23:07:12 RTP packet received: 13 bytes
2025/05/04 23:07:12 RTP packet received: 13 bytes
2025/05/04 23:07:12 RTP packet received: 13 bytes
2025/05/04 23:07:12 RTP packet received: 13 bytes
2025/05/04 23:07:13 RTP packet received: 13 bytes
2025/05/04 23:07:13 RTP packet received: 13 bytes
2025/05/04 23:07:13 RTP packet received: 13 bytes
2025/05/04 23:07:13 📈 Packets: 15/s | Bitrate: 1.56 kbps
2025/05/04 23:07:13 RTP packet received: 13 bytes
2025/05/04 23:07:13 RTP packet received: 13 bytes
2025/05/04 23:07:13 RTP packet received: 13 bytes
2025/05/04 23:07:13 RTP packet received: 13 bytes
2025/05/04 23:07:13 RTP packet received: 13 bytes
2025/05/04 23:07:13 RTP packet received: 13 bytes
2025/05/04 23:07:13 RTP packet received: 13 bytes
2025/05/04 23:07:13 RTP packet received: 13 bytes
2025/05/04 23:07:13 RTP packet received: 13 bytes
2025/05/04 23:07:13 RTP packet received: 13 bytes
2025/05/04 23:07:13 RTP packet received: 13 bytes
2025/05/04 23:07:13 RTP packet received: 13 bytes
2025/05/04 23:07:13 RTP packet received: 13 bytes
2025/05/04 23:07:14 RTP packet received: 13 bytes
2025/05/04 23:07:14 RTP packet received: 13 bytes
2025/05/04 23:07:14 📈 Packets: 15/s | Bitrate: 1.56 kbps
2025/05/04 23:07:14 RTP packet received: 13 bytes
2025/05/04 23:07:14 RTP packet received: 13 bytes
2025/05/04 23:07:14 RTP packet received: 13 bytes
2025/05/04 23:07:14 RTP packet received: 13 bytes
2025/05/04 23:07:14 RTP packet received: 13 bytes
2025/05/04 23:07:14 RTP packet received: 13 bytes
2025/05/04 23:07:14 RTP packet received: 13 bytes
2025/05/04 23:07:14 RTP packet received: 13 bytes
2025/05/04 23:07:14 RTP packet received: 13 bytes
2025/05/04 23:07:14 RTP packet received: 13 bytes
2025/05/04 23:07:14 RTP packet received: 13 bytes
2025/05/04 23:07:14 RTP packet received: 13 bytes
2025/05/04 23:07:14 RTP packet received: 13 bytes
2025/05/04 23:07:15 RTP packet received: 13 bytes
2025/05/04 23:07:15 RTP packet received: 13 bytes
2025/05/04 23:07:15 📈 Packets: 15/s | Bitrate: 1.56 kbps
2025/05/04 23:07:15 RTP packet received: 13 bytes
2025/05/04 23:07:15 RTP packet received: 13 bytes
2025/05/04 23:07:15 RTP packet received: 13 bytes
2025/05/04 23:07:15 RTP packet received: 13 bytes
2025/05/04 23:07:15 RTP packet received: 13 bytes
2025/05/04 23:07:15 RTP packet received: 13 bytes
2025/05/04 23:07:15 RTP packet received: 13 bytes
2025/05/04 23:07:15 RTP packet received: 13 bytes
2025/05/04 23:07:15 RTP packet received: 13 bytes
2025/05/04 23:07:15 RTP packet received: 13 bytes
2025/05/04 23:07:15 RTP packet received: 13 bytes
2025/05/04 23:07:15 RTP packet received: 13 bytes
2025/05/04 23:07:15 RTP packet received: 13 bytes
2025/05/04 23:07:16 RTP packet received: 13 bytes
2025/05/04 23:07:16 RTP packet received: 13 bytes
2025/05/04 23:07:16 RTP packet received: 13 bytes
2025/05/04 23:07:16 📈 Packets: 15/s | Bitrate: 1.56 kbps
2025/05/04 23:07:16 RTP packet received: 13 bytes
2025/05/04 23:07:16 RTP packet received: 13 bytes
2025/05/04 23:07:16 RTP packet received: 13 bytes
2025/05/04 23:07:16 RTP packet received: 13 bytes
2025/05/04 23:07:16 RTP packet received: 13 bytes
2025/05/04 23:07:16 RTP packet received: 13 bytes
2025/05/04 23:07:16 RTP packet received: 13 bytes
2025/05/04 23:07:16 RTP packet received: 13 bytes
2025/05/04 23:07:16 RTP packet received: 13 bytes
2025/05/04 23:07:16 RTP packet received: 13 bytes
2025/05/04 23:07:16 RTP packet received: 13 bytes
2025/05/04 23:07:16 RTP packet received: 13 bytes
2025/05/04 23:07:17 RTP packet received: 13 bytes
2025/05/04 23:07:17 RTP packet received: 13 bytes
2025/05/04 23:07:17 RTP packet received: 13 bytes
2025/05/04 23:07:17 📈 Packets: 15/s | Bitrate: 1.56 kbps
2025/05/04 23:07:17 RTP packet received: 13 bytes
2025/05/04 23:07:17 RTP packet received: 13 bytes
2025/05/04 23:07:17 RTP packet received: 13 bytes
2025/05/04 23:07:17 RTP packet received: 13 bytes
2025/05/04 23:07:17 RTP packet received: 13 bytes
2025/05/04 23:07:17 RTP packet received: 13 bytes
2025/05/04 23:07:17 RTP packet received: 13 bytes
2025/05/04 23:07:17 RTP packet received: 13 bytes
2025/05/04 23:07:17 RTP packet received: 13 bytes
2025/05/04 23:07:17 RTP packet received: 13 bytes
2025/05/04 23:07:17 RTP packet received: 13 bytes
2025/05/04 23:07:17 RTP packet received: 13 bytes
2025/05/04 23:07:18 RTP packet received: 13 bytes
2025/05/04 23:07:18 RTP packet received: 13 bytes
2025/05/04 23:07:18 RTP packet received: 13 bytes
2025/05/04 23:07:18 📈 Packets: 15/s | Bitrate: 1.56 kbps
2025/05/04 23:07:18 RTP packet received: 13 bytes
2025/05/04 23:07:18 RTP packet received: 13 bytes
2025/05/04 23:07:18 RTP packet received: 13 bytes
2025/05/04 23:07:18 RTP packet received: 13 bytes
2025/05/04 23:07:18 RTP packet received: 13 bytes
2025/05/04 23:07:18 RTP packet received: 13 bytes
2025/05/04 23:07:18 RTP packet received: 13 bytes
2025/05/04 23:07:18 RTP packet received: 13 bytes
2025/05/04 23:07:18 RTP packet received: 13 bytes
2025/05/04 23:07:18 RTP packet received: 13 bytes
2025/05/04 23:07:18 RTP packet received: 13 bytes
2025/05/04 23:07:18 RTP packet received: 13 bytes
2025/05/04 23:07:19 RTP packet received: 13 bytes
2025/05/04 23:07:19 RTP packet received: 13 bytes
2025/05/04 23:07:19 RTP packet received: 13 bytes
2025/05/04 23:07:19 📈 Packets: 16/s | Bitrate: 1.66 kbps
2025/05/04 23:07:19 RTP packet received: 13 bytes
2025/05/04 23:07:19 RTP packet received: 13 bytes
2025/05/04 23:07:19 RTP packet received: 13 bytes
2025/05/04 23:07:19 RTP packet received: 13 bytes
2025/05/04 23:07:19 RTP packet received: 13 bytes
2025/05/04 23:07:19 RTP packet received: 13 bytes
2025/05/04 23:07:19 RTP packet received: 13 bytes
2025/05/04 23:07:19 RTP packet received: 13 bytes
2025/05/04 23:07:19 RTP packet received: 13 bytes
2025/05/04 23:07:19 RTP packet received: 13 bytes
2025/05/04 23:07:19 RTP packet received: 13 bytes
2025/05/04 23:07:19 RTP packet received: 13 bytes
2025/05/04 23:07:20 RTP packet received: 13 bytes
2025/05/04 23:07:20 RTP packet received: 13 bytes
2025/05/04 23:07:20 RTP packet received: 13 bytes
2025/05/04 23:07:20 📈 Packets: 15/s | Bitrate: 1.56 kbps
2025/05/04 23:07:20 RTP packet received: 13 bytes
2025/05/04 23:07:20 RTP packet received: 13 bytes
2025/05/04 23:07:20 RTP packet received: 13 bytes
2025/05/04 23:07:20 RTP packet received: 13 bytes
2025/05/04 23:07:20 RTP packet received: 13 bytes
2025/05/04 23:07:20 RTP packet received: 13 bytes
2025/05/04 23:07:20 RTP packet received: 13 bytes
2025/05/04 23:07:20 RTP packet received: 13 bytes
2025/05/04 23:07:20 RTP packet received: 13 bytes
2025/05/04 23:07:20 RTP packet received: 13 bytes
2025/05/04 23:07:20 RTP packet received: 13 bytes
2025/05/04 23:07:20 RTP packet received: 13 bytes
2025/05/04 23:07:20 RTP packet received: 13 bytes
2025/05/04 23:07:21 RTP packet received: 13 bytes
2025/05/04 23:07:21 RTP packet received: 13 bytes
2025/05/04 23:07:21 📈 Packets: 15/s | Bitrate: 1.56 kbps
2025/05/04 23:07:21 RTP packet received: 13 bytes
2025/05/04 23:07:21 RTP packet received: 13 bytes
2025/05/04 23:07:21 RTP packet received: 13 bytes
2025/05/04 23:07:21 RTP packet received: 13 bytes
2025/05/04 23:07:21 RTP packet received: 13 bytes
2025/05/04 23:07:21 RTP packet received: 13 bytes
2025/05/04 23:07:21 RTP packet received: 13 bytes
2025/05/04 23:07:21 RTP packet received: 13 bytes
2025/05/04 23:07:21 RTP packet received: 13 bytes
2025/05/04 23:07:21 RTP packet received: 13 bytes
2025/05/04 23:07:21 RTP packet received: 13 bytes
2025/05/04 23:07:21 RTP packet received: 13 bytes
2025/05/04 23:07:21 RTP packet received: 13 bytes
2025/05/04 23:07:21 RTP packet received: 13 bytes
2025/05/04 23:07:22 RTP packet received: 13 bytes
2025/05/04 23:07:22 RTP packet received: 13 bytes
2025/05/04 23:07:22 RTP packet received: 13 bytes
2025/05/04 23:07:22 📈 Packets: 14/s | Bitrate: 1.46 kbps
2025/05/04 23:07:22 RTP packet received: 13 bytes
2025/05/04 23:07:22 RTP packet received: 13 bytes
2025/05/04 23:07:22 RTP packet received: 13 bytes
2025/05/04 23:07:22 RTP packet received: 13 bytes
2025/05/04 23:07:22 RTP packet received: 13 bytes
2025/05/04 23:07:22 RTP packet received: 13 bytes
2025/05/04 23:07:22 RTP packet received: 13 bytes
2025/05/04 23:07:22 RTP packet received: 13 bytes
2025/05/04 23:07:22 RTP packet received: 13 bytes
2025/05/04 23:07:22 RTP packet received: 13 bytes
2025/05/04 23:07:22 RTP packet received: 13 bytes
2025/05/04 23:07:22 RTP packet received: 13 bytes
2025/05/04 23:07:23 RTP packet received: 13 bytes
2025/05/04 23:07:23 RTP packet received: 13 bytes
2025/05/04 23:07:23 RTP packet received: 13 bytes
2025/05/04 23:07:23 📈 Packets: 15/s | Bitrate: 1.56 kbps
2025/05/04 23:07:23 RTP packet received: 13 bytes
2025/05/04 23:07:23 RTP packet received: 13 bytes
2025/05/04 23:07:23 RTP packet received: 13 bytes
2025/05/04 23:07:23 RTP packet received: 13 bytes
2025/05/04 23:07:23 RTP packet received: 13 bytes
2025/05/04 23:07:23 RTP packet received: 13 bytes
2025/05/04 23:07:23 RTP packet received: 13 bytes
2025/05/04 23:07:23 RTP packet received: 13 bytes
2025/05/04 23:07:23 RTP packet received: 13 bytes
2025/05/04 23:07:23 RTP packet received: 13 bytes
2025/05/04 23:07:23 RTP packet received: 13 bytes
2025/05/04 23:07:23 RTP packet received: 13 bytes
2025/05/04 23:07:23 RTP packet received: 13 bytes
2025/05/04 23:07:24 RTP packet received: 13 bytes
2025/05/04 23:07:24 RTP packet received: 13 bytes
2025/05/04 23:07:24 📈 Packets: 15/s | Bitrate: 1.56 kbps
2025/05/04 23:07:24 RTP packet received: 13 bytes
2025/05/04 23:07:24 RTP packet received: 13 bytes
2025/05/04 23:07:24 RTP packet received: 13 bytes
2025/05/04 23:07:24 RTP packet received: 13 bytes
2025/05/04 23:07:24 RTP packet received: 13 bytes
2025/05/04 23:07:24 RTP packet received: 13 bytes
2025/05/04 23:07:24 RTP packet received: 13 bytes
2025/05/04 23:07:24 RTP packet received: 13 bytes
2025/05/04 23:07:24 RTP packet received: 13 bytes
2025/05/04 23:07:24 RTP packet received: 13 bytes
2025/05/04 23:07:24 RTP packet received: 13 bytes
2025/05/04 23:07:24 RTP packet received: 13 bytes
2025/05/04 23:07:24 RTP packet received: 13 bytes
2025/05/04 23:07:25 RTP packet received: 13 bytes
2025/05/04 23:07:25 RTP packet received: 13 bytes
2025/05/04 23:07:25 RTP packet received: 13 bytes
2025/05/04 23:07:25 📈 Packets: 15/s | Bitrate: 1.56 kbps
2025/05/04 23:07:25 RTP packet received: 13 bytes
2025/05/04 23:07:25 RTP packet received: 13 bytes
2025/05/04 23:07:25 RTP packet received: 13 bytes
2025/05/04 23:07:25 RTP packet received: 13 bytes
2025/05/04 23:07:25 RTP packet received: 13 bytes
2025/05/04 23:07:25 RTP packet received: 13 bytes
2025/05/04 23:07:25 RTP packet received: 13 bytes
2025/05/04 23:07:25 RTP packet received: 13 bytes
2025/05/04 23:07:25 RTP packet received: 13 bytes
2025/05/04 23:07:25 RTP packet received: 13 bytes
2025/05/04 23:07:25 RTP packet received: 13 bytes
2025/05/04 23:07:25 RTP packet received: 13 bytes
2025/05/04 23:07:26 RTP packet received: 13 bytes
2025/05/04 23:07:26 RTP packet received: 13 bytes
2025/05/04 23:07:26 RTP packet received: 13 bytes
2025/05/04 23:07:26 📈 Packets: 15/s | Bitrate: 1.56 kbps
2025/05/04 23:07:26 RTP packet received: 13 bytes
2025/05/04 23:07:26 RTP packet received: 13 bytes
2025/05/04 23:07:26 RTP packet received: 13 bytes
2025/05/04 23:07:26 RTP packet received: 13 bytes
2025/05/04 23:07:26 RTP packet received: 13 bytes
2025/05/04 23:07:26 RTP packet received: 13 bytes
2025/05/04 23:07:26 RTP packet received: 13 bytes
2025/05/04 23:07:26 RTP packet received: 13 bytes
2025/05/04 23:07:26 RTP packet received: 13 bytes
2025/05/04 23:07:26 RTP packet received: 13 bytes
2025/05/04 23:07:26 RTP packet received: 13 bytes
2025/05/04 23:07:26 RTP packet received: 13 bytes
2025/05/04 23:07:27 RTP packet received: 13 bytes
2025/05/04 23:07:27 RTP packet received: 13 bytes
2025/05/04 23:07:27 RTP packet received: 13 bytes
2025/05/04 23:07:27 📈 Packets: 15/s | Bitrate: 1.56 kbps
2025/05/04 23:07:27 RTP packet received: 13 bytes
2025/05/04 23:07:27 RTP packet received: 13 bytes
2025/05/04 23:07:27 RTP packet received: 13 bytes
2025/05/04 23:07:27 RTP packet received: 13 bytes
2025/05/04 23:07:27 RTP packet received: 13 bytes
2025/05/04 23:07:27 RTP packet received: 13 bytes
2025/05/04 23:07:27 RTP packet received: 13 bytes
2025/05/04 23:07:27 RTP packet received: 13 bytes
2025/05/04 23:07:27 RTP packet received: 13 bytes
2025/05/04 23:07:27 RTP packet received: 13 bytes
2025/05/04 23:07:27 RTP packet received: 13 bytes
2025/05/04 23:07:27 RTP packet received: 13 bytes
2025/05/04 23:07:28 RTP packet received: 13 bytes
2025/05/04 23:07:28 RTP packet received: 13 bytes
2025/05/04 23:07:28 RTP packet received: 13 bytes
2025/05/04 23:07:28 📈 Packets: 16/s | Bitrate: 1.66 kbps
2025/05/04 23:07:28 RTP packet received: 13 bytes
2025/05/04 23:07:28 RTP packet received: 13 bytes
2025/05/04 23:07:28 RTP packet received: 13 bytes
2025/05/04 23:07:28 RTP packet received: 13 bytes
2025/05/04 23:07:28 RTP packet received: 13 bytes
2025/05/04 23:07:28 RTP packet received: 13 bytes
2025/05/04 23:07:28 RTP packet received: 13 bytes
2025/05/04 23:07:28 RTP packet received: 13 bytes
2025/05/04 23:07:28 RTP packet received: 13 bytes
2025/05/04 23:07:28 RTP packet received: 13 bytes
2025/05/04 23:07:28 RTP packet received: 13 bytes
2025/05/04 23:07:28 RTP packet received: 13 bytes
2025/05/04 23:07:28 RTP packet received: 13 bytes
2025/05/04 23:07:28 RTP packet received: 13 bytes
2025/05/04 23:07:29 RTP packet received: 13 bytes
2025/05/04 23:07:29 RTP packet received: 13 bytes
2025/05/04 23:07:29 RTP packet received: 13 bytes
2025/05/04 23:07:29 📈 Packets: 13/s | Bitrate: 1.35 kbps
2025/05/04 23:07:29 RTP packet received: 13 bytes
2025/05/04 23:07:29 RTP packet received: 13 bytes
2025/05/04 23:07:29 RTP packet received: 13 bytes
2025/05/04 23:07:29 RTP packet received: 13 bytes
2025/05/04 23:07:29 RTP packet received: 13 bytes
2025/05/04 23:07:29 RTP packet received: 13 bytes
2025/05/04 23:07:29 RTP packet received: 13 bytes
2025/05/04 23:07:29 RTP packet received: 13 bytes
2025/05/04 23:07:29 RTP packet received: 13 bytes
2025/05/04 23:07:29 RTP packet received: 13 bytes
2025/05/04 23:07:29 RTP packet received: 13 bytes
2025/05/04 23:07:29 RTP packet received: 13 bytes
2025/05/04 23:07:30 RTP packet received: 13 bytes
2025/05/04 23:07:30 RTP packet received: 13 bytes
2025/05/04 23:07:30 RTP packet received: 13 bytes
2025/05/04 23:07:30 📈 Packets: 15/s | Bitrate: 1.56 kbps
2025/05/04 23:07:30 RTP packet received: 13 bytes
2025/05/04 23:07:30 RTP packet received: 13 bytes
2025/05/04 23:07:30 RTP packet received: 13 bytes
2025/05/04 23:07:30 RTP packet received: 13 bytes
2025/05/04 23:07:30 RTP packet received: 13 bytes
2025/05/04 23:07:30 RTP packet received: 13 bytes
2025/05/04 23:07:30 RTP packet received: 13 bytes
2025/05/04 23:07:30 RTP packet received: 13 bytes
2025/05/04 23:07:30 RTP packet received: 13 bytes
2025/05/04 23:07:30 RTP packet received: 13 bytes
2025/05/04 23:07:30 RTP packet received: 13 bytes
2025/05/04 23:07:30 RTP packet received: 13 bytes
2025/05/04 23:07:31 RTP packet received: 13 bytes
2025/05/04 23:07:31 RTP packet received: 13 bytes
2025/05/04 23:07:31 RTP packet received: 13 bytes
2025/05/04 23:07:31 📈 Packets: 15/s | Bitrate: 1.56 kbps
2025/05/04 23:07:31 RTP packet received: 13 bytes
2025/05/04 23:07:31 RTP packet received: 13 bytes
2025/05/04 23:07:31 RTP packet received: 13 bytes
2025/05/04 23:07:31 RTP packet received: 13 bytes
2025/05/04 23:07:31 RTP packet received: 13 bytes
2025/05/04 23:07:31 RTP packet received: 13 bytes
2025/05/04 23:07:31 RTP packet received: 13 bytes
2025/05/04 23:07:31 RTP packet received: 13 bytes
2025/05/04 23:07:31 RTP packet received: 13 bytes
2025/05/04 23:07:31 RTP packet received: 13 bytes
2025/05/04 23:07:31 RTP packet received: 13 bytes
2025/05/04 23:07:31 RTP packet received: 13 bytes
2025/05/04 23:07:32 RTP packet received: 13 bytes
2025/05/04 23:07:32 RTP packet received: 13 bytes
2025/05/04 23:07:32 RTP packet received: 13 bytes
2025/05/04 23:07:32 📈 Packets: 16/s | Bitrate: 1.66 kbps
2025/05/04 23:07:32 RTP packet received: 13 bytes
2025/05/04 23:07:32 RTP packet received: 13 bytes
2025/05/04 23:07:32 RTP packet received: 13 bytes
2025/05/04 23:07:32 RTP packet received: 13 bytes
2025/05/04 23:07:32 RTP packet received: 13 bytes
2025/05/04 23:07:32 RTP packet received: 13 bytes
2025/05/04 23:07:32 RTP packet received: 13 bytes
2025/05/04 23:07:32 RTP packet received: 13 bytes
2025/05/04 23:07:32 RTP packet received: 13 bytes
2025/05/04 23:07:32 RTP packet received: 13 bytes
2025/05/04 23:07:32 RTP packet received: 13 bytes
2025/05/04 23:07:32 RTP packet received: 13 bytes
2025/05/04 23:07:33 RTP packet received: 13 bytes
2025/05/04 23:07:33 RTP packet received: 13 bytes
2025/05/04 23:07:33 RTP packet received: 13 bytes
2025/05/04 23:07:33 📈 Packets: 15/s | Bitrate: 1.56 kbps
2025/05/04 23:07:33 RTP packet received: 13 bytes
2025/05/04 23:07:33 RTP packet received: 13 bytes
2025/05/04 23:07:33 RTP packet received: 13 bytes
2025/05/04 23:07:33 RTP packet received: 13 bytes
2025/05/04 23:07:33 RTP packet received: 13 bytes
2025/05/04 23:07:33 RTP packet received: 13 bytes
2025/05/04 23:07:33 RTP packet received: 13 bytes
2025/05/04 23:07:33 RTP packet received: 13 bytes
2025/05/04 23:07:33 RTP packet received: 13 bytes
2025/05/04 23:07:33 RTP packet received: 13 bytes
2025/05/04 23:07:33 RTP packet received: 13 bytes
2025/05/04 23:07:33 RTP packet received: 13 bytes
2025/05/04 23:07:33 RTP packet received: 13 bytes
2025/05/04 23:07:34 RTP packet received: 13 bytes
2025/05/04 23:07:34 RTP packet received: 13 bytes
2025/05/04 23:07:34 📈 Packets: 15/s | Bitrate: 1.56 kbps
2025/05/04 23:07:34 RTP packet received: 13 bytes
2025/05/04 23:07:34 RTP packet received: 13 bytes
2025/05/04 23:07:34 RTP packet received: 13 bytes
2025/05/04 23:07:34 RTP packet received: 13 bytes
2025/05/04 23:07:34 RTP packet received: 13 bytes
2025/05/04 23:07:34 RTP packet received: 13 bytes
2025/05/04 23:07:34 RTP packet received: 13 bytes
2025/05/04 23:07:34 RTP packet received: 13 bytes
2025/05/04 23:07:34 RTP packet received: 13 bytes
2025/05/04 23:07:34 RTP packet received: 13 bytes
2025/05/04 23:07:34 RTP packet received: 13 bytes
2025/05/04 23:07:34 RTP packet received: 13 bytes
2025/05/04 23:07:34 RTP packet received: 13 bytes
2025/05/04 23:07:35 RTP packet received: 13 bytes
2025/05/04 23:07:35 RTP packet received: 13 bytes
2025/05/04 23:07:35 RTP packet received: 13 bytes
2025/05/04 23:07:35 📈 Packets: 15/s | Bitrate: 1.56 kbps
2025/05/04 23:07:35 RTP packet received: 13 bytes
2025/05/04 23:07:35 RTP packet received: 13 bytes
2025/05/04 23:07:35 RTP packet received: 13 bytes
2025/05/04 23:07:35 RTP packet received: 13 bytes
2025/05/04 23:07:35 RTP packet received: 13 bytes
2025/05/04 23:07:35 RTP packet received: 13 bytes
2025/05/04 23:07:35 RTP packet received: 13 bytes
2025/05/04 23:07:35 RTP packet received: 13 bytes
2025/05/04 23:07:35 RTP packet received: 13 bytes
2025/05/04 23:07:35 RTP packet received: 13 bytes
2025/05/04 23:07:35 RTP packet received: 13 bytes
2025/05/04 23:07:35 RTP packet received: 13 bytes
2025/05/04 23:07:36 RTP packet received: 13 bytes
2025/05/04 23:07:36 RTP packet received: 13 bytes
2025/05/04 23:07:36 RTP packet received: 13 bytes
2025/05/04 23:07:36 📈 Packets: 15/s | Bitrate: 1.56 kbps
2025/05/04 23:07:36 RTP packet received: 13 bytes
2025/05/04 23:07:36 RTP packet received: 13 bytes
2025/05/04 23:07:36 RTP packet received: 13 bytes
2025/05/04 23:07:36 RTP packet received: 13 bytes
2025/05/04 23:07:36 RTP packet received: 13 bytes
2025/05/04 23:07:36 RTP packet received: 13 bytes
2025/05/04 23:07:36 RTP packet received: 13 bytes
2025/05/04 23:07:36 RTP packet received: 13 bytes
2025/05/04 23:07:36 RTP packet received: 13 bytes
2025/05/04 23:07:36 RTP packet received: 13 bytes
2025/05/04 23:07:36 RTP packet received: 13 bytes
2025/05/04 23:07:36 RTP packet received: 13 bytes
2025/05/04 23:07:37 RTP packet received: 13 bytes
2025/05/04 23:07:37 RTP packet received: 13 bytes
2025/05/04 23:07:37 RTP packet received: 13 bytes
2025/05/04 23:07:37 📈 Packets: 15/s | Bitrate: 1.56 kbps
2025/05/04 23:07:37 RTP packet received: 13 bytes
2025/05/04 23:07:37 RTP packet received: 13 bytes
2025/05/04 23:07:37 RTP packet received: 13 bytes
2025/05/04 23:07:37 RTP packet received: 13 bytes
2025/05/04 23:07:37 RTP packet received: 13 bytes
2025/05/04 23:07:37 RTP packet received: 13 bytes
2025/05/04 23:07:37 RTP packet received: 13 bytes
2025/05/04 23:07:37 RTP packet received: 13 bytes
2025/05/04 23:07:37 RTP packet received: 13 bytes
2025/05/04 23:07:37 RTP packet received: 13 bytes
2025/05/04 23:07:37 RTP packet received: 13 bytes
2025/05/04 23:07:37 RTP packet received: 13 bytes
2025/05/04 23:07:38 RTP packet received: 13 bytes
2025/05/04 23:07:38 RTP packet received: 13 bytes
2025/05/04 23:07:38 RTP packet received: 13 bytes
2025/05/04 23:07:38 📈 Packets: 15/s | Bitrate: 1.56 kbps
2025/05/04 23:07:38 RTP packet received: 13 bytes
2025/05/04 23:07:38 RTP packet received: 13 bytes
2025/05/04 23:07:38 RTP packet received: 13 bytes
2025/05/04 23:07:38 RTP packet received: 13 bytes
2025/05/04 23:07:38 RTP packet received: 13 bytes
2025/05/04 23:07:38 RTP packet received: 13 bytes
2025/05/04 23:07:38 RTP packet received: 13 bytes
2025/05/04 23:07:38 RTP packet received: 13 bytes
2025/05/04 23:07:39 RTP packet received: 13 bytes
2025/05/04 23:07:39 RTP packet received: 13 bytes
2025/05/04 23:07:39 RTP packet received: 13 bytes
2025/05/04 23:07:39 📈 Packets: 9/s | Bitrate: 0.94 kbps
2025/05/04 23:07:39 RTP packet received: 13 bytes
2025/05/04 23:07:39 RTP packet received: 13 bytes
2025/05/04 23:07:39 RTP packet received: 13 bytes
2025/05/04 23:07:39 RTP packet received: 13 bytes
2025/05/04 23:07:39 RTP packet received: 13 bytes
2025/05/04 23:07:39 RTP packet received: 13 bytes
2025/05/04 23:07:39 RTP packet received: 13 bytes
2025/05/04 23:07:39 RTP packet received: 13 bytes
2025/05/04 23:07:39 RTP packet received: 13 bytes
2025/05/04 23:07:39 RTP packet received: 13 bytes
2025/05/04 23:07:39 RTP packet received: 13 bytes
2025/05/04 23:07:40 RTP packet received: 13 bytes
2025/05/04 23:07:40 RTP packet received: 13 bytes
2025/05/04 23:07:40 📈 Packets: 9/s | Bitrate: 0.94 kbps
2025/05/04 23:07:40 RTP packet received: 13 bytes
2025/05/04 23:07:40 RTP packet received: 13 bytes
2025/05/04 23:07:40 RTP packet received: 13 bytes
2025/05/04 23:07:40 RTP packet received: 13 bytes
2025/05/04 23:07:40 RTP packet received: 13 bytes
2025/05/04 23:07:40 RTP packet received: 13 bytes
2025/05/04 23:07:40 RTP packet received: 13 bytes
2025/05/04 23:07:40 RTP packet received: 13 bytes
2025/05/04 23:07:40 RTP packet received: 13 bytes
2025/05/04 23:07:40 RTP packet received: 13 bytes
2025/05/04 23:07:40 RTP packet received: 13 bytes
2025/05/04 23:07:40 RTP packet received: 13 bytes
2025/05/04 23:07:41 RTP packet received: 13 bytes
2025/05/04 23:07:41 RTP packet received: 13 bytes
2025/05/04 23:07:41 RTP packet received: 13 bytes
2025/05/04 23:07:41 📈 Packets: 15/s | Bitrate: 1.56 kbps
2025/05/04 23:07:41 RTP packet received: 13 bytes
2025/05/04 23:07:41 RTP packet received: 13 bytes
2025/05/04 23:07:41 RTP packet received: 13 bytes
2025/05/04 23:07:41 RTP packet received: 13 bytes
2025/05/04 23:07:41 RTP packet received: 13 bytes
2025/05/04 23:07:41 RTP packet received: 13 bytes
2025/05/04 23:07:41 RTP packet received: 13 bytes
2025/05/04 23:07:41 RTP packet received: 13 bytes
2025/05/04 23:07:41 RTP packet received: 13 bytes
2025/05/04 23:07:41 RTP packet received: 13 bytes
2025/05/04 23:07:41 RTP packet received: 13 bytes
2025/05/04 23:07:41 RTP packet received: 13 bytes
2025/05/04 23:07:42 RTP packet received: 13 bytes
2025/05/04 23:07:42 RTP packet received: 13 bytes
2025/05/04 23:07:42 RTP packet received: 13 bytes
2025/05/04 23:07:42 📈 Packets: 16/s | Bitrate: 1.66 kbps
2025/05/04 23:07:42 RTP packet received: 13 bytes
2025/05/04 23:07:42 RTP packet received: 13 bytes
2025/05/04 23:07:42 RTP packet received: 13 bytes
2025/05/04 23:07:42 RTP packet received: 13 bytes
2025/05/04 23:07:42 RTP packet received: 13 bytes
2025/05/04 23:07:42 RTP packet received: 13 bytes
2025/05/04 23:07:42 RTP packet received: 13 bytes
2025/05/04 23:07:42 RTP packet received: 13 bytes
2025/05/04 23:07:42 RTP packet received: 13 bytes
2025/05/04 23:07:42 RTP packet received: 13 bytes
2025/05/04 23:07:42 RTP packet received: 13 bytes
2025/05/04 23:07:42 RTP packet received: 13 bytes
2025/05/04 23:07:43 RTP packet received: 13 bytes
2025/05/04 23:07:43 RTP packet received: 13 bytes
2025/05/04 23:07:43 RTP packet received: 13 bytes
2025/05/04 23:07:43 📈 Packets: 15/s | Bitrate: 1.56 kbps
2025/05/04 23:07:43 RTP packet received: 13 bytes
2025/05/04 23:07:43 RTP packet received: 13 bytes
2025/05/04 23:07:43 RTP packet received: 13 bytes
2025/05/04 23:07:43 RTP packet received: 13 bytes
2025/05/04 23:07:43 RTP packet received: 13 bytes
2025/05/04 23:07:43 RTP packet received: 13 bytes
2025/05/04 23:07:43 RTP packet received: 13 bytes
2025/05/04 23:07:43 RTP packet received: 13 bytes
2025/05/04 23:07:43 RTP packet received: 13 bytes
2025/05/04 23:07:43 RTP packet received: 13 bytes
2025/05/04 23:07:43 RTP packet received: 13 bytes
2025/05/04 23:07:43 RTP packet received: 13 bytes
2025/05/04 23:07:43 RTP packet received: 13 bytes
2025/05/04 23:07:44 RTP packet received: 13 bytes
2025/05/04 23:07:44 RTP packet received: 13 bytes
2025/05/04 23:07:44 📈 Packets: 15/s | Bitrate: 1.56 kbps
2025/05/04 23:07:44 RTP packet received: 13 bytes
2025/05/04 23:07:44 RTP packet received: 13 bytes
2025/05/04 23:07:44 RTP packet received: 13 bytes
2025/05/04 23:07:44 RTP packet received: 13 bytes
2025/05/04 23:07:44 RTP packet received: 13 bytes
2025/05/04 23:07:44 RTP packet received: 13 bytes
2025/05/04 23:07:44 RTP packet received: 13 bytes
2025/05/04 23:07:44 RTP packet received: 13 bytes
2025/05/04 23:07:44 RTP packet received: 13 bytes
2025/05/04 23:07:44 RTP packet received: 13 bytes
2025/05/04 23:07:44 RTP packet received: 13 bytes
2025/05/04 23:07:45 RTP packet received: 13 bytes
2025/05/04 23:07:45 RTP packet received: 13 bytes
2025/05/04 23:07:45 RTP packet received: 13 bytes
2025/05/04 23:07:45 📈 Packets: 16/s | Bitrate: 1.66 kbps
2025/05/04 23:07:45 RTP packet received: 13 bytes
2025/05/04 23:07:45 RTP packet received: 13 bytes
2025/05/04 23:07:45 RTP packet received: 13 bytes
2025/05/04 23:07:45 RTP packet received: 13 bytes
2025/05/04 23:07:45 RTP packet received: 13 bytes
2025/05/04 23:07:45 RTP packet received: 13 bytes
2025/05/04 23:07:45 RTP packet received: 13 bytes
2025/05/04 23:07:45 RTP packet received: 13 bytes
2025/05/04 23:07:45 RTP packet received: 13 bytes
2025/05/04 23:07:45 RTP packet received: 13 bytes
2025/05/04 23:07:45 RTP packet received: 13 bytes
2025/05/04 23:07:46 RTP packet received: 13 bytes
2025/05/04 23:07:46 RTP packet received: 13 bytes
2025/05/04 23:07:46 RTP packet received: 13 bytes
2025/05/04 23:07:46 📈 Packets: 15/s | Bitrate: 1.56 kbps
2025/05/04 23:07:46 RTP packet received: 13 bytes
2025/05/04 23:07:46 RTP packet received: 13 bytes
2025/05/04 23:07:46 RTP packet received: 13 bytes
2025/05/04 23:07:46 RTP packet received: 13 bytes
2025/05/04 23:07:46 RTP packet received: 13 bytes
2025/05/04 23:07:46 RTP packet received: 13 bytes
2025/05/04 23:07:46 RTP packet received: 13 bytes
2025/05/04 23:07:46 RTP packet received: 13 bytes
2025/05/04 23:07:46 RTP packet received: 13 bytes
2025/05/04 23:07:46 RTP packet received: 13 bytes
2025/05/04 23:07:46 RTP packet received: 13 bytes
2025/05/04 23:07:46 RTP packet received: 13 bytes
2025/05/04 23:07:46 RTP packet received: 13 bytes
2025/05/04 23:07:47 RTP packet received: 13 bytes
2025/05/04 23:07:47 RTP packet received: 13 bytes
2025/05/04 23:07:47 📈 Packets: 15/s | Bitrate: 1.56 kbps
2025/05/04 23:07:47 RTP packet received: 13 bytes
2025/05/04 23:07:47 RTP packet received: 13 bytes
2025/05/04 23:07:47 RTP packet received: 13 bytes
2025/05/04 23:07:47 RTP packet received: 13 bytes
2025/05/04 23:07:47 RTP packet received: 13 bytes
2025/05/04 23:07:47 RTP packet received: 13 bytes
2025/05/04 23:07:47 RTP packet received: 13 bytes
2025/05/04 23:07:47 RTP packet received: 13 bytes
2025/05/04 23:07:47 RTP packet received: 13 bytes
2025/05/04 23:07:47 RTP packet received: 13 bytes
2025/05/04 23:07:47 RTP packet received: 13 bytes
2025/05/04 23:07:47 RTP packet received: 13 bytes
2025/05/04 23:07:48 👋 Client exiting after duration.
